17:44:23.563  INFO  manager.ApplicationManager - All tests star in Chrome Browser
17:44:24.967  INFO  manager.ApplicationManager - Current Url -->https://telranedu.web.app/home
17:44:24.997  INFO  tests.TestBase - The name of starts method is --->addNewContactWrongEmail
17:44:24.999  INFO  manager.ListenerWD - Before find elements ->>>>By.xpath: //button[text()='Sign Out']
17:44:30.016  INFO  manager.ListenerWD - After find elements ->>>>By.xpath: //button[text()='Sign Out']
17:44:30.018  INFO  manager.ListenerWD - List suze is ->>>>0
17:44:30.021  INFO  manager.ListenerWD - Before find element ->>>>By.cssSelector: a[href='/login']
17:44:30.057  INFO  manager.ListenerWD - After find element ->>>>By.cssSelector: a[href='/login']
17:44:30.125  INFO  manager.ListenerWD - Before find element ->>>>By.name: email
17:44:30.155  INFO  manager.ListenerWD - After find element ->>>>By.name: email
17:44:30.289  INFO  manager.ListenerWD - Before find element ->>>>By.name: password
17:44:30.314  INFO  manager.ListenerWD - After find element ->>>>By.name: password
17:44:30.421  INFO  manager.ListenerWD - Before find element ->>>>By.cssSelector: [name='login']
17:44:30.441  INFO  manager.ListenerWD - After find element ->>>>By.cssSelector: [name='login']
17:44:30.493  INFO  manager.ListenerWD - Before find element ->>>>By.cssSelector: a[href='/add']
17:44:31.401  INFO  manager.ListenerWD - After find element ->>>>By.cssSelector: a[href='/add']
17:44:31.445  INFO  manager.ListenerWD - Before find element ->>>>By.cssSelector: input[placeholder='Name']
17:44:31.470  INFO  manager.ListenerWD - After find element ->>>>By.cssSelector: input[placeholder='Name']
17:44:31.573  INFO  manager.ListenerWD - Before find element ->>>>By.cssSelector: input[placeholder='Last Name']
17:44:31.592  INFO  manager.ListenerWD - After find element ->>>>By.cssSelector: input[placeholder='Last Name']
17:44:31.697  INFO  manager.ListenerWD - Before find element ->>>>By.cssSelector: input[placeholder='Phone']
17:44:31.717  INFO  manager.ListenerWD - After find element ->>>>By.cssSelector: input[placeholder='Phone']
17:44:31.821  INFO  manager.ListenerWD - Before find element ->>>>By.cssSelector: input[placeholder='email']
17:44:31.839  INFO  manager.ListenerWD - After find element ->>>>By.cssSelector: input[placeholder='email']
17:44:31.941  INFO  manager.ListenerWD - Before find element ->>>>By.cssSelector: input[placeholder='Address']
17:44:31.959  INFO  manager.ListenerWD - After find element ->>>>By.cssSelector: input[placeholder='Address']
17:44:32.052  INFO  manager.ListenerWD - Before find element ->>>>By.cssSelector: input[placeholder='description']
17:44:32.069  INFO  manager.ListenerWD - After find element ->>>>By.cssSelector: input[placeholder='description']
17:44:32.176  INFO  manager.ListenerWD - Before find element ->>>>By.xpath: //b[text()='Save']
17:44:32.198  INFO  manager.ListenerWD - After find element ->>>>By.xpath: //b[text()='Save']
17:44:32.227  INFO  manager.ListenerWD - Before find elements ->>>>By.cssSelector: a.active[href='/add']
17:44:32.248  INFO  manager.ListenerWD - After find elements ->>>>By.cssSelector: a.active[href='/add']
17:44:32.248  INFO  manager.ListenerWD - List suze is ->>>>1
17:44:32.269  INFO  manager.ListenerWD - The have a 'problem'
17:44:32.269  INFO  manager.ListenerWD - ++++++++++++++++++++++++++++++++++++
17:44:32.270  INFO  manager.ListenerWD - Method method ->>>>alert
17:44:32.270  INFO  manager.ListenerWD - ++++++++++++++++++++++++++
17:44:32.271  INFO  manager.ListenerWD - InvocationTargetException getTargetException() org.openqa.selenium.NoAlertPresentException: no such alert
  (Session info: chrome=109.0.5414.120)
Build info: version: '4.7.1', revision: 'c6795baf1a3'
System info: os.name: 'Windows 10', os.arch: 'amd64', os.version: '10.0', java.version: '11.0.17'
Driver info: org.openqa.selenium.chrome.ChromeDriver
Command: [4a417d81246fc8fb09e785fe3f69a76b, getAlertText {}]
Capabilities {acceptInsecureCerts: false, browserName: chrome, browserVersion: 109.0.5414.120, chrome: {chromedriverVersion: 109.0.5414.74 (e7c5703604da..., userDataDir: C:\Users\97252\AppData\Loca...}, goog:chromeOptions: {debuggerAddress: localhost:56052}, networkConnectionEnabled: false, pageLoadStrategy: normal, platformName: WINDOWS, proxy: Proxy(), se:cdp: ws://localhost:56052/devtoo..., se:cdpVersion: 109.0.5414.120, setWindowRect: true, strictFileInteractability: false, timeouts: {implicit: 0, pageLoad: 300000, script: 30000}, unhandledPromptBehavior: dismiss and notify, webauthn:extension:credBlob: true, webauthn:extension:largeBlob: true, webauthn:virtualAuthenticators: true}
Session ID: 4a417d81246fc8fb09e785fe3f69a76b
17:44:32.271  INFO  manager.ListenerWD - ++++++++++++++++++++++++++
17:44:32.272  INFO  manager.ListenerWD - Object target ->>>>>>org.openqa.selenium.remote.RemoteWebDriver$RemoteTargetLocator@73041b7d
17:44:32.272  INFO  manager.ListenerWD - ++++++++++++++++++++++++++
