18:48:06.661  INFO  manager.ApplicationManager - All tests star in Chrome Browser
18:48:08.025  INFO  manager.ApplicationManager - Current Url -->https://telranedu.web.app/home
18:48:08.031  INFO  manager.ListenerTNG - onStart->>>>>Gradle test
18:48:08.059  INFO  tests.TestBase - The name of starts method is --->loginSuccess2
18:48:08.061  INFO  manager.ListenerWD - Before find elements ->>>>By.xpath: //button[text()='Sign Out']
18:48:13.095  INFO  manager.ListenerWD - After find elements ->>>>By.xpath: //button[text()='Sign Out']
18:48:13.099  INFO  manager.ListenerWD - List suze is ->>>>0
18:48:13.100  INFO  manager.ListenerTNG - onTestStart->>>>>loginSuccess2
18:48:13.107  INFO  tests.TestBase - Login with valid data :  email: reshef1986@gmail.com & password: Rr6146858!
18:48:13.108  INFO  manager.ListenerWD - Before find element ->>>>By.cssSelector: a[href='/login']
18:48:13.138  INFO  manager.ListenerWD - After find element ->>>>By.cssSelector: a[href='/login']
18:48:13.207  INFO  manager.ListenerWD - Before find element ->>>>By.name: email
18:48:13.236  INFO  manager.ListenerWD - After find element ->>>>By.name: email
18:48:13.391  INFO  manager.ListenerWD - Before find element ->>>>By.name: password
18:48:13.419  INFO  manager.ListenerWD - After find element ->>>>By.name: password
18:48:13.532  INFO  manager.ListenerWD - Before find element ->>>>By.cssSelector: [name='login']
18:48:13.554  INFO  manager.ListenerWD - After find element ->>>>By.cssSelector: [name='login']
18:48:13.585  INFO  manager.ListenerWD - Before find elements ->>>>By.xpath: //button[text()='Sign Out']
18:48:14.485  INFO  manager.ListenerWD - After find elements ->>>>By.xpath: //button[text()='Sign Out']
18:48:14.485  INFO  manager.ListenerWD - List suze is ->>>>1
18:48:14.488  INFO  tests.TestBase - Tests success
18:48:14.490  INFO  manager.ListenerTNG - onTestSuccess ->>>>>>loginSuccess2
18:48:14.491  INFO  tests.TestBase - The name of starts method is --->loginSuccess2
18:48:14.492  INFO  manager.ListenerWD - Before find elements ->>>>By.xpath: //button[text()='Sign Out']
18:48:14.512  INFO  manager.ListenerWD - After find elements ->>>>By.xpath: //button[text()='Sign Out']
18:48:14.512  INFO  manager.ListenerWD - List suze is ->>>>1
18:48:14.512  INFO  manager.ListenerWD - Before find element ->>>>By.xpath: //button[text()='Sign Out']
18:48:14.537  INFO  manager.ListenerWD - After find element ->>>>By.xpath: //button[text()='Sign Out']
18:48:14.574  INFO  tests.TestBase -  I need logout
18:48:14.575  INFO  manager.ListenerTNG - onTestStart->>>>>loginSuccess2
18:48:14.576  INFO  tests.TestBase - Login with valid data :  email: reshef1986@gmail.com & password: Rr6146858!
18:48:14.576  INFO  manager.ListenerWD - Before find element ->>>>By.cssSelector: a[href='/login']
18:48:14.594  INFO  manager.ListenerWD - After find element ->>>>By.cssSelector: a[href='/login']
18:48:14.630  INFO  manager.ListenerWD - Before find element ->>>>By.name: email
18:48:14.649  INFO  manager.ListenerWD - After find element ->>>>By.name: email
18:48:14.794  INFO  manager.ListenerWD - Before find element ->>>>By.name: password
18:48:14.813  INFO  manager.ListenerWD - After find element ->>>>By.name: password
18:48:14.937  INFO  manager.ListenerWD - Before find element ->>>>By.cssSelector: [name='login']
18:48:14.954  INFO  manager.ListenerWD - After find element ->>>>By.cssSelector: [name='login']
18:48:14.989  INFO  manager.ListenerWD - Before find elements ->>>>By.xpath: //button[text()='Sign Out']
18:48:15.256  INFO  manager.ListenerWD - After find elements ->>>>By.xpath: //button[text()='Sign Out']
18:48:15.256  INFO  manager.ListenerWD - List suze is ->>>>1
18:48:15.256  INFO  tests.TestBase - Tests success
18:48:15.257  INFO  manager.ListenerTNG - onTestSuccess ->>>>>>loginSuccess2
18:48:15.258  INFO  tests.TestBase - The name of starts method is --->loginSuccess2
18:48:15.259  INFO  manager.ListenerWD - Before find elements ->>>>By.xpath: //button[text()='Sign Out']
18:48:15.276  INFO  manager.ListenerWD - After find elements ->>>>By.xpath: //button[text()='Sign Out']
18:48:15.276  INFO  manager.ListenerWD - List suze is ->>>>1
18:48:15.277  INFO  manager.ListenerWD - Before find element ->>>>By.xpath: //button[text()='Sign Out']
18:48:15.294  INFO  manager.ListenerWD - After find element ->>>>By.xpath: //button[text()='Sign Out']
18:48:15.332  INFO  tests.TestBase -  I need logout
18:48:15.333  INFO  manager.ListenerTNG - onTestStart->>>>>loginSuccess2
18:48:15.333  INFO  tests.TestBase - Login with valid data :  email: reshef1986@gmail.com & password: Rr6146858!
18:48:15.334  INFO  manager.ListenerWD - Before find element ->>>>By.cssSelector: a[href='/login']
18:48:15.348  INFO  manager.ListenerWD - After find element ->>>>By.cssSelector: a[href='/login']
18:48:15.383  INFO  manager.ListenerWD - Before find element ->>>>By.name: email
18:48:15.397  INFO  manager.ListenerWD - After find element ->>>>By.name: email
18:48:15.534  INFO  manager.ListenerWD - Before find element ->>>>By.name: password
18:48:15.549  INFO  manager.ListenerWD - After find element ->>>>By.name: password
18:48:15.661  INFO  manager.ListenerWD - Before find element ->>>>By.cssSelector: [name='login']
18:48:15.677  INFO  manager.ListenerWD - After find element ->>>>By.cssSelector: [name='login']
18:48:15.709  INFO  manager.ListenerWD - Before find elements ->>>>By.xpath: //button[text()='Sign Out']
18:48:16.032  INFO  manager.ListenerWD - After find elements ->>>>By.xpath: //button[text()='Sign Out']
18:48:16.032  INFO  manager.ListenerWD - List suze is ->>>>1
18:48:16.032  INFO  tests.TestBase - Tests success
18:48:16.032  INFO  manager.ListenerTNG - onTestSuccess ->>>>>>loginSuccess2
18:48:16.035  INFO  manager.ListenerTNG - onFinish->>>>>Gradle test
