19:58:23.926  INFO  manager.ApplicationManager - All tests star in Chrome Browser
19:58:25.441  INFO  manager.ApplicationManager - Current Url -->https://telranedu.web.app/home
19:58:25.446  INFO  manager.ListenerTNG - onStart->>>>>Gradle test
19:58:25.485  INFO  tests.TestBase - The name of starts method is --->addContactSuccessAllFields
19:58:25.488  INFO  manager.ListenerWD - Before find elements ->>>>By.xpath: //button[text()='Sign Out']
19:58:30.560  INFO  manager.ListenerWD - After find elements ->>>>By.xpath: //button[text()='Sign Out']
19:58:30.564  INFO  manager.ListenerWD - List suze is ->>>>0
19:58:30.567  INFO  manager.ListenerWD - Before find element ->>>>By.cssSelector: a[href='/login']
19:58:30.612  INFO  manager.ListenerWD - After find element ->>>>By.cssSelector: a[href='/login']
19:58:30.694  INFO  manager.ListenerWD - Before find element ->>>>By.name: email
19:58:30.727  INFO  manager.ListenerWD - After find element ->>>>By.name: email
19:58:31.431  INFO  manager.ListenerWD - Before find element ->>>>By.name: password
19:58:31.461  INFO  manager.ListenerWD - After find element ->>>>By.name: password
19:58:32.119  INFO  manager.ListenerWD - Before find element ->>>>By.cssSelector: [name='login']
19:58:32.149  INFO  manager.ListenerWD - After find element ->>>>By.cssSelector: [name='login']
19:58:32.200  INFO  manager.ListenerTNG - onTestStart->>>>>addContactSuccessAllFields
19:58:32.237  INFO  tests.TestBase - Tests start with data : Contact(name=Lisa1303, lastName=Simpson, phone=11111111303, email=reshef19861303@gmail.com, address=NY, description=All fields)
19:58:32.237  INFO  manager.ListenerWD - Before find element ->>>>By.cssSelector: a[href='/add']
19:58:33.083  INFO  manager.ListenerWD - After find element ->>>>By.cssSelector: a[href='/add']
19:58:33.140  INFO  manager.ListenerWD - Before find element ->>>>By.cssSelector: input[placeholder='Name']
19:58:33.174  INFO  manager.ListenerWD - After find element ->>>>By.cssSelector: input[placeholder='Name']
19:58:33.832  INFO  manager.ListenerWD - Before find element ->>>>By.cssSelector: input[placeholder='Last Name']
19:58:33.861  INFO  manager.ListenerWD - After find element ->>>>By.cssSelector: input[placeholder='Last Name']
19:58:34.508  INFO  manager.ListenerWD - Before find element ->>>>By.cssSelector: input[placeholder='Phone']
19:58:34.532  INFO  manager.ListenerWD - After find element ->>>>By.cssSelector: input[placeholder='Phone']
19:58:35.166  INFO  manager.ListenerWD - Before find element ->>>>By.cssSelector: input[placeholder='email']
19:58:35.196  INFO  manager.ListenerWD - After find element ->>>>By.cssSelector: input[placeholder='email']
19:58:35.851  INFO  manager.ListenerWD - Before find element ->>>>By.cssSelector: input[placeholder='Address']
19:58:35.874  INFO  manager.ListenerWD - After find element ->>>>By.cssSelector: input[placeholder='Address']
19:58:36.497  INFO  manager.ListenerWD - Before find element ->>>>By.cssSelector: input[placeholder='description']
19:58:36.517  INFO  manager.ListenerWD - After find element ->>>>By.cssSelector: input[placeholder='description']
19:58:37.148  INFO  manager.ListenerWD - Before find element ->>>>By.xpath: //b[text()='Save']
19:58:37.172  INFO  manager.ListenerWD - After find element ->>>>By.xpath: //b[text()='Save']
19:58:37.209  INFO  manager.ListenerWD - Before find elements ->>>>By.cssSelector: h2
19:58:38.474  INFO  manager.ListenerWD - After find elements ->>>>By.cssSelector: h2
19:58:38.474  INFO  manager.ListenerWD - List suze is ->>>>66
19:58:39.653  INFO  manager.ListenerWD - Before find elements ->>>>By.cssSelector: h3
19:58:40.124  INFO  manager.ListenerWD - After find elements ->>>>By.cssSelector: h3
19:58:40.124  INFO  manager.ListenerWD - List suze is ->>>>66
19:58:41.166  INFO  manager.ListenerWD - Before find elements ->>>>By.cssSelector: .contact-item_card__2SOIM
19:58:41.562  INFO  manager.ListenerWD - After find elements ->>>>By.cssSelector: .contact-item_card__2SOIM
19:58:41.563  INFO  manager.ListenerWD - List suze is ->>>>66
19:58:41.623  INFO  manager.ListenerWD - Before find element ->>>>By.cssSelector: .contact-item-detailed_card__50dTS
19:58:41.647  INFO  manager.ListenerWD - After find element ->>>>By.cssSelector: .contact-item-detailed_card__50dTS
19:58:41.739  INFO  manager.ListenerWD - Before find element ->>>>By.cssSelector: .contact-item-detailed_card__50dTS
19:58:41.755  INFO  manager.ListenerWD - After find element ->>>>By.cssSelector: .contact-item-detailed_card__50dTS
19:58:41.820  INFO  manager.ListenerWD - Before find element ->>>>By.cssSelector: .contact-item-detailed_card__50dTS
19:58:41.836  INFO  manager.ListenerWD - After find element ->>>>By.cssSelector: .contact-item-detailed_card__50dTS
19:58:41.900  INFO  manager.ListenerWD - Before find element ->>>>By.cssSelector: .contact-item-detailed_card__50dTS
19:58:41.914  INFO  manager.ListenerWD - After find element ->>>>By.cssSelector: .contact-item-detailed_card__50dTS
19:58:41.969  INFO  manager.ListenerWD - Before find element ->>>>By.cssSelector: .contact-item-detailed_card__50dTS
19:58:41.983  INFO  manager.ListenerWD - After find element ->>>>By.cssSelector: .contact-item-detailed_card__50dTS
19:58:42.038  INFO  manager.ListenerWD - Before find element ->>>>By.cssSelector: .contact-item-detailed_card__50dTS
19:58:42.053  INFO  manager.ListenerWD - After find element ->>>>By.cssSelector: .contact-item-detailed_card__50dTS
19:58:42.104  INFO  manager.ListenerWD - Before find element ->>>>By.cssSelector: .contact-item-detailed_card__50dTS
19:58:42.120  INFO  manager.ListenerWD - After find element ->>>>By.cssSelector: .contact-item-detailed_card__50dTS
19:58:42.175  INFO  manager.ListenerWD - Before find element ->>>>By.cssSelector: .contact-item-detailed_card__50dTS
19:58:42.192  INFO  manager.ListenerWD - After find element ->>>>By.cssSelector: .contact-item-detailed_card__50dTS
19:58:42.243  INFO  manager.ListenerWD - Before find element ->>>>By.cssSelector: .contact-item-detailed_card__50dTS
19:58:42.260  INFO  manager.ListenerWD - After find element ->>>>By.cssSelector: .contact-item-detailed_card__50dTS
19:58:42.311  INFO  manager.ListenerWD - Before find element ->>>>By.cssSelector: .contact-item-detailed_card__50dTS
19:58:42.326  INFO  manager.ListenerWD - After find element ->>>>By.cssSelector: .contact-item-detailed_card__50dTS
19:58:42.378  INFO  manager.ListenerWD - Before find element ->>>>By.cssSelector: .contact-item-detailed_card__50dTS
19:58:42.394  INFO  manager.ListenerWD - After find element ->>>>By.cssSelector: .contact-item-detailed_card__50dTS
19:58:42.452  INFO  manager.ListenerWD - Before find element ->>>>By.cssSelector: .contact-item-detailed_card__50dTS
19:58:42.468  INFO  manager.ListenerWD - After find element ->>>>By.cssSelector: .contact-item-detailed_card__50dTS
19:58:42.521  INFO  manager.ListenerWD - Before find element ->>>>By.cssSelector: .contact-item-detailed_card__50dTS
19:58:42.536  INFO  manager.ListenerWD - After find element ->>>>By.cssSelector: .contact-item-detailed_card__50dTS
19:58:42.592  INFO  manager.ListenerWD - Before find element ->>>>By.cssSelector: .contact-item-detailed_card__50dTS
19:58:42.607  INFO  manager.ListenerWD - After find element ->>>>By.cssSelector: .contact-item-detailed_card__50dTS
19:58:42.664  INFO  manager.ListenerWD - Before find element ->>>>By.cssSelector: .contact-item-detailed_card__50dTS
19:58:42.697  INFO  manager.ListenerWD - After find element ->>>>By.cssSelector: .contact-item-detailed_card__50dTS
19:58:42.760  INFO  manager.ListenerWD - Before find element ->>>>By.cssSelector: .contact-item-detailed_card__50dTS
19:58:42.776  INFO  manager.ListenerWD - After find element ->>>>By.cssSelector: .contact-item-detailed_card__50dTS
19:58:42.840  INFO  manager.ListenerWD - Before find element ->>>>By.cssSelector: .contact-item-detailed_card__50dTS
19:58:42.856  INFO  manager.ListenerWD - After find element ->>>>By.cssSelector: .contact-item-detailed_card__50dTS
19:58:42.917  INFO  manager.ListenerWD - Before find element ->>>>By.cssSelector: .contact-item-detailed_card__50dTS
19:58:42.933  INFO  manager.ListenerWD - After find element ->>>>By.cssSelector: .contact-item-detailed_card__50dTS
19:58:42.995  INFO  manager.ListenerWD - Before find element ->>>>By.cssSelector: .contact-item-detailed_card__50dTS
19:58:43.011  INFO  manager.ListenerWD - After find element ->>>>By.cssSelector: .contact-item-detailed_card__50dTS
19:58:43.075  INFO  manager.ListenerWD - Before find element ->>>>By.cssSelector: .contact-item-detailed_card__50dTS
19:58:43.091  INFO  manager.ListenerWD - After find element ->>>>By.cssSelector: .contact-item-detailed_card__50dTS
19:58:43.153  INFO  manager.ListenerWD - Before find element ->>>>By.cssSelector: .contact-item-detailed_card__50dTS
19:58:43.168  INFO  manager.ListenerWD - After find element ->>>>By.cssSelector: .contact-item-detailed_card__50dTS
19:58:43.228  INFO  manager.ListenerWD - Before find element ->>>>By.cssSelector: .contact-item-detailed_card__50dTS
19:58:43.246  INFO  manager.ListenerWD - After find element ->>>>By.cssSelector: .contact-item-detailed_card__50dTS
19:58:43.307  INFO  manager.ListenerWD - Before find element ->>>>By.cssSelector: .contact-item-detailed_card__50dTS
19:58:43.322  INFO  manager.ListenerWD - After find element ->>>>By.cssSelector: .contact-item-detailed_card__50dTS
19:58:43.379  INFO  manager.ListenerWD - Before find element ->>>>By.cssSelector: .contact-item-detailed_card__50dTS
19:58:43.394  INFO  manager.ListenerWD - After find element ->>>>By.cssSelector: .contact-item-detailed_card__50dTS
19:58:43.453  INFO  manager.ListenerWD - Before find element ->>>>By.cssSelector: .contact-item-detailed_card__50dTS
19:58:43.470  INFO  manager.ListenerWD - After find element ->>>>By.cssSelector: .contact-item-detailed_card__50dTS
19:58:43.531  INFO  manager.ListenerWD - Before find element ->>>>By.cssSelector: .contact-item-detailed_card__50dTS
19:58:43.547  INFO  manager.ListenerWD - After find element ->>>>By.cssSelector: .contact-item-detailed_card__50dTS
19:58:43.609  INFO  manager.ListenerWD - Before find element ->>>>By.cssSelector: .contact-item-detailed_card__50dTS
19:58:43.625  INFO  manager.ListenerWD - After find element ->>>>By.cssSelector: .contact-item-detailed_card__50dTS
19:58:43.687  INFO  manager.ListenerWD - Before find element ->>>>By.cssSelector: .contact-item-detailed_card__50dTS
19:58:43.702  INFO  manager.ListenerWD - After find element ->>>>By.cssSelector: .contact-item-detailed_card__50dTS
19:58:43.763  INFO  manager.ListenerWD - Before find element ->>>>By.cssSelector: .contact-item-detailed_card__50dTS
19:58:43.778  INFO  manager.ListenerWD - After find element ->>>>By.cssSelector: .contact-item-detailed_card__50dTS
19:58:43.838  INFO  manager.ListenerWD - Before find element ->>>>By.cssSelector: .contact-item-detailed_card__50dTS
19:58:43.853  INFO  manager.ListenerWD - After find element ->>>>By.cssSelector: .contact-item-detailed_card__50dTS
19:58:43.912  INFO  manager.ListenerWD - Before find element ->>>>By.cssSelector: .contact-item-detailed_card__50dTS
19:58:43.926  INFO  manager.ListenerWD - After find element ->>>>By.cssSelector: .contact-item-detailed_card__50dTS
19:58:43.985  INFO  manager.ListenerWD - Before find element ->>>>By.cssSelector: .contact-item-detailed_card__50dTS
19:58:43.999  INFO  manager.ListenerWD - After find element ->>>>By.cssSelector: .contact-item-detailed_card__50dTS
19:58:44.061  INFO  manager.ListenerWD - Before find element ->>>>By.cssSelector: .contact-item-detailed_card__50dTS
19:58:44.076  INFO  manager.ListenerWD - After find element ->>>>By.cssSelector: .contact-item-detailed_card__50dTS
19:58:44.139  INFO  manager.ListenerWD - Before find element ->>>>By.cssSelector: .contact-item-detailed_card__50dTS
19:58:44.155  INFO  manager.ListenerWD - After find element ->>>>By.cssSelector: .contact-item-detailed_card__50dTS
19:58:44.210  INFO  manager.ListenerWD - Before find element ->>>>By.cssSelector: .contact-item-detailed_card__50dTS
19:58:44.224  INFO  manager.ListenerWD - After find element ->>>>By.cssSelector: .contact-item-detailed_card__50dTS
19:58:44.277  INFO  manager.ListenerWD - Before find element ->>>>By.cssSelector: .contact-item-detailed_card__50dTS
19:58:44.292  INFO  manager.ListenerWD - After find element ->>>>By.cssSelector: .contact-item-detailed_card__50dTS
19:58:44.350  INFO  manager.ListenerWD - Before find element ->>>>By.cssSelector: .contact-item-detailed_card__50dTS
19:58:44.363  INFO  manager.ListenerWD - After find element ->>>>By.cssSelector: .contact-item-detailed_card__50dTS
19:58:44.420  INFO  manager.ListenerWD - Before find element ->>>>By.cssSelector: .contact-item-detailed_card__50dTS
19:58:44.435  INFO  manager.ListenerWD - After find element ->>>>By.cssSelector: .contact-item-detailed_card__50dTS
19:58:44.487  INFO  manager.ListenerWD - Before find element ->>>>By.cssSelector: .contact-item-detailed_card__50dTS
19:58:44.503  INFO  manager.ListenerWD - After find element ->>>>By.cssSelector: .contact-item-detailed_card__50dTS
19:58:44.562  INFO  manager.ListenerWD - Before find element ->>>>By.cssSelector: .contact-item-detailed_card__50dTS
19:58:44.576  INFO  manager.ListenerWD - After find element ->>>>By.cssSelector: .contact-item-detailed_card__50dTS
19:58:44.634  INFO  manager.ListenerWD - Before find element ->>>>By.cssSelector: .contact-item-detailed_card__50dTS
19:58:44.649  INFO  manager.ListenerWD - After find element ->>>>By.cssSelector: .contact-item-detailed_card__50dTS
19:58:44.709  INFO  manager.ListenerWD - Before find element ->>>>By.cssSelector: .contact-item-detailed_card__50dTS
19:58:44.724  INFO  manager.ListenerWD - After find element ->>>>By.cssSelector: .contact-item-detailed_card__50dTS
19:58:44.787  INFO  manager.ListenerWD - Before find element ->>>>By.cssSelector: .contact-item-detailed_card__50dTS
19:58:44.801  INFO  manager.ListenerWD - After find element ->>>>By.cssSelector: .contact-item-detailed_card__50dTS
19:58:44.864  INFO  manager.ListenerWD - Before find element ->>>>By.cssSelector: .contact-item-detailed_card__50dTS
19:58:44.880  INFO  manager.ListenerWD - After find element ->>>>By.cssSelector: .contact-item-detailed_card__50dTS
19:58:44.940  INFO  manager.ListenerWD - Before find element ->>>>By.cssSelector: .contact-item-detailed_card__50dTS
19:58:44.954  INFO  manager.ListenerWD - After find element ->>>>By.cssSelector: .contact-item-detailed_card__50dTS
19:58:45.011  INFO  manager.ListenerWD - Before find element ->>>>By.cssSelector: .contact-item-detailed_card__50dTS
19:58:45.028  INFO  manager.ListenerWD - After find element ->>>>By.cssSelector: .contact-item-detailed_card__50dTS
19:58:45.086  INFO  manager.ListenerWD - Before find element ->>>>By.cssSelector: .contact-item-detailed_card__50dTS
19:58:45.098  INFO  manager.ListenerWD - After find element ->>>>By.cssSelector: .contact-item-detailed_card__50dTS
19:58:45.155  INFO  manager.ListenerWD - Before find element ->>>>By.cssSelector: .contact-item-detailed_card__50dTS
19:58:45.168  INFO  manager.ListenerWD - After find element ->>>>By.cssSelector: .contact-item-detailed_card__50dTS
19:58:45.225  INFO  manager.ListenerWD - Before find element ->>>>By.cssSelector: .contact-item-detailed_card__50dTS
19:58:45.239  INFO  manager.ListenerWD - After find element ->>>>By.cssSelector: .contact-item-detailed_card__50dTS
19:58:45.294  INFO  manager.ListenerWD - Before find element ->>>>By.cssSelector: .contact-item-detailed_card__50dTS
19:58:45.309  INFO  manager.ListenerWD - After find element ->>>>By.cssSelector: .contact-item-detailed_card__50dTS
19:58:45.367  INFO  manager.ListenerWD - Before find element ->>>>By.cssSelector: .contact-item-detailed_card__50dTS
19:58:45.382  INFO  manager.ListenerWD - After find element ->>>>By.cssSelector: .contact-item-detailed_card__50dTS
19:58:45.440  INFO  manager.ListenerWD - Before find element ->>>>By.cssSelector: .contact-item-detailed_card__50dTS
19:58:45.454  INFO  manager.ListenerWD - After find element ->>>>By.cssSelector: .contact-item-detailed_card__50dTS
19:58:45.511  INFO  manager.ListenerWD - Before find element ->>>>By.cssSelector: .contact-item-detailed_card__50dTS
19:58:45.526  INFO  manager.ListenerWD - After find element ->>>>By.cssSelector: .contact-item-detailed_card__50dTS
19:58:45.597  INFO  manager.ListenerWD - Before find element ->>>>By.cssSelector: .contact-item-detailed_card__50dTS
19:58:45.612  INFO  manager.ListenerWD - After find element ->>>>By.cssSelector: .contact-item-detailed_card__50dTS
19:58:45.663  INFO  manager.ListenerWD - Before find element ->>>>By.cssSelector: .contact-item-detailed_card__50dTS
19:58:45.677  INFO  manager.ListenerWD - After find element ->>>>By.cssSelector: .contact-item-detailed_card__50dTS
19:58:45.729  INFO  manager.ListenerWD - Before find element ->>>>By.cssSelector: .contact-item-detailed_card__50dTS
19:58:45.740  INFO  manager.ListenerWD - After find element ->>>>By.cssSelector: .contact-item-detailed_card__50dTS
19:58:45.789  INFO  manager.ListenerWD - Before find element ->>>>By.cssSelector: .contact-item-detailed_card__50dTS
19:58:45.803  INFO  manager.ListenerWD - After find element ->>>>By.cssSelector: .contact-item-detailed_card__50dTS
19:58:45.852  INFO  manager.ListenerWD - Before find element ->>>>By.cssSelector: .contact-item-detailed_card__50dTS
19:58:45.863  INFO  manager.ListenerWD - After find element ->>>>By.cssSelector: .contact-item-detailed_card__50dTS
19:58:45.916  INFO  manager.ListenerWD - Before find element ->>>>By.cssSelector: .contact-item-detailed_card__50dTS
19:58:45.929  INFO  manager.ListenerWD - After find element ->>>>By.cssSelector: .contact-item-detailed_card__50dTS
19:58:45.984  INFO  manager.ListenerWD - Before find element ->>>>By.cssSelector: .contact-item-detailed_card__50dTS
19:58:45.999  INFO  manager.ListenerWD - After find element ->>>>By.cssSelector: .contact-item-detailed_card__50dTS
19:58:46.057  INFO  manager.ListenerWD - Before find element ->>>>By.cssSelector: .contact-item-detailed_card__50dTS
19:58:46.072  INFO  manager.ListenerWD - After find element ->>>>By.cssSelector: .contact-item-detailed_card__50dTS
19:58:46.127  INFO  manager.ListenerWD - Before find element ->>>>By.cssSelector: .contact-item-detailed_card__50dTS
19:58:46.140  INFO  manager.ListenerWD - After find element ->>>>By.cssSelector: .contact-item-detailed_card__50dTS
19:58:46.191  INFO  manager.ListenerWD - Before find element ->>>>By.cssSelector: .contact-item-detailed_card__50dTS
19:58:46.205  INFO  manager.ListenerWD - After find element ->>>>By.cssSelector: .contact-item-detailed_card__50dTS
19:58:46.259  INFO  manager.ListenerWD - Before find element ->>>>By.cssSelector: .contact-item-detailed_card__50dTS
19:58:46.273  INFO  manager.ListenerWD - After find element ->>>>By.cssSelector: .contact-item-detailed_card__50dTS
19:58:46.327  INFO  manager.ListenerWD - Before find element ->>>>By.cssSelector: .contact-item-detailed_card__50dTS
19:58:46.340  INFO  manager.ListenerWD - After find element ->>>>By.cssSelector: .contact-item-detailed_card__50dTS
19:58:46.395  INFO  manager.ListenerWD - Before find element ->>>>By.cssSelector: .contact-item-detailed_card__50dTS
19:58:46.407  INFO  manager.ListenerWD - After find element ->>>>By.cssSelector: .contact-item-detailed_card__50dTS
19:58:46.422  INFO  manager.ListenerTNG - onTestSuccess ->>>>>>addContactSuccessAllFields
19:58:46.424  INFO  tests.TestBase - The name of starts method is --->addContactSuccessRequiredFields
19:58:46.425  INFO  manager.ListenerWD - Before find elements ->>>>By.xpath: //button[text()='Sign Out']
19:58:46.441  INFO  manager.ListenerWD - After find elements ->>>>By.xpath: //button[text()='Sign Out']
19:58:46.441  INFO  manager.ListenerWD - List suze is ->>>>1
19:58:46.442  INFO  manager.ListenerTNG - onTestStart->>>>>addContactSuccessRequiredFields
19:58:46.443  INFO  manager.ListenerWD - Before find element ->>>>By.cssSelector: a[href='/add']
19:58:46.459  INFO  manager.ListenerWD - After find element ->>>>By.cssSelector: a[href='/add']
19:58:46.507  INFO  manager.ListenerWD - Before find element ->>>>By.cssSelector: input[placeholder='Name']
19:58:46.526  INFO  manager.ListenerWD - After find element ->>>>By.cssSelector: input[placeholder='Name']
19:58:47.161  INFO  manager.ListenerWD - Before find element ->>>>By.cssSelector: input[placeholder='Last Name']
19:58:47.178  INFO  manager.ListenerWD - After find element ->>>>By.cssSelector: input[placeholder='Last Name']
19:58:47.807  INFO  manager.ListenerWD - Before find element ->>>>By.cssSelector: input[placeholder='Phone']
19:58:47.821  INFO  manager.ListenerWD - After find element ->>>>By.cssSelector: input[placeholder='Phone']
19:58:48.447  INFO  manager.ListenerWD - Before find element ->>>>By.cssSelector: input[placeholder='email']
19:58:48.459  INFO  manager.ListenerWD - After find element ->>>>By.cssSelector: input[placeholder='email']
19:58:49.093  INFO  manager.ListenerWD - Before find element ->>>>By.cssSelector: input[placeholder='Address']
19:58:49.109  INFO  manager.ListenerWD - After find element ->>>>By.cssSelector: input[placeholder='Address']
19:58:49.727  INFO  manager.ListenerWD - Before find element ->>>>By.cssSelector: input[placeholder='description']
19:58:49.740  INFO  manager.ListenerWD - After find element ->>>>By.cssSelector: input[placeholder='description']
19:58:50.316  INFO  manager.ListenerWD - Before find element ->>>>By.xpath: //b[text()='Save']
19:58:50.333  INFO  manager.ListenerWD - After find element ->>>>By.xpath: //b[text()='Save']
19:58:50.373  INFO  manager.ListenerWD - Before find elements ->>>>By.cssSelector: h2
19:58:51.214  INFO  manager.ListenerWD - After find elements ->>>>By.cssSelector: h2
19:58:51.214  INFO  manager.ListenerWD - List suze is ->>>>67
19:58:52.280  INFO  manager.ListenerWD - Before find elements ->>>>By.cssSelector: h3
19:58:52.551  INFO  manager.ListenerWD - After find elements ->>>>By.cssSelector: h3
19:58:52.551  INFO  manager.ListenerWD - List suze is ->>>>67
19:58:53.608  INFO  manager.ListenerTNG - onTestSuccess ->>>>>>addContactSuccessRequiredFields
19:58:53.609  INFO  tests.TestBase - The name of starts method is --->addNewContactWrongAddress
19:58:53.610  INFO  manager.ListenerWD - Before find elements ->>>>By.xpath: //button[text()='Sign Out']
19:58:53.620  INFO  manager.ListenerWD - After find elements ->>>>By.xpath: //button[text()='Sign Out']
19:58:53.620  INFO  manager.ListenerWD - List suze is ->>>>1
19:58:53.621  INFO  manager.ListenerTNG - onTestStart->>>>>addNewContactWrongAddress
19:58:53.621  INFO  manager.ListenerWD - Before find element ->>>>By.cssSelector: a[href='/add']
19:58:53.633  INFO  manager.ListenerWD - After find element ->>>>By.cssSelector: a[href='/add']
19:58:53.663  INFO  manager.ListenerWD - Before find element ->>>>By.cssSelector: input[placeholder='Name']
19:58:53.675  INFO  manager.ListenerWD - After find element ->>>>By.cssSelector: input[placeholder='Name']
19:58:54.309  INFO  manager.ListenerWD - Before find element ->>>>By.cssSelector: input[placeholder='Last Name']
19:58:54.336  INFO  manager.ListenerWD - After find element ->>>>By.cssSelector: input[placeholder='Last Name']
19:58:54.984  INFO  manager.ListenerWD - Before find element ->>>>By.cssSelector: input[placeholder='Phone']
19:58:54.999  INFO  manager.ListenerWD - After find element ->>>>By.cssSelector: input[placeholder='Phone']
19:58:55.631  INFO  manager.ListenerWD - Before find element ->>>>By.cssSelector: input[placeholder='email']
19:58:55.645  INFO  manager.ListenerWD - After find element ->>>>By.cssSelector: input[placeholder='email']
19:58:56.295  INFO  manager.ListenerWD - Before find element ->>>>By.cssSelector: input[placeholder='Address']
19:58:56.307  INFO  manager.ListenerWD - After find element ->>>>By.cssSelector: input[placeholder='Address']
19:58:56.914  INFO  manager.ListenerWD - Before find element ->>>>By.cssSelector: input[placeholder='description']
19:58:56.924  INFO  manager.ListenerWD - After find element ->>>>By.cssSelector: input[placeholder='description']
19:58:57.564  INFO  manager.ListenerWD - Before find element ->>>>By.xpath: //b[text()='Save']
19:58:57.576  INFO  manager.ListenerWD - After find element ->>>>By.xpath: //b[text()='Save']
19:58:57.610  INFO  manager.ListenerWD - Before find elements ->>>>By.cssSelector: a.active[href='/add']
19:58:57.627  INFO  manager.ListenerWD - After find elements ->>>>By.cssSelector: a.active[href='/add']
19:58:57.627  INFO  manager.ListenerWD - List suze is ->>>>1
19:58:57.627  INFO  manager.ListenerTNG - onTestSuccess ->>>>>>addNewContactWrongAddress
19:58:57.628  INFO  tests.TestBase - The name of starts method is --->addNewContactWrongEmail
19:58:57.629  INFO  manager.ListenerWD - Before find elements ->>>>By.xpath: //button[text()='Sign Out']
19:58:57.639  INFO  manager.ListenerWD - After find elements ->>>>By.xpath: //button[text()='Sign Out']
19:58:57.640  INFO  manager.ListenerWD - List suze is ->>>>1
19:58:57.640  INFO  manager.ListenerTNG - onTestStart->>>>>addNewContactWrongEmail
19:58:57.640  INFO  manager.ListenerWD - Before find element ->>>>By.cssSelector: a[href='/add']
19:58:57.652  INFO  manager.ListenerWD - After find element ->>>>By.cssSelector: a[href='/add']
19:58:57.688  INFO  manager.ListenerWD - Before find element ->>>>By.cssSelector: input[placeholder='Name']
19:58:57.702  INFO  manager.ListenerWD - After find element ->>>>By.cssSelector: input[placeholder='Name']
19:58:58.327  INFO  manager.ListenerWD - Before find element ->>>>By.cssSelector: input[placeholder='Last Name']
19:58:58.340  INFO  manager.ListenerWD - After find element ->>>>By.cssSelector: input[placeholder='Last Name']
19:58:58.946  INFO  manager.ListenerWD - Before find element ->>>>By.cssSelector: input[placeholder='Phone']
19:58:58.957  INFO  manager.ListenerWD - After find element ->>>>By.cssSelector: input[placeholder='Phone']
19:58:59.562  INFO  manager.ListenerWD - Before find element ->>>>By.cssSelector: input[placeholder='email']
19:58:59.574  INFO  manager.ListenerWD - After find element ->>>>By.cssSelector: input[placeholder='email']
19:59:00.182  INFO  manager.ListenerWD - Before find element ->>>>By.cssSelector: input[placeholder='Address']
19:59:00.195  INFO  manager.ListenerWD - After find element ->>>>By.cssSelector: input[placeholder='Address']
19:59:00.790  INFO  manager.ListenerWD - Before find element ->>>>By.cssSelector: input[placeholder='description']
19:59:00.801  INFO  manager.ListenerWD - After find element ->>>>By.cssSelector: input[placeholder='description']
19:59:01.422  INFO  manager.ListenerWD - Before find element ->>>>By.xpath: //b[text()='Save']
19:59:01.433  INFO  manager.ListenerWD - After find element ->>>>By.xpath: //b[text()='Save']
19:59:01.455  INFO  manager.ListenerWD - Before find elements ->>>>By.cssSelector: a.active[href='/add']
19:59:01.465  INFO  manager.ListenerWD - After find elements ->>>>By.cssSelector: a.active[href='/add']
19:59:01.465  INFO  manager.ListenerWD - List suze is ->>>>1
19:59:01.483  INFO  manager.ListenerWD - The have a 'problem'
19:59:01.483  INFO  manager.ListenerWD - ++++++++++++++++++++++++++++++++++++
19:59:01.483  INFO  manager.ListenerWD - Method method ->>>>alert
19:59:01.483  INFO  manager.ListenerWD - ++++++++++++++++++++++++++
19:59:01.485  INFO  manager.ListenerWD - InvocationTargetException getTargetException() org.openqa.selenium.NoAlertPresentException: no such alert
  (Session info: chrome=109.0.5414.120)
Build info: version: '4.7.1', revision: 'c6795baf1a3'
System info: os.name: 'Windows 10', os.arch: 'amd64', os.version: '10.0', java.version: '11.0.17'
Driver info: org.openqa.selenium.chrome.ChromeDriver
Command: [e1f921a942ee8a72c5d76158a318451b, getAlertText {}]
Capabilities {acceptInsecureCerts: false, browserName: chrome, browserVersion: 109.0.5414.120, chrome: {chromedriverVersion: 109.0.5414.74 (e7c5703604da..., userDataDir: C:\Users\97252\AppData\Loca...}, goog:chromeOptions: {debuggerAddress: localhost:59999}, networkConnectionEnabled: false, pageLoadStrategy: normal, platformName: WINDOWS, proxy: Proxy(), se:cdp: ws://localhost:59999/devtoo..., se:cdpVersion: 109.0.5414.120, setWindowRect: true, strictFileInteractability: false, timeouts: {implicit: 0, pageLoad: 300000, script: 30000}, unhandledPromptBehavior: dismiss and notify, webauthn:extension:credBlob: true, webauthn:extension:largeBlob: true, webauthn:virtualAuthenticators: true}
Session ID: e1f921a942ee8a72c5d76158a318451b
19:59:01.485  INFO  manager.ListenerWD - ++++++++++++++++++++++++++
19:59:01.485  INFO  manager.ListenerWD - Object target ->>>>>>org.openqa.selenium.remote.RemoteWebDriver$RemoteTargetLocator@401ec794
19:59:01.485  INFO  manager.ListenerWD - ++++++++++++++++++++++++++
19:59:02.519  INFO  manager.ListenerTNG - onTestSuccess ->>>>>>addNewContactWrongEmail
19:59:02.520  INFO  tests.TestBase - The name of starts method is --->addNewContactWrongLastName
19:59:02.521  INFO  manager.ListenerWD - Before find elements ->>>>By.xpath: //button[text()='Sign Out']
19:59:02.535  INFO  manager.ListenerWD - After find elements ->>>>By.xpath: //button[text()='Sign Out']
19:59:02.535  INFO  manager.ListenerWD - List suze is ->>>>1
19:59:02.536  INFO  manager.ListenerTNG - onTestStart->>>>>addNewContactWrongLastName
19:59:02.536  INFO  manager.ListenerWD - Before find element ->>>>By.cssSelector: a[href='/add']
19:59:02.550  INFO  manager.ListenerWD - After find element ->>>>By.cssSelector: a[href='/add']
19:59:02.581  INFO  manager.ListenerWD - Before find element ->>>>By.cssSelector: input[placeholder='Name']
19:59:02.596  INFO  manager.ListenerWD - After find element ->>>>By.cssSelector: input[placeholder='Name']
19:59:03.196  INFO  manager.ListenerWD - Before find element ->>>>By.cssSelector: input[placeholder='Last Name']
19:59:03.207  INFO  manager.ListenerWD - After find element ->>>>By.cssSelector: input[placeholder='Last Name']
19:59:03.800  INFO  manager.ListenerWD - Before find element ->>>>By.cssSelector: input[placeholder='Phone']
19:59:03.812  INFO  manager.ListenerWD - After find element ->>>>By.cssSelector: input[placeholder='Phone']
19:59:04.418  INFO  manager.ListenerWD - Before find element ->>>>By.cssSelector: input[placeholder='email']
19:59:04.429  INFO  manager.ListenerWD - After find element ->>>>By.cssSelector: input[placeholder='email']
19:59:05.037  INFO  manager.ListenerWD - Before find element ->>>>By.cssSelector: input[placeholder='Address']
19:59:05.050  INFO  manager.ListenerWD - After find element ->>>>By.cssSelector: input[placeholder='Address']
19:59:05.640  INFO  manager.ListenerWD - Before find element ->>>>By.cssSelector: input[placeholder='description']
19:59:05.654  INFO  manager.ListenerWD - After find element ->>>>By.cssSelector: input[placeholder='description']
19:59:06.269  INFO  manager.ListenerWD - Before find element ->>>>By.xpath: //b[text()='Save']
19:59:06.281  INFO  manager.ListenerWD - After find element ->>>>By.xpath: //b[text()='Save']
19:59:06.303  INFO  manager.ListenerWD - Before find elements ->>>>By.cssSelector: a.active[href='/add']
19:59:06.314  INFO  manager.ListenerWD - After find elements ->>>>By.cssSelector: a.active[href='/add']
19:59:06.315  INFO  manager.ListenerWD - List suze is ->>>>1
19:59:06.315  INFO  manager.ListenerTNG - onTestSuccess ->>>>>>addNewContactWrongLastName
19:59:06.315  INFO  tests.TestBase - The name of starts method is --->addNewContactWrongName
19:59:06.316  INFO  manager.ListenerWD - Before find elements ->>>>By.xpath: //button[text()='Sign Out']
19:59:06.327  INFO  manager.ListenerWD - After find elements ->>>>By.xpath: //button[text()='Sign Out']
19:59:06.327  INFO  manager.ListenerWD - List suze is ->>>>1
19:59:06.327  INFO  manager.ListenerTNG - onTestStart->>>>>addNewContactWrongName
19:59:06.328  INFO  manager.ListenerWD - Before find element ->>>>By.cssSelector: a[href='/add']
19:59:06.339  INFO  manager.ListenerWD - After find element ->>>>By.cssSelector: a[href='/add']
19:59:06.366  INFO  manager.ListenerWD - Before find element ->>>>By.cssSelector: input[placeholder='Name']
19:59:06.378  INFO  manager.ListenerWD - After find element ->>>>By.cssSelector: input[placeholder='Name']
19:59:06.965  INFO  manager.ListenerWD - Before find element ->>>>By.cssSelector: input[placeholder='Last Name']
19:59:06.978  INFO  manager.ListenerWD - After find element ->>>>By.cssSelector: input[placeholder='Last Name']
19:59:07.569  INFO  manager.ListenerWD - Before find element ->>>>By.cssSelector: input[placeholder='Phone']
19:59:07.581  INFO  manager.ListenerWD - After find element ->>>>By.cssSelector: input[placeholder='Phone']
19:59:08.202  INFO  manager.ListenerWD - Before find element ->>>>By.cssSelector: input[placeholder='email']
19:59:08.214  INFO  manager.ListenerWD - After find element ->>>>By.cssSelector: input[placeholder='email']
19:59:08.829  INFO  manager.ListenerWD - Before find element ->>>>By.cssSelector: input[placeholder='Address']
19:59:08.838  INFO  manager.ListenerWD - After find element ->>>>By.cssSelector: input[placeholder='Address']
19:59:09.431  INFO  manager.ListenerWD - Before find element ->>>>By.cssSelector: input[placeholder='description']
19:59:09.456  INFO  manager.ListenerWD - After find element ->>>>By.cssSelector: input[placeholder='description']
19:59:10.063  INFO  manager.ListenerWD - Before find element ->>>>By.xpath: //b[text()='Save']
19:59:10.076  INFO  manager.ListenerWD - After find element ->>>>By.xpath: //b[text()='Save']
19:59:10.101  INFO  manager.ListenerWD - Before find elements ->>>>By.cssSelector: a.active[href='/add']
19:59:10.115  INFO  manager.ListenerWD - After find elements ->>>>By.cssSelector: a.active[href='/add']
19:59:10.115  INFO  manager.ListenerWD - List suze is ->>>>1
19:59:10.115  INFO  manager.ListenerTNG - onTestSuccess ->>>>>>addNewContactWrongName
19:59:10.116  INFO  tests.TestBase - The name of starts method is --->addNewContactWrongPhone
19:59:10.117  INFO  manager.ListenerWD - Before find elements ->>>>By.xpath: //button[text()='Sign Out']
19:59:10.129  INFO  manager.ListenerWD - After find elements ->>>>By.xpath: //button[text()='Sign Out']
19:59:10.129  INFO  manager.ListenerWD - List suze is ->>>>1
19:59:10.130  INFO  manager.ListenerTNG - onTestStart->>>>>addNewContactWrongPhone
19:59:10.130  INFO  manager.ListenerWD - Before find element ->>>>By.cssSelector: a[href='/add']
19:59:10.140  INFO  manager.ListenerWD - After find element ->>>>By.cssSelector: a[href='/add']
19:59:10.171  INFO  manager.ListenerWD - Before find element ->>>>By.cssSelector: input[placeholder='Name']
19:59:10.186  INFO  manager.ListenerWD - After find element ->>>>By.cssSelector: input[placeholder='Name']
19:59:10.781  INFO  manager.ListenerWD - Before find element ->>>>By.cssSelector: input[placeholder='Last Name']
19:59:10.794  INFO  manager.ListenerWD - After find element ->>>>By.cssSelector: input[placeholder='Last Name']
19:59:11.394  INFO  manager.ListenerWD - Before find element ->>>>By.cssSelector: input[placeholder='Phone']
19:59:11.403  INFO  manager.ListenerWD - After find element ->>>>By.cssSelector: input[placeholder='Phone']
19:59:11.987  INFO  manager.ListenerWD - Before find element ->>>>By.cssSelector: input[placeholder='email']
19:59:11.998  INFO  manager.ListenerWD - After find element ->>>>By.cssSelector: input[placeholder='email']
19:59:12.588  INFO  manager.ListenerWD - Before find element ->>>>By.cssSelector: input[placeholder='Address']
19:59:12.598  INFO  manager.ListenerWD - After find element ->>>>By.cssSelector: input[placeholder='Address']
19:59:13.193  INFO  manager.ListenerWD - Before find element ->>>>By.cssSelector: input[placeholder='description']
19:59:13.204  INFO  manager.ListenerWD - After find element ->>>>By.cssSelector: input[placeholder='description']
19:59:13.812  INFO  manager.ListenerWD - Before find element ->>>>By.xpath: //b[text()='Save']
19:59:13.824  INFO  manager.ListenerWD - After find element ->>>>By.xpath: //b[text()='Save']
19:59:13.844  INFO  manager.ListenerWD - Before find elements ->>>>By.cssSelector: a.active[href='/add']
19:59:13.856  INFO  manager.ListenerWD - After find elements ->>>>By.cssSelector: a.active[href='/add']
19:59:13.856  INFO  manager.ListenerWD - List suze is ->>>>1
19:59:13.861  INFO  manager.ListenerWD - The have a 'problem'
19:59:13.861  INFO  manager.ListenerWD - ++++++++++++++++++++++++++++++++++++
19:59:13.861  INFO  manager.ListenerWD - Method method ->>>>alert
19:59:13.861  INFO  manager.ListenerWD - ++++++++++++++++++++++++++
19:59:13.862  INFO  manager.ListenerWD - InvocationTargetException getTargetException() org.openqa.selenium.NoAlertPresentException: no such alert
  (Session info: chrome=109.0.5414.120)
Build info: version: '4.7.1', revision: 'c6795baf1a3'
System info: os.name: 'Windows 10', os.arch: 'amd64', os.version: '10.0', java.version: '11.0.17'
Driver info: org.openqa.selenium.chrome.ChromeDriver
Command: [e1f921a942ee8a72c5d76158a318451b, getAlertText {}]
Capabilities {acceptInsecureCerts: false, browserName: chrome, browserVersion: 109.0.5414.120, chrome: {chromedriverVersion: 109.0.5414.74 (e7c5703604da..., userDataDir: C:\Users\97252\AppData\Loca...}, goog:chromeOptions: {debuggerAddress: localhost:59999}, networkConnectionEnabled: false, pageLoadStrategy: normal, platformName: WINDOWS, proxy: Proxy(), se:cdp: ws://localhost:59999/devtoo..., se:cdpVersion: 109.0.5414.120, setWindowRect: true, strictFileInteractability: false, timeouts: {implicit: 0, pageLoad: 300000, script: 30000}, unhandledPromptBehavior: dismiss and notify, webauthn:extension:credBlob: true, webauthn:extension:largeBlob: true, webauthn:virtualAuthenticators: true}
Session ID: e1f921a942ee8a72c5d76158a318451b
19:59:13.862  INFO  manager.ListenerWD - ++++++++++++++++++++++++++
19:59:13.862  INFO  manager.ListenerWD - Object target ->>>>>>org.openqa.selenium.remote.RemoteWebDriver$RemoteTargetLocator@5ec6a1b6
19:59:13.862  INFO  manager.ListenerWD - ++++++++++++++++++++++++++
19:59:14.883  INFO  manager.ListenerTNG - onTestSuccess ->>>>>>addNewContactWrongPhone
19:59:14.889  INFO  tests.TestBase - The name of starts method is --->loginSuccess
19:59:14.890  INFO  manager.ListenerWD - Before find elements ->>>>By.xpath: //button[text()='Sign Out']
19:59:14.903  INFO  manager.ListenerWD - After find elements ->>>>By.xpath: //button[text()='Sign Out']
19:59:14.903  INFO  manager.ListenerWD - List suze is ->>>>1
19:59:14.903  INFO  manager.ListenerWD - Before find element ->>>>By.xpath: //button[text()='Sign Out']
19:59:14.919  INFO  manager.ListenerWD - After find element ->>>>By.xpath: //button[text()='Sign Out']
19:59:14.962  INFO  tests.TestBase -  I need logout
19:59:14.963  INFO  manager.ListenerTNG - onTestStart->>>>>loginSuccess
19:59:14.970  INFO  tests.TestBase - Login with valid data :  email: reshef1986@gmail.com & password: Rr6146858!
19:59:14.971  INFO  manager.ListenerWD - Before find element ->>>>By.cssSelector: a[href='/login']
19:59:14.987  INFO  manager.ListenerWD - After find element ->>>>By.cssSelector: a[href='/login']
19:59:15.020  INFO  manager.ListenerWD - Before find element ->>>>By.name: email
19:59:15.036  INFO  manager.ListenerWD - After find element ->>>>By.name: email
19:59:15.668  INFO  manager.ListenerWD - Before find element ->>>>By.name: password
19:59:15.686  INFO  manager.ListenerWD - After find element ->>>>By.name: password
19:59:16.311  INFO  manager.ListenerWD - Before find element ->>>>By.cssSelector: [name='login']
19:59:16.324  INFO  manager.ListenerWD - After find element ->>>>By.cssSelector: [name='login']
19:59:16.354  INFO  manager.ListenerWD - Before find elements ->>>>By.xpath: //button[text()='Sign Out']
19:59:16.675  INFO  manager.ListenerWD - After find elements ->>>>By.xpath: //button[text()='Sign Out']
19:59:16.675  INFO  manager.ListenerWD - List suze is ->>>>1
19:59:16.675  INFO  tests.TestBase - Tests success
19:59:16.676  INFO  manager.ListenerTNG - onTestSuccess ->>>>>>loginSuccess
19:59:16.676  INFO  tests.TestBase - The name of starts method is --->loginSuccess
19:59:16.677  INFO  manager.ListenerWD - Before find elements ->>>>By.xpath: //button[text()='Sign Out']
19:59:16.688  INFO  manager.ListenerWD - After find elements ->>>>By.xpath: //button[text()='Sign Out']
19:59:16.688  INFO  manager.ListenerWD - List suze is ->>>>1
19:59:16.688  INFO  manager.ListenerWD - Before find element ->>>>By.xpath: //button[text()='Sign Out']
19:59:16.698  INFO  manager.ListenerWD - After find element ->>>>By.xpath: //button[text()='Sign Out']
19:59:16.733  INFO  tests.TestBase -  I need logout
19:59:16.733  INFO  manager.ListenerTNG - onTestStart->>>>>loginSuccess
19:59:16.734  INFO  tests.TestBase - Login with valid data :  email: reshef1986@gmail.com & password: Rr6146858!
19:59:16.734  INFO  manager.ListenerWD - Before find element ->>>>By.cssSelector: a[href='/login']
19:59:16.745  INFO  manager.ListenerWD - After find element ->>>>By.cssSelector: a[href='/login']
19:59:16.781  INFO  manager.ListenerWD - Before find element ->>>>By.name: email
19:59:16.792  INFO  manager.ListenerWD - After find element ->>>>By.name: email
19:59:17.428  INFO  manager.ListenerWD - Before find element ->>>>By.name: password
19:59:17.440  INFO  manager.ListenerWD - After find element ->>>>By.name: password
19:59:18.064  INFO  manager.ListenerWD - Before find element ->>>>By.cssSelector: [name='login']
19:59:18.075  INFO  manager.ListenerWD - After find element ->>>>By.cssSelector: [name='login']
19:59:18.113  INFO  manager.ListenerWD - Before find elements ->>>>By.xpath: //button[text()='Sign Out']
19:59:18.430  INFO  manager.ListenerWD - After find elements ->>>>By.xpath: //button[text()='Sign Out']
19:59:18.430  INFO  manager.ListenerWD - List suze is ->>>>1
19:59:18.430  INFO  tests.TestBase - Tests success
19:59:18.430  INFO  manager.ListenerTNG - onTestSuccess ->>>>>>loginSuccess
19:59:18.431  INFO  tests.TestBase - The name of starts method is --->loginSuccess
19:59:18.432  INFO  manager.ListenerWD - Before find elements ->>>>By.xpath: //button[text()='Sign Out']
19:59:18.442  INFO  manager.ListenerWD - After find elements ->>>>By.xpath: //button[text()='Sign Out']
19:59:18.442  INFO  manager.ListenerWD - List suze is ->>>>1
19:59:18.442  INFO  manager.ListenerWD - Before find element ->>>>By.xpath: //button[text()='Sign Out']
19:59:18.451  INFO  manager.ListenerWD - After find element ->>>>By.xpath: //button[text()='Sign Out']
19:59:18.491  INFO  tests.TestBase -  I need logout
19:59:18.492  INFO  manager.ListenerTNG - onTestStart->>>>>loginSuccess
19:59:18.492  INFO  tests.TestBase - Login with valid data :  email: reshef1986@gmail.com & password: Rr6146858!
19:59:18.492  INFO  manager.ListenerWD - Before find element ->>>>By.cssSelector: a[href='/login']
19:59:18.505  INFO  manager.ListenerWD - After find element ->>>>By.cssSelector: a[href='/login']
19:59:18.541  INFO  manager.ListenerWD - Before find element ->>>>By.name: email
19:59:18.553  INFO  manager.ListenerWD - After find element ->>>>By.name: email
19:59:19.195  INFO  manager.ListenerWD - Before find element ->>>>By.name: password
19:59:19.206  INFO  manager.ListenerWD - After find element ->>>>By.name: password
19:59:19.832  INFO  manager.ListenerWD - Before find element ->>>>By.cssSelector: [name='login']
19:59:19.844  INFO  manager.ListenerWD - After find element ->>>>By.cssSelector: [name='login']
19:59:19.877  INFO  manager.ListenerWD - Before find elements ->>>>By.xpath: //button[text()='Sign Out']
19:59:20.142  INFO  manager.ListenerWD - After find elements ->>>>By.xpath: //button[text()='Sign Out']
19:59:20.143  INFO  manager.ListenerWD - List suze is ->>>>1
19:59:20.143  INFO  tests.TestBase - Tests success
19:59:20.143  INFO  manager.ListenerTNG - onTestSuccess ->>>>>>loginSuccess
19:59:20.145  INFO  tests.TestBase - The name of starts method is --->loginSuccess2
19:59:20.145  INFO  manager.ListenerWD - Before find elements ->>>>By.xpath: //button[text()='Sign Out']
19:59:20.158  INFO  manager.ListenerWD - After find elements ->>>>By.xpath: //button[text()='Sign Out']
19:59:20.158  INFO  manager.ListenerWD - List suze is ->>>>1
19:59:20.158  INFO  manager.ListenerWD - Before find element ->>>>By.xpath: //button[text()='Sign Out']
19:59:20.168  INFO  manager.ListenerWD - After find element ->>>>By.xpath: //button[text()='Sign Out']
19:59:20.204  INFO  tests.TestBase -  I need logout
19:59:20.205  INFO  manager.ListenerTNG - onTestStart->>>>>loginSuccess2
19:59:20.205  INFO  tests.TestBase - Login with valid data :  email: reshef1986@gmail.com & password: Rr6146858!
19:59:20.205  INFO  manager.ListenerWD - Before find element ->>>>By.cssSelector: a[href='/login']
19:59:20.215  INFO  manager.ListenerWD - After find element ->>>>By.cssSelector: a[href='/login']
19:59:20.245  INFO  manager.ListenerWD - Before find element ->>>>By.name: email
19:59:20.256  INFO  manager.ListenerWD - After find element ->>>>By.name: email
19:59:20.886  INFO  manager.ListenerWD - Before find element ->>>>By.name: password
19:59:20.897  INFO  manager.ListenerWD - After find element ->>>>By.name: password
19:59:21.514  INFO  manager.ListenerWD - Before find element ->>>>By.cssSelector: [name='login']
19:59:21.524  INFO  manager.ListenerWD - After find element ->>>>By.cssSelector: [name='login']
19:59:21.554  INFO  manager.ListenerWD - Before find elements ->>>>By.xpath: //button[text()='Sign Out']
19:59:21.868  INFO  manager.ListenerWD - After find elements ->>>>By.xpath: //button[text()='Sign Out']
19:59:21.868  INFO  manager.ListenerWD - List suze is ->>>>1
19:59:21.868  INFO  tests.TestBase - Tests success
19:59:21.868  INFO  manager.ListenerTNG - onTestSuccess ->>>>>>loginSuccess2
19:59:21.869  INFO  tests.TestBase - The name of starts method is --->loginSuccess2
19:59:21.870  INFO  manager.ListenerWD - Before find elements ->>>>By.xpath: //button[text()='Sign Out']
19:59:21.879  INFO  manager.ListenerWD - After find elements ->>>>By.xpath: //button[text()='Sign Out']
19:59:21.879  INFO  manager.ListenerWD - List suze is ->>>>1
19:59:21.879  INFO  manager.ListenerWD - Before find element ->>>>By.xpath: //button[text()='Sign Out']
19:59:21.890  INFO  manager.ListenerWD - After find element ->>>>By.xpath: //button[text()='Sign Out']
19:59:21.923  INFO  tests.TestBase -  I need logout
19:59:21.924  INFO  manager.ListenerTNG - onTestStart->>>>>loginSuccess2
19:59:21.924  INFO  tests.TestBase - Login with valid data :  email: reshef1986@gmail.com & password: Rr6146858!
19:59:21.924  INFO  manager.ListenerWD - Before find element ->>>>By.cssSelector: a[href='/login']
19:59:21.934  INFO  manager.ListenerWD - After find element ->>>>By.cssSelector: a[href='/login']
19:59:21.966  INFO  manager.ListenerWD - Before find element ->>>>By.name: email
19:59:21.976  INFO  manager.ListenerWD - After find element ->>>>By.name: email
19:59:22.603  INFO  manager.ListenerWD - Before find element ->>>>By.name: password
19:59:22.613  INFO  manager.ListenerWD - After find element ->>>>By.name: password
19:59:23.231  INFO  manager.ListenerWD - Before find element ->>>>By.cssSelector: [name='login']
19:59:23.242  INFO  manager.ListenerWD - After find element ->>>>By.cssSelector: [name='login']
19:59:23.276  INFO  manager.ListenerWD - Before find elements ->>>>By.xpath: //button[text()='Sign Out']
19:59:23.538  INFO  manager.ListenerWD - After find elements ->>>>By.xpath: //button[text()='Sign Out']
19:59:23.538  INFO  manager.ListenerWD - List suze is ->>>>1
19:59:23.538  INFO  tests.TestBase - Tests success
19:59:23.538  INFO  manager.ListenerTNG - onTestSuccess ->>>>>>loginSuccess2
19:59:23.538  INFO  tests.TestBase - The name of starts method is --->loginSuccess2
19:59:23.539  INFO  manager.ListenerWD - Before find elements ->>>>By.xpath: //button[text()='Sign Out']
19:59:23.547  INFO  manager.ListenerWD - After find elements ->>>>By.xpath: //button[text()='Sign Out']
19:59:23.548  INFO  manager.ListenerWD - List suze is ->>>>1
19:59:23.548  INFO  manager.ListenerWD - Before find element ->>>>By.xpath: //button[text()='Sign Out']
19:59:23.560  INFO  manager.ListenerWD - After find element ->>>>By.xpath: //button[text()='Sign Out']
19:59:23.596  INFO  tests.TestBase -  I need logout
19:59:23.597  INFO  manager.ListenerTNG - onTestStart->>>>>loginSuccess2
19:59:23.597  INFO  tests.TestBase - Login with valid data :  email: reshef1986@gmail.com & password: Rr6146858!
19:59:23.597  INFO  manager.ListenerWD - Before find element ->>>>By.cssSelector: a[href='/login']
19:59:23.608  INFO  manager.ListenerWD - After find element ->>>>By.cssSelector: a[href='/login']
19:59:23.642  INFO  manager.ListenerWD - Before find element ->>>>By.name: email
19:59:23.651  INFO  manager.ListenerWD - After find element ->>>>By.name: email
19:59:24.299  INFO  manager.ListenerWD - Before find element ->>>>By.name: password
19:59:24.311  INFO  manager.ListenerWD - After find element ->>>>By.name: password
19:59:24.946  INFO  manager.ListenerWD - Before find element ->>>>By.cssSelector: [name='login']
19:59:24.956  INFO  manager.ListenerWD - After find element ->>>>By.cssSelector: [name='login']
19:59:24.988  INFO  manager.ListenerWD - Before find elements ->>>>By.xpath: //button[text()='Sign Out']
19:59:25.301  INFO  manager.ListenerWD - After find elements ->>>>By.xpath: //button[text()='Sign Out']
19:59:25.301  INFO  manager.ListenerWD - List suze is ->>>>1
19:59:25.301  INFO  tests.TestBase - Tests success
19:59:25.301  INFO  manager.ListenerTNG - onTestSuccess ->>>>>>loginSuccess2
19:59:25.302  INFO  tests.TestBase - The name of starts method is --->loginSuccessModel
19:59:25.302  INFO  manager.ListenerWD - Before find elements ->>>>By.xpath: //button[text()='Sign Out']
19:59:25.312  INFO  manager.ListenerWD - After find elements ->>>>By.xpath: //button[text()='Sign Out']
19:59:25.312  INFO  manager.ListenerWD - List suze is ->>>>1
19:59:25.312  INFO  manager.ListenerWD - Before find element ->>>>By.xpath: //button[text()='Sign Out']
19:59:25.323  INFO  manager.ListenerWD - After find element ->>>>By.xpath: //button[text()='Sign Out']
19:59:25.357  INFO  tests.TestBase -  I need logout
19:59:25.358  INFO  manager.ListenerTNG - onTestStart->>>>>loginSuccessModel
19:59:25.364  INFO  tests.TestBase - Test start  wheth user model ---->User(email=reshef1986@gmail.com, password=Rr6146858!)
19:59:25.364  INFO  manager.ListenerWD - Before find element ->>>>By.cssSelector: a[href='/login']
19:59:25.375  INFO  manager.ListenerWD - After find element ->>>>By.cssSelector: a[href='/login']
19:59:25.408  INFO  manager.ListenerWD - Before find element ->>>>By.name: email
19:59:25.422  INFO  manager.ListenerWD - After find element ->>>>By.name: email
19:59:26.069  INFO  manager.ListenerWD - Before find element ->>>>By.name: password
19:59:26.080  INFO  manager.ListenerWD - After find element ->>>>By.name: password
19:59:26.709  INFO  manager.ListenerWD - Before find element ->>>>By.cssSelector: [name='login']
19:59:26.720  INFO  manager.ListenerWD - After find element ->>>>By.cssSelector: [name='login']
19:59:26.753  INFO  manager.ListenerWD - Before find elements ->>>>By.xpath: //button[text()='Sign Out']
19:59:27.016  INFO  manager.ListenerWD - After find elements ->>>>By.xpath: //button[text()='Sign Out']
19:59:27.016  INFO  manager.ListenerWD - List suze is ->>>>1
19:59:27.016  INFO  manager.ListenerTNG - onTestSuccess ->>>>>>loginSuccessModel
19:59:27.016  INFO  tests.TestBase - The name of starts method is --->loginSuccessModel
19:59:27.017  INFO  manager.ListenerWD - Before find elements ->>>>By.xpath: //button[text()='Sign Out']
19:59:27.026  INFO  manager.ListenerWD - After find elements ->>>>By.xpath: //button[text()='Sign Out']
19:59:27.026  INFO  manager.ListenerWD - List suze is ->>>>1
19:59:27.026  INFO  manager.ListenerWD - Before find element ->>>>By.xpath: //button[text()='Sign Out']
19:59:27.035  INFO  manager.ListenerWD - After find element ->>>>By.xpath: //button[text()='Sign Out']
19:59:27.066  INFO  tests.TestBase -  I need logout
19:59:27.067  INFO  manager.ListenerTNG - onTestStart->>>>>loginSuccessModel
19:59:27.067  INFO  tests.TestBase - Test start  wheth user model ---->User(email=reshef1986@gmail.com, password=Rr6146858!)
19:59:27.068  INFO  manager.ListenerWD - Before find element ->>>>By.cssSelector: a[href='/login']
19:59:27.078  INFO  manager.ListenerWD - After find element ->>>>By.cssSelector: a[href='/login']
19:59:27.109  INFO  manager.ListenerWD - Before find element ->>>>By.name: email
19:59:27.118  INFO  manager.ListenerWD - After find element ->>>>By.name: email
19:59:27.757  INFO  manager.ListenerWD - Before find element ->>>>By.name: password
19:59:27.769  INFO  manager.ListenerWD - After find element ->>>>By.name: password
19:59:28.412  INFO  manager.ListenerWD - Before find element ->>>>By.cssSelector: [name='login']
19:59:28.425  INFO  manager.ListenerWD - After find element ->>>>By.cssSelector: [name='login']
19:59:28.468  INFO  manager.ListenerWD - Before find elements ->>>>By.xpath: //button[text()='Sign Out']
19:59:28.730  INFO  manager.ListenerWD - After find elements ->>>>By.xpath: //button[text()='Sign Out']
19:59:28.730  INFO  manager.ListenerWD - List suze is ->>>>1
19:59:28.731  INFO  manager.ListenerTNG - onTestSuccess ->>>>>>loginSuccessModel
19:59:28.732  INFO  tests.TestBase - The name of starts method is --->loginSuccessModel
19:59:28.732  INFO  manager.ListenerWD - Before find elements ->>>>By.xpath: //button[text()='Sign Out']
19:59:28.742  INFO  manager.ListenerWD - After find elements ->>>>By.xpath: //button[text()='Sign Out']
19:59:28.742  INFO  manager.ListenerWD - List suze is ->>>>1
19:59:28.742  INFO  manager.ListenerWD - Before find element ->>>>By.xpath: //button[text()='Sign Out']
19:59:28.751  INFO  manager.ListenerWD - After find element ->>>>By.xpath: //button[text()='Sign Out']
19:59:28.786  INFO  tests.TestBase -  I need logout
19:59:28.786  INFO  manager.ListenerTNG - onTestStart->>>>>loginSuccessModel
19:59:28.787  INFO  tests.TestBase - Test start  wheth user model ---->User(email=reshef1986@gmail.com, password=Rr6146858!)
19:59:28.787  INFO  manager.ListenerWD - Before find element ->>>>By.cssSelector: a[href='/login']
19:59:28.797  INFO  manager.ListenerWD - After find element ->>>>By.cssSelector: a[href='/login']
19:59:28.829  INFO  manager.ListenerWD - Before find element ->>>>By.name: email
19:59:28.840  INFO  manager.ListenerWD - After find element ->>>>By.name: email
19:59:29.477  INFO  manager.ListenerWD - Before find element ->>>>By.name: password
19:59:29.489  INFO  manager.ListenerWD - After find element ->>>>By.name: password
19:59:30.120  INFO  manager.ListenerWD - Before find element ->>>>By.cssSelector: [name='login']
19:59:30.131  INFO  manager.ListenerWD - After find element ->>>>By.cssSelector: [name='login']
19:59:30.162  INFO  manager.ListenerWD - Before find elements ->>>>By.xpath: //button[text()='Sign Out']
19:59:30.484  INFO  manager.ListenerWD - After find elements ->>>>By.xpath: //button[text()='Sign Out']
19:59:30.484  INFO  manager.ListenerWD - List suze is ->>>>1
19:59:30.485  INFO  manager.ListenerTNG - onTestSuccess ->>>>>>loginSuccessModel
19:59:30.486  INFO  tests.TestBase - The name of starts method is --->loginSuccessModelFromFile
19:59:30.486  INFO  manager.ListenerWD - Before find elements ->>>>By.xpath: //button[text()='Sign Out']
19:59:30.497  INFO  manager.ListenerWD - After find elements ->>>>By.xpath: //button[text()='Sign Out']
19:59:30.497  INFO  manager.ListenerWD - List suze is ->>>>1
19:59:30.498  INFO  manager.ListenerWD - Before find element ->>>>By.xpath: //button[text()='Sign Out']
19:59:30.508  INFO  manager.ListenerWD - After find element ->>>>By.xpath: //button[text()='Sign Out']
19:59:30.547  INFO  tests.TestBase -  I need logout
19:59:30.548  INFO  manager.ListenerTNG - onTestStart->>>>>loginSuccessModelFromFile
19:59:30.549  INFO  tests.TestBase - Test start  wheth user model ---->User(email=reshef1986@gmail.com, password=Rr6146858!)
19:59:30.549  INFO  manager.ListenerWD - Before find element ->>>>By.cssSelector: a[href='/login']
19:59:30.562  INFO  manager.ListenerWD - After find element ->>>>By.cssSelector: a[href='/login']
19:59:30.599  INFO  manager.ListenerWD - Before find element ->>>>By.name: email
19:59:30.610  INFO  manager.ListenerWD - After find element ->>>>By.name: email
19:59:31.251  INFO  manager.ListenerWD - Before find element ->>>>By.name: password
19:59:31.262  INFO  manager.ListenerWD - After find element ->>>>By.name: password
19:59:31.894  INFO  manager.ListenerWD - Before find element ->>>>By.cssSelector: [name='login']
19:59:31.907  INFO  manager.ListenerWD - After find element ->>>>By.cssSelector: [name='login']
19:59:31.947  INFO  manager.ListenerWD - Before find elements ->>>>By.xpath: //button[text()='Sign Out']
19:59:32.205  INFO  manager.ListenerWD - After find elements ->>>>By.xpath: //button[text()='Sign Out']
19:59:32.205  INFO  manager.ListenerWD - List suze is ->>>>1
19:59:32.206  INFO  manager.ListenerTNG - onTestSuccess ->>>>>>loginSuccessModelFromFile
19:59:32.206  INFO  tests.TestBase - The name of starts method is --->loginSuccessModelFromFile
19:59:32.207  INFO  manager.ListenerWD - Before find elements ->>>>By.xpath: //button[text()='Sign Out']
19:59:32.218  INFO  manager.ListenerWD - After find elements ->>>>By.xpath: //button[text()='Sign Out']
19:59:32.218  INFO  manager.ListenerWD - List suze is ->>>>1
19:59:32.218  INFO  manager.ListenerWD - Before find element ->>>>By.xpath: //button[text()='Sign Out']
19:59:32.229  INFO  manager.ListenerWD - After find element ->>>>By.xpath: //button[text()='Sign Out']
19:59:32.268  INFO  tests.TestBase -  I need logout
19:59:32.268  INFO  manager.ListenerTNG - onTestStart->>>>>loginSuccessModelFromFile
19:59:32.268  INFO  tests.TestBase - Test start  wheth user model ---->User(email=reshef1986@gmail.com, password=Rr6146858!)
19:59:32.268  INFO  manager.ListenerWD - Before find element ->>>>By.cssSelector: a[href='/login']
19:59:32.278  INFO  manager.ListenerWD - After find element ->>>>By.cssSelector: a[href='/login']
19:59:32.310  INFO  manager.ListenerWD - Before find element ->>>>By.name: email
19:59:32.320  INFO  manager.ListenerWD - After find element ->>>>By.name: email
19:59:32.968  INFO  manager.ListenerWD - Before find element ->>>>By.name: password
19:59:32.979  INFO  manager.ListenerWD - After find element ->>>>By.name: password
19:59:33.610  INFO  manager.ListenerWD - Before find element ->>>>By.cssSelector: [name='login']
19:59:33.622  INFO  manager.ListenerWD - After find element ->>>>By.cssSelector: [name='login']
19:59:33.654  INFO  manager.ListenerWD - Before find elements ->>>>By.xpath: //button[text()='Sign Out']
19:59:33.918  INFO  manager.ListenerWD - After find elements ->>>>By.xpath: //button[text()='Sign Out']
19:59:33.918  INFO  manager.ListenerWD - List suze is ->>>>1
19:59:33.918  INFO  manager.ListenerTNG - onTestSuccess ->>>>>>loginSuccessModelFromFile
19:59:33.918  INFO  tests.TestBase - The name of starts method is --->loginSuccessModelFromFile
19:59:33.919  INFO  manager.ListenerWD - Before find elements ->>>>By.xpath: //button[text()='Sign Out']
19:59:33.929  INFO  manager.ListenerWD - After find elements ->>>>By.xpath: //button[text()='Sign Out']
19:59:33.929  INFO  manager.ListenerWD - List suze is ->>>>1
19:59:33.929  INFO  manager.ListenerWD - Before find element ->>>>By.xpath: //button[text()='Sign Out']
19:59:33.940  INFO  manager.ListenerWD - After find element ->>>>By.xpath: //button[text()='Sign Out']
19:59:33.975  INFO  tests.TestBase -  I need logout
19:59:33.976  INFO  manager.ListenerTNG - onTestStart->>>>>loginSuccessModelFromFile
19:59:33.976  INFO  tests.TestBase - Test start  wheth user model ---->User(email=reshef1986@gmail.com, password=Rr6146858!)
19:59:33.976  INFO  manager.ListenerWD - Before find element ->>>>By.cssSelector: a[href='/login']
19:59:33.987  INFO  manager.ListenerWD - After find element ->>>>By.cssSelector: a[href='/login']
19:59:34.017  INFO  manager.ListenerWD - Before find element ->>>>By.name: email
19:59:34.027  INFO  manager.ListenerWD - After find element ->>>>By.name: email
19:59:34.669  INFO  manager.ListenerWD - Before find element ->>>>By.name: password
19:59:34.685  INFO  manager.ListenerWD - After find element ->>>>By.name: password
19:59:35.329  INFO  manager.ListenerWD - Before find element ->>>>By.cssSelector: [name='login']
19:59:35.340  INFO  manager.ListenerWD - After find element ->>>>By.cssSelector: [name='login']
19:59:35.382  INFO  manager.ListenerWD - Before find elements ->>>>By.xpath: //button[text()='Sign Out']
19:59:35.646  INFO  manager.ListenerWD - After find elements ->>>>By.xpath: //button[text()='Sign Out']
19:59:35.646  INFO  manager.ListenerWD - List suze is ->>>>1
19:59:35.646  INFO  manager.ListenerTNG - onTestSuccess ->>>>>>loginSuccessModelFromFile
19:59:35.647  INFO  tests.TestBase - The name of starts method is --->loginSuccessNew
19:59:35.647  INFO  manager.ListenerWD - Before find elements ->>>>By.xpath: //button[text()='Sign Out']
19:59:35.657  INFO  manager.ListenerWD - After find elements ->>>>By.xpath: //button[text()='Sign Out']
19:59:35.657  INFO  manager.ListenerWD - List suze is ->>>>1
19:59:35.657  INFO  manager.ListenerWD - Before find element ->>>>By.xpath: //button[text()='Sign Out']
19:59:35.669  INFO  manager.ListenerWD - After find element ->>>>By.xpath: //button[text()='Sign Out']
19:59:35.709  INFO  tests.TestBase -  I need logout
19:59:35.710  INFO  manager.ListenerTNG - onTestStart->>>>>loginSuccessNew
19:59:35.710  INFO  manager.ListenerWD - Before find element ->>>>By.cssSelector: a[href='/login']
19:59:35.721  INFO  manager.ListenerWD - After find element ->>>>By.cssSelector: a[href='/login']
19:59:35.762  INFO  manager.ListenerWD - Before find element ->>>>By.name: email
19:59:35.774  INFO  manager.ListenerWD - After find element ->>>>By.name: email
19:59:36.424  INFO  manager.ListenerWD - Before find element ->>>>By.name: password
19:59:36.437  INFO  manager.ListenerWD - After find element ->>>>By.name: password
19:59:37.070  INFO  manager.ListenerWD - Before find element ->>>>By.cssSelector: [name='login']
19:59:37.086  INFO  manager.ListenerWD - After find element ->>>>By.cssSelector: [name='login']
19:59:37.120  INFO  manager.ListenerWD - Before find elements ->>>>By.xpath: //button[text()='Sign Out']
19:59:37.434  INFO  manager.ListenerWD - After find elements ->>>>By.xpath: //button[text()='Sign Out']
19:59:37.435  INFO  manager.ListenerWD - List suze is ->>>>1
19:59:37.435  INFO  manager.ListenerTNG - onTestSuccess ->>>>>>loginSuccessNew
19:59:37.435  INFO  tests.TestBase - The name of starts method is --->loginSuccessNew
19:59:37.436  INFO  manager.ListenerWD - Before find elements ->>>>By.xpath: //button[text()='Sign Out']
19:59:37.446  INFO  manager.ListenerWD - After find elements ->>>>By.xpath: //button[text()='Sign Out']
19:59:37.446  INFO  manager.ListenerWD - List suze is ->>>>1
19:59:37.447  INFO  manager.ListenerWD - Before find element ->>>>By.xpath: //button[text()='Sign Out']
19:59:37.457  INFO  manager.ListenerWD - After find element ->>>>By.xpath: //button[text()='Sign Out']
19:59:37.499  INFO  tests.TestBase -  I need logout
19:59:37.500  INFO  manager.ListenerTNG - onTestStart->>>>>loginSuccessNew
19:59:37.500  INFO  manager.ListenerWD - Before find element ->>>>By.cssSelector: a[href='/login']
19:59:37.521  INFO  manager.ListenerWD - After find element ->>>>By.cssSelector: a[href='/login']
19:59:37.558  INFO  manager.ListenerWD - Before find element ->>>>By.name: email
19:59:37.569  INFO  manager.ListenerWD - After find element ->>>>By.name: email
19:59:38.205  INFO  manager.ListenerWD - Before find element ->>>>By.name: password
19:59:38.218  INFO  manager.ListenerWD - After find element ->>>>By.name: password
19:59:38.858  INFO  manager.ListenerWD - Before find element ->>>>By.cssSelector: [name='login']
19:59:38.869  INFO  manager.ListenerWD - After find element ->>>>By.cssSelector: [name='login']
19:59:38.904  INFO  manager.ListenerWD - Before find elements ->>>>By.xpath: //button[text()='Sign Out']
19:59:39.165  INFO  manager.ListenerWD - After find elements ->>>>By.xpath: //button[text()='Sign Out']
19:59:39.165  INFO  manager.ListenerWD - List suze is ->>>>1
19:59:39.165  INFO  manager.ListenerTNG - onTestSuccess ->>>>>>loginSuccessNew
19:59:39.166  INFO  tests.TestBase - The name of starts method is --->loginUnregisterUser
19:59:39.166  INFO  manager.ListenerWD - Before find elements ->>>>By.xpath: //button[text()='Sign Out']
19:59:39.176  INFO  manager.ListenerWD - After find elements ->>>>By.xpath: //button[text()='Sign Out']
19:59:39.177  INFO  manager.ListenerWD - List suze is ->>>>1
19:59:39.177  INFO  manager.ListenerWD - Before find element ->>>>By.xpath: //button[text()='Sign Out']
19:59:39.186  INFO  manager.ListenerWD - After find element ->>>>By.xpath: //button[text()='Sign Out']
19:59:39.222  INFO  tests.TestBase -  I need logout
19:59:39.223  INFO  manager.ListenerTNG - onTestStart->>>>>loginUnregisterUser
19:59:39.223  INFO  manager.ListenerWD - Before find element ->>>>By.cssSelector: a[href='/login']
19:59:39.234  INFO  manager.ListenerWD - After find element ->>>>By.cssSelector: a[href='/login']
19:59:39.269  INFO  manager.ListenerWD - Before find element ->>>>By.name: email
19:59:39.280  INFO  manager.ListenerWD - After find element ->>>>By.name: email
19:59:39.913  INFO  manager.ListenerWD - Before find element ->>>>By.name: password
19:59:39.923  INFO  manager.ListenerWD - After find element ->>>>By.name: password
19:59:40.556  INFO  manager.ListenerWD - Before find element ->>>>By.cssSelector: [name='login']
19:59:40.566  INFO  manager.ListenerWD - After find element ->>>>By.cssSelector: [name='login']
19:59:40.601  INFO  manager.ListenerWD - Before find elements ->>>>By.xpath: //button[text()='Sign Out']
19:59:40.977  INFO  manager.ListenerWD - After find elements ->>>>By.xpath: //button[text()='Sign Out']
19:59:40.977  INFO  manager.ListenerWD - List suze is ->>>>0
19:59:41.503  INFO  manager.ListenerTNG - onTestSuccess ->>>>>>loginUnregisterUser
19:59:41.504  INFO  tests.TestBase - The name of starts method is --->loginWrongEmail
19:59:41.505  INFO  manager.ListenerWD - Before find elements ->>>>By.xpath: //button[text()='Sign Out']
19:59:46.554  INFO  manager.ListenerWD - After find elements ->>>>By.xpath: //button[text()='Sign Out']
19:59:46.554  INFO  manager.ListenerWD - List suze is ->>>>0
19:59:46.554  INFO  manager.ListenerTNG - onTestStart->>>>>loginWrongEmail
19:59:46.554  INFO  manager.ListenerWD - Before find element ->>>>By.cssSelector: a[href='/login']
19:59:46.563  INFO  manager.ListenerWD - After find element ->>>>By.cssSelector: a[href='/login']
19:59:46.585  INFO  manager.ListenerWD - Before find element ->>>>By.name: email
19:59:46.598  INFO  manager.ListenerWD - After find element ->>>>By.name: email
19:59:47.233  INFO  manager.ListenerWD - Before find element ->>>>By.name: password
19:59:47.246  INFO  manager.ListenerWD - After find element ->>>>By.name: password
19:59:47.856  INFO  manager.ListenerWD - Before find element ->>>>By.cssSelector: [name='login']
19:59:47.874  INFO  manager.ListenerWD - After find element ->>>>By.cssSelector: [name='login']
19:59:47.907  INFO  manager.ListenerWD - Before find elements ->>>>By.xpath: //button[text()='Sign Out']
19:59:48.280  INFO  manager.ListenerWD - After find elements ->>>>By.xpath: //button[text()='Sign Out']
19:59:48.280  INFO  manager.ListenerWD - List suze is ->>>>0
19:59:48.795  INFO  tests.TestBase - Error message is : 'Wrong email or password' 
19:59:48.795  INFO  manager.ListenerTNG - onTestSuccess ->>>>>>loginWrongEmail
19:59:48.796  INFO  tests.TestBase - The name of starts method is --->loginWrongPassword
19:59:48.797  INFO  manager.ListenerWD - Before find elements ->>>>By.xpath: //button[text()='Sign Out']
19:59:53.858  INFO  manager.ListenerWD - After find elements ->>>>By.xpath: //button[text()='Sign Out']
19:59:53.858  INFO  manager.ListenerWD - List suze is ->>>>0
19:59:53.858  INFO  manager.ListenerTNG - onTestStart->>>>>loginWrongPassword
19:59:53.859  INFO  manager.ListenerWD - Before find element ->>>>By.cssSelector: a[href='/login']
19:59:53.867  INFO  manager.ListenerWD - After find element ->>>>By.cssSelector: a[href='/login']
19:59:53.897  INFO  manager.ListenerWD - Before find element ->>>>By.name: email
19:59:53.910  INFO  manager.ListenerWD - After find element ->>>>By.name: email
19:59:54.552  INFO  manager.ListenerWD - Before find element ->>>>By.name: password
19:59:54.567  INFO  manager.ListenerWD - After find element ->>>>By.name: password
19:59:55.190  INFO  manager.ListenerWD - Before find element ->>>>By.cssSelector: [name='login']
19:59:55.210  INFO  manager.ListenerWD - After find element ->>>>By.cssSelector: [name='login']
19:59:55.250  INFO  manager.ListenerWD - Before find elements ->>>>By.xpath: //button[text()='Sign Out']
19:59:55.636  INFO  manager.ListenerWD - After find elements ->>>>By.xpath: //button[text()='Sign Out']
19:59:55.636  INFO  manager.ListenerWD - List suze is ->>>>0
19:59:56.149  INFO  manager.ListenerTNG - onTestSuccess ->>>>>>loginWrongPassword
19:59:56.150  INFO  tests.TestBase - The name of starts method is --->registrationSuccess
19:59:56.151  INFO  manager.ListenerWD - Before find elements ->>>>By.xpath: //button[text()='Sign Out']
20:00:01.202  INFO  manager.ListenerWD - After find elements ->>>>By.xpath: //button[text()='Sign Out']
20:00:01.202  INFO  manager.ListenerWD - List suze is ->>>>0
20:00:01.203  INFO  manager.ListenerTNG - onTestStart->>>>>registrationSuccess
20:00:01.204  INFO  manager.ListenerWD - Before find element ->>>>By.cssSelector: a[href='/login']
20:00:01.215  INFO  manager.ListenerWD - After find element ->>>>By.cssSelector: a[href='/login']
20:00:01.242  INFO  manager.ListenerWD - Before find element ->>>>By.name: email
20:00:01.253  INFO  manager.ListenerWD - After find element ->>>>By.name: email
20:00:01.885  INFO  manager.ListenerWD - Before find element ->>>>By.name: password
20:00:01.896  INFO  manager.ListenerWD - After find element ->>>>By.name: password
20:00:02.523  INFO  manager.ListenerWD - Before find element ->>>>By.cssSelector: [name='registration']
20:00:02.543  INFO  manager.ListenerWD - After find element ->>>>By.cssSelector: [name='registration']
20:00:02.576  INFO  manager.ListenerWD - Before find elements ->>>>By.xpath: //button[text()='Sign Out']
20:00:02.899  INFO  manager.ListenerWD - After find elements ->>>>By.xpath: //button[text()='Sign Out']
20:00:02.899  INFO  manager.ListenerWD - List suze is ->>>>0
20:00:02.900  INFO  manager.ListenerTNG - onTestFailure->>>>>registrationSuccess
20:00:02.901  INFO  tests.TestBase - The name of starts method is --->registrationUserAlreadyExists
20:00:02.902  INFO  manager.ListenerWD - Before find elements ->>>>By.xpath: //button[text()='Sign Out']
20:00:02.905  INFO  manager.ListenerWD - The have a 'problem'
20:00:02.905  INFO  manager.ListenerWD - ++++++++++++++++++++++++++++++++++++
20:00:02.905  INFO  manager.ListenerWD - Method method ->>>>findElements
20:00:02.905  INFO  manager.ListenerWD - ++++++++++++++++++++++++++
20:00:02.906  INFO  manager.ListenerWD - InvocationTargetException getTargetException() org.openqa.selenium.UnhandledAlertException: unexpected alert open: {Alert text : User already exist}
  (Session info: chrome=109.0.5414.120): User already exist
Build info: version: '4.7.1', revision: 'c6795baf1a3'
System info: os.name: 'Windows 10', os.arch: 'amd64', os.version: '10.0', java.version: '11.0.17'
Driver info: org.openqa.selenium.chrome.ChromeDriver
Command: [e1f921a942ee8a72c5d76158a318451b, findElements {using=xpath, value=//button[text()='Sign Out']}]
Capabilities {acceptInsecureCerts: false, browserName: chrome, browserVersion: 109.0.5414.120, chrome: {chromedriverVersion: 109.0.5414.74 (e7c5703604da..., userDataDir: C:\Users\97252\AppData\Loca...}, goog:chromeOptions: {debuggerAddress: localhost:59999}, networkConnectionEnabled: false, pageLoadStrategy: normal, platformName: WINDOWS, proxy: Proxy(), se:cdp: ws://localhost:59999/devtoo..., se:cdpVersion: 109.0.5414.120, setWindowRect: true, strictFileInteractability: false, timeouts: {implicit: 0, pageLoad: 300000, script: 30000}, unhandledPromptBehavior: dismiss and notify, webauthn:extension:credBlob: true, webauthn:extension:largeBlob: true, webauthn:virtualAuthenticators: true}
Session ID: e1f921a942ee8a72c5d76158a318451b
20:00:02.906  INFO  manager.ListenerWD - ++++++++++++++++++++++++++
20:00:02.906  INFO  manager.ListenerWD - Object target ->>>>>>ChromeDriver: chrome on WINDOWS (e1f921a942ee8a72c5d76158a318451b)
20:00:02.906  INFO  manager.ListenerWD - ++++++++++++++++++++++++++
20:00:02.906  INFO  manager.ListenerWD - Screen  whith errror is ->>>>src/test/screenshots/screen-340.png
20:00:03.360  INFO  manager.ListenerTNG - onTestStart->>>>>registrationUserAlreadyExists
20:00:03.361  INFO  manager.ListenerTNG - onTestSkipped->>>>>registrationUserAlreadyExists
20:00:03.362  INFO  manager.ListenerTNG - onTestStart->>>>>registrationWrongEmail
20:00:03.362  INFO  manager.ListenerTNG - onTestSkipped->>>>>registrationWrongEmail
20:00:03.362  INFO  manager.ListenerTNG - onTestStart->>>>>registrationWrongPassword
20:00:03.362  INFO  manager.ListenerTNG - onTestSkipped->>>>>registrationWrongPassword
20:00:03.365  INFO  manager.ListenerTNG - onFinish->>>>>Gradle test
