15:21:07.870  INFO  manager.ApplicationManager - All tests star in Chrome Browser
15:21:09.685  INFO  manager.ApplicationManager - Current Url -->https://telranedu.web.app/home
15:21:09.717  INFO  tests.TestBase - The name of starts method is --->addContactSuccessAllFields
15:21:09.719  INFO  manager.ListenerWD - Before find elements ->>>>By.xpath: //button[text()='Sign Out']
15:21:14.789  INFO  manager.ListenerWD - After find elements ->>>>By.xpath: //button[text()='Sign Out']
15:21:14.791  INFO  manager.ListenerWD - List suze is ->>>>0
15:21:14.794  INFO  manager.ListenerWD - Before find element ->>>>By.cssSelector: a[href='/login']
15:21:14.826  INFO  manager.ListenerWD - After find element ->>>>By.cssSelector: a[href='/login']
15:21:14.894  INFO  manager.ListenerWD - Before find element ->>>>By.name: email
15:21:14.922  INFO  manager.ListenerWD - After find element ->>>>By.name: email
15:21:15.568  INFO  manager.ListenerWD - Before find element ->>>>By.name: password
15:21:15.590  INFO  manager.ListenerWD - After find element ->>>>By.name: password
15:21:16.215  INFO  manager.ListenerWD - Before find element ->>>>By.cssSelector: [name='login']
15:21:16.236  INFO  manager.ListenerWD - After find element ->>>>By.cssSelector: [name='login']
15:21:16.300  INFO  tests.TestBase - Tests start with data : Contact(name=Lisa1504, lastName=Simpson, phone=11111111504, email=reshef19861504@gmail.com, address=NY, description=All fields)
15:21:16.300  INFO  manager.ListenerWD - Before find element ->>>>By.cssSelector: a[href='/add']
15:21:17.555  INFO  manager.ListenerWD - After find element ->>>>By.cssSelector: a[href='/add']
15:21:17.600  INFO  manager.ListenerWD - Before find element ->>>>By.cssSelector: input[placeholder='Name']
15:21:17.625  INFO  manager.ListenerWD - After find element ->>>>By.cssSelector: input[placeholder='Name']
15:21:18.299  INFO  manager.ListenerWD - Before find element ->>>>By.cssSelector: input[placeholder='Last Name']
15:21:18.326  INFO  manager.ListenerWD - After find element ->>>>By.cssSelector: input[placeholder='Last Name']
15:21:18.952  INFO  manager.ListenerWD - Before find element ->>>>By.cssSelector: input[placeholder='Phone']
15:21:18.970  INFO  manager.ListenerWD - After find element ->>>>By.cssSelector: input[placeholder='Phone']
15:21:19.585  INFO  manager.ListenerWD - Before find element ->>>>By.cssSelector: input[placeholder='email']
15:21:19.604  INFO  manager.ListenerWD - After find element ->>>>By.cssSelector: input[placeholder='email']
15:21:20.301  INFO  manager.ListenerWD - Before find element ->>>>By.cssSelector: input[placeholder='Address']
15:21:20.323  INFO  manager.ListenerWD - After find element ->>>>By.cssSelector: input[placeholder='Address']
15:21:20.946  INFO  manager.ListenerWD - Before find element ->>>>By.cssSelector: input[placeholder='description']
15:21:20.964  INFO  manager.ListenerWD - After find element ->>>>By.cssSelector: input[placeholder='description']
15:21:21.599  INFO  manager.ListenerWD - Before find element ->>>>By.xpath: //b[text()='Save']
15:21:21.618  INFO  manager.ListenerWD - After find element ->>>>By.xpath: //b[text()='Save']
15:21:21.651  INFO  manager.ListenerWD - Before find elements ->>>>By.cssSelector: h2
15:21:23.026  INFO  manager.ListenerWD - After find elements ->>>>By.cssSelector: h2
15:21:23.027  INFO  manager.ListenerWD - List suze is ->>>>80
15:21:24.077  INFO  manager.ListenerWD - Before find elements ->>>>By.cssSelector: h3
15:21:24.454  INFO  manager.ListenerWD - After find elements ->>>>By.cssSelector: h3
15:21:24.454  INFO  manager.ListenerWD - List suze is ->>>>80
15:21:25.533  INFO  manager.ListenerWD - Before find elements ->>>>By.cssSelector: .contact-item_card__2SOIM
15:21:25.865  INFO  manager.ListenerWD - After find elements ->>>>By.cssSelector: .contact-item_card__2SOIM
15:21:25.865  INFO  manager.ListenerWD - List suze is ->>>>80
15:21:25.919  INFO  manager.ListenerWD - Before find element ->>>>By.cssSelector: .contact-item-detailed_card__50dTS
15:21:25.940  INFO  manager.ListenerWD - After find element ->>>>By.cssSelector: .contact-item-detailed_card__50dTS
15:21:25.992  INFO  manager.ListenerWD - Before find element ->>>>By.cssSelector: .contact-item-detailed_card__50dTS
15:21:26.004  INFO  manager.ListenerWD - After find element ->>>>By.cssSelector: .contact-item-detailed_card__50dTS
15:21:26.047  INFO  manager.ListenerWD - Before find element ->>>>By.cssSelector: .contact-item-detailed_card__50dTS
15:21:26.060  INFO  manager.ListenerWD - After find element ->>>>By.cssSelector: .contact-item-detailed_card__50dTS
15:21:26.098  INFO  manager.ListenerWD - Before find element ->>>>By.cssSelector: .contact-item-detailed_card__50dTS
15:21:26.110  INFO  manager.ListenerWD - After find element ->>>>By.cssSelector: .contact-item-detailed_card__50dTS
15:21:26.152  INFO  manager.ListenerWD - Before find element ->>>>By.cssSelector: .contact-item-detailed_card__50dTS
15:21:26.163  INFO  manager.ListenerWD - After find element ->>>>By.cssSelector: .contact-item-detailed_card__50dTS
15:21:26.204  INFO  manager.ListenerWD - Before find element ->>>>By.cssSelector: .contact-item-detailed_card__50dTS
15:21:26.215  INFO  manager.ListenerWD - After find element ->>>>By.cssSelector: .contact-item-detailed_card__50dTS
15:21:26.261  INFO  manager.ListenerWD - Before find element ->>>>By.cssSelector: .contact-item-detailed_card__50dTS
15:21:26.276  INFO  manager.ListenerWD - After find element ->>>>By.cssSelector: .contact-item-detailed_card__50dTS
15:21:26.327  INFO  manager.ListenerWD - Before find element ->>>>By.cssSelector: .contact-item-detailed_card__50dTS
15:21:26.340  INFO  manager.ListenerWD - After find element ->>>>By.cssSelector: .contact-item-detailed_card__50dTS
15:21:26.390  INFO  manager.ListenerWD - Before find element ->>>>By.cssSelector: .contact-item-detailed_card__50dTS
15:21:26.402  INFO  manager.ListenerWD - After find element ->>>>By.cssSelector: .contact-item-detailed_card__50dTS
15:21:26.442  INFO  manager.ListenerWD - Before find element ->>>>By.cssSelector: .contact-item-detailed_card__50dTS
15:21:26.453  INFO  manager.ListenerWD - After find element ->>>>By.cssSelector: .contact-item-detailed_card__50dTS
15:21:26.488  INFO  manager.ListenerWD - Before find element ->>>>By.cssSelector: .contact-item-detailed_card__50dTS
15:21:26.496  INFO  manager.ListenerWD - After find element ->>>>By.cssSelector: .contact-item-detailed_card__50dTS
15:21:26.538  INFO  manager.ListenerWD - Before find element ->>>>By.cssSelector: .contact-item-detailed_card__50dTS
15:21:26.548  INFO  manager.ListenerWD - After find element ->>>>By.cssSelector: .contact-item-detailed_card__50dTS
15:21:26.589  INFO  manager.ListenerWD - Before find element ->>>>By.cssSelector: .contact-item-detailed_card__50dTS
15:21:26.603  INFO  manager.ListenerWD - After find element ->>>>By.cssSelector: .contact-item-detailed_card__50dTS
15:21:26.648  INFO  manager.ListenerWD - Before find element ->>>>By.cssSelector: .contact-item-detailed_card__50dTS
15:21:26.660  INFO  manager.ListenerWD - After find element ->>>>By.cssSelector: .contact-item-detailed_card__50dTS
15:21:26.705  INFO  manager.ListenerWD - Before find element ->>>>By.cssSelector: .contact-item-detailed_card__50dTS
15:21:26.719  INFO  manager.ListenerWD - After find element ->>>>By.cssSelector: .contact-item-detailed_card__50dTS
15:21:26.763  INFO  manager.ListenerWD - Before find element ->>>>By.cssSelector: .contact-item-detailed_card__50dTS
15:21:26.774  INFO  manager.ListenerWD - After find element ->>>>By.cssSelector: .contact-item-detailed_card__50dTS
15:21:26.814  INFO  manager.ListenerWD - Before find element ->>>>By.cssSelector: .contact-item-detailed_card__50dTS
15:21:26.826  INFO  manager.ListenerWD - After find element ->>>>By.cssSelector: .contact-item-detailed_card__50dTS
15:21:26.868  INFO  manager.ListenerWD - Before find element ->>>>By.cssSelector: .contact-item-detailed_card__50dTS
15:21:26.878  INFO  manager.ListenerWD - After find element ->>>>By.cssSelector: .contact-item-detailed_card__50dTS
15:21:26.918  INFO  manager.ListenerWD - Before find element ->>>>By.cssSelector: .contact-item-detailed_card__50dTS
15:21:26.927  INFO  manager.ListenerWD - After find element ->>>>By.cssSelector: .contact-item-detailed_card__50dTS
15:21:26.969  INFO  manager.ListenerWD - Before find element ->>>>By.cssSelector: .contact-item-detailed_card__50dTS
15:21:26.980  INFO  manager.ListenerWD - After find element ->>>>By.cssSelector: .contact-item-detailed_card__50dTS
15:21:27.023  INFO  manager.ListenerWD - Before find element ->>>>By.cssSelector: .contact-item-detailed_card__50dTS
15:21:27.034  INFO  manager.ListenerWD - After find element ->>>>By.cssSelector: .contact-item-detailed_card__50dTS
15:21:27.074  INFO  manager.ListenerWD - Before find element ->>>>By.cssSelector: .contact-item-detailed_card__50dTS
15:21:27.086  INFO  manager.ListenerWD - After find element ->>>>By.cssSelector: .contact-item-detailed_card__50dTS
15:21:27.126  INFO  manager.ListenerWD - Before find element ->>>>By.cssSelector: .contact-item-detailed_card__50dTS
15:21:27.138  INFO  manager.ListenerWD - After find element ->>>>By.cssSelector: .contact-item-detailed_card__50dTS
15:21:27.179  INFO  manager.ListenerWD - Before find element ->>>>By.cssSelector: .contact-item-detailed_card__50dTS
15:21:27.190  INFO  manager.ListenerWD - After find element ->>>>By.cssSelector: .contact-item-detailed_card__50dTS
15:21:27.235  INFO  manager.ListenerWD - Before find element ->>>>By.cssSelector: .contact-item-detailed_card__50dTS
15:21:27.245  INFO  manager.ListenerWD - After find element ->>>>By.cssSelector: .contact-item-detailed_card__50dTS
15:21:27.287  INFO  manager.ListenerWD - Before find element ->>>>By.cssSelector: .contact-item-detailed_card__50dTS
15:21:27.297  INFO  manager.ListenerWD - After find element ->>>>By.cssSelector: .contact-item-detailed_card__50dTS
15:21:27.341  INFO  manager.ListenerWD - Before find element ->>>>By.cssSelector: .contact-item-detailed_card__50dTS
15:21:27.353  INFO  manager.ListenerWD - After find element ->>>>By.cssSelector: .contact-item-detailed_card__50dTS
15:21:27.397  INFO  manager.ListenerWD - Before find element ->>>>By.cssSelector: .contact-item-detailed_card__50dTS
15:21:27.409  INFO  manager.ListenerWD - After find element ->>>>By.cssSelector: .contact-item-detailed_card__50dTS
15:21:27.462  INFO  manager.ListenerWD - Before find element ->>>>By.cssSelector: .contact-item-detailed_card__50dTS
15:21:27.475  INFO  manager.ListenerWD - After find element ->>>>By.cssSelector: .contact-item-detailed_card__50dTS
15:21:27.522  INFO  manager.ListenerWD - Before find element ->>>>By.cssSelector: .contact-item-detailed_card__50dTS
15:21:27.534  INFO  manager.ListenerWD - After find element ->>>>By.cssSelector: .contact-item-detailed_card__50dTS
15:21:27.579  INFO  manager.ListenerWD - Before find element ->>>>By.cssSelector: .contact-item-detailed_card__50dTS
15:21:27.591  INFO  manager.ListenerWD - After find element ->>>>By.cssSelector: .contact-item-detailed_card__50dTS
15:21:27.630  INFO  manager.ListenerWD - Before find element ->>>>By.cssSelector: .contact-item-detailed_card__50dTS
15:21:27.641  INFO  manager.ListenerWD - After find element ->>>>By.cssSelector: .contact-item-detailed_card__50dTS
15:21:27.679  INFO  manager.ListenerWD - Before find element ->>>>By.cssSelector: .contact-item-detailed_card__50dTS
15:21:27.688  INFO  manager.ListenerWD - After find element ->>>>By.cssSelector: .contact-item-detailed_card__50dTS
15:21:27.729  INFO  manager.ListenerWD - Before find element ->>>>By.cssSelector: .contact-item-detailed_card__50dTS
15:21:27.740  INFO  manager.ListenerWD - After find element ->>>>By.cssSelector: .contact-item-detailed_card__50dTS
15:21:27.784  INFO  manager.ListenerWD - Before find element ->>>>By.cssSelector: .contact-item-detailed_card__50dTS
15:21:27.794  INFO  manager.ListenerWD - After find element ->>>>By.cssSelector: .contact-item-detailed_card__50dTS
15:21:27.835  INFO  manager.ListenerWD - Before find element ->>>>By.cssSelector: .contact-item-detailed_card__50dTS
15:21:27.847  INFO  manager.ListenerWD - After find element ->>>>By.cssSelector: .contact-item-detailed_card__50dTS
15:21:27.888  INFO  manager.ListenerWD - Before find element ->>>>By.cssSelector: .contact-item-detailed_card__50dTS
15:21:27.899  INFO  manager.ListenerWD - After find element ->>>>By.cssSelector: .contact-item-detailed_card__50dTS
15:21:27.940  INFO  manager.ListenerWD - Before find element ->>>>By.cssSelector: .contact-item-detailed_card__50dTS
15:21:27.953  INFO  manager.ListenerWD - After find element ->>>>By.cssSelector: .contact-item-detailed_card__50dTS
15:21:27.994  INFO  manager.ListenerWD - Before find element ->>>>By.cssSelector: .contact-item-detailed_card__50dTS
15:21:28.006  INFO  manager.ListenerWD - After find element ->>>>By.cssSelector: .contact-item-detailed_card__50dTS
15:21:28.048  INFO  manager.ListenerWD - Before find element ->>>>By.cssSelector: .contact-item-detailed_card__50dTS
15:21:28.059  INFO  manager.ListenerWD - After find element ->>>>By.cssSelector: .contact-item-detailed_card__50dTS
15:21:28.100  INFO  manager.ListenerWD - Before find element ->>>>By.cssSelector: .contact-item-detailed_card__50dTS
15:21:28.111  INFO  manager.ListenerWD - After find element ->>>>By.cssSelector: .contact-item-detailed_card__50dTS
15:21:28.152  INFO  manager.ListenerWD - Before find element ->>>>By.cssSelector: .contact-item-detailed_card__50dTS
15:21:28.163  INFO  manager.ListenerWD - After find element ->>>>By.cssSelector: .contact-item-detailed_card__50dTS
15:21:28.204  INFO  manager.ListenerWD - Before find element ->>>>By.cssSelector: .contact-item-detailed_card__50dTS
15:21:28.214  INFO  manager.ListenerWD - After find element ->>>>By.cssSelector: .contact-item-detailed_card__50dTS
15:21:28.258  INFO  manager.ListenerWD - Before find element ->>>>By.cssSelector: .contact-item-detailed_card__50dTS
15:21:28.270  INFO  manager.ListenerWD - After find element ->>>>By.cssSelector: .contact-item-detailed_card__50dTS
15:21:28.313  INFO  manager.ListenerWD - Before find element ->>>>By.cssSelector: .contact-item-detailed_card__50dTS
15:21:28.324  INFO  manager.ListenerWD - After find element ->>>>By.cssSelector: .contact-item-detailed_card__50dTS
15:21:28.366  INFO  manager.ListenerWD - Before find element ->>>>By.cssSelector: .contact-item-detailed_card__50dTS
15:21:28.376  INFO  manager.ListenerWD - After find element ->>>>By.cssSelector: .contact-item-detailed_card__50dTS
15:21:28.419  INFO  manager.ListenerWD - Before find element ->>>>By.cssSelector: .contact-item-detailed_card__50dTS
15:21:28.429  INFO  manager.ListenerWD - After find element ->>>>By.cssSelector: .contact-item-detailed_card__50dTS
15:21:28.470  INFO  manager.ListenerWD - Before find element ->>>>By.cssSelector: .contact-item-detailed_card__50dTS
15:21:28.481  INFO  manager.ListenerWD - After find element ->>>>By.cssSelector: .contact-item-detailed_card__50dTS
15:21:28.522  INFO  manager.ListenerWD - Before find element ->>>>By.cssSelector: .contact-item-detailed_card__50dTS
15:21:28.533  INFO  manager.ListenerWD - After find element ->>>>By.cssSelector: .contact-item-detailed_card__50dTS
15:21:28.574  INFO  manager.ListenerWD - Before find element ->>>>By.cssSelector: .contact-item-detailed_card__50dTS
15:21:28.585  INFO  manager.ListenerWD - After find element ->>>>By.cssSelector: .contact-item-detailed_card__50dTS
15:21:28.626  INFO  manager.ListenerWD - Before find element ->>>>By.cssSelector: .contact-item-detailed_card__50dTS
15:21:28.637  INFO  manager.ListenerWD - After find element ->>>>By.cssSelector: .contact-item-detailed_card__50dTS
15:21:28.679  INFO  manager.ListenerWD - Before find element ->>>>By.cssSelector: .contact-item-detailed_card__50dTS
15:21:28.689  INFO  manager.ListenerWD - After find element ->>>>By.cssSelector: .contact-item-detailed_card__50dTS
15:21:28.732  INFO  manager.ListenerWD - Before find element ->>>>By.cssSelector: .contact-item-detailed_card__50dTS
15:21:28.742  INFO  manager.ListenerWD - After find element ->>>>By.cssSelector: .contact-item-detailed_card__50dTS
15:21:28.785  INFO  manager.ListenerWD - Before find element ->>>>By.cssSelector: .contact-item-detailed_card__50dTS
15:21:28.795  INFO  manager.ListenerWD - After find element ->>>>By.cssSelector: .contact-item-detailed_card__50dTS
15:21:28.837  INFO  manager.ListenerWD - Before find element ->>>>By.cssSelector: .contact-item-detailed_card__50dTS
15:21:28.847  INFO  manager.ListenerWD - After find element ->>>>By.cssSelector: .contact-item-detailed_card__50dTS
15:21:28.890  INFO  manager.ListenerWD - Before find element ->>>>By.cssSelector: .contact-item-detailed_card__50dTS
15:21:28.901  INFO  manager.ListenerWD - After find element ->>>>By.cssSelector: .contact-item-detailed_card__50dTS
15:21:28.944  INFO  manager.ListenerWD - Before find element ->>>>By.cssSelector: .contact-item-detailed_card__50dTS
15:21:28.955  INFO  manager.ListenerWD - After find element ->>>>By.cssSelector: .contact-item-detailed_card__50dTS
15:21:28.995  INFO  manager.ListenerWD - Before find element ->>>>By.cssSelector: .contact-item-detailed_card__50dTS
15:21:29.005  INFO  manager.ListenerWD - After find element ->>>>By.cssSelector: .contact-item-detailed_card__50dTS
15:21:29.045  INFO  manager.ListenerWD - Before find element ->>>>By.cssSelector: .contact-item-detailed_card__50dTS
15:21:29.057  INFO  manager.ListenerWD - After find element ->>>>By.cssSelector: .contact-item-detailed_card__50dTS
15:21:29.096  INFO  manager.ListenerWD - Before find element ->>>>By.cssSelector: .contact-item-detailed_card__50dTS
15:21:29.106  INFO  manager.ListenerWD - After find element ->>>>By.cssSelector: .contact-item-detailed_card__50dTS
15:21:29.146  INFO  manager.ListenerWD - Before find element ->>>>By.cssSelector: .contact-item-detailed_card__50dTS
15:21:29.156  INFO  manager.ListenerWD - After find element ->>>>By.cssSelector: .contact-item-detailed_card__50dTS
15:21:29.197  INFO  manager.ListenerWD - Before find element ->>>>By.cssSelector: .contact-item-detailed_card__50dTS
15:21:29.207  INFO  manager.ListenerWD - After find element ->>>>By.cssSelector: .contact-item-detailed_card__50dTS
15:21:29.250  INFO  manager.ListenerWD - Before find element ->>>>By.cssSelector: .contact-item-detailed_card__50dTS
15:21:29.259  INFO  manager.ListenerWD - After find element ->>>>By.cssSelector: .contact-item-detailed_card__50dTS
15:21:29.301  INFO  manager.ListenerWD - Before find element ->>>>By.cssSelector: .contact-item-detailed_card__50dTS
15:21:29.311  INFO  manager.ListenerWD - After find element ->>>>By.cssSelector: .contact-item-detailed_card__50dTS
15:21:29.353  INFO  manager.ListenerWD - Before find element ->>>>By.cssSelector: .contact-item-detailed_card__50dTS
15:21:29.363  INFO  manager.ListenerWD - After find element ->>>>By.cssSelector: .contact-item-detailed_card__50dTS
15:21:29.405  INFO  manager.ListenerWD - Before find element ->>>>By.cssSelector: .contact-item-detailed_card__50dTS
15:21:29.415  INFO  manager.ListenerWD - After find element ->>>>By.cssSelector: .contact-item-detailed_card__50dTS
15:21:29.456  INFO  manager.ListenerWD - Before find element ->>>>By.cssSelector: .contact-item-detailed_card__50dTS
15:21:29.467  INFO  manager.ListenerWD - After find element ->>>>By.cssSelector: .contact-item-detailed_card__50dTS
15:21:29.508  INFO  manager.ListenerWD - Before find element ->>>>By.cssSelector: .contact-item-detailed_card__50dTS
15:21:29.519  INFO  manager.ListenerWD - After find element ->>>>By.cssSelector: .contact-item-detailed_card__50dTS
15:21:29.561  INFO  manager.ListenerWD - Before find element ->>>>By.cssSelector: .contact-item-detailed_card__50dTS
15:21:29.571  INFO  manager.ListenerWD - After find element ->>>>By.cssSelector: .contact-item-detailed_card__50dTS
15:21:29.611  INFO  manager.ListenerWD - Before find element ->>>>By.cssSelector: .contact-item-detailed_card__50dTS
15:21:29.621  INFO  manager.ListenerWD - After find element ->>>>By.cssSelector: .contact-item-detailed_card__50dTS
15:21:29.663  INFO  manager.ListenerWD - Before find element ->>>>By.cssSelector: .contact-item-detailed_card__50dTS
15:21:29.673  INFO  manager.ListenerWD - After find element ->>>>By.cssSelector: .contact-item-detailed_card__50dTS
15:21:29.717  INFO  manager.ListenerWD - Before find element ->>>>By.cssSelector: .contact-item-detailed_card__50dTS
15:21:29.727  INFO  manager.ListenerWD - After find element ->>>>By.cssSelector: .contact-item-detailed_card__50dTS
15:21:29.769  INFO  manager.ListenerWD - Before find element ->>>>By.cssSelector: .contact-item-detailed_card__50dTS
15:21:29.779  INFO  manager.ListenerWD - After find element ->>>>By.cssSelector: .contact-item-detailed_card__50dTS
15:21:29.821  INFO  manager.ListenerWD - Before find element ->>>>By.cssSelector: .contact-item-detailed_card__50dTS
15:21:29.832  INFO  manager.ListenerWD - After find element ->>>>By.cssSelector: .contact-item-detailed_card__50dTS
15:21:29.880  INFO  manager.ListenerWD - Before find element ->>>>By.cssSelector: .contact-item-detailed_card__50dTS
15:21:29.891  INFO  manager.ListenerWD - After find element ->>>>By.cssSelector: .contact-item-detailed_card__50dTS
15:21:29.936  INFO  manager.ListenerWD - Before find element ->>>>By.cssSelector: .contact-item-detailed_card__50dTS
15:21:29.947  INFO  manager.ListenerWD - After find element ->>>>By.cssSelector: .contact-item-detailed_card__50dTS
15:21:29.992  INFO  manager.ListenerWD - Before find element ->>>>By.cssSelector: .contact-item-detailed_card__50dTS
15:21:30.003  INFO  manager.ListenerWD - After find element ->>>>By.cssSelector: .contact-item-detailed_card__50dTS
15:21:30.046  INFO  manager.ListenerWD - Before find element ->>>>By.cssSelector: .contact-item-detailed_card__50dTS
15:21:30.056  INFO  manager.ListenerWD - After find element ->>>>By.cssSelector: .contact-item-detailed_card__50dTS
15:21:30.098  INFO  manager.ListenerWD - Before find element ->>>>By.cssSelector: .contact-item-detailed_card__50dTS
15:21:30.108  INFO  manager.ListenerWD - After find element ->>>>By.cssSelector: .contact-item-detailed_card__50dTS
15:21:30.149  INFO  manager.ListenerWD - Before find element ->>>>By.cssSelector: .contact-item-detailed_card__50dTS
15:21:30.159  INFO  manager.ListenerWD - After find element ->>>>By.cssSelector: .contact-item-detailed_card__50dTS
15:21:30.172  INFO  tests.TestBase - The name of starts method is --->registrationSuccess
15:21:30.173  INFO  manager.ListenerWD - Before find elements ->>>>By.xpath: //button[text()='Sign Out']
15:21:30.185  INFO  manager.ListenerWD - After find elements ->>>>By.xpath: //button[text()='Sign Out']
15:21:30.185  INFO  manager.ListenerWD - List suze is ->>>>1
15:21:30.185  INFO  manager.ListenerWD - Before find element ->>>>By.xpath: //button[text()='Sign Out']
15:21:30.199  INFO  manager.ListenerWD - After find element ->>>>By.xpath: //button[text()='Sign Out']
15:21:30.236  INFO  manager.ListenerWD - Before find element ->>>>By.cssSelector: a[href='/login']
15:21:30.253  INFO  manager.ListenerWD - After find element ->>>>By.cssSelector: a[href='/login']
15:21:30.286  INFO  manager.ListenerWD - Before find element ->>>>By.name: email
15:21:30.298  INFO  manager.ListenerWD - After find element ->>>>By.name: email
15:21:30.971  INFO  manager.ListenerWD - Before find element ->>>>By.name: password
15:21:30.984  INFO  manager.ListenerWD - After find element ->>>>By.name: password
15:21:31.687  INFO  manager.ListenerWD - Before find element ->>>>By.cssSelector: [name='registration']
15:21:31.707  INFO  manager.ListenerWD - After find element ->>>>By.cssSelector: [name='registration']
15:21:31.745  INFO  manager.ListenerWD - Before find elements ->>>>By.xpath: //button[text()='Sign Out']
15:21:32.392  INFO  manager.ListenerWD - After find elements ->>>>By.xpath: //button[text()='Sign Out']
15:21:32.392  INFO  manager.ListenerWD - List suze is ->>>>1
