17:50:30.332  INFO  manager.ApplicationManager - All tests star in Chrome Browser
17:50:31.569  INFO  manager.ApplicationManager - Current Url -->https://telranedu.web.app/home
17:50:31.607  INFO  tests.TestBase - The name of starts method is --->addNewContactWrongEmail
17:50:31.611  INFO  manager.ListenerWD - Before find elements ->>>>By.xpath: //button[text()='Sign Out']
17:50:36.681  INFO  manager.ListenerWD - After find elements ->>>>By.xpath: //button[text()='Sign Out']
17:50:36.684  INFO  manager.ListenerWD - List suze is ->>>>0
17:50:36.687  INFO  manager.ListenerWD - Before find element ->>>>By.cssSelector: a[href='/login']
17:50:36.723  INFO  manager.ListenerWD - After find element ->>>>By.cssSelector: a[href='/login']
17:50:36.803  INFO  manager.ListenerWD - Before find element ->>>>By.name: email
17:50:36.835  INFO  manager.ListenerWD - After find element ->>>>By.name: email
17:50:37.010  INFO  manager.ListenerWD - Before find element ->>>>By.name: password
17:50:37.043  INFO  manager.ListenerWD - After find element ->>>>By.name: password
17:50:37.187  INFO  manager.ListenerWD - Before find element ->>>>By.cssSelector: [name='login']
17:50:37.218  INFO  manager.ListenerWD - After find element ->>>>By.cssSelector: [name='login']
17:50:37.297  INFO  manager.ListenerWD - Before find element ->>>>By.cssSelector: a[href='/add']
17:50:38.146  INFO  manager.ListenerWD - After find element ->>>>By.cssSelector: a[href='/add']
17:50:38.197  INFO  manager.ListenerWD - Before find element ->>>>By.cssSelector: input[placeholder='Name']
17:50:38.227  INFO  manager.ListenerWD - After find element ->>>>By.cssSelector: input[placeholder='Name']
17:50:38.352  INFO  manager.ListenerWD - Before find element ->>>>By.cssSelector: input[placeholder='Last Name']
17:50:38.377  INFO  manager.ListenerWD - After find element ->>>>By.cssSelector: input[placeholder='Last Name']
17:50:38.494  INFO  manager.ListenerWD - Before find element ->>>>By.cssSelector: input[placeholder='Phone']
17:50:38.517  INFO  manager.ListenerWD - After find element ->>>>By.cssSelector: input[placeholder='Phone']
17:50:38.641  INFO  manager.ListenerWD - Before find element ->>>>By.cssSelector: input[placeholder='email']
17:50:38.665  INFO  manager.ListenerWD - After find element ->>>>By.cssSelector: input[placeholder='email']
17:50:38.790  INFO  manager.ListenerWD - Before find element ->>>>By.cssSelector: input[placeholder='Address']
17:50:38.815  INFO  manager.ListenerWD - After find element ->>>>By.cssSelector: input[placeholder='Address']
17:50:38.930  INFO  manager.ListenerWD - Before find element ->>>>By.cssSelector: input[placeholder='description']
17:50:38.954  INFO  manager.ListenerWD - After find element ->>>>By.cssSelector: input[placeholder='description']
17:50:39.077  INFO  manager.ListenerWD - Before find element ->>>>By.xpath: //b[text()='Save']
17:50:39.099  INFO  manager.ListenerWD - After find element ->>>>By.xpath: //b[text()='Save']
17:50:39.136  INFO  manager.ListenerWD - Before find elements ->>>>By.cssSelector: a.active[href='/add']
17:50:39.158  INFO  manager.ListenerWD - After find elements ->>>>By.cssSelector: a.active[href='/add']
17:50:39.159  INFO  manager.ListenerWD - List suze is ->>>>1
17:50:39.184  INFO  manager.ListenerWD - The have a 'problem'
17:50:39.184  INFO  manager.ListenerWD - ++++++++++++++++++++++++++++++++++++
17:50:39.184  INFO  manager.ListenerWD - Method method ->>>>alert
17:50:39.185  INFO  manager.ListenerWD - ++++++++++++++++++++++++++
17:50:39.186  INFO  manager.ListenerWD - InvocationTargetException getTargetException() org.openqa.selenium.NoAlertPresentException: no such alert
  (Session info: chrome=109.0.5414.120)
Build info: version: '4.7.1', revision: 'c6795baf1a3'
System info: os.name: 'Windows 10', os.arch: 'amd64', os.version: '10.0', java.version: '11.0.17'
Driver info: org.openqa.selenium.chrome.ChromeDriver
Command: [b314777f281874d1d2152460181c9aaa, getAlertText {}]
Capabilities {acceptInsecureCerts: false, browserName: chrome, browserVersion: 109.0.5414.120, chrome: {chromedriverVersion: 109.0.5414.74 (e7c5703604da..., userDataDir: C:\Users\97252\AppData\Loca...}, goog:chromeOptions: {debuggerAddress: localhost:56323}, networkConnectionEnabled: false, pageLoadStrategy: normal, platformName: WINDOWS, proxy: Proxy(), se:cdp: ws://localhost:56323/devtoo..., se:cdpVersion: 109.0.5414.120, setWindowRect: true, strictFileInteractability: false, timeouts: {implicit: 0, pageLoad: 300000, script: 30000}, unhandledPromptBehavior: dismiss and notify, webauthn:extension:credBlob: true, webauthn:extension:largeBlob: true, webauthn:virtualAuthenticators: true}
Session ID: b314777f281874d1d2152460181c9aaa
17:50:39.187  INFO  manager.ListenerWD - ++++++++++++++++++++++++++
17:50:39.188  INFO  manager.ListenerWD - Object target ->>>>>>org.openqa.selenium.remote.RemoteWebDriver$RemoteTargetLocator@53940e2f
17:50:39.188  INFO  manager.ListenerWD - ++++++++++++++++++++++++++
