18:48:59.764  INFO  manager.ApplicationManager - All tests star in Chrome Browser
18:49:01.158  INFO  manager.ApplicationManager - Current Url -->https://telranedu.web.app/home
18:49:01.162  INFO  manager.ListenerTNG - onStart->>>>>Gradle test
18:49:01.191  INFO  tests.TestBase - The name of starts method is --->addContactSuccessAllFields
18:49:02.205  INFO  manager.ListenerWD - Before find elements ->>>>By.xpath: //button[text()='Sign Out']
18:49:07.217  INFO  manager.ListenerWD - After find elements ->>>>By.xpath: //button[text()='Sign Out']
18:49:07.219  INFO  manager.ListenerWD - List suze is ->>>>0
18:49:07.221  INFO  manager.ListenerWD - Before find element ->>>>By.cssSelector: a[href='/login']
18:49:07.247  INFO  manager.ListenerWD - After find element ->>>>By.cssSelector: a[href='/login']
18:49:07.319  INFO  manager.ListenerWD - Before find element ->>>>By.name: email
18:49:07.349  INFO  manager.ListenerWD - After find element ->>>>By.name: email
18:49:08.014  INFO  manager.ListenerWD - Before find element ->>>>By.name: password
18:49:08.040  INFO  manager.ListenerWD - After find element ->>>>By.name: password
18:49:08.655  INFO  manager.ListenerWD - Before find element ->>>>By.cssSelector: [name='login']
18:49:08.679  INFO  manager.ListenerWD - After find element ->>>>By.cssSelector: [name='login']
18:49:08.716  INFO  manager.ListenerTNG - onTestStart->>>>>addContactSuccessAllFields
18:49:08.749  INFO  tests.TestBase - Tests start with data : Contact(name=Lisa1880, lastName=Simpson, phone=11111111880, email=reshef19861880@gmail.com, address=NY, description=All fields)
18:49:08.749  INFO  manager.ListenerWD - Before find element ->>>>By.cssSelector: a[href='/add']
18:49:09.592  INFO  manager.ListenerWD - After find element ->>>>By.cssSelector: a[href='/add']
18:49:09.636  INFO  manager.ListenerWD - Before find element ->>>>By.cssSelector: input[placeholder='Name']
18:49:09.665  INFO  manager.ListenerWD - After find element ->>>>By.cssSelector: input[placeholder='Name']
18:49:10.294  INFO  manager.ListenerWD - Before find element ->>>>By.cssSelector: input[placeholder='Last Name']
18:49:10.320  INFO  manager.ListenerWD - After find element ->>>>By.cssSelector: input[placeholder='Last Name']
18:49:10.930  INFO  manager.ListenerWD - Before find element ->>>>By.cssSelector: input[placeholder='Phone']
18:49:10.953  INFO  manager.ListenerWD - After find element ->>>>By.cssSelector: input[placeholder='Phone']
18:49:11.565  INFO  manager.ListenerWD - Before find element ->>>>By.cssSelector: input[placeholder='email']
18:49:11.589  INFO  manager.ListenerWD - After find element ->>>>By.cssSelector: input[placeholder='email']
18:49:12.234  INFO  manager.ListenerWD - Before find element ->>>>By.cssSelector: input[placeholder='Address']
18:49:12.253  INFO  manager.ListenerWD - After find element ->>>>By.cssSelector: input[placeholder='Address']
18:49:12.859  INFO  manager.ListenerWD - Before find element ->>>>By.cssSelector: input[placeholder='description']
18:49:12.881  INFO  manager.ListenerWD - After find element ->>>>By.cssSelector: input[placeholder='description']
18:49:13.509  INFO  manager.ListenerWD - Before find element ->>>>By.xpath: //b[text()='Save']
18:49:13.530  INFO  manager.ListenerWD - After find element ->>>>By.xpath: //b[text()='Save']
18:49:13.573  INFO  manager.ListenerWD - Before find elements ->>>>By.cssSelector: h2
18:49:14.623  INFO  manager.ListenerWD - After find elements ->>>>By.cssSelector: h2
18:49:14.624  INFO  manager.ListenerWD - List suze is ->>>>54
18:49:15.266  INFO  manager.ListenerWD - Before find elements ->>>>By.cssSelector: h3
18:49:15.593  INFO  manager.ListenerWD - After find elements ->>>>By.cssSelector: h3
18:49:15.593  INFO  manager.ListenerWD - List suze is ->>>>54
18:49:16.245  INFO  manager.ListenerWD - Before find elements ->>>>By.cssSelector: .contact-item_card__2SOIM
18:49:16.509  INFO  manager.ListenerWD - After find elements ->>>>By.cssSelector: .contact-item_card__2SOIM
18:49:16.509  INFO  manager.ListenerWD - List suze is ->>>>54
18:49:16.565  INFO  manager.ListenerWD - Before find element ->>>>By.cssSelector: .contact-item-detailed_card__50dTS
18:49:16.586  INFO  manager.ListenerWD - After find element ->>>>By.cssSelector: .contact-item-detailed_card__50dTS
18:49:16.631  INFO  manager.ListenerWD - Before find element ->>>>By.cssSelector: .contact-item-detailed_card__50dTS
18:49:16.643  INFO  manager.ListenerWD - After find element ->>>>By.cssSelector: .contact-item-detailed_card__50dTS
18:49:16.685  INFO  manager.ListenerWD - Before find element ->>>>By.cssSelector: .contact-item-detailed_card__50dTS
18:49:16.696  INFO  manager.ListenerWD - After find element ->>>>By.cssSelector: .contact-item-detailed_card__50dTS
18:49:16.736  INFO  manager.ListenerWD - Before find element ->>>>By.cssSelector: .contact-item-detailed_card__50dTS
18:49:16.748  INFO  manager.ListenerWD - After find element ->>>>By.cssSelector: .contact-item-detailed_card__50dTS
18:49:16.787  INFO  manager.ListenerWD - Before find element ->>>>By.cssSelector: .contact-item-detailed_card__50dTS
18:49:16.799  INFO  manager.ListenerWD - After find element ->>>>By.cssSelector: .contact-item-detailed_card__50dTS
18:49:16.834  INFO  manager.ListenerWD - Before find element ->>>>By.cssSelector: .contact-item-detailed_card__50dTS
18:49:16.847  INFO  manager.ListenerWD - After find element ->>>>By.cssSelector: .contact-item-detailed_card__50dTS
18:49:16.890  INFO  manager.ListenerWD - Before find element ->>>>By.cssSelector: .contact-item-detailed_card__50dTS
18:49:16.903  INFO  manager.ListenerWD - After find element ->>>>By.cssSelector: .contact-item-detailed_card__50dTS
18:49:16.955  INFO  manager.ListenerWD - Before find element ->>>>By.cssSelector: .contact-item-detailed_card__50dTS
18:49:16.969  INFO  manager.ListenerWD - After find element ->>>>By.cssSelector: .contact-item-detailed_card__50dTS
18:49:17.022  INFO  manager.ListenerWD - Before find element ->>>>By.cssSelector: .contact-item-detailed_card__50dTS
18:49:17.038  INFO  manager.ListenerWD - After find element ->>>>By.cssSelector: .contact-item-detailed_card__50dTS
18:49:17.089  INFO  manager.ListenerWD - Before find element ->>>>By.cssSelector: .contact-item-detailed_card__50dTS
18:49:17.103  INFO  manager.ListenerWD - After find element ->>>>By.cssSelector: .contact-item-detailed_card__50dTS
18:49:17.147  INFO  manager.ListenerWD - Before find element ->>>>By.cssSelector: .contact-item-detailed_card__50dTS
18:49:17.158  INFO  manager.ListenerWD - After find element ->>>>By.cssSelector: .contact-item-detailed_card__50dTS
18:49:17.193  INFO  manager.ListenerWD - Before find element ->>>>By.cssSelector: .contact-item-detailed_card__50dTS
18:49:17.204  INFO  manager.ListenerWD - After find element ->>>>By.cssSelector: .contact-item-detailed_card__50dTS
18:49:17.250  INFO  manager.ListenerWD - Before find element ->>>>By.cssSelector: .contact-item-detailed_card__50dTS
18:49:17.259  INFO  manager.ListenerWD - After find element ->>>>By.cssSelector: .contact-item-detailed_card__50dTS
18:49:17.296  INFO  manager.ListenerWD - Before find element ->>>>By.cssSelector: .contact-item-detailed_card__50dTS
18:49:17.306  INFO  manager.ListenerWD - After find element ->>>>By.cssSelector: .contact-item-detailed_card__50dTS
18:49:17.340  INFO  manager.ListenerWD - Before find element ->>>>By.cssSelector: .contact-item-detailed_card__50dTS
18:49:17.351  INFO  manager.ListenerWD - After find element ->>>>By.cssSelector: .contact-item-detailed_card__50dTS
18:49:17.391  INFO  manager.ListenerWD - Before find element ->>>>By.cssSelector: .contact-item-detailed_card__50dTS
18:49:17.402  INFO  manager.ListenerWD - After find element ->>>>By.cssSelector: .contact-item-detailed_card__50dTS
18:49:17.440  INFO  manager.ListenerWD - Before find element ->>>>By.cssSelector: .contact-item-detailed_card__50dTS
18:49:17.452  INFO  manager.ListenerWD - After find element ->>>>By.cssSelector: .contact-item-detailed_card__50dTS
18:49:17.491  INFO  manager.ListenerWD - Before find element ->>>>By.cssSelector: .contact-item-detailed_card__50dTS
18:49:17.502  INFO  manager.ListenerWD - After find element ->>>>By.cssSelector: .contact-item-detailed_card__50dTS
18:49:17.539  INFO  manager.ListenerWD - Before find element ->>>>By.cssSelector: .contact-item-detailed_card__50dTS
18:49:17.549  INFO  manager.ListenerWD - After find element ->>>>By.cssSelector: .contact-item-detailed_card__50dTS
18:49:17.585  INFO  manager.ListenerWD - Before find element ->>>>By.cssSelector: .contact-item-detailed_card__50dTS
18:49:17.596  INFO  manager.ListenerWD - After find element ->>>>By.cssSelector: .contact-item-detailed_card__50dTS
18:49:17.633  INFO  manager.ListenerWD - Before find element ->>>>By.cssSelector: .contact-item-detailed_card__50dTS
18:49:17.642  INFO  manager.ListenerWD - After find element ->>>>By.cssSelector: .contact-item-detailed_card__50dTS
18:49:17.681  INFO  manager.ListenerWD - Before find element ->>>>By.cssSelector: .contact-item-detailed_card__50dTS
18:49:17.691  INFO  manager.ListenerWD - After find element ->>>>By.cssSelector: .contact-item-detailed_card__50dTS
18:49:17.734  INFO  manager.ListenerWD - Before find element ->>>>By.cssSelector: .contact-item-detailed_card__50dTS
18:49:17.745  INFO  manager.ListenerWD - After find element ->>>>By.cssSelector: .contact-item-detailed_card__50dTS
18:49:17.783  INFO  manager.ListenerWD - Before find element ->>>>By.cssSelector: .contact-item-detailed_card__50dTS
18:49:17.793  INFO  manager.ListenerWD - After find element ->>>>By.cssSelector: .contact-item-detailed_card__50dTS
18:49:17.843  INFO  manager.ListenerWD - Before find element ->>>>By.cssSelector: .contact-item-detailed_card__50dTS
18:49:17.856  INFO  manager.ListenerWD - After find element ->>>>By.cssSelector: .contact-item-detailed_card__50dTS
18:49:17.909  INFO  manager.ListenerWD - Before find element ->>>>By.cssSelector: .contact-item-detailed_card__50dTS
18:49:17.923  INFO  manager.ListenerWD - After find element ->>>>By.cssSelector: .contact-item-detailed_card__50dTS
18:49:17.974  INFO  manager.ListenerWD - Before find element ->>>>By.cssSelector: .contact-item-detailed_card__50dTS
18:49:17.989  INFO  manager.ListenerWD - After find element ->>>>By.cssSelector: .contact-item-detailed_card__50dTS
18:49:18.035  INFO  manager.ListenerWD - Before find element ->>>>By.cssSelector: .contact-item-detailed_card__50dTS
18:49:18.047  INFO  manager.ListenerWD - After find element ->>>>By.cssSelector: .contact-item-detailed_card__50dTS
18:49:18.098  INFO  manager.ListenerWD - Before find element ->>>>By.cssSelector: .contact-item-detailed_card__50dTS
18:49:18.112  INFO  manager.ListenerWD - After find element ->>>>By.cssSelector: .contact-item-detailed_card__50dTS
18:49:18.164  INFO  manager.ListenerWD - Before find element ->>>>By.cssSelector: .contact-item-detailed_card__50dTS
18:49:18.177  INFO  manager.ListenerWD - After find element ->>>>By.cssSelector: .contact-item-detailed_card__50dTS
18:49:18.232  INFO  manager.ListenerWD - Before find element ->>>>By.cssSelector: .contact-item-detailed_card__50dTS
18:49:18.247  INFO  manager.ListenerWD - After find element ->>>>By.cssSelector: .contact-item-detailed_card__50dTS
18:49:18.295  INFO  manager.ListenerWD - Before find element ->>>>By.cssSelector: .contact-item-detailed_card__50dTS
18:49:18.307  INFO  manager.ListenerWD - After find element ->>>>By.cssSelector: .contact-item-detailed_card__50dTS
18:49:18.361  INFO  manager.ListenerWD - Before find element ->>>>By.cssSelector: .contact-item-detailed_card__50dTS
18:49:18.376  INFO  manager.ListenerWD - After find element ->>>>By.cssSelector: .contact-item-detailed_card__50dTS
18:49:18.429  INFO  manager.ListenerWD - Before find element ->>>>By.cssSelector: .contact-item-detailed_card__50dTS
18:49:18.441  INFO  manager.ListenerWD - After find element ->>>>By.cssSelector: .contact-item-detailed_card__50dTS
18:49:18.485  INFO  manager.ListenerWD - Before find element ->>>>By.cssSelector: .contact-item-detailed_card__50dTS
18:49:18.497  INFO  manager.ListenerWD - After find element ->>>>By.cssSelector: .contact-item-detailed_card__50dTS
18:49:18.544  INFO  manager.ListenerWD - Before find element ->>>>By.cssSelector: .contact-item-detailed_card__50dTS
18:49:18.558  INFO  manager.ListenerWD - After find element ->>>>By.cssSelector: .contact-item-detailed_card__50dTS
18:49:18.611  INFO  manager.ListenerWD - Before find element ->>>>By.cssSelector: .contact-item-detailed_card__50dTS
18:49:18.625  INFO  manager.ListenerWD - After find element ->>>>By.cssSelector: .contact-item-detailed_card__50dTS
18:49:18.666  INFO  manager.ListenerWD - Before find element ->>>>By.cssSelector: .contact-item-detailed_card__50dTS
18:49:18.683  INFO  manager.ListenerWD - After find element ->>>>By.cssSelector: .contact-item-detailed_card__50dTS
18:49:18.718  INFO  manager.ListenerWD - Before find element ->>>>By.cssSelector: .contact-item-detailed_card__50dTS
18:49:18.729  INFO  manager.ListenerWD - After find element ->>>>By.cssSelector: .contact-item-detailed_card__50dTS
18:49:18.765  INFO  manager.ListenerWD - Before find element ->>>>By.cssSelector: .contact-item-detailed_card__50dTS
18:49:18.790  INFO  manager.ListenerWD - After find element ->>>>By.cssSelector: .contact-item-detailed_card__50dTS
18:49:18.826  INFO  manager.ListenerWD - Before find element ->>>>By.cssSelector: .contact-item-detailed_card__50dTS
18:49:18.836  INFO  manager.ListenerWD - After find element ->>>>By.cssSelector: .contact-item-detailed_card__50dTS
18:49:18.871  INFO  manager.ListenerWD - Before find element ->>>>By.cssSelector: .contact-item-detailed_card__50dTS
18:49:18.883  INFO  manager.ListenerWD - After find element ->>>>By.cssSelector: .contact-item-detailed_card__50dTS
18:49:18.920  INFO  manager.ListenerWD - Before find element ->>>>By.cssSelector: .contact-item-detailed_card__50dTS
18:49:18.931  INFO  manager.ListenerWD - After find element ->>>>By.cssSelector: .contact-item-detailed_card__50dTS
18:49:18.969  INFO  manager.ListenerWD - Before find element ->>>>By.cssSelector: .contact-item-detailed_card__50dTS
18:49:18.980  INFO  manager.ListenerWD - After find element ->>>>By.cssSelector: .contact-item-detailed_card__50dTS
18:49:19.017  INFO  manager.ListenerWD - Before find element ->>>>By.cssSelector: .contact-item-detailed_card__50dTS
18:49:19.026  INFO  manager.ListenerWD - After find element ->>>>By.cssSelector: .contact-item-detailed_card__50dTS
18:49:19.065  INFO  manager.ListenerWD - Before find element ->>>>By.cssSelector: .contact-item-detailed_card__50dTS
18:49:19.074  INFO  manager.ListenerWD - After find element ->>>>By.cssSelector: .contact-item-detailed_card__50dTS
18:49:19.113  INFO  manager.ListenerWD - Before find element ->>>>By.cssSelector: .contact-item-detailed_card__50dTS
18:49:19.122  INFO  manager.ListenerWD - After find element ->>>>By.cssSelector: .contact-item-detailed_card__50dTS
18:49:19.159  INFO  manager.ListenerWD - Before find element ->>>>By.cssSelector: .contact-item-detailed_card__50dTS
18:49:19.169  INFO  manager.ListenerWD - After find element ->>>>By.cssSelector: .contact-item-detailed_card__50dTS
18:49:19.206  INFO  manager.ListenerWD - Before find element ->>>>By.cssSelector: .contact-item-detailed_card__50dTS
18:49:19.215  INFO  manager.ListenerWD - After find element ->>>>By.cssSelector: .contact-item-detailed_card__50dTS
18:49:19.253  INFO  manager.ListenerWD - Before find element ->>>>By.cssSelector: .contact-item-detailed_card__50dTS
18:49:19.263  INFO  manager.ListenerWD - After find element ->>>>By.cssSelector: .contact-item-detailed_card__50dTS
18:49:19.300  INFO  manager.ListenerWD - Before find element ->>>>By.cssSelector: .contact-item-detailed_card__50dTS
18:49:19.309  INFO  manager.ListenerWD - After find element ->>>>By.cssSelector: .contact-item-detailed_card__50dTS
18:49:19.351  INFO  manager.ListenerWD - Before find element ->>>>By.cssSelector: .contact-item-detailed_card__50dTS
18:49:19.361  INFO  manager.ListenerWD - After find element ->>>>By.cssSelector: .contact-item-detailed_card__50dTS
18:49:19.399  INFO  manager.ListenerWD - Before find element ->>>>By.cssSelector: .contact-item-detailed_card__50dTS
18:49:19.407  INFO  manager.ListenerWD - After find element ->>>>By.cssSelector: .contact-item-detailed_card__50dTS
18:49:19.445  INFO  manager.ListenerWD - Before find element ->>>>By.cssSelector: .contact-item-detailed_card__50dTS
18:49:19.454  INFO  manager.ListenerWD - After find element ->>>>By.cssSelector: .contact-item-detailed_card__50dTS
18:49:19.463  INFO  manager.ListenerTNG - onTestSuccess ->>>>>>addContactSuccessAllFields
18:49:19.464  INFO  tests.TestBase - The name of starts method is --->addContactSuccessRequiredFields
18:49:20.467  INFO  manager.ListenerWD - Before find elements ->>>>By.xpath: //button[text()='Sign Out']
18:49:20.478  INFO  manager.ListenerWD - After find elements ->>>>By.xpath: //button[text()='Sign Out']
18:49:20.479  INFO  manager.ListenerWD - List suze is ->>>>1
18:49:20.479  INFO  manager.ListenerTNG - onTestStart->>>>>addContactSuccessRequiredFields
18:49:20.480  INFO  manager.ListenerWD - Before find element ->>>>By.cssSelector: a[href='/add']
18:49:20.493  INFO  manager.ListenerWD - After find element ->>>>By.cssSelector: a[href='/add']
18:49:20.525  INFO  manager.ListenerWD - Before find element ->>>>By.cssSelector: input[placeholder='Name']
18:49:20.541  INFO  manager.ListenerWD - After find element ->>>>By.cssSelector: input[placeholder='Name']
18:49:21.145  INFO  manager.ListenerWD - Before find element ->>>>By.cssSelector: input[placeholder='Last Name']
18:49:21.154  INFO  manager.ListenerWD - After find element ->>>>By.cssSelector: input[placeholder='Last Name']
18:49:21.764  INFO  manager.ListenerWD - Before find element ->>>>By.cssSelector: input[placeholder='Phone']
18:49:21.774  INFO  manager.ListenerWD - After find element ->>>>By.cssSelector: input[placeholder='Phone']
18:49:22.377  INFO  manager.ListenerWD - Before find element ->>>>By.cssSelector: input[placeholder='email']
18:49:22.387  INFO  manager.ListenerWD - After find element ->>>>By.cssSelector: input[placeholder='email']
18:49:23.010  INFO  manager.ListenerWD - Before find element ->>>>By.cssSelector: input[placeholder='Address']
18:49:23.021  INFO  manager.ListenerWD - After find element ->>>>By.cssSelector: input[placeholder='Address']
18:49:23.615  INFO  manager.ListenerWD - Before find element ->>>>By.cssSelector: input[placeholder='description']
18:49:23.624  INFO  manager.ListenerWD - After find element ->>>>By.cssSelector: input[placeholder='description']
18:49:24.186  INFO  manager.ListenerWD - Before find element ->>>>By.xpath: //b[text()='Save']
18:49:24.196  INFO  manager.ListenerWD - After find element ->>>>By.xpath: //b[text()='Save']
18:49:24.224  INFO  manager.ListenerWD - Before find elements ->>>>By.cssSelector: h2
18:49:24.956  INFO  manager.ListenerWD - After find elements ->>>>By.cssSelector: h2
18:49:24.956  INFO  manager.ListenerWD - List suze is ->>>>55
18:49:25.610  INFO  manager.ListenerWD - Before find elements ->>>>By.cssSelector: h3
18:49:25.773  INFO  manager.ListenerWD - After find elements ->>>>By.cssSelector: h3
18:49:25.773  INFO  manager.ListenerWD - List suze is ->>>>55
18:49:26.463  INFO  manager.ListenerTNG - onTestSuccess ->>>>>>addContactSuccessRequiredFields
18:49:26.464  INFO  tests.TestBase - The name of starts method is --->addNewContactWrongAddress
18:49:27.477  INFO  manager.ListenerWD - Before find elements ->>>>By.xpath: //button[text()='Sign Out']
18:49:27.486  INFO  manager.ListenerWD - After find elements ->>>>By.xpath: //button[text()='Sign Out']
18:49:27.486  INFO  manager.ListenerWD - List suze is ->>>>1
18:49:27.486  INFO  manager.ListenerTNG - onTestStart->>>>>addNewContactWrongAddress
18:49:27.486  INFO  manager.ListenerWD - Before find element ->>>>By.cssSelector: a[href='/add']
18:49:27.495  INFO  manager.ListenerWD - After find element ->>>>By.cssSelector: a[href='/add']
18:49:27.523  INFO  manager.ListenerWD - Before find element ->>>>By.cssSelector: input[placeholder='Name']
18:49:27.536  INFO  manager.ListenerWD - After find element ->>>>By.cssSelector: input[placeholder='Name']
18:49:28.135  INFO  manager.ListenerWD - Before find element ->>>>By.cssSelector: input[placeholder='Last Name']
18:49:28.146  INFO  manager.ListenerWD - After find element ->>>>By.cssSelector: input[placeholder='Last Name']
18:49:28.739  INFO  manager.ListenerWD - Before find element ->>>>By.cssSelector: input[placeholder='Phone']
18:49:28.749  INFO  manager.ListenerWD - After find element ->>>>By.cssSelector: input[placeholder='Phone']
18:49:29.353  INFO  manager.ListenerWD - Before find element ->>>>By.cssSelector: input[placeholder='email']
18:49:29.364  INFO  manager.ListenerWD - After find element ->>>>By.cssSelector: input[placeholder='email']
18:49:29.989  INFO  manager.ListenerWD - Before find element ->>>>By.cssSelector: input[placeholder='Address']
18:49:29.998  INFO  manager.ListenerWD - After find element ->>>>By.cssSelector: input[placeholder='Address']
18:49:30.588  INFO  manager.ListenerWD - Before find element ->>>>By.cssSelector: input[placeholder='description']
18:49:30.596  INFO  manager.ListenerWD - After find element ->>>>By.cssSelector: input[placeholder='description']
18:49:31.206  INFO  manager.ListenerWD - Before find element ->>>>By.xpath: //b[text()='Save']
18:49:31.215  INFO  manager.ListenerWD - After find element ->>>>By.xpath: //b[text()='Save']
18:49:31.243  INFO  manager.ListenerWD - Before find elements ->>>>By.cssSelector: a.active[href='/add']
18:49:31.256  INFO  manager.ListenerWD - After find elements ->>>>By.cssSelector: a.active[href='/add']
18:49:31.256  INFO  manager.ListenerWD - List suze is ->>>>1
18:49:31.256  INFO  manager.ListenerTNG - onTestSuccess ->>>>>>addNewContactWrongAddress
18:49:31.257  INFO  tests.TestBase - The name of starts method is --->addNewContactWrongEmail
18:49:32.272  INFO  manager.ListenerWD - Before find elements ->>>>By.xpath: //button[text()='Sign Out']
18:49:32.286  INFO  manager.ListenerWD - After find elements ->>>>By.xpath: //button[text()='Sign Out']
18:49:32.286  INFO  manager.ListenerWD - List suze is ->>>>1
18:49:32.286  INFO  manager.ListenerTNG - onTestStart->>>>>addNewContactWrongEmail
18:49:32.286  INFO  manager.ListenerWD - Before find element ->>>>By.cssSelector: a[href='/add']
18:49:32.297  INFO  manager.ListenerWD - After find element ->>>>By.cssSelector: a[href='/add']
18:49:32.326  INFO  manager.ListenerWD - Before find element ->>>>By.cssSelector: input[placeholder='Name']
18:49:32.337  INFO  manager.ListenerWD - After find element ->>>>By.cssSelector: input[placeholder='Name']
18:49:32.932  INFO  manager.ListenerWD - Before find element ->>>>By.cssSelector: input[placeholder='Last Name']
18:49:32.941  INFO  manager.ListenerWD - After find element ->>>>By.cssSelector: input[placeholder='Last Name']
18:49:33.527  INFO  manager.ListenerWD - Before find element ->>>>By.cssSelector: input[placeholder='Phone']
18:49:33.535  INFO  manager.ListenerWD - After find element ->>>>By.cssSelector: input[placeholder='Phone']
18:49:34.128  INFO  manager.ListenerWD - Before find element ->>>>By.cssSelector: input[placeholder='email']
18:49:34.137  INFO  manager.ListenerWD - After find element ->>>>By.cssSelector: input[placeholder='email']
18:49:34.720  INFO  manager.ListenerWD - Before find element ->>>>By.cssSelector: input[placeholder='Address']
18:49:34.729  INFO  manager.ListenerWD - After find element ->>>>By.cssSelector: input[placeholder='Address']
18:49:35.301  INFO  manager.ListenerWD - Before find element ->>>>By.cssSelector: input[placeholder='description']
18:49:35.311  INFO  manager.ListenerWD - After find element ->>>>By.cssSelector: input[placeholder='description']
18:49:35.910  INFO  manager.ListenerWD - Before find element ->>>>By.xpath: //b[text()='Save']
18:49:35.918  INFO  manager.ListenerWD - After find element ->>>>By.xpath: //b[text()='Save']
18:49:35.936  INFO  manager.ListenerWD - Before find elements ->>>>By.cssSelector: a.active[href='/add']
18:49:35.946  INFO  manager.ListenerWD - After find elements ->>>>By.cssSelector: a.active[href='/add']
18:49:35.946  INFO  manager.ListenerWD - List suze is ->>>>1
18:49:35.960  INFO  manager.ListenerWD - The have a 'problem'
18:49:35.961  INFO  manager.ListenerWD - ++++++++++++++++++++++++++++++++++++
18:49:35.961  INFO  manager.ListenerWD - Method method ->>>>alert
18:49:35.961  INFO  manager.ListenerWD - ++++++++++++++++++++++++++
18:49:35.962  INFO  manager.ListenerWD - InvocationTargetException getTargetException() org.openqa.selenium.NoAlertPresentException: no such alert
  (Session info: chrome=109.0.5414.120)
Build info: version: '4.7.1', revision: 'c6795baf1a3'
System info: os.name: 'Windows 10', os.arch: 'amd64', os.version: '10.0', java.version: '11.0.17'
Driver info: org.openqa.selenium.chrome.ChromeDriver
Command: [6706e1b92cddf6ffb9b6268f3de82411, getAlertText {}]
Capabilities {acceptInsecureCerts: false, browserName: chrome, browserVersion: 109.0.5414.120, chrome: {chromedriverVersion: 109.0.5414.74 (e7c5703604da..., userDataDir: C:\Users\97252\AppData\Loca...}, goog:chromeOptions: {debuggerAddress: localhost:57611}, networkConnectionEnabled: false, pageLoadStrategy: normal, platformName: WINDOWS, proxy: Proxy(), se:cdp: ws://localhost:57611/devtoo..., se:cdpVersion: 109.0.5414.120, setWindowRect: true, strictFileInteractability: false, timeouts: {implicit: 0, pageLoad: 300000, script: 30000}, unhandledPromptBehavior: dismiss and notify, webauthn:extension:credBlob: true, webauthn:extension:largeBlob: true, webauthn:virtualAuthenticators: true}
Session ID: 6706e1b92cddf6ffb9b6268f3de82411
18:49:35.962  INFO  manager.ListenerWD - ++++++++++++++++++++++++++
18:49:35.963  INFO  manager.ListenerWD - Object target ->>>>>>org.openqa.selenium.remote.RemoteWebDriver$RemoteTargetLocator@79cdf2d4
18:49:35.963  INFO  manager.ListenerWD - ++++++++++++++++++++++++++
18:49:36.989  INFO  manager.ListenerTNG - onTestSuccess ->>>>>>addNewContactWrongEmail
18:49:36.990  INFO  tests.TestBase - The name of starts method is --->addNewContactWrongLastName
18:49:38.000  INFO  manager.ListenerWD - Before find elements ->>>>By.xpath: //button[text()='Sign Out']
18:49:38.015  INFO  manager.ListenerWD - After find elements ->>>>By.xpath: //button[text()='Sign Out']
18:49:38.016  INFO  manager.ListenerWD - List suze is ->>>>1
18:49:38.016  INFO  manager.ListenerTNG - onTestStart->>>>>addNewContactWrongLastName
18:49:38.017  INFO  manager.ListenerWD - Before find element ->>>>By.cssSelector: a[href='/add']
18:49:38.027  INFO  manager.ListenerWD - After find element ->>>>By.cssSelector: a[href='/add']
18:49:38.053  INFO  manager.ListenerWD - Before find element ->>>>By.cssSelector: input[placeholder='Name']
18:49:38.066  INFO  manager.ListenerWD - After find element ->>>>By.cssSelector: input[placeholder='Name']
18:49:38.662  INFO  manager.ListenerWD - Before find element ->>>>By.cssSelector: input[placeholder='Last Name']
18:49:38.672  INFO  manager.ListenerWD - After find element ->>>>By.cssSelector: input[placeholder='Last Name']
18:49:39.246  INFO  manager.ListenerWD - Before find element ->>>>By.cssSelector: input[placeholder='Phone']
18:49:39.257  INFO  manager.ListenerWD - After find element ->>>>By.cssSelector: input[placeholder='Phone']
18:49:39.851  INFO  manager.ListenerWD - Before find element ->>>>By.cssSelector: input[placeholder='email']
18:49:39.860  INFO  manager.ListenerWD - After find element ->>>>By.cssSelector: input[placeholder='email']
18:49:40.457  INFO  manager.ListenerWD - Before find element ->>>>By.cssSelector: input[placeholder='Address']
18:49:40.469  INFO  manager.ListenerWD - After find element ->>>>By.cssSelector: input[placeholder='Address']
18:49:41.043  INFO  manager.ListenerWD - Before find element ->>>>By.cssSelector: input[placeholder='description']
18:49:41.053  INFO  manager.ListenerWD - After find element ->>>>By.cssSelector: input[placeholder='description']
18:49:41.655  INFO  manager.ListenerWD - Before find element ->>>>By.xpath: //b[text()='Save']
18:49:41.663  INFO  manager.ListenerWD - After find element ->>>>By.xpath: //b[text()='Save']
18:49:41.685  INFO  manager.ListenerWD - Before find elements ->>>>By.cssSelector: a.active[href='/add']
18:49:41.696  INFO  manager.ListenerWD - After find elements ->>>>By.cssSelector: a.active[href='/add']
18:49:41.696  INFO  manager.ListenerWD - List suze is ->>>>1
18:49:41.696  INFO  manager.ListenerTNG - onTestSuccess ->>>>>>addNewContactWrongLastName
18:49:41.696  INFO  tests.TestBase - The name of starts method is --->addNewContactWrongName
18:49:42.712  INFO  manager.ListenerWD - Before find elements ->>>>By.xpath: //button[text()='Sign Out']
18:49:42.722  INFO  manager.ListenerWD - After find elements ->>>>By.xpath: //button[text()='Sign Out']
18:49:42.722  INFO  manager.ListenerWD - List suze is ->>>>1
18:49:42.723  INFO  manager.ListenerTNG - onTestStart->>>>>addNewContactWrongName
18:49:42.723  INFO  manager.ListenerWD - Before find element ->>>>By.cssSelector: a[href='/add']
18:49:42.733  INFO  manager.ListenerWD - After find element ->>>>By.cssSelector: a[href='/add']
18:49:42.758  INFO  manager.ListenerWD - Before find element ->>>>By.cssSelector: input[placeholder='Name']
18:49:42.768  INFO  manager.ListenerWD - After find element ->>>>By.cssSelector: input[placeholder='Name']
18:49:43.356  INFO  manager.ListenerWD - Before find element ->>>>By.cssSelector: input[placeholder='Last Name']
18:49:43.365  INFO  manager.ListenerWD - After find element ->>>>By.cssSelector: input[placeholder='Last Name']
18:49:43.956  INFO  manager.ListenerWD - Before find element ->>>>By.cssSelector: input[placeholder='Phone']
18:49:43.966  INFO  manager.ListenerWD - After find element ->>>>By.cssSelector: input[placeholder='Phone']
18:49:44.588  INFO  manager.ListenerWD - Before find element ->>>>By.cssSelector: input[placeholder='email']
18:49:44.597  INFO  manager.ListenerWD - After find element ->>>>By.cssSelector: input[placeholder='email']
18:49:45.209  INFO  manager.ListenerWD - Before find element ->>>>By.cssSelector: input[placeholder='Address']
18:49:45.221  INFO  manager.ListenerWD - After find element ->>>>By.cssSelector: input[placeholder='Address']
18:49:45.817  INFO  manager.ListenerWD - Before find element ->>>>By.cssSelector: input[placeholder='description']
18:49:45.827  INFO  manager.ListenerWD - After find element ->>>>By.cssSelector: input[placeholder='description']
18:49:46.413  INFO  manager.ListenerWD - Before find element ->>>>By.xpath: //b[text()='Save']
18:49:46.424  INFO  manager.ListenerWD - After find element ->>>>By.xpath: //b[text()='Save']
18:49:46.443  INFO  manager.ListenerWD - Before find elements ->>>>By.cssSelector: a.active[href='/add']
18:49:46.455  INFO  manager.ListenerWD - After find elements ->>>>By.cssSelector: a.active[href='/add']
18:49:46.455  INFO  manager.ListenerWD - List suze is ->>>>1
18:49:46.455  INFO  manager.ListenerTNG - onTestSuccess ->>>>>>addNewContactWrongName
18:49:46.456  INFO  tests.TestBase - The name of starts method is --->addNewContactWrongPhone
18:49:47.466  INFO  manager.ListenerWD - Before find elements ->>>>By.xpath: //button[text()='Sign Out']
18:49:47.477  INFO  manager.ListenerWD - After find elements ->>>>By.xpath: //button[text()='Sign Out']
18:49:47.477  INFO  manager.ListenerWD - List suze is ->>>>1
18:49:47.477  INFO  manager.ListenerTNG - onTestStart->>>>>addNewContactWrongPhone
18:49:47.477  INFO  manager.ListenerWD - Before find element ->>>>By.cssSelector: a[href='/add']
18:49:47.488  INFO  manager.ListenerWD - After find element ->>>>By.cssSelector: a[href='/add']
18:49:47.512  INFO  manager.ListenerWD - Before find element ->>>>By.cssSelector: input[placeholder='Name']
18:49:47.522  INFO  manager.ListenerWD - After find element ->>>>By.cssSelector: input[placeholder='Name']
18:49:48.111  INFO  manager.ListenerWD - Before find element ->>>>By.cssSelector: input[placeholder='Last Name']
18:49:48.121  INFO  manager.ListenerWD - After find element ->>>>By.cssSelector: input[placeholder='Last Name']
18:49:48.705  INFO  manager.ListenerWD - Before find element ->>>>By.cssSelector: input[placeholder='Phone']
18:49:48.715  INFO  manager.ListenerWD - After find element ->>>>By.cssSelector: input[placeholder='Phone']
18:49:49.310  INFO  manager.ListenerWD - Before find element ->>>>By.cssSelector: input[placeholder='email']
18:49:49.321  INFO  manager.ListenerWD - After find element ->>>>By.cssSelector: input[placeholder='email']
18:49:49.923  INFO  manager.ListenerWD - Before find element ->>>>By.cssSelector: input[placeholder='Address']
18:49:49.934  INFO  manager.ListenerWD - After find element ->>>>By.cssSelector: input[placeholder='Address']
18:49:50.525  INFO  manager.ListenerWD - Before find element ->>>>By.cssSelector: input[placeholder='description']
18:49:50.535  INFO  manager.ListenerWD - After find element ->>>>By.cssSelector: input[placeholder='description']
18:49:51.150  INFO  manager.ListenerWD - Before find element ->>>>By.xpath: //b[text()='Save']
18:49:51.160  INFO  manager.ListenerWD - After find element ->>>>By.xpath: //b[text()='Save']
18:49:51.182  INFO  manager.ListenerWD - Before find elements ->>>>By.cssSelector: a.active[href='/add']
18:49:51.192  INFO  manager.ListenerWD - After find elements ->>>>By.cssSelector: a.active[href='/add']
18:49:51.192  INFO  manager.ListenerWD - List suze is ->>>>1
18:49:51.197  INFO  manager.ListenerWD - The have a 'problem'
18:49:51.197  INFO  manager.ListenerWD - ++++++++++++++++++++++++++++++++++++
18:49:51.197  INFO  manager.ListenerWD - Method method ->>>>alert
18:49:51.197  INFO  manager.ListenerWD - ++++++++++++++++++++++++++
18:49:51.197  INFO  manager.ListenerWD - InvocationTargetException getTargetException() org.openqa.selenium.NoAlertPresentException: no such alert
  (Session info: chrome=109.0.5414.120)
Build info: version: '4.7.1', revision: 'c6795baf1a3'
System info: os.name: 'Windows 10', os.arch: 'amd64', os.version: '10.0', java.version: '11.0.17'
Driver info: org.openqa.selenium.chrome.ChromeDriver
Command: [6706e1b92cddf6ffb9b6268f3de82411, getAlertText {}]
Capabilities {acceptInsecureCerts: false, browserName: chrome, browserVersion: 109.0.5414.120, chrome: {chromedriverVersion: 109.0.5414.74 (e7c5703604da..., userDataDir: C:\Users\97252\AppData\Loca...}, goog:chromeOptions: {debuggerAddress: localhost:57611}, networkConnectionEnabled: false, pageLoadStrategy: normal, platformName: WINDOWS, proxy: Proxy(), se:cdp: ws://localhost:57611/devtoo..., se:cdpVersion: 109.0.5414.120, setWindowRect: true, strictFileInteractability: false, timeouts: {implicit: 0, pageLoad: 300000, script: 30000}, unhandledPromptBehavior: dismiss and notify, webauthn:extension:credBlob: true, webauthn:extension:largeBlob: true, webauthn:virtualAuthenticators: true}
Session ID: 6706e1b92cddf6ffb9b6268f3de82411
18:49:51.197  INFO  manager.ListenerWD - ++++++++++++++++++++++++++
18:49:51.197  INFO  manager.ListenerWD - Object target ->>>>>>org.openqa.selenium.remote.RemoteWebDriver$RemoteTargetLocator@5599dc60
18:49:51.197  INFO  manager.ListenerWD - ++++++++++++++++++++++++++
18:49:52.233  INFO  manager.ListenerTNG - onTestSuccess ->>>>>>addNewContactWrongPhone
18:49:52.237  INFO  tests.TestBase - The name of starts method is --->loginSuccess
18:49:52.239  INFO  manager.ListenerTNG - onTestStart->>>>>loginSuccess
18:49:52.240  INFO  manager.ListenerTNG - onTestSkipped->>>>>loginSuccess
18:49:52.240  INFO  manager.ListenerTNG - onTestStart->>>>>loginSuccess
18:49:52.240  INFO  manager.ListenerTNG - onTestSkipped->>>>>loginSuccess
18:49:52.241  INFO  manager.ListenerTNG - onTestStart->>>>>loginSuccess
18:49:52.241  INFO  manager.ListenerTNG - onTestSkipped->>>>>loginSuccess
18:49:52.243  INFO  manager.ListenerTNG - onTestStart->>>>>loginSuccess2
18:49:52.243  INFO  manager.ListenerTNG - onTestSkipped->>>>>loginSuccess2
18:49:52.244  INFO  manager.ListenerTNG - onTestStart->>>>>loginSuccess2
18:49:52.244  INFO  manager.ListenerTNG - onTestSkipped->>>>>loginSuccess2
18:49:52.245  INFO  manager.ListenerTNG - onTestStart->>>>>loginSuccess2
18:49:52.246  INFO  manager.ListenerTNG - onTestSkipped->>>>>loginSuccess2
18:49:52.247  INFO  manager.ListenerTNG - onTestStart->>>>>loginSuccessModel
18:49:52.253  INFO  manager.ListenerTNG - onTestSkipped->>>>>loginSuccessModel
18:49:52.253  INFO  manager.ListenerTNG - onTestStart->>>>>loginSuccessModel
18:49:52.254  INFO  manager.ListenerTNG - onTestSkipped->>>>>loginSuccessModel
18:49:52.255  INFO  manager.ListenerTNG - onTestStart->>>>>loginSuccessModel
18:49:52.255  INFO  manager.ListenerTNG - onTestSkipped->>>>>loginSuccessModel
18:49:52.256  INFO  manager.ListenerTNG - onTestStart->>>>>loginSuccessModelFromFile
18:49:52.256  INFO  manager.ListenerTNG - onTestSkipped->>>>>loginSuccessModelFromFile
18:49:52.257  INFO  manager.ListenerTNG - onTestStart->>>>>loginSuccessModelFromFile
18:49:52.257  INFO  manager.ListenerTNG - onTestSkipped->>>>>loginSuccessModelFromFile
18:49:52.258  INFO  manager.ListenerTNG - onTestStart->>>>>loginSuccessModelFromFile
18:49:52.258  INFO  manager.ListenerTNG - onTestSkipped->>>>>loginSuccessModelFromFile
18:49:52.259  INFO  manager.ListenerTNG - onTestStart->>>>>loginSuccessNew
18:49:52.259  INFO  manager.ListenerTNG - onTestSkipped->>>>>loginSuccessNew
18:49:52.259  INFO  manager.ListenerTNG - onTestStart->>>>>loginSuccessNew
18:49:52.259  INFO  manager.ListenerTNG - onTestSkipped->>>>>loginSuccessNew
18:49:52.260  INFO  manager.ListenerTNG - onTestStart->>>>>loginUnregisterUser
18:49:52.260  INFO  manager.ListenerTNG - onTestSkipped->>>>>loginUnregisterUser
18:49:52.261  INFO  manager.ListenerTNG - onTestStart->>>>>loginWrongEmail
18:49:52.261  INFO  manager.ListenerTNG - onTestSkipped->>>>>loginWrongEmail
18:49:52.262  INFO  manager.ListenerTNG - onTestStart->>>>>loginWrongPassword
18:49:52.263  INFO  manager.ListenerTNG - onTestSkipped->>>>>loginWrongPassword
18:49:52.264  INFO  tests.TestBase - The name of starts method is --->registrationSuccess
18:49:52.264  INFO  manager.ListenerTNG - onTestStart->>>>>registrationSuccess
18:49:52.266  INFO  manager.ListenerTNG - onTestFailure->>>>>registrationSuccess
18:49:52.267  INFO  tests.TestBase - The name of starts method is --->registrationUserAlreadyExists
18:49:52.267  INFO  manager.ListenerTNG - onTestStart->>>>>registrationUserAlreadyExists
18:49:52.267  INFO  manager.ListenerTNG - onTestFailure->>>>>registrationUserAlreadyExists
18:49:52.267  INFO  tests.TestBase - The name of starts method is --->registrationWrongEmail
18:49:52.268  INFO  manager.ListenerTNG - onTestStart->>>>>registrationWrongEmail
18:49:52.268  INFO  manager.ListenerTNG - onTestFailure->>>>>registrationWrongEmail
18:49:52.269  INFO  tests.TestBase - The name of starts method is --->registrationWrongPassword
18:49:52.269  INFO  manager.ListenerTNG - onTestStart->>>>>registrationWrongPassword
18:49:52.269  INFO  manager.ListenerTNG - onTestFailure->>>>>registrationWrongPassword
18:49:52.271  INFO  manager.ListenerTNG - onFinish->>>>>Gradle test
