18:39:21.844  INFO  manager.ApplicationManager - All tests star in Chrome Browser
18:39:23.246  INFO  manager.ApplicationManager - Current Url -->https://telranedu.web.app/home
18:39:23.250  INFO  manager.ListenerTNG - onStart->>>>>Gradle test
18:39:23.284  INFO  tests.TestBase - The name of starts method is --->addContactSuccessAllFields
18:39:24.300  INFO  manager.ListenerWD - Before find elements ->>>>By.xpath: //button[text()='Sign Out']
18:39:29.361  INFO  manager.ListenerWD - After find elements ->>>>By.xpath: //button[text()='Sign Out']
18:39:29.364  INFO  manager.ListenerWD - List suze is ->>>>0
18:39:29.373  INFO  manager.ListenerWD - Before find element ->>>>By.cssSelector: a[href='/login']
18:39:29.406  INFO  manager.ListenerWD - After find element ->>>>By.cssSelector: a[href='/login']
18:39:29.475  INFO  manager.ListenerWD - Before find element ->>>>By.name: email
18:39:29.504  INFO  manager.ListenerWD - After find element ->>>>By.name: email
18:39:30.161  INFO  manager.ListenerWD - Before find element ->>>>By.name: password
18:39:30.183  INFO  manager.ListenerWD - After find element ->>>>By.name: password
18:39:30.802  INFO  manager.ListenerWD - Before find element ->>>>By.cssSelector: [name='login']
18:39:30.825  INFO  manager.ListenerWD - After find element ->>>>By.cssSelector: [name='login']
18:39:30.858  INFO  manager.ListenerTNG - onTestStart->>>>>addContactSuccessAllFields
18:39:30.884  INFO  tests.TestBase - Tests start with data : Contact(name=Lisa1373, lastName=Simpson, phone=11111111373, email=reshef19861373@gmail.com, address=NY, description=All fields)
18:39:30.884  INFO  manager.ListenerWD - Before find element ->>>>By.cssSelector: a[href='/add']
18:39:31.727  INFO  manager.ListenerWD - After find element ->>>>By.cssSelector: a[href='/add']
18:39:31.768  INFO  manager.ListenerWD - Before find element ->>>>By.cssSelector: input[placeholder='Name']
18:39:31.796  INFO  manager.ListenerWD - After find element ->>>>By.cssSelector: input[placeholder='Name']
18:39:32.419  INFO  manager.ListenerWD - Before find element ->>>>By.cssSelector: input[placeholder='Last Name']
18:39:32.439  INFO  manager.ListenerWD - After find element ->>>>By.cssSelector: input[placeholder='Last Name']
18:39:33.043  INFO  manager.ListenerWD - Before find element ->>>>By.cssSelector: input[placeholder='Phone']
18:39:33.063  INFO  manager.ListenerWD - After find element ->>>>By.cssSelector: input[placeholder='Phone']
18:39:33.671  INFO  manager.ListenerWD - Before find element ->>>>By.cssSelector: input[placeholder='email']
18:39:33.693  INFO  manager.ListenerWD - After find element ->>>>By.cssSelector: input[placeholder='email']
18:39:34.326  INFO  manager.ListenerWD - Before find element ->>>>By.cssSelector: input[placeholder='Address']
18:39:34.346  INFO  manager.ListenerWD - After find element ->>>>By.cssSelector: input[placeholder='Address']
18:39:34.953  INFO  manager.ListenerWD - Before find element ->>>>By.cssSelector: input[placeholder='description']
18:39:34.971  INFO  manager.ListenerWD - After find element ->>>>By.cssSelector: input[placeholder='description']
18:39:35.600  INFO  manager.ListenerWD - Before find element ->>>>By.xpath: //b[text()='Save']
18:39:35.626  INFO  manager.ListenerWD - After find element ->>>>By.xpath: //b[text()='Save']
18:39:35.664  INFO  manager.ListenerWD - Before find elements ->>>>By.cssSelector: h2
18:39:36.549  INFO  manager.ListenerWD - After find elements ->>>>By.cssSelector: h2
18:39:36.550  INFO  manager.ListenerWD - List suze is ->>>>52
18:39:37.179  INFO  manager.ListenerWD - Before find elements ->>>>By.cssSelector: h3
18:39:37.476  INFO  manager.ListenerWD - After find elements ->>>>By.cssSelector: h3
18:39:37.476  INFO  manager.ListenerWD - List suze is ->>>>52
18:39:38.105  INFO  manager.ListenerWD - Before find elements ->>>>By.cssSelector: .contact-item_card__2SOIM
18:39:38.372  INFO  manager.ListenerWD - After find elements ->>>>By.cssSelector: .contact-item_card__2SOIM
18:39:38.372  INFO  manager.ListenerWD - List suze is ->>>>52
18:39:38.428  INFO  manager.ListenerWD - Before find element ->>>>By.cssSelector: .contact-item-detailed_card__50dTS
18:39:38.449  INFO  manager.ListenerWD - After find element ->>>>By.cssSelector: .contact-item-detailed_card__50dTS
18:39:38.515  INFO  manager.ListenerWD - Before find element ->>>>By.cssSelector: .contact-item-detailed_card__50dTS
18:39:38.532  INFO  manager.ListenerWD - After find element ->>>>By.cssSelector: .contact-item-detailed_card__50dTS
18:39:38.589  INFO  manager.ListenerWD - Before find element ->>>>By.cssSelector: .contact-item-detailed_card__50dTS
18:39:38.604  INFO  manager.ListenerWD - After find element ->>>>By.cssSelector: .contact-item-detailed_card__50dTS
18:39:38.657  INFO  manager.ListenerWD - Before find element ->>>>By.cssSelector: .contact-item-detailed_card__50dTS
18:39:38.669  INFO  manager.ListenerWD - After find element ->>>>By.cssSelector: .contact-item-detailed_card__50dTS
18:39:38.707  INFO  manager.ListenerWD - Before find element ->>>>By.cssSelector: .contact-item-detailed_card__50dTS
18:39:38.718  INFO  manager.ListenerWD - After find element ->>>>By.cssSelector: .contact-item-detailed_card__50dTS
18:39:38.762  INFO  manager.ListenerWD - Before find element ->>>>By.cssSelector: .contact-item-detailed_card__50dTS
18:39:38.772  INFO  manager.ListenerWD - After find element ->>>>By.cssSelector: .contact-item-detailed_card__50dTS
18:39:38.809  INFO  manager.ListenerWD - Before find element ->>>>By.cssSelector: .contact-item-detailed_card__50dTS
18:39:38.821  INFO  manager.ListenerWD - After find element ->>>>By.cssSelector: .contact-item-detailed_card__50dTS
18:39:38.859  INFO  manager.ListenerWD - Before find element ->>>>By.cssSelector: .contact-item-detailed_card__50dTS
18:39:38.872  INFO  manager.ListenerWD - After find element ->>>>By.cssSelector: .contact-item-detailed_card__50dTS
18:39:38.916  INFO  manager.ListenerWD - Before find element ->>>>By.cssSelector: .contact-item-detailed_card__50dTS
18:39:38.930  INFO  manager.ListenerWD - After find element ->>>>By.cssSelector: .contact-item-detailed_card__50dTS
18:39:38.989  INFO  manager.ListenerWD - Before find element ->>>>By.cssSelector: .contact-item-detailed_card__50dTS
18:39:39.005  INFO  manager.ListenerWD - After find element ->>>>By.cssSelector: .contact-item-detailed_card__50dTS
18:39:39.058  INFO  manager.ListenerWD - Before find element ->>>>By.cssSelector: .contact-item-detailed_card__50dTS
18:39:39.070  INFO  manager.ListenerWD - After find element ->>>>By.cssSelector: .contact-item-detailed_card__50dTS
18:39:39.122  INFO  manager.ListenerWD - Before find element ->>>>By.cssSelector: .contact-item-detailed_card__50dTS
18:39:39.135  INFO  manager.ListenerWD - After find element ->>>>By.cssSelector: .contact-item-detailed_card__50dTS
18:39:39.180  INFO  manager.ListenerWD - Before find element ->>>>By.cssSelector: .contact-item-detailed_card__50dTS
18:39:39.191  INFO  manager.ListenerWD - After find element ->>>>By.cssSelector: .contact-item-detailed_card__50dTS
18:39:39.242  INFO  manager.ListenerWD - Before find element ->>>>By.cssSelector: .contact-item-detailed_card__50dTS
18:39:39.256  INFO  manager.ListenerWD - After find element ->>>>By.cssSelector: .contact-item-detailed_card__50dTS
18:39:39.307  INFO  manager.ListenerWD - Before find element ->>>>By.cssSelector: .contact-item-detailed_card__50dTS
18:39:39.320  INFO  manager.ListenerWD - After find element ->>>>By.cssSelector: .contact-item-detailed_card__50dTS
18:39:39.366  INFO  manager.ListenerWD - Before find element ->>>>By.cssSelector: .contact-item-detailed_card__50dTS
18:39:39.381  INFO  manager.ListenerWD - After find element ->>>>By.cssSelector: .contact-item-detailed_card__50dTS
18:39:39.434  INFO  manager.ListenerWD - Before find element ->>>>By.cssSelector: .contact-item-detailed_card__50dTS
18:39:39.447  INFO  manager.ListenerWD - After find element ->>>>By.cssSelector: .contact-item-detailed_card__50dTS
18:39:39.488  INFO  manager.ListenerWD - Before find element ->>>>By.cssSelector: .contact-item-detailed_card__50dTS
18:39:39.499  INFO  manager.ListenerWD - After find element ->>>>By.cssSelector: .contact-item-detailed_card__50dTS
18:39:39.543  INFO  manager.ListenerWD - Before find element ->>>>By.cssSelector: .contact-item-detailed_card__50dTS
18:39:39.553  INFO  manager.ListenerWD - After find element ->>>>By.cssSelector: .contact-item-detailed_card__50dTS
18:39:39.590  INFO  manager.ListenerWD - Before find element ->>>>By.cssSelector: .contact-item-detailed_card__50dTS
18:39:39.601  INFO  manager.ListenerWD - After find element ->>>>By.cssSelector: .contact-item-detailed_card__50dTS
18:39:39.638  INFO  manager.ListenerWD - Before find element ->>>>By.cssSelector: .contact-item-detailed_card__50dTS
18:39:39.649  INFO  manager.ListenerWD - After find element ->>>>By.cssSelector: .contact-item-detailed_card__50dTS
18:39:39.685  INFO  manager.ListenerWD - Before find element ->>>>By.cssSelector: .contact-item-detailed_card__50dTS
18:39:39.696  INFO  manager.ListenerWD - After find element ->>>>By.cssSelector: .contact-item-detailed_card__50dTS
18:39:39.732  INFO  manager.ListenerWD - Before find element ->>>>By.cssSelector: .contact-item-detailed_card__50dTS
18:39:39.740  INFO  manager.ListenerWD - After find element ->>>>By.cssSelector: .contact-item-detailed_card__50dTS
18:39:39.780  INFO  manager.ListenerWD - Before find element ->>>>By.cssSelector: .contact-item-detailed_card__50dTS
18:39:39.789  INFO  manager.ListenerWD - After find element ->>>>By.cssSelector: .contact-item-detailed_card__50dTS
18:39:39.827  INFO  manager.ListenerWD - Before find element ->>>>By.cssSelector: .contact-item-detailed_card__50dTS
18:39:39.837  INFO  manager.ListenerWD - After find element ->>>>By.cssSelector: .contact-item-detailed_card__50dTS
18:39:39.874  INFO  manager.ListenerWD - Before find element ->>>>By.cssSelector: .contact-item-detailed_card__50dTS
18:39:39.884  INFO  manager.ListenerWD - After find element ->>>>By.cssSelector: .contact-item-detailed_card__50dTS
18:39:39.922  INFO  manager.ListenerWD - Before find element ->>>>By.cssSelector: .contact-item-detailed_card__50dTS
18:39:39.933  INFO  manager.ListenerWD - After find element ->>>>By.cssSelector: .contact-item-detailed_card__50dTS
18:39:39.969  INFO  manager.ListenerWD - Before find element ->>>>By.cssSelector: .contact-item-detailed_card__50dTS
18:39:39.980  INFO  manager.ListenerWD - After find element ->>>>By.cssSelector: .contact-item-detailed_card__50dTS
18:39:40.020  INFO  manager.ListenerWD - Before find element ->>>>By.cssSelector: .contact-item-detailed_card__50dTS
18:39:40.031  INFO  manager.ListenerWD - After find element ->>>>By.cssSelector: .contact-item-detailed_card__50dTS
18:39:40.069  INFO  manager.ListenerWD - Before find element ->>>>By.cssSelector: .contact-item-detailed_card__50dTS
18:39:40.081  INFO  manager.ListenerWD - After find element ->>>>By.cssSelector: .contact-item-detailed_card__50dTS
18:39:40.136  INFO  manager.ListenerWD - Before find element ->>>>By.cssSelector: .contact-item-detailed_card__50dTS
18:39:40.150  INFO  manager.ListenerWD - After find element ->>>>By.cssSelector: .contact-item-detailed_card__50dTS
18:39:40.210  INFO  manager.ListenerWD - Before find element ->>>>By.cssSelector: .contact-item-detailed_card__50dTS
18:39:40.228  INFO  manager.ListenerWD - After find element ->>>>By.cssSelector: .contact-item-detailed_card__50dTS
18:39:40.286  INFO  manager.ListenerWD - Before find element ->>>>By.cssSelector: .contact-item-detailed_card__50dTS
18:39:40.297  INFO  manager.ListenerWD - After find element ->>>>By.cssSelector: .contact-item-detailed_card__50dTS
18:39:40.341  INFO  manager.ListenerWD - Before find element ->>>>By.cssSelector: .contact-item-detailed_card__50dTS
18:39:40.354  INFO  manager.ListenerWD - After find element ->>>>By.cssSelector: .contact-item-detailed_card__50dTS
18:39:40.403  INFO  manager.ListenerWD - Before find element ->>>>By.cssSelector: .contact-item-detailed_card__50dTS
18:39:40.417  INFO  manager.ListenerWD - After find element ->>>>By.cssSelector: .contact-item-detailed_card__50dTS
18:39:40.476  INFO  manager.ListenerWD - Before find element ->>>>By.cssSelector: .contact-item-detailed_card__50dTS
18:39:40.488  INFO  manager.ListenerWD - After find element ->>>>By.cssSelector: .contact-item-detailed_card__50dTS
18:39:40.536  INFO  manager.ListenerWD - Before find element ->>>>By.cssSelector: .contact-item-detailed_card__50dTS
18:39:40.548  INFO  manager.ListenerWD - After find element ->>>>By.cssSelector: .contact-item-detailed_card__50dTS
18:39:40.592  INFO  manager.ListenerWD - Before find element ->>>>By.cssSelector: .contact-item-detailed_card__50dTS
18:39:40.604  INFO  manager.ListenerWD - After find element ->>>>By.cssSelector: .contact-item-detailed_card__50dTS
18:39:40.655  INFO  manager.ListenerWD - Before find element ->>>>By.cssSelector: .contact-item-detailed_card__50dTS
18:39:40.668  INFO  manager.ListenerWD - After find element ->>>>By.cssSelector: .contact-item-detailed_card__50dTS
18:39:40.714  INFO  manager.ListenerWD - Before find element ->>>>By.cssSelector: .contact-item-detailed_card__50dTS
18:39:40.728  INFO  manager.ListenerWD - After find element ->>>>By.cssSelector: .contact-item-detailed_card__50dTS
18:39:40.767  INFO  manager.ListenerWD - Before find element ->>>>By.cssSelector: .contact-item-detailed_card__50dTS
18:39:40.780  INFO  manager.ListenerWD - After find element ->>>>By.cssSelector: .contact-item-detailed_card__50dTS
18:39:40.816  INFO  manager.ListenerWD - Before find element ->>>>By.cssSelector: .contact-item-detailed_card__50dTS
18:39:40.826  INFO  manager.ListenerWD - After find element ->>>>By.cssSelector: .contact-item-detailed_card__50dTS
18:39:40.862  INFO  manager.ListenerWD - Before find element ->>>>By.cssSelector: .contact-item-detailed_card__50dTS
18:39:40.871  INFO  manager.ListenerWD - After find element ->>>>By.cssSelector: .contact-item-detailed_card__50dTS
18:39:40.908  INFO  manager.ListenerWD - Before find element ->>>>By.cssSelector: .contact-item-detailed_card__50dTS
18:39:40.920  INFO  manager.ListenerWD - After find element ->>>>By.cssSelector: .contact-item-detailed_card__50dTS
18:39:40.965  INFO  manager.ListenerWD - Before find element ->>>>By.cssSelector: .contact-item-detailed_card__50dTS
18:39:40.980  INFO  manager.ListenerWD - After find element ->>>>By.cssSelector: .contact-item-detailed_card__50dTS
18:39:41.028  INFO  manager.ListenerWD - Before find element ->>>>By.cssSelector: .contact-item-detailed_card__50dTS
18:39:41.041  INFO  manager.ListenerWD - After find element ->>>>By.cssSelector: .contact-item-detailed_card__50dTS
18:39:41.086  INFO  manager.ListenerWD - Before find element ->>>>By.cssSelector: .contact-item-detailed_card__50dTS
18:39:41.097  INFO  manager.ListenerWD - After find element ->>>>By.cssSelector: .contact-item-detailed_card__50dTS
18:39:41.134  INFO  manager.ListenerWD - Before find element ->>>>By.cssSelector: .contact-item-detailed_card__50dTS
18:39:41.144  INFO  manager.ListenerWD - After find element ->>>>By.cssSelector: .contact-item-detailed_card__50dTS
18:39:41.182  INFO  manager.ListenerWD - Before find element ->>>>By.cssSelector: .contact-item-detailed_card__50dTS
18:39:41.193  INFO  manager.ListenerWD - After find element ->>>>By.cssSelector: .contact-item-detailed_card__50dTS
18:39:41.230  INFO  manager.ListenerWD - Before find element ->>>>By.cssSelector: .contact-item-detailed_card__50dTS
18:39:41.241  INFO  manager.ListenerWD - After find element ->>>>By.cssSelector: .contact-item-detailed_card__50dTS
18:39:41.284  INFO  manager.ListenerWD - Before find element ->>>>By.cssSelector: .contact-item-detailed_card__50dTS
18:39:41.298  INFO  manager.ListenerWD - After find element ->>>>By.cssSelector: .contact-item-detailed_card__50dTS
18:39:41.346  INFO  manager.ListenerWD - Before find element ->>>>By.cssSelector: .contact-item-detailed_card__50dTS
18:39:41.357  INFO  manager.ListenerWD - After find element ->>>>By.cssSelector: .contact-item-detailed_card__50dTS
18:39:41.370  INFO  manager.ListenerTNG - onTestSuccess ->>>>>>addContactSuccessAllFields
18:39:41.372  INFO  tests.TestBase - The name of starts method is --->addContactSuccessRequiredFields
18:39:42.375  INFO  manager.ListenerWD - Before find elements ->>>>By.xpath: //button[text()='Sign Out']
18:39:42.405  INFO  manager.ListenerWD - After find elements ->>>>By.xpath: //button[text()='Sign Out']
18:39:42.405  INFO  manager.ListenerWD - List suze is ->>>>1
18:39:42.406  INFO  manager.ListenerTNG - onTestStart->>>>>addContactSuccessRequiredFields
18:39:42.407  INFO  manager.ListenerWD - Before find element ->>>>By.cssSelector: a[href='/add']
18:39:42.419  INFO  manager.ListenerWD - After find element ->>>>By.cssSelector: a[href='/add']
18:39:42.451  INFO  manager.ListenerWD - Before find element ->>>>By.cssSelector: input[placeholder='Name']
18:39:42.464  INFO  manager.ListenerWD - After find element ->>>>By.cssSelector: input[placeholder='Name']
18:39:43.072  INFO  manager.ListenerWD - Before find element ->>>>By.cssSelector: input[placeholder='Last Name']
18:39:43.082  INFO  manager.ListenerWD - After find element ->>>>By.cssSelector: input[placeholder='Last Name']
18:39:43.692  INFO  manager.ListenerWD - Before find element ->>>>By.cssSelector: input[placeholder='Phone']
18:39:43.702  INFO  manager.ListenerWD - After find element ->>>>By.cssSelector: input[placeholder='Phone']
18:39:44.318  INFO  manager.ListenerWD - Before find element ->>>>By.cssSelector: input[placeholder='email']
18:39:44.329  INFO  manager.ListenerWD - After find element ->>>>By.cssSelector: input[placeholder='email']
18:39:44.952  INFO  manager.ListenerWD - Before find element ->>>>By.cssSelector: input[placeholder='Address']
18:39:44.963  INFO  manager.ListenerWD - After find element ->>>>By.cssSelector: input[placeholder='Address']
18:39:45.562  INFO  manager.ListenerWD - Before find element ->>>>By.cssSelector: input[placeholder='description']
18:39:45.571  INFO  manager.ListenerWD - After find element ->>>>By.cssSelector: input[placeholder='description']
18:39:46.135  INFO  manager.ListenerWD - Before find element ->>>>By.xpath: //b[text()='Save']
18:39:46.146  INFO  manager.ListenerWD - After find element ->>>>By.xpath: //b[text()='Save']
18:39:46.179  INFO  manager.ListenerWD - Before find elements ->>>>By.cssSelector: h2
18:39:46.724  INFO  manager.ListenerWD - After find elements ->>>>By.cssSelector: h2
18:39:46.725  INFO  manager.ListenerWD - List suze is ->>>>53
18:39:47.392  INFO  manager.ListenerWD - Before find elements ->>>>By.cssSelector: h3
18:39:47.549  INFO  manager.ListenerWD - After find elements ->>>>By.cssSelector: h3
18:39:47.549  INFO  manager.ListenerWD - List suze is ->>>>53
18:39:48.233  INFO  manager.ListenerTNG - onTestSuccess ->>>>>>addContactSuccessRequiredFields
18:39:48.233  INFO  tests.TestBase - The name of starts method is --->addNewContactWrongAddress
18:39:49.238  INFO  manager.ListenerWD - Before find elements ->>>>By.xpath: //button[text()='Sign Out']
18:39:49.248  INFO  manager.ListenerWD - After find elements ->>>>By.xpath: //button[text()='Sign Out']
18:39:49.248  INFO  manager.ListenerWD - List suze is ->>>>1
18:39:49.249  INFO  manager.ListenerTNG - onTestStart->>>>>addNewContactWrongAddress
18:39:49.249  INFO  manager.ListenerWD - Before find element ->>>>By.cssSelector: a[href='/add']
18:39:49.259  INFO  manager.ListenerWD - After find element ->>>>By.cssSelector: a[href='/add']
18:39:49.284  INFO  manager.ListenerWD - Before find element ->>>>By.cssSelector: input[placeholder='Name']
18:39:49.299  INFO  manager.ListenerWD - After find element ->>>>By.cssSelector: input[placeholder='Name']
18:39:49.908  INFO  manager.ListenerWD - Before find element ->>>>By.cssSelector: input[placeholder='Last Name']
18:39:49.917  INFO  manager.ListenerWD - After find element ->>>>By.cssSelector: input[placeholder='Last Name']
18:39:50.509  INFO  manager.ListenerWD - Before find element ->>>>By.cssSelector: input[placeholder='Phone']
18:39:50.521  INFO  manager.ListenerWD - After find element ->>>>By.cssSelector: input[placeholder='Phone']
18:39:51.139  INFO  manager.ListenerWD - Before find element ->>>>By.cssSelector: input[placeholder='email']
18:39:51.149  INFO  manager.ListenerWD - After find element ->>>>By.cssSelector: input[placeholder='email']
18:39:51.755  INFO  manager.ListenerWD - Before find element ->>>>By.cssSelector: input[placeholder='Address']
18:39:51.766  INFO  manager.ListenerWD - After find element ->>>>By.cssSelector: input[placeholder='Address']
18:39:52.356  INFO  manager.ListenerWD - Before find element ->>>>By.cssSelector: input[placeholder='description']
18:39:52.367  INFO  manager.ListenerWD - After find element ->>>>By.cssSelector: input[placeholder='description']
18:39:52.982  INFO  manager.ListenerWD - Before find element ->>>>By.xpath: //b[text()='Save']
18:39:52.991  INFO  manager.ListenerWD - After find element ->>>>By.xpath: //b[text()='Save']
18:39:53.022  INFO  manager.ListenerWD - Before find elements ->>>>By.cssSelector: a.active[href='/add']
18:39:53.035  INFO  manager.ListenerWD - After find elements ->>>>By.cssSelector: a.active[href='/add']
18:39:53.035  INFO  manager.ListenerWD - List suze is ->>>>1
18:39:53.035  INFO  manager.ListenerTNG - onTestSuccess ->>>>>>addNewContactWrongAddress
18:39:53.036  INFO  tests.TestBase - The name of starts method is --->addNewContactWrongEmail
18:39:54.047  INFO  manager.ListenerWD - Before find elements ->>>>By.xpath: //button[text()='Sign Out']
18:39:54.067  INFO  manager.ListenerWD - After find elements ->>>>By.xpath: //button[text()='Sign Out']
18:39:54.067  INFO  manager.ListenerWD - List suze is ->>>>1
18:39:54.067  INFO  manager.ListenerTNG - onTestStart->>>>>addNewContactWrongEmail
18:39:54.068  INFO  manager.ListenerWD - Before find element ->>>>By.cssSelector: a[href='/add']
18:39:54.078  INFO  manager.ListenerWD - After find element ->>>>By.cssSelector: a[href='/add']
18:39:54.107  INFO  manager.ListenerWD - Before find element ->>>>By.cssSelector: input[placeholder='Name']
18:39:54.120  INFO  manager.ListenerWD - After find element ->>>>By.cssSelector: input[placeholder='Name']
18:39:54.723  INFO  manager.ListenerWD - Before find element ->>>>By.cssSelector: input[placeholder='Last Name']
18:39:54.732  INFO  manager.ListenerWD - After find element ->>>>By.cssSelector: input[placeholder='Last Name']
18:39:55.318  INFO  manager.ListenerWD - Before find element ->>>>By.cssSelector: input[placeholder='Phone']
18:39:55.328  INFO  manager.ListenerWD - After find element ->>>>By.cssSelector: input[placeholder='Phone']
18:39:55.918  INFO  manager.ListenerWD - Before find element ->>>>By.cssSelector: input[placeholder='email']
18:39:55.929  INFO  manager.ListenerWD - After find element ->>>>By.cssSelector: input[placeholder='email']
18:39:56.524  INFO  manager.ListenerWD - Before find element ->>>>By.cssSelector: input[placeholder='Address']
18:39:56.536  INFO  manager.ListenerWD - After find element ->>>>By.cssSelector: input[placeholder='Address']
18:39:57.109  INFO  manager.ListenerWD - Before find element ->>>>By.cssSelector: input[placeholder='description']
18:39:57.117  INFO  manager.ListenerWD - After find element ->>>>By.cssSelector: input[placeholder='description']
18:39:57.719  INFO  manager.ListenerWD - Before find element ->>>>By.xpath: //b[text()='Save']
18:39:57.727  INFO  manager.ListenerWD - After find element ->>>>By.xpath: //b[text()='Save']
18:39:57.746  INFO  manager.ListenerWD - Before find elements ->>>>By.cssSelector: a.active[href='/add']
18:39:57.756  INFO  manager.ListenerWD - After find elements ->>>>By.cssSelector: a.active[href='/add']
18:39:57.756  INFO  manager.ListenerWD - List suze is ->>>>1
18:39:57.772  INFO  manager.ListenerWD - The have a 'problem'
18:39:57.772  INFO  manager.ListenerWD - ++++++++++++++++++++++++++++++++++++
18:39:57.773  INFO  manager.ListenerWD - Method method ->>>>alert
18:39:57.773  INFO  manager.ListenerWD - ++++++++++++++++++++++++++
18:39:57.775  INFO  manager.ListenerWD - InvocationTargetException getTargetException() org.openqa.selenium.NoAlertPresentException: no such alert
  (Session info: chrome=109.0.5414.120)
Build info: version: '4.7.1', revision: 'c6795baf1a3'
System info: os.name: 'Windows 10', os.arch: 'amd64', os.version: '10.0', java.version: '11.0.17'
Driver info: org.openqa.selenium.chrome.ChromeDriver
Command: [1654e31b15fdc434cff50f5807b5b064, getAlertText {}]
Capabilities {acceptInsecureCerts: false, browserName: chrome, browserVersion: 109.0.5414.120, chrome: {chromedriverVersion: 109.0.5414.74 (e7c5703604da..., userDataDir: C:\Users\97252\AppData\Loca...}, goog:chromeOptions: {debuggerAddress: localhost:57499}, networkConnectionEnabled: false, pageLoadStrategy: normal, platformName: WINDOWS, proxy: Proxy(), se:cdp: ws://localhost:57499/devtoo..., se:cdpVersion: 109.0.5414.120, setWindowRect: true, strictFileInteractability: false, timeouts: {implicit: 0, pageLoad: 300000, script: 30000}, unhandledPromptBehavior: dismiss and notify, webauthn:extension:credBlob: true, webauthn:extension:largeBlob: true, webauthn:virtualAuthenticators: true}
Session ID: 1654e31b15fdc434cff50f5807b5b064
18:39:57.775  INFO  manager.ListenerWD - ++++++++++++++++++++++++++
18:39:57.776  INFO  manager.ListenerWD - Object target ->>>>>>org.openqa.selenium.remote.RemoteWebDriver$RemoteTargetLocator@6f2d3391
18:39:57.776  INFO  manager.ListenerWD - ++++++++++++++++++++++++++
18:39:58.813  INFO  manager.ListenerTNG - onTestSuccess ->>>>>>addNewContactWrongEmail
18:39:58.814  INFO  tests.TestBase - The name of starts method is --->addNewContactWrongLastName
18:39:59.825  INFO  manager.ListenerWD - Before find elements ->>>>By.xpath: //button[text()='Sign Out']
18:39:59.836  INFO  manager.ListenerWD - After find elements ->>>>By.xpath: //button[text()='Sign Out']
18:39:59.837  INFO  manager.ListenerWD - List suze is ->>>>1
18:39:59.837  INFO  manager.ListenerTNG - onTestStart->>>>>addNewContactWrongLastName
18:39:59.837  INFO  manager.ListenerWD - Before find element ->>>>By.cssSelector: a[href='/add']
18:39:59.847  INFO  manager.ListenerWD - After find element ->>>>By.cssSelector: a[href='/add']
18:39:59.870  INFO  manager.ListenerWD - Before find element ->>>>By.cssSelector: input[placeholder='Name']
18:39:59.882  INFO  manager.ListenerWD - After find element ->>>>By.cssSelector: input[placeholder='Name']
18:40:00.467  INFO  manager.ListenerWD - Before find element ->>>>By.cssSelector: input[placeholder='Last Name']
18:40:00.477  INFO  manager.ListenerWD - After find element ->>>>By.cssSelector: input[placeholder='Last Name']
18:40:01.064  INFO  manager.ListenerWD - Before find element ->>>>By.cssSelector: input[placeholder='Phone']
18:40:01.074  INFO  manager.ListenerWD - After find element ->>>>By.cssSelector: input[placeholder='Phone']
18:40:01.658  INFO  manager.ListenerWD - Before find element ->>>>By.cssSelector: input[placeholder='email']
18:40:01.668  INFO  manager.ListenerWD - After find element ->>>>By.cssSelector: input[placeholder='email']
18:40:02.269  INFO  manager.ListenerWD - Before find element ->>>>By.cssSelector: input[placeholder='Address']
18:40:02.278  INFO  manager.ListenerWD - After find element ->>>>By.cssSelector: input[placeholder='Address']
18:40:02.852  INFO  manager.ListenerWD - Before find element ->>>>By.cssSelector: input[placeholder='description']
18:40:02.861  INFO  manager.ListenerWD - After find element ->>>>By.cssSelector: input[placeholder='description']
18:40:03.459  INFO  manager.ListenerWD - Before find element ->>>>By.xpath: //b[text()='Save']
18:40:03.468  INFO  manager.ListenerWD - After find element ->>>>By.xpath: //b[text()='Save']
18:40:03.486  INFO  manager.ListenerWD - Before find elements ->>>>By.cssSelector: a.active[href='/add']
18:40:03.496  INFO  manager.ListenerWD - After find elements ->>>>By.cssSelector: a.active[href='/add']
18:40:03.496  INFO  manager.ListenerWD - List suze is ->>>>1
18:40:03.496  INFO  manager.ListenerTNG - onTestSuccess ->>>>>>addNewContactWrongLastName
18:40:03.497  INFO  tests.TestBase - The name of starts method is --->addNewContactWrongName
18:40:04.505  INFO  manager.ListenerWD - Before find elements ->>>>By.xpath: //button[text()='Sign Out']
18:40:04.515  INFO  manager.ListenerWD - After find elements ->>>>By.xpath: //button[text()='Sign Out']
18:40:04.515  INFO  manager.ListenerWD - List suze is ->>>>1
18:40:04.515  INFO  manager.ListenerTNG - onTestStart->>>>>addNewContactWrongName
18:40:04.515  INFO  manager.ListenerWD - Before find element ->>>>By.cssSelector: a[href='/add']
18:40:04.524  INFO  manager.ListenerWD - After find element ->>>>By.cssSelector: a[href='/add']
18:40:04.544  INFO  manager.ListenerWD - Before find element ->>>>By.cssSelector: input[placeholder='Name']
18:40:04.555  INFO  manager.ListenerWD - After find element ->>>>By.cssSelector: input[placeholder='Name']
18:40:05.143  INFO  manager.ListenerWD - Before find element ->>>>By.cssSelector: input[placeholder='Last Name']
18:40:05.154  INFO  manager.ListenerWD - After find element ->>>>By.cssSelector: input[placeholder='Last Name']
18:40:05.753  INFO  manager.ListenerWD - Before find element ->>>>By.cssSelector: input[placeholder='Phone']
18:40:05.763  INFO  manager.ListenerWD - After find element ->>>>By.cssSelector: input[placeholder='Phone']
18:40:06.359  INFO  manager.ListenerWD - Before find element ->>>>By.cssSelector: input[placeholder='email']
18:40:06.371  INFO  manager.ListenerWD - After find element ->>>>By.cssSelector: input[placeholder='email']
18:40:06.964  INFO  manager.ListenerWD - Before find element ->>>>By.cssSelector: input[placeholder='Address']
18:40:06.975  INFO  manager.ListenerWD - After find element ->>>>By.cssSelector: input[placeholder='Address']
18:40:07.553  INFO  manager.ListenerWD - Before find element ->>>>By.cssSelector: input[placeholder='description']
18:40:07.562  INFO  manager.ListenerWD - After find element ->>>>By.cssSelector: input[placeholder='description']
18:40:08.156  INFO  manager.ListenerWD - Before find element ->>>>By.xpath: //b[text()='Save']
18:40:08.167  INFO  manager.ListenerWD - After find element ->>>>By.xpath: //b[text()='Save']
18:40:08.186  INFO  manager.ListenerWD - Before find elements ->>>>By.cssSelector: a.active[href='/add']
18:40:08.195  INFO  manager.ListenerWD - After find elements ->>>>By.cssSelector: a.active[href='/add']
18:40:08.195  INFO  manager.ListenerWD - List suze is ->>>>1
18:40:08.195  INFO  manager.ListenerTNG - onTestSuccess ->>>>>>addNewContactWrongName
18:40:08.196  INFO  tests.TestBase - The name of starts method is --->addNewContactWrongPhone
18:40:09.202  INFO  manager.ListenerWD - Before find elements ->>>>By.xpath: //button[text()='Sign Out']
18:40:09.211  INFO  manager.ListenerWD - After find elements ->>>>By.xpath: //button[text()='Sign Out']
18:40:09.211  INFO  manager.ListenerWD - List suze is ->>>>1
18:40:09.212  INFO  manager.ListenerTNG - onTestStart->>>>>addNewContactWrongPhone
18:40:09.212  INFO  manager.ListenerWD - Before find element ->>>>By.cssSelector: a[href='/add']
18:40:09.223  INFO  manager.ListenerWD - After find element ->>>>By.cssSelector: a[href='/add']
18:40:09.243  INFO  manager.ListenerWD - Before find element ->>>>By.cssSelector: input[placeholder='Name']
18:40:09.254  INFO  manager.ListenerWD - After find element ->>>>By.cssSelector: input[placeholder='Name']
18:40:09.846  INFO  manager.ListenerWD - Before find element ->>>>By.cssSelector: input[placeholder='Last Name']
18:40:09.855  INFO  manager.ListenerWD - After find element ->>>>By.cssSelector: input[placeholder='Last Name']
18:40:10.435  INFO  manager.ListenerWD - Before find element ->>>>By.cssSelector: input[placeholder='Phone']
18:40:10.445  INFO  manager.ListenerWD - After find element ->>>>By.cssSelector: input[placeholder='Phone']
18:40:11.022  INFO  manager.ListenerWD - Before find element ->>>>By.cssSelector: input[placeholder='email']
18:40:11.031  INFO  manager.ListenerWD - After find element ->>>>By.cssSelector: input[placeholder='email']
18:40:11.615  INFO  manager.ListenerWD - Before find element ->>>>By.cssSelector: input[placeholder='Address']
18:40:11.628  INFO  manager.ListenerWD - After find element ->>>>By.cssSelector: input[placeholder='Address']
18:40:12.210  INFO  manager.ListenerWD - Before find element ->>>>By.cssSelector: input[placeholder='description']
18:40:12.220  INFO  manager.ListenerWD - After find element ->>>>By.cssSelector: input[placeholder='description']
18:40:12.826  INFO  manager.ListenerWD - Before find element ->>>>By.xpath: //b[text()='Save']
18:40:12.835  INFO  manager.ListenerWD - After find element ->>>>By.xpath: //b[text()='Save']
18:40:12.853  INFO  manager.ListenerWD - Before find elements ->>>>By.cssSelector: a.active[href='/add']
18:40:12.861  INFO  manager.ListenerWD - After find elements ->>>>By.cssSelector: a.active[href='/add']
18:40:12.862  INFO  manager.ListenerWD - List suze is ->>>>1
18:40:12.867  INFO  manager.ListenerWD - The have a 'problem'
18:40:12.867  INFO  manager.ListenerWD - ++++++++++++++++++++++++++++++++++++
18:40:12.867  INFO  manager.ListenerWD - Method method ->>>>alert
18:40:12.867  INFO  manager.ListenerWD - ++++++++++++++++++++++++++
18:40:12.867  INFO  manager.ListenerWD - InvocationTargetException getTargetException() org.openqa.selenium.NoAlertPresentException: no such alert
  (Session info: chrome=109.0.5414.120)
Build info: version: '4.7.1', revision: 'c6795baf1a3'
System info: os.name: 'Windows 10', os.arch: 'amd64', os.version: '10.0', java.version: '11.0.17'
Driver info: org.openqa.selenium.chrome.ChromeDriver
Command: [1654e31b15fdc434cff50f5807b5b064, getAlertText {}]
Capabilities {acceptInsecureCerts: false, browserName: chrome, browserVersion: 109.0.5414.120, chrome: {chromedriverVersion: 109.0.5414.74 (e7c5703604da..., userDataDir: C:\Users\97252\AppData\Loca...}, goog:chromeOptions: {debuggerAddress: localhost:57499}, networkConnectionEnabled: false, pageLoadStrategy: normal, platformName: WINDOWS, proxy: Proxy(), se:cdp: ws://localhost:57499/devtoo..., se:cdpVersion: 109.0.5414.120, setWindowRect: true, strictFileInteractability: false, timeouts: {implicit: 0, pageLoad: 300000, script: 30000}, unhandledPromptBehavior: dismiss and notify, webauthn:extension:credBlob: true, webauthn:extension:largeBlob: true, webauthn:virtualAuthenticators: true}
Session ID: 1654e31b15fdc434cff50f5807b5b064
18:40:12.867  INFO  manager.ListenerWD - ++++++++++++++++++++++++++
18:40:12.867  INFO  manager.ListenerWD - Object target ->>>>>>org.openqa.selenium.remote.RemoteWebDriver$RemoteTargetLocator@3ee258
18:40:12.867  INFO  manager.ListenerWD - ++++++++++++++++++++++++++
18:40:13.897  INFO  manager.ListenerTNG - onTestSuccess ->>>>>>addNewContactWrongPhone
18:40:13.901  INFO  tests.TestBase - The name of starts method is --->loginSuccess
18:40:13.903  INFO  manager.ListenerTNG - onTestStart->>>>>loginSuccess
18:40:13.904  INFO  manager.ListenerTNG - onTestSkipped->>>>>loginSuccess
18:40:13.905  INFO  manager.ListenerTNG - onTestStart->>>>>loginSuccess
18:40:13.905  INFO  manager.ListenerTNG - onTestSkipped->>>>>loginSuccess
18:40:13.906  INFO  manager.ListenerTNG - onTestStart->>>>>loginSuccess
18:40:13.907  INFO  manager.ListenerTNG - onTestSkipped->>>>>loginSuccess
18:40:13.909  INFO  manager.ListenerTNG - onTestStart->>>>>loginSuccess2
18:40:13.910  INFO  manager.ListenerTNG - onTestSkipped->>>>>loginSuccess2
18:40:13.911  INFO  manager.ListenerTNG - onTestStart->>>>>loginSuccess2
18:40:13.911  INFO  manager.ListenerTNG - onTestSkipped->>>>>loginSuccess2
18:40:13.912  INFO  manager.ListenerTNG - onTestStart->>>>>loginSuccess2
18:40:13.912  INFO  manager.ListenerTNG - onTestSkipped->>>>>loginSuccess2
18:40:13.913  INFO  manager.ListenerTNG - onTestStart->>>>>loginSuccessModel
18:40:13.920  INFO  manager.ListenerTNG - onTestSkipped->>>>>loginSuccessModel
18:40:13.922  INFO  manager.ListenerTNG - onTestStart->>>>>loginSuccessModel
18:40:13.922  INFO  manager.ListenerTNG - onTestSkipped->>>>>loginSuccessModel
18:40:13.923  INFO  manager.ListenerTNG - onTestStart->>>>>loginSuccessModel
18:40:13.924  INFO  manager.ListenerTNG - onTestSkipped->>>>>loginSuccessModel
18:40:13.925  INFO  manager.ListenerTNG - onTestStart->>>>>loginSuccessModelFromFile
18:40:13.925  INFO  manager.ListenerTNG - onTestSkipped->>>>>loginSuccessModelFromFile
18:40:13.926  INFO  manager.ListenerTNG - onTestStart->>>>>loginSuccessModelFromFile
18:40:13.927  INFO  manager.ListenerTNG - onTestSkipped->>>>>loginSuccessModelFromFile
18:40:13.928  INFO  manager.ListenerTNG - onTestStart->>>>>loginSuccessModelFromFile
18:40:13.928  INFO  manager.ListenerTNG - onTestSkipped->>>>>loginSuccessModelFromFile
18:40:13.930  INFO  manager.ListenerTNG - onTestStart->>>>>loginSuccessNew
18:40:13.930  INFO  manager.ListenerTNG - onTestSkipped->>>>>loginSuccessNew
18:40:13.931  INFO  manager.ListenerTNG - onTestStart->>>>>loginSuccessNew
18:40:13.931  INFO  manager.ListenerTNG - onTestSkipped->>>>>loginSuccessNew
18:40:13.932  INFO  manager.ListenerTNG - onTestStart->>>>>loginUnregisterUser
18:40:13.932  INFO  manager.ListenerTNG - onTestSkipped->>>>>loginUnregisterUser
18:40:13.933  INFO  manager.ListenerTNG - onTestStart->>>>>loginWrongEmail
18:40:13.934  INFO  manager.ListenerTNG - onTestSkipped->>>>>loginWrongEmail
18:40:13.935  INFO  manager.ListenerTNG - onTestStart->>>>>loginWrongPassword
18:40:13.935  INFO  manager.ListenerTNG - onTestSkipped->>>>>loginWrongPassword
18:40:13.936  INFO  tests.TestBase - The name of starts method is --->registrationSuccess
18:40:13.936  INFO  manager.ListenerTNG - onTestStart->>>>>registrationSuccess
18:40:13.937  INFO  manager.ListenerTNG - onTestFailure->>>>>registrationSuccess
18:40:13.938  INFO  tests.TestBase - The name of starts method is --->registrationUserAlreadyExists
18:40:13.938  INFO  manager.ListenerTNG - onTestStart->>>>>registrationUserAlreadyExists
18:40:13.938  INFO  manager.ListenerTNG - onTestFailure->>>>>registrationUserAlreadyExists
18:40:13.939  INFO  tests.TestBase - The name of starts method is --->registrationWrongEmail
18:40:13.940  INFO  manager.ListenerTNG - onTestStart->>>>>registrationWrongEmail
18:40:13.940  INFO  manager.ListenerTNG - onTestFailure->>>>>registrationWrongEmail
18:40:13.940  INFO  tests.TestBase - The name of starts method is --->registrationWrongPassword
18:40:13.941  INFO  manager.ListenerTNG - onTestStart->>>>>registrationWrongPassword
18:40:13.941  INFO  manager.ListenerTNG - onTestFailure->>>>>registrationWrongPassword
18:40:13.943  INFO  manager.ListenerTNG - onFinish->>>>>Gradle test
