20:26:00.635  INFO  manager.ApplicationManager - All tests star in Chrome Browser
20:26:01.943  INFO  manager.ApplicationManager - Current Url -->https://telranedu.web.app/home
20:26:01.949  INFO  manager.ListenerTNG - onStart->>>>>Nopackage
20:26:01.979  INFO  tests.TestBase - The name of starts method is --->registrationSuccess
20:26:01.981  INFO  manager.ListenerWD - Before find elements ->>>>By.xpath: //button[text()='Sign Out']
20:26:07.033  INFO  manager.ListenerWD - After find elements ->>>>By.xpath: //button[text()='Sign Out']
20:26:07.036  INFO  manager.ListenerWD - List suze is ->>>>0
20:26:07.037  INFO  manager.ListenerTNG - onTestStart->>>>>registrationSuccess
20:26:07.040  INFO  manager.ListenerWD - Before find element ->>>>By.cssSelector: a[href='/login']
20:26:07.068  INFO  manager.ListenerWD - After find element ->>>>By.cssSelector: a[href='/login']
20:26:07.137  INFO  manager.ListenerWD - Before find element ->>>>By.name: email
20:26:07.161  INFO  manager.ListenerWD - After find element ->>>>By.name: email
20:26:07.847  INFO  manager.ListenerWD - Before find element ->>>>By.name: password
20:26:07.873  INFO  manager.ListenerWD - After find element ->>>>By.name: password
20:26:08.506  INFO  manager.ListenerWD - Before find element ->>>>By.cssSelector: [name='registration']
20:26:08.530  INFO  manager.ListenerWD - After find element ->>>>By.cssSelector: [name='registration']
20:26:08.567  INFO  manager.ListenerWD - Before find elements ->>>>By.xpath: //button[text()='Sign Out']
20:26:09.526  INFO  manager.ListenerWD - After find elements ->>>>By.xpath: //button[text()='Sign Out']
20:26:09.526  INFO  manager.ListenerWD - List suze is ->>>>1
20:26:09.533  INFO  manager.ListenerTNG - onTestSuccess ->>>>>>registrationSuccess
20:26:09.537  INFO  manager.ListenerTNG - onFinish->>>>>Nopackage
