18:04:49.899  INFO  manager.ApplicationManager - All tests star in Chrome Browser
18:04:51.331  INFO  manager.ApplicationManager - Current Url -->https://telranedu.web.app/home
18:04:51.369  INFO  tests.TestBase - The name of starts method is --->addContactSuccessAllFields
18:04:51.373  INFO  manager.ListenerWD - Before find elements ->>>>By.xpath: //button[text()='Sign Out']
18:04:56.436  INFO  manager.ListenerWD - After find elements ->>>>By.xpath: //button[text()='Sign Out']
18:04:56.439  INFO  manager.ListenerWD - List suze is ->>>>0
18:04:56.442  INFO  manager.ListenerWD - Before find element ->>>>By.cssSelector: a[href='/login']
18:04:56.487  INFO  manager.ListenerWD - After find element ->>>>By.cssSelector: a[href='/login']
18:04:56.563  INFO  manager.ListenerWD - Before find element ->>>>By.name: email
18:04:56.600  INFO  manager.ListenerWD - After find element ->>>>By.name: email
18:04:56.776  INFO  manager.ListenerWD - Before find element ->>>>By.name: password
18:04:56.808  INFO  manager.ListenerWD - After find element ->>>>By.name: password
18:04:56.948  INFO  manager.ListenerWD - Before find element ->>>>By.cssSelector: [name='login']
18:04:56.972  INFO  manager.ListenerWD - After find element ->>>>By.cssSelector: [name='login']
18:04:57.049  INFO  tests.TestBase - Tests start with data : Contact(name=Lisa1155, lastName=Simpson, phone=11111111155, email=reshef19861155@gmail.com, address=NY, description=All fields)
18:04:57.049  INFO  manager.ListenerWD - Before find element ->>>>By.cssSelector: a[href='/add']
18:04:57.891  INFO  manager.ListenerWD - After find element ->>>>By.cssSelector: a[href='/add']
18:04:57.942  INFO  manager.ListenerWD - Before find element ->>>>By.cssSelector: input[placeholder='Name']
18:04:57.972  INFO  manager.ListenerWD - After find element ->>>>By.cssSelector: input[placeholder='Name']
18:04:58.097  INFO  manager.ListenerWD - Before find element ->>>>By.cssSelector: input[placeholder='Last Name']
18:04:58.121  INFO  manager.ListenerWD - After find element ->>>>By.cssSelector: input[placeholder='Last Name']
18:04:58.237  INFO  manager.ListenerWD - Before find element ->>>>By.cssSelector: input[placeholder='Phone']
18:04:58.259  INFO  manager.ListenerWD - After find element ->>>>By.cssSelector: input[placeholder='Phone']
18:04:58.381  INFO  manager.ListenerWD - Before find element ->>>>By.cssSelector: input[placeholder='email']
18:04:58.405  INFO  manager.ListenerWD - After find element ->>>>By.cssSelector: input[placeholder='email']
18:04:58.548  INFO  manager.ListenerWD - Before find element ->>>>By.cssSelector: input[placeholder='Address']
18:04:58.573  INFO  manager.ListenerWD - After find element ->>>>By.cssSelector: input[placeholder='Address']
18:04:58.695  INFO  manager.ListenerWD - Before find element ->>>>By.cssSelector: input[placeholder='description']
18:04:58.717  INFO  manager.ListenerWD - After find element ->>>>By.cssSelector: input[placeholder='description']
18:04:58.842  INFO  manager.ListenerWD - Before find element ->>>>By.xpath: //b[text()='Save']
18:04:58.868  INFO  manager.ListenerWD - After find element ->>>>By.xpath: //b[text()='Save']
18:04:58.901  INFO  manager.ListenerWD - Before find elements ->>>>By.cssSelector: h2
18:04:59.731  INFO  manager.ListenerWD - After find elements ->>>>By.cssSelector: h2
18:04:59.732  INFO  manager.ListenerWD - List suze is ->>>>40
18:05:00.271  INFO  manager.ListenerWD - Before find elements ->>>>By.cssSelector: h3
18:05:00.547  INFO  manager.ListenerWD - After find elements ->>>>By.cssSelector: h3
18:05:00.547  INFO  manager.ListenerWD - List suze is ->>>>40
18:05:01.146  INFO  manager.ListenerWD - Before find elements ->>>>By.cssSelector: .contact-item_card__2SOIM
18:05:01.390  INFO  manager.ListenerWD - After find elements ->>>>By.cssSelector: .contact-item_card__2SOIM
18:05:01.390  INFO  manager.ListenerWD - List suze is ->>>>40
18:05:01.448  INFO  manager.ListenerWD - Before find element ->>>>By.cssSelector: .contact-item-detailed_card__50dTS
18:05:01.469  INFO  manager.ListenerWD - After find element ->>>>By.cssSelector: .contact-item-detailed_card__50dTS
18:05:01.547  INFO  manager.ListenerWD - Before find element ->>>>By.cssSelector: .contact-item-detailed_card__50dTS
18:05:01.559  INFO  manager.ListenerWD - After find element ->>>>By.cssSelector: .contact-item-detailed_card__50dTS
18:05:01.616  INFO  manager.ListenerWD - Before find element ->>>>By.cssSelector: .contact-item-detailed_card__50dTS
18:05:01.630  INFO  manager.ListenerWD - After find element ->>>>By.cssSelector: .contact-item-detailed_card__50dTS
18:05:01.685  INFO  manager.ListenerWD - Before find element ->>>>By.cssSelector: .contact-item-detailed_card__50dTS
18:05:01.702  INFO  manager.ListenerWD - After find element ->>>>By.cssSelector: .contact-item-detailed_card__50dTS
18:05:01.750  INFO  manager.ListenerWD - Before find element ->>>>By.cssSelector: .contact-item-detailed_card__50dTS
18:05:01.763  INFO  manager.ListenerWD - After find element ->>>>By.cssSelector: .contact-item-detailed_card__50dTS
18:05:01.813  INFO  manager.ListenerWD - Before find element ->>>>By.cssSelector: .contact-item-detailed_card__50dTS
18:05:01.825  INFO  manager.ListenerWD - After find element ->>>>By.cssSelector: .contact-item-detailed_card__50dTS
18:05:01.866  INFO  manager.ListenerWD - Before find element ->>>>By.cssSelector: .contact-item-detailed_card__50dTS
18:05:01.878  INFO  manager.ListenerWD - After find element ->>>>By.cssSelector: .contact-item-detailed_card__50dTS
18:05:01.921  INFO  manager.ListenerWD - Before find element ->>>>By.cssSelector: .contact-item-detailed_card__50dTS
18:05:01.934  INFO  manager.ListenerWD - After find element ->>>>By.cssSelector: .contact-item-detailed_card__50dTS
18:05:01.975  INFO  manager.ListenerWD - Before find element ->>>>By.cssSelector: .contact-item-detailed_card__50dTS
18:05:01.989  INFO  manager.ListenerWD - After find element ->>>>By.cssSelector: .contact-item-detailed_card__50dTS
18:05:02.037  INFO  manager.ListenerWD - Before find element ->>>>By.cssSelector: .contact-item-detailed_card__50dTS
18:05:02.051  INFO  manager.ListenerWD - After find element ->>>>By.cssSelector: .contact-item-detailed_card__50dTS
18:05:02.106  INFO  manager.ListenerWD - Before find element ->>>>By.cssSelector: .contact-item-detailed_card__50dTS
18:05:02.121  INFO  manager.ListenerWD - After find element ->>>>By.cssSelector: .contact-item-detailed_card__50dTS
18:05:02.176  INFO  manager.ListenerWD - Before find element ->>>>By.cssSelector: .contact-item-detailed_card__50dTS
18:05:02.190  INFO  manager.ListenerWD - After find element ->>>>By.cssSelector: .contact-item-detailed_card__50dTS
18:05:02.244  INFO  manager.ListenerWD - Before find element ->>>>By.cssSelector: .contact-item-detailed_card__50dTS
18:05:02.259  INFO  manager.ListenerWD - After find element ->>>>By.cssSelector: .contact-item-detailed_card__50dTS
18:05:02.313  INFO  manager.ListenerWD - Before find element ->>>>By.cssSelector: .contact-item-detailed_card__50dTS
18:05:02.329  INFO  manager.ListenerWD - After find element ->>>>By.cssSelector: .contact-item-detailed_card__50dTS
18:05:02.387  INFO  manager.ListenerWD - Before find element ->>>>By.cssSelector: .contact-item-detailed_card__50dTS
18:05:02.405  INFO  manager.ListenerWD - After find element ->>>>By.cssSelector: .contact-item-detailed_card__50dTS
18:05:02.466  INFO  manager.ListenerWD - Before find element ->>>>By.cssSelector: .contact-item-detailed_card__50dTS
18:05:02.484  INFO  manager.ListenerWD - After find element ->>>>By.cssSelector: .contact-item-detailed_card__50dTS
18:05:02.541  INFO  manager.ListenerWD - Before find element ->>>>By.cssSelector: .contact-item-detailed_card__50dTS
18:05:02.554  INFO  manager.ListenerWD - After find element ->>>>By.cssSelector: .contact-item-detailed_card__50dTS
18:05:02.607  INFO  manager.ListenerWD - Before find element ->>>>By.cssSelector: .contact-item-detailed_card__50dTS
18:05:02.620  INFO  manager.ListenerWD - After find element ->>>>By.cssSelector: .contact-item-detailed_card__50dTS
18:05:02.669  INFO  manager.ListenerWD - Before find element ->>>>By.cssSelector: .contact-item-detailed_card__50dTS
18:05:02.682  INFO  manager.ListenerWD - After find element ->>>>By.cssSelector: .contact-item-detailed_card__50dTS
18:05:02.732  INFO  manager.ListenerWD - Before find element ->>>>By.cssSelector: .contact-item-detailed_card__50dTS
18:05:02.745  INFO  manager.ListenerWD - After find element ->>>>By.cssSelector: .contact-item-detailed_card__50dTS
18:05:02.796  INFO  manager.ListenerWD - Before find element ->>>>By.cssSelector: .contact-item-detailed_card__50dTS
18:05:02.811  INFO  manager.ListenerWD - After find element ->>>>By.cssSelector: .contact-item-detailed_card__50dTS
18:05:02.859  INFO  manager.ListenerWD - Before find element ->>>>By.cssSelector: .contact-item-detailed_card__50dTS
18:05:02.872  INFO  manager.ListenerWD - After find element ->>>>By.cssSelector: .contact-item-detailed_card__50dTS
18:05:02.925  INFO  manager.ListenerWD - Before find element ->>>>By.cssSelector: .contact-item-detailed_card__50dTS
18:05:02.939  INFO  manager.ListenerWD - After find element ->>>>By.cssSelector: .contact-item-detailed_card__50dTS
18:05:02.989  INFO  manager.ListenerWD - Before find element ->>>>By.cssSelector: .contact-item-detailed_card__50dTS
18:05:03.000  INFO  manager.ListenerWD - After find element ->>>>By.cssSelector: .contact-item-detailed_card__50dTS
18:05:03.041  INFO  manager.ListenerWD - Before find element ->>>>By.cssSelector: .contact-item-detailed_card__50dTS
18:05:03.050  INFO  manager.ListenerWD - After find element ->>>>By.cssSelector: .contact-item-detailed_card__50dTS
18:05:03.092  INFO  manager.ListenerWD - Before find element ->>>>By.cssSelector: .contact-item-detailed_card__50dTS
18:05:03.103  INFO  manager.ListenerWD - After find element ->>>>By.cssSelector: .contact-item-detailed_card__50dTS
18:05:03.153  INFO  manager.ListenerWD - Before find element ->>>>By.cssSelector: .contact-item-detailed_card__50dTS
18:05:03.168  INFO  manager.ListenerWD - After find element ->>>>By.cssSelector: .contact-item-detailed_card__50dTS
18:05:03.215  INFO  manager.ListenerWD - Before find element ->>>>By.cssSelector: .contact-item-detailed_card__50dTS
18:05:03.226  INFO  manager.ListenerWD - After find element ->>>>By.cssSelector: .contact-item-detailed_card__50dTS
18:05:03.265  INFO  manager.ListenerWD - Before find element ->>>>By.cssSelector: .contact-item-detailed_card__50dTS
18:05:03.281  INFO  manager.ListenerWD - After find element ->>>>By.cssSelector: .contact-item-detailed_card__50dTS
18:05:03.325  INFO  manager.ListenerWD - Before find element ->>>>By.cssSelector: .contact-item-detailed_card__50dTS
18:05:03.335  INFO  manager.ListenerWD - After find element ->>>>By.cssSelector: .contact-item-detailed_card__50dTS
18:05:03.379  INFO  manager.ListenerWD - Before find element ->>>>By.cssSelector: .contact-item-detailed_card__50dTS
18:05:03.393  INFO  manager.ListenerWD - After find element ->>>>By.cssSelector: .contact-item-detailed_card__50dTS
18:05:03.440  INFO  manager.ListenerWD - Before find element ->>>>By.cssSelector: .contact-item-detailed_card__50dTS
18:05:03.455  INFO  manager.ListenerWD - After find element ->>>>By.cssSelector: .contact-item-detailed_card__50dTS
18:05:03.508  INFO  manager.ListenerWD - Before find element ->>>>By.cssSelector: .contact-item-detailed_card__50dTS
18:05:03.524  INFO  manager.ListenerWD - After find element ->>>>By.cssSelector: .contact-item-detailed_card__50dTS
18:05:03.581  INFO  manager.ListenerWD - Before find element ->>>>By.cssSelector: .contact-item-detailed_card__50dTS
18:05:03.596  INFO  manager.ListenerWD - After find element ->>>>By.cssSelector: .contact-item-detailed_card__50dTS
18:05:03.653  INFO  manager.ListenerWD - Before find element ->>>>By.cssSelector: .contact-item-detailed_card__50dTS
18:05:03.670  INFO  manager.ListenerWD - After find element ->>>>By.cssSelector: .contact-item-detailed_card__50dTS
18:05:03.729  INFO  manager.ListenerWD - Before find element ->>>>By.cssSelector: .contact-item-detailed_card__50dTS
18:05:03.749  INFO  manager.ListenerWD - After find element ->>>>By.cssSelector: .contact-item-detailed_card__50dTS
18:05:03.801  INFO  manager.ListenerWD - Before find element ->>>>By.cssSelector: .contact-item-detailed_card__50dTS
18:05:03.816  INFO  manager.ListenerWD - After find element ->>>>By.cssSelector: .contact-item-detailed_card__50dTS
18:05:03.874  INFO  manager.ListenerWD - Before find element ->>>>By.cssSelector: .contact-item-detailed_card__50dTS
18:05:03.892  INFO  manager.ListenerWD - After find element ->>>>By.cssSelector: .contact-item-detailed_card__50dTS
18:05:03.954  INFO  manager.ListenerWD - Before find element ->>>>By.cssSelector: .contact-item-detailed_card__50dTS
18:05:03.971  INFO  manager.ListenerWD - After find element ->>>>By.cssSelector: .contact-item-detailed_card__50dTS
18:05:04.035  INFO  manager.ListenerWD - Before find element ->>>>By.cssSelector: .contact-item-detailed_card__50dTS
18:05:04.052  INFO  manager.ListenerWD - After find element ->>>>By.cssSelector: .contact-item-detailed_card__50dTS
18:05:04.075  INFO  tests.TestBase - The name of starts method is --->addContactSuccessRequiredFields
18:05:04.076  INFO  manager.ListenerWD - Before find elements ->>>>By.xpath: //button[text()='Sign Out']
18:05:04.101  INFO  manager.ListenerWD - After find elements ->>>>By.xpath: //button[text()='Sign Out']
18:05:04.103  INFO  manager.ListenerWD - List suze is ->>>>1
18:05:04.105  INFO  manager.ListenerWD - Before find element ->>>>By.cssSelector: a[href='/add']
18:05:04.129  INFO  manager.ListenerWD - After find element ->>>>By.cssSelector: a[href='/add']
18:05:04.171  INFO  manager.ListenerWD - Before find element ->>>>By.cssSelector: input[placeholder='Name']
18:05:04.191  INFO  manager.ListenerWD - After find element ->>>>By.cssSelector: input[placeholder='Name']
18:05:04.311  INFO  manager.ListenerWD - Before find element ->>>>By.cssSelector: input[placeholder='Last Name']
18:05:04.323  INFO  manager.ListenerWD - After find element ->>>>By.cssSelector: input[placeholder='Last Name']
18:05:04.423  INFO  manager.ListenerWD - Before find element ->>>>By.cssSelector: input[placeholder='Phone']
18:05:04.434  INFO  manager.ListenerWD - After find element ->>>>By.cssSelector: input[placeholder='Phone']
18:05:04.532  INFO  manager.ListenerWD - Before find element ->>>>By.cssSelector: input[placeholder='email']
18:05:04.542  INFO  manager.ListenerWD - After find element ->>>>By.cssSelector: input[placeholder='email']
18:05:04.680  INFO  manager.ListenerWD - Before find element ->>>>By.cssSelector: input[placeholder='Address']
18:05:04.691  INFO  manager.ListenerWD - After find element ->>>>By.cssSelector: input[placeholder='Address']
18:05:04.792  INFO  manager.ListenerWD - Before find element ->>>>By.cssSelector: input[placeholder='description']
18:05:04.804  INFO  manager.ListenerWD - After find element ->>>>By.cssSelector: input[placeholder='description']
18:05:04.859  INFO  manager.ListenerWD - Before find element ->>>>By.xpath: //b[text()='Save']
18:05:04.882  INFO  manager.ListenerWD - After find element ->>>>By.xpath: //b[text()='Save']
18:05:04.915  INFO  manager.ListenerWD - Before find elements ->>>>By.cssSelector: h2
18:05:05.453  INFO  manager.ListenerWD - After find elements ->>>>By.cssSelector: h2
18:05:05.453  INFO  manager.ListenerWD - List suze is ->>>>41
18:05:05.976  INFO  manager.ListenerWD - Before find elements ->>>>By.cssSelector: h3
18:05:06.119  INFO  manager.ListenerWD - After find elements ->>>>By.cssSelector: h3
18:05:06.120  INFO  manager.ListenerWD - List suze is ->>>>41
18:05:06.638  INFO  tests.TestBase - The name of starts method is --->addNewContactWrongAddress
18:05:06.638  INFO  manager.ListenerWD - Before find elements ->>>>By.xpath: //button[text()='Sign Out']
18:05:06.647  INFO  manager.ListenerWD - After find elements ->>>>By.xpath: //button[text()='Sign Out']
18:05:06.647  INFO  manager.ListenerWD - List suze is ->>>>1
18:05:06.648  INFO  manager.ListenerWD - Before find element ->>>>By.cssSelector: a[href='/add']
18:05:06.656  INFO  manager.ListenerWD - After find element ->>>>By.cssSelector: a[href='/add']
18:05:06.682  INFO  manager.ListenerWD - Before find element ->>>>By.cssSelector: input[placeholder='Name']
18:05:06.693  INFO  manager.ListenerWD - After find element ->>>>By.cssSelector: input[placeholder='Name']
18:05:06.785  INFO  manager.ListenerWD - Before find element ->>>>By.cssSelector: input[placeholder='Last Name']
18:05:06.795  INFO  manager.ListenerWD - After find element ->>>>By.cssSelector: input[placeholder='Last Name']
18:05:06.895  INFO  manager.ListenerWD - Before find element ->>>>By.cssSelector: input[placeholder='Phone']
18:05:06.904  INFO  manager.ListenerWD - After find element ->>>>By.cssSelector: input[placeholder='Phone']
18:05:07.007  INFO  manager.ListenerWD - Before find element ->>>>By.cssSelector: input[placeholder='email']
18:05:07.016  INFO  manager.ListenerWD - After find element ->>>>By.cssSelector: input[placeholder='email']
18:05:07.139  INFO  manager.ListenerWD - Before find element ->>>>By.cssSelector: input[placeholder='Address']
18:05:07.149  INFO  manager.ListenerWD - After find element ->>>>By.cssSelector: input[placeholder='Address']
18:05:07.233  INFO  manager.ListenerWD - Before find element ->>>>By.cssSelector: input[placeholder='description']
18:05:07.243  INFO  manager.ListenerWD - After find element ->>>>By.cssSelector: input[placeholder='description']
18:05:07.341  INFO  manager.ListenerWD - Before find element ->>>>By.xpath: //b[text()='Save']
18:05:07.351  INFO  manager.ListenerWD - After find element ->>>>By.xpath: //b[text()='Save']
18:05:07.382  INFO  manager.ListenerWD - Before find elements ->>>>By.cssSelector: a.active[href='/add']
18:05:07.397  INFO  manager.ListenerWD - After find elements ->>>>By.cssSelector: a.active[href='/add']
18:05:07.397  INFO  manager.ListenerWD - List suze is ->>>>1
18:05:07.398  INFO  tests.TestBase - The name of starts method is --->addNewContactWrongEmail
18:05:07.399  INFO  manager.ListenerWD - Before find elements ->>>>By.xpath: //button[text()='Sign Out']
18:05:07.408  INFO  manager.ListenerWD - After find elements ->>>>By.xpath: //button[text()='Sign Out']
18:05:07.408  INFO  manager.ListenerWD - List suze is ->>>>1
18:05:07.409  INFO  manager.ListenerWD - Before find element ->>>>By.cssSelector: a[href='/add']
18:05:07.417  INFO  manager.ListenerWD - After find element ->>>>By.cssSelector: a[href='/add']
18:05:07.443  INFO  manager.ListenerWD - Before find element ->>>>By.cssSelector: input[placeholder='Name']
18:05:07.453  INFO  manager.ListenerWD - After find element ->>>>By.cssSelector: input[placeholder='Name']
18:05:07.547  INFO  manager.ListenerWD - Before find element ->>>>By.cssSelector: input[placeholder='Last Name']
18:05:07.562  INFO  manager.ListenerWD - After find element ->>>>By.cssSelector: input[placeholder='Last Name']
18:05:07.661  INFO  manager.ListenerWD - Before find element ->>>>By.cssSelector: input[placeholder='Phone']
18:05:07.671  INFO  manager.ListenerWD - After find element ->>>>By.cssSelector: input[placeholder='Phone']
18:05:07.755  INFO  manager.ListenerWD - Before find element ->>>>By.cssSelector: input[placeholder='email']
18:05:07.765  INFO  manager.ListenerWD - After find element ->>>>By.cssSelector: input[placeholder='email']
18:05:07.850  INFO  manager.ListenerWD - Before find element ->>>>By.cssSelector: input[placeholder='Address']
18:05:07.861  INFO  manager.ListenerWD - After find element ->>>>By.cssSelector: input[placeholder='Address']
18:05:07.932  INFO  manager.ListenerWD - Before find element ->>>>By.cssSelector: input[placeholder='description']
18:05:07.942  INFO  manager.ListenerWD - After find element ->>>>By.cssSelector: input[placeholder='description']
18:05:08.038  INFO  manager.ListenerWD - Before find element ->>>>By.xpath: //b[text()='Save']
18:05:08.049  INFO  manager.ListenerWD - After find element ->>>>By.xpath: //b[text()='Save']
18:05:08.068  INFO  manager.ListenerWD - Before find elements ->>>>By.cssSelector: a.active[href='/add']
18:05:08.080  INFO  manager.ListenerWD - After find elements ->>>>By.cssSelector: a.active[href='/add']
18:05:08.080  INFO  manager.ListenerWD - List suze is ->>>>1
18:05:08.101  INFO  manager.ListenerWD - The have a 'problem'
18:05:08.101  INFO  manager.ListenerWD - ++++++++++++++++++++++++++++++++++++
18:05:08.102  INFO  manager.ListenerWD - Method method ->>>>alert
18:05:08.102  INFO  manager.ListenerWD - ++++++++++++++++++++++++++
18:05:08.103  INFO  manager.ListenerWD - InvocationTargetException getTargetException() org.openqa.selenium.NoAlertPresentException: no such alert
  (Session info: chrome=109.0.5414.120)
Build info: version: '4.7.1', revision: 'c6795baf1a3'
System info: os.name: 'Windows 10', os.arch: 'amd64', os.version: '10.0', java.version: '11.0.17'
Driver info: org.openqa.selenium.chrome.ChromeDriver
Command: [cddf45867243ea6f8b91c8bc7f874249, getAlertText {}]
Capabilities {acceptInsecureCerts: false, browserName: chrome, browserVersion: 109.0.5414.120, chrome: {chromedriverVersion: 109.0.5414.74 (e7c5703604da..., userDataDir: C:\Users\97252\AppData\Loca...}, goog:chromeOptions: {debuggerAddress: localhost:56758}, networkConnectionEnabled: false, pageLoadStrategy: normal, platformName: WINDOWS, proxy: Proxy(), se:cdp: ws://localhost:56758/devtoo..., se:cdpVersion: 109.0.5414.120, setWindowRect: true, strictFileInteractability: false, timeouts: {implicit: 0, pageLoad: 300000, script: 30000}, unhandledPromptBehavior: dismiss and notify, webauthn:extension:credBlob: true, webauthn:extension:largeBlob: true, webauthn:virtualAuthenticators: true}
Session ID: cddf45867243ea6f8b91c8bc7f874249
18:05:08.104  INFO  manager.ListenerWD - ++++++++++++++++++++++++++
18:05:08.104  INFO  manager.ListenerWD - Object target ->>>>>>org.openqa.selenium.remote.RemoteWebDriver$RemoteTargetLocator@45e7bb79
18:05:08.104  INFO  manager.ListenerWD - ++++++++++++++++++++++++++
18:05:08.737  INFO  tests.TestBase - The name of starts method is --->addNewContactWrongLastName
18:05:08.737  INFO  manager.ListenerWD - Before find elements ->>>>By.xpath: //button[text()='Sign Out']
18:05:08.750  INFO  manager.ListenerWD - After find elements ->>>>By.xpath: //button[text()='Sign Out']
18:05:08.751  INFO  manager.ListenerWD - List suze is ->>>>1
18:05:08.751  INFO  manager.ListenerWD - Before find element ->>>>By.cssSelector: a[href='/add']
18:05:08.764  INFO  manager.ListenerWD - After find element ->>>>By.cssSelector: a[href='/add']
18:05:08.795  INFO  manager.ListenerWD - Before find element ->>>>By.cssSelector: input[placeholder='Name']
18:05:08.809  INFO  manager.ListenerWD - After find element ->>>>By.cssSelector: input[placeholder='Name']
18:05:08.912  INFO  manager.ListenerWD - Before find element ->>>>By.cssSelector: input[placeholder='Last Name']
18:05:08.927  INFO  manager.ListenerWD - After find element ->>>>By.cssSelector: input[placeholder='Last Name']
18:05:09.002  INFO  manager.ListenerWD - Before find element ->>>>By.cssSelector: input[placeholder='Phone']
18:05:09.014  INFO  manager.ListenerWD - After find element ->>>>By.cssSelector: input[placeholder='Phone']
18:05:09.098  INFO  manager.ListenerWD - Before find element ->>>>By.cssSelector: input[placeholder='email']
18:05:09.108  INFO  manager.ListenerWD - After find element ->>>>By.cssSelector: input[placeholder='email']
18:05:09.209  INFO  manager.ListenerWD - Before find element ->>>>By.cssSelector: input[placeholder='Address']
18:05:09.221  INFO  manager.ListenerWD - After find element ->>>>By.cssSelector: input[placeholder='Address']
18:05:09.313  INFO  manager.ListenerWD - Before find element ->>>>By.cssSelector: input[placeholder='description']
18:05:09.324  INFO  manager.ListenerWD - After find element ->>>>By.cssSelector: input[placeholder='description']
18:05:09.422  INFO  manager.ListenerWD - Before find element ->>>>By.xpath: //b[text()='Save']
18:05:09.431  INFO  manager.ListenerWD - After find element ->>>>By.xpath: //b[text()='Save']
18:05:09.451  INFO  manager.ListenerWD - Before find elements ->>>>By.cssSelector: a.active[href='/add']
18:05:09.462  INFO  manager.ListenerWD - After find elements ->>>>By.cssSelector: a.active[href='/add']
18:05:09.463  INFO  manager.ListenerWD - List suze is ->>>>1
18:05:09.464  INFO  tests.TestBase - The name of starts method is --->addNewContactWrongName
18:05:09.465  INFO  manager.ListenerWD - Before find elements ->>>>By.xpath: //button[text()='Sign Out']
18:05:09.476  INFO  manager.ListenerWD - After find elements ->>>>By.xpath: //button[text()='Sign Out']
18:05:09.476  INFO  manager.ListenerWD - List suze is ->>>>1
18:05:09.477  INFO  manager.ListenerWD - Before find element ->>>>By.cssSelector: a[href='/add']
18:05:09.491  INFO  manager.ListenerWD - After find element ->>>>By.cssSelector: a[href='/add']
18:05:09.522  INFO  manager.ListenerWD - Before find element ->>>>By.cssSelector: input[placeholder='Name']
18:05:09.536  INFO  manager.ListenerWD - After find element ->>>>By.cssSelector: input[placeholder='Name']
18:05:09.625  INFO  manager.ListenerWD - Before find element ->>>>By.cssSelector: input[placeholder='Last Name']
18:05:09.634  INFO  manager.ListenerWD - After find element ->>>>By.cssSelector: input[placeholder='Last Name']
18:05:09.719  INFO  manager.ListenerWD - Before find element ->>>>By.cssSelector: input[placeholder='Phone']
18:05:09.732  INFO  manager.ListenerWD - After find element ->>>>By.cssSelector: input[placeholder='Phone']
18:05:09.835  INFO  manager.ListenerWD - Before find element ->>>>By.cssSelector: input[placeholder='email']
18:05:09.847  INFO  manager.ListenerWD - After find element ->>>>By.cssSelector: input[placeholder='email']
18:05:09.962  INFO  manager.ListenerWD - Before find element ->>>>By.cssSelector: input[placeholder='Address']
18:05:09.972  INFO  manager.ListenerWD - After find element ->>>>By.cssSelector: input[placeholder='Address']
18:05:10.052  INFO  manager.ListenerWD - Before find element ->>>>By.cssSelector: input[placeholder='description']
18:05:10.066  INFO  manager.ListenerWD - After find element ->>>>By.cssSelector: input[placeholder='description']
18:05:10.161  INFO  manager.ListenerWD - Before find element ->>>>By.xpath: //b[text()='Save']
18:05:10.173  INFO  manager.ListenerWD - After find element ->>>>By.xpath: //b[text()='Save']
18:05:10.195  INFO  manager.ListenerWD - Before find elements ->>>>By.cssSelector: a.active[href='/add']
18:05:10.205  INFO  manager.ListenerWD - After find elements ->>>>By.cssSelector: a.active[href='/add']
18:05:10.205  INFO  manager.ListenerWD - List suze is ->>>>1
18:05:10.206  INFO  tests.TestBase - The name of starts method is --->addNewContactWrongPhone
18:05:10.207  INFO  manager.ListenerWD - Before find elements ->>>>By.xpath: //button[text()='Sign Out']
18:05:10.221  INFO  manager.ListenerWD - After find elements ->>>>By.xpath: //button[text()='Sign Out']
18:05:10.221  INFO  manager.ListenerWD - List suze is ->>>>1
18:05:10.222  INFO  manager.ListenerWD - Before find element ->>>>By.cssSelector: a[href='/add']
18:05:10.232  INFO  manager.ListenerWD - After find element ->>>>By.cssSelector: a[href='/add']
18:05:10.259  INFO  manager.ListenerWD - Before find element ->>>>By.cssSelector: input[placeholder='Name']
18:05:10.272  INFO  manager.ListenerWD - After find element ->>>>By.cssSelector: input[placeholder='Name']
18:05:10.368  INFO  manager.ListenerWD - Before find element ->>>>By.cssSelector: input[placeholder='Last Name']
18:05:10.379  INFO  manager.ListenerWD - After find element ->>>>By.cssSelector: input[placeholder='Last Name']
18:05:10.467  INFO  manager.ListenerWD - Before find element ->>>>By.cssSelector: input[placeholder='Phone']
18:05:10.477  INFO  manager.ListenerWD - After find element ->>>>By.cssSelector: input[placeholder='Phone']
18:05:10.562  INFO  manager.ListenerWD - Before find element ->>>>By.cssSelector: input[placeholder='email']
18:05:10.572  INFO  manager.ListenerWD - After find element ->>>>By.cssSelector: input[placeholder='email']
18:05:10.657  INFO  manager.ListenerWD - Before find element ->>>>By.cssSelector: input[placeholder='Address']
18:05:10.668  INFO  manager.ListenerWD - After find element ->>>>By.cssSelector: input[placeholder='Address']
18:05:10.758  INFO  manager.ListenerWD - Before find element ->>>>By.cssSelector: input[placeholder='description']
18:05:10.771  INFO  manager.ListenerWD - After find element ->>>>By.cssSelector: input[placeholder='description']
18:05:10.896  INFO  manager.ListenerWD - Before find element ->>>>By.xpath: //b[text()='Save']
18:05:10.907  INFO  manager.ListenerWD - After find element ->>>>By.xpath: //b[text()='Save']
18:05:10.929  INFO  manager.ListenerWD - Before find elements ->>>>By.cssSelector: a.active[href='/add']
18:05:10.942  INFO  manager.ListenerWD - After find elements ->>>>By.cssSelector: a.active[href='/add']
18:05:10.942  INFO  manager.ListenerWD - List suze is ->>>>1
18:05:10.949  INFO  manager.ListenerWD - The have a 'problem'
18:05:10.949  INFO  manager.ListenerWD - ++++++++++++++++++++++++++++++++++++
18:05:10.949  INFO  manager.ListenerWD - Method method ->>>>alert
18:05:10.949  INFO  manager.ListenerWD - ++++++++++++++++++++++++++
18:05:10.949  INFO  manager.ListenerWD - InvocationTargetException getTargetException() org.openqa.selenium.NoAlertPresentException: no such alert
  (Session info: chrome=109.0.5414.120)
Build info: version: '4.7.1', revision: 'c6795baf1a3'
System info: os.name: 'Windows 10', os.arch: 'amd64', os.version: '10.0', java.version: '11.0.17'
Driver info: org.openqa.selenium.chrome.ChromeDriver
Command: [cddf45867243ea6f8b91c8bc7f874249, getAlertText {}]
Capabilities {acceptInsecureCerts: false, browserName: chrome, browserVersion: 109.0.5414.120, chrome: {chromedriverVersion: 109.0.5414.74 (e7c5703604da..., userDataDir: C:\Users\97252\AppData\Loca...}, goog:chromeOptions: {debuggerAddress: localhost:56758}, networkConnectionEnabled: false, pageLoadStrategy: normal, platformName: WINDOWS, proxy: Proxy(), se:cdp: ws://localhost:56758/devtoo..., se:cdpVersion: 109.0.5414.120, setWindowRect: true, strictFileInteractability: false, timeouts: {implicit: 0, pageLoad: 300000, script: 30000}, unhandledPromptBehavior: dismiss and notify, webauthn:extension:credBlob: true, webauthn:extension:largeBlob: true, webauthn:virtualAuthenticators: true}
Session ID: cddf45867243ea6f8b91c8bc7f874249
18:05:10.949  INFO  manager.ListenerWD - ++++++++++++++++++++++++++
18:05:10.949  INFO  manager.ListenerWD - Object target ->>>>>>org.openqa.selenium.remote.RemoteWebDriver$RemoteTargetLocator@71a2df1
18:05:10.950  INFO  manager.ListenerWD - ++++++++++++++++++++++++++
