17:49:15.234  INFO  manager.ApplicationManager - All tests star in Chrome Browser
17:49:16.512  INFO  manager.ApplicationManager - Current Url -->https://telranedu.web.app/home
17:49:16.542  INFO  tests.TestBase - The name of starts method is --->addNewContactWrongEmail
17:49:16.544  INFO  manager.ListenerWD - Before find elements ->>>>By.xpath: //button[text()='Sign Out']
17:49:21.598  INFO  manager.ListenerWD - After find elements ->>>>By.xpath: //button[text()='Sign Out']
17:49:21.602  INFO  manager.ListenerWD - List suze is ->>>>0
17:49:21.605  INFO  manager.ListenerWD - Before find element ->>>>By.cssSelector: a[href='/login']
17:49:21.639  INFO  manager.ListenerWD - After find element ->>>>By.cssSelector: a[href='/login']
17:49:21.715  INFO  manager.ListenerWD - Before find element ->>>>By.name: email
17:49:21.747  INFO  manager.ListenerWD - After find element ->>>>By.name: email
17:49:21.915  INFO  manager.ListenerWD - Before find element ->>>>By.name: password
17:49:21.942  INFO  manager.ListenerWD - After find element ->>>>By.name: password
17:49:22.065  INFO  manager.ListenerWD - Before find element ->>>>By.cssSelector: [name='login']
17:49:22.089  INFO  manager.ListenerWD - After find element ->>>>By.cssSelector: [name='login']
17:49:22.153  INFO  manager.ListenerWD - Before find element ->>>>By.cssSelector: a[href='/add']
17:49:22.993  INFO  manager.ListenerWD - After find element ->>>>By.cssSelector: a[href='/add']
17:49:23.040  INFO  manager.ListenerWD - Before find element ->>>>By.cssSelector: input[placeholder='Name']
17:49:23.069  INFO  manager.ListenerWD - After find element ->>>>By.cssSelector: input[placeholder='Name']
17:49:23.185  INFO  manager.ListenerWD - Before find element ->>>>By.cssSelector: input[placeholder='Last Name']
17:49:23.210  INFO  manager.ListenerWD - After find element ->>>>By.cssSelector: input[placeholder='Last Name']
17:49:23.340  INFO  manager.ListenerWD - Before find element ->>>>By.cssSelector: input[placeholder='Phone']
17:49:23.369  INFO  manager.ListenerWD - After find element ->>>>By.cssSelector: input[placeholder='Phone']
17:49:23.497  INFO  manager.ListenerWD - Before find element ->>>>By.cssSelector: input[placeholder='email']
17:49:23.582  INFO  manager.ListenerWD - After find element ->>>>By.cssSelector: input[placeholder='email']
17:49:23.843  INFO  manager.ListenerWD - Before find element ->>>>By.cssSelector: input[placeholder='Address']
17:49:23.875  INFO  manager.ListenerWD - After find element ->>>>By.cssSelector: input[placeholder='Address']
17:49:24.004  INFO  manager.ListenerWD - Before find element ->>>>By.cssSelector: input[placeholder='description']
17:49:24.025  INFO  manager.ListenerWD - After find element ->>>>By.cssSelector: input[placeholder='description']
17:49:24.157  INFO  manager.ListenerWD - Before find element ->>>>By.xpath: //b[text()='Save']
17:49:24.185  INFO  manager.ListenerWD - After find element ->>>>By.xpath: //b[text()='Save']
17:49:24.224  INFO  manager.ListenerWD - Before find elements ->>>>By.cssSelector: a.active[href='/add']
17:49:24.248  INFO  manager.ListenerWD - After find elements ->>>>By.cssSelector: a.active[href='/add']
17:49:24.249  INFO  manager.ListenerWD - List suze is ->>>>1
17:49:24.280  INFO  manager.ListenerWD - The have a 'problem'
17:49:24.280  INFO  manager.ListenerWD - ++++++++++++++++++++++++++++++++++++
17:49:24.281  INFO  manager.ListenerWD - Method method ->>>>alert
17:49:24.281  INFO  manager.ListenerWD - ++++++++++++++++++++++++++
17:49:24.283  INFO  manager.ListenerWD - InvocationTargetException getTargetException() org.openqa.selenium.NoAlertPresentException: no such alert
  (Session info: chrome=109.0.5414.120)
Build info: version: '4.7.1', revision: 'c6795baf1a3'
System info: os.name: 'Windows 10', os.arch: 'amd64', os.version: '10.0', java.version: '11.0.17'
Driver info: org.openqa.selenium.chrome.ChromeDriver
Command: [1a8b065668c3cca7bdb8885fdc9b0364, getAlertText {}]
Capabilities {acceptInsecureCerts: false, browserName: chrome, browserVersion: 109.0.5414.120, chrome: {chromedriverVersion: 109.0.5414.74 (e7c5703604da..., userDataDir: C:\Users\97252\AppData\Loca...}, goog:chromeOptions: {debuggerAddress: localhost:56257}, networkConnectionEnabled: false, pageLoadStrategy: normal, platformName: WINDOWS, proxy: Proxy(), se:cdp: ws://localhost:56257/devtoo..., se:cdpVersion: 109.0.5414.120, setWindowRect: true, strictFileInteractability: false, timeouts: {implicit: 0, pageLoad: 300000, script: 30000}, unhandledPromptBehavior: dismiss and notify, webauthn:extension:credBlob: true, webauthn:extension:largeBlob: true, webauthn:virtualAuthenticators: true}
Session ID: 1a8b065668c3cca7bdb8885fdc9b0364
17:49:24.283  INFO  manager.ListenerWD - ++++++++++++++++++++++++++
17:49:24.284  INFO  manager.ListenerWD - Object target ->>>>>>org.openqa.selenium.remote.RemoteWebDriver$RemoteTargetLocator@3e377967
17:49:24.285  INFO  manager.ListenerWD - ++++++++++++++++++++++++++
