17:52:39.216  INFO  manager.ApplicationManager - All tests star in Chrome Browser
17:52:40.428  INFO  manager.ApplicationManager - Current Url -->https://telranedu.web.app/home
17:52:40.462  INFO  tests.TestBase - The name of starts method is --->addNewContactWrongEmail
17:52:40.465  INFO  manager.ListenerWD - Before find elements ->>>>By.xpath: //button[text()='Sign Out']
17:52:45.508  INFO  manager.ListenerWD - After find elements ->>>>By.xpath: //button[text()='Sign Out']
17:52:45.510  INFO  manager.ListenerWD - List suze is ->>>>0
17:52:45.513  INFO  manager.ListenerWD - Before find element ->>>>By.cssSelector: a[href='/login']
17:52:45.550  INFO  manager.ListenerWD - After find element ->>>>By.cssSelector: a[href='/login']
17:52:45.613  INFO  manager.ListenerWD - Before find element ->>>>By.name: email
17:52:45.639  INFO  manager.ListenerWD - After find element ->>>>By.name: email
17:52:45.782  INFO  manager.ListenerWD - Before find element ->>>>By.name: password
17:52:45.807  INFO  manager.ListenerWD - After find element ->>>>By.name: password
17:52:45.907  INFO  manager.ListenerWD - Before find element ->>>>By.cssSelector: [name='login']
17:52:45.926  INFO  manager.ListenerWD - After find element ->>>>By.cssSelector: [name='login']
17:52:45.982  INFO  manager.ListenerWD - Before find element ->>>>By.cssSelector: a[href='/add']
17:52:46.868  INFO  manager.ListenerWD - After find element ->>>>By.cssSelector: a[href='/add']
17:52:46.908  INFO  manager.ListenerWD - Before find element ->>>>By.cssSelector: input[placeholder='Name']
17:52:46.930  INFO  manager.ListenerWD - After find element ->>>>By.cssSelector: input[placeholder='Name']
17:52:47.046  INFO  manager.ListenerWD - Before find element ->>>>By.cssSelector: input[placeholder='Last Name']
17:52:47.065  INFO  manager.ListenerWD - After find element ->>>>By.cssSelector: input[placeholder='Last Name']
17:52:47.170  INFO  manager.ListenerWD - Before find element ->>>>By.cssSelector: input[placeholder='Phone']
17:52:47.189  INFO  manager.ListenerWD - After find element ->>>>By.cssSelector: input[placeholder='Phone']
17:52:47.295  INFO  manager.ListenerWD - Before find element ->>>>By.cssSelector: input[placeholder='email']
17:52:47.313  INFO  manager.ListenerWD - After find element ->>>>By.cssSelector: input[placeholder='email']
17:52:47.425  INFO  manager.ListenerWD - Before find element ->>>>By.cssSelector: input[placeholder='Address']
17:52:47.445  INFO  manager.ListenerWD - After find element ->>>>By.cssSelector: input[placeholder='Address']
17:52:47.547  INFO  manager.ListenerWD - Before find element ->>>>By.cssSelector: input[placeholder='description']
17:52:47.564  INFO  manager.ListenerWD - After find element ->>>>By.cssSelector: input[placeholder='description']
17:52:47.676  INFO  manager.ListenerWD - Before find element ->>>>By.xpath: //b[text()='Save']
17:52:47.694  INFO  manager.ListenerWD - After find element ->>>>By.xpath: //b[text()='Save']
17:52:47.731  INFO  manager.ListenerWD - Before find elements ->>>>By.cssSelector: a.active[href='/add']
17:52:47.752  INFO  manager.ListenerWD - After find elements ->>>>By.cssSelector: a.active[href='/add']
17:52:47.752  INFO  manager.ListenerWD - List suze is ->>>>1
17:52:47.785  INFO  manager.ListenerWD - The have a 'problem'
17:52:47.785  INFO  manager.ListenerWD - ++++++++++++++++++++++++++++++++++++
17:52:47.785  INFO  manager.ListenerWD - Method method ->>>>alert
17:52:47.785  INFO  manager.ListenerWD - ++++++++++++++++++++++++++
17:52:47.787  INFO  manager.ListenerWD - InvocationTargetException getTargetException() org.openqa.selenium.NoAlertPresentException: no such alert
  (Session info: chrome=109.0.5414.120)
Build info: version: '4.7.1', revision: 'c6795baf1a3'
System info: os.name: 'Windows 10', os.arch: 'amd64', os.version: '10.0', java.version: '11.0.17'
Driver info: org.openqa.selenium.chrome.ChromeDriver
Command: [ac4457dff4df4ba1cc7e3fb9c5702f2b, getAlertText {}]
Capabilities {acceptInsecureCerts: false, browserName: chrome, browserVersion: 109.0.5414.120, chrome: {chromedriverVersion: 109.0.5414.74 (e7c5703604da..., userDataDir: C:\Users\97252\AppData\Loca...}, goog:chromeOptions: {debuggerAddress: localhost:56412}, networkConnectionEnabled: false, pageLoadStrategy: normal, platformName: WINDOWS, proxy: Proxy(), se:cdp: ws://localhost:56412/devtoo..., se:cdpVersion: 109.0.5414.120, setWindowRect: true, strictFileInteractability: false, timeouts: {implicit: 0, pageLoad: 300000, script: 30000}, unhandledPromptBehavior: dismiss and notify, webauthn:extension:credBlob: true, webauthn:extension:largeBlob: true, webauthn:virtualAuthenticators: true}
Session ID: ac4457dff4df4ba1cc7e3fb9c5702f2b
17:52:47.787  INFO  manager.ListenerWD - ++++++++++++++++++++++++++
17:52:47.788  INFO  manager.ListenerWD - Object target ->>>>>>org.openqa.selenium.remote.RemoteWebDriver$RemoteTargetLocator@1536ea40
17:52:47.788  INFO  manager.ListenerWD - ++++++++++++++++++++++++++
