20:01:18.238  INFO  manager.ApplicationManager - All tests star in Chrome Browser
20:01:19.536  INFO  manager.ApplicationManager - Current Url -->https://telranedu.web.app/home
20:01:19.577  INFO  tests.TestBase - The name of starts method is --->registrationSuccess
20:01:19.581  INFO  manager.ListenerWD - Before find elements ->>>>By.xpath: //button[text()='Sign Out']
20:01:24.641  INFO  manager.ListenerWD - After find elements ->>>>By.xpath: //button[text()='Sign Out']
20:01:24.645  INFO  manager.ListenerWD - List suze is ->>>>0
20:01:24.650  INFO  manager.ListenerWD - Before find element ->>>>By.cssSelector: a[href='/login']
20:01:24.682  INFO  manager.ListenerWD - After find element ->>>>By.cssSelector: a[href='/login']
20:01:24.756  INFO  manager.ListenerWD - Before find element ->>>>By.name: email
20:01:24.789  INFO  manager.ListenerWD - After find element ->>>>By.name: email
20:01:25.471  INFO  manager.ListenerWD - Before find element ->>>>By.name: password
20:01:25.498  INFO  manager.ListenerWD - After find element ->>>>By.name: password
20:01:26.131  INFO  manager.ListenerWD - Before find element ->>>>By.cssSelector: [name='registration']
20:01:26.157  INFO  manager.ListenerWD - After find element ->>>>By.cssSelector: [name='registration']
20:01:26.201  INFO  manager.ListenerWD - Before find elements ->>>>By.xpath: //button[text()='Sign Out']
20:01:27.013  INFO  manager.ListenerWD - After find elements ->>>>By.xpath: //button[text()='Sign Out']
20:01:27.013  INFO  manager.ListenerWD - List suze is ->>>>0
20:01:27.021  INFO  tests.TestBase - The name of starts method is --->registrationUserAlreadyExists
20:01:27.022  INFO  manager.ListenerWD - Before find elements ->>>>By.xpath: //button[text()='Sign Out']
20:01:27.037  INFO  manager.ListenerWD - The have a 'problem'
20:01:27.037  INFO  manager.ListenerWD - ++++++++++++++++++++++++++++++++++++
20:01:27.037  INFO  manager.ListenerWD - Method method ->>>>findElements
20:01:27.037  INFO  manager.ListenerWD - ++++++++++++++++++++++++++
20:01:27.039  INFO  manager.ListenerWD - InvocationTargetException getTargetException() org.openqa.selenium.UnhandledAlertException: unexpected alert open: {Alert text : User already exist}
  (Session info: chrome=109.0.5414.120): User already exist
Build info: version: '4.7.1', revision: 'c6795baf1a3'
System info: os.name: 'Windows 10', os.arch: 'amd64', os.version: '10.0', java.version: '11.0.17'
Driver info: org.openqa.selenium.chrome.ChromeDriver
Command: [1d94421d12926db1bd7530b5d6a0cadd, findElements {using=xpath, value=//button[text()='Sign Out']}]
Capabilities {acceptInsecureCerts: false, browserName: chrome, browserVersion: 109.0.5414.120, chrome: {chromedriverVersion: 109.0.5414.74 (e7c5703604da..., userDataDir: C:\Users\97252\AppData\Loca...}, goog:chromeOptions: {debuggerAddress: localhost:60161}, networkConnectionEnabled: false, pageLoadStrategy: normal, platformName: WINDOWS, proxy: Proxy(), se:cdp: ws://localhost:60161/devtoo..., se:cdpVersion: 109.0.5414.120, setWindowRect: true, strictFileInteractability: false, timeouts: {implicit: 0, pageLoad: 300000, script: 30000}, unhandledPromptBehavior: dismiss and notify, webauthn:extension:credBlob: true, webauthn:extension:largeBlob: true, webauthn:virtualAuthenticators: true}
Session ID: 1d94421d12926db1bd7530b5d6a0cadd
20:01:27.040  INFO  manager.ListenerWD - ++++++++++++++++++++++++++
20:01:27.041  INFO  manager.ListenerWD - Object target ->>>>>>ChromeDriver: chrome on WINDOWS (1d94421d12926db1bd7530b5d6a0cadd)
20:01:27.041  INFO  manager.ListenerWD - ++++++++++++++++++++++++++
20:01:27.041  INFO  manager.ListenerWD - Screen  whith errror is ->>>>src/test/screenshots/screen-103.png
