19:43:58.050  INFO  manager.ApplicationManager - All tests star in Chrome Browser
19:43:59.444  INFO  manager.ApplicationManager - Current Url -->https://telranedu.web.app/home
19:43:59.472  INFO  tests.TestBase - The name of starts method is --->registrationWrongPassword
19:43:59.475  INFO  manager.ListenerWD - Before find element ->>>>By.cssSelector: a[href='/login']
19:43:59.500  INFO  manager.ListenerWD - After find element ->>>>By.cssSelector: a[href='/login']
19:43:59.564  INFO  manager.ListenerWD - Before find element ->>>>By.name: email
19:43:59.593  INFO  manager.ListenerWD - After find element ->>>>By.name: email
19:44:00.272  INFO  manager.ListenerWD - Before find element ->>>>By.name: password
19:44:00.298  INFO  manager.ListenerWD - After find element ->>>>By.name: password
19:44:00.926  INFO  manager.ListenerWD - Before find element ->>>>By.cssSelector: [name='registration']
19:44:00.945  INFO  manager.ListenerWD - After find element ->>>>By.cssSelector: [name='registration']
19:44:01.994  INFO  manager.ListenerWD - Before find elements ->>>>By.xpath: //button[text()='Sign Out']
19:44:02.009  INFO  manager.ListenerWD - The have a 'problem'
19:44:02.010  INFO  manager.ListenerWD - ++++++++++++++++++++++++++++++++++++
19:44:02.010  INFO  manager.ListenerWD - Method method ->>>>findElements
19:44:02.010  INFO  manager.ListenerWD - ++++++++++++++++++++++++++
19:44:02.012  INFO  manager.ListenerWD - InvocationTargetException getTargetException() org.openqa.selenium.UnhandledAlertException: unexpected alert open: {Alert text : Wrong email or password format
            Email must contains one @ and minimum 2 symbols after last dot
            Password must contain at least one uppercase letter!
            Password must contain at least one lowercase letter!
            Password must contain at least one digit!
            Password must contain at least one special symbol from [‘$’,’~’,’-‘,’_’]!}
  (Session info: chrome=109.0.5414.120): Wrong email or password format
            Email must contains one @ and minimum 2 symbols after last dot
            Password must contain at least one uppercase letter!
            Password must contain at least one lowercase letter!
            Password must contain at least one digit!
            Password must contain at least one special symbol from [‘$’,’~’,’-‘,’_’]!
Build info: version: '4.7.1', revision: 'c6795baf1a3'
System info: os.name: 'Windows 10', os.arch: 'amd64', os.version: '10.0', java.version: '11.0.17'
Driver info: org.openqa.selenium.chrome.ChromeDriver
Command: [b20dac2b9b3cdcecf900300ecd5db775, findElements {using=xpath, value=//button[text()='Sign Out']}]
Capabilities {acceptInsecureCerts: false, browserName: chrome, browserVersion: 109.0.5414.120, chrome: {chromedriverVersion: 109.0.5414.74 (e7c5703604da..., userDataDir: C:\Users\97252\AppData\Loca...}, goog:chromeOptions: {debuggerAddress: localhost:59262}, networkConnectionEnabled: false, pageLoadStrategy: normal, platformName: WINDOWS, proxy: Proxy(), se:cdp: ws://localhost:59262/devtoo..., se:cdpVersion: 109.0.5414.120, setWindowRect: true, strictFileInteractability: false, timeouts: {implicit: 0, pageLoad: 300000, script: 30000}, unhandledPromptBehavior: dismiss and notify, webauthn:extension:credBlob: true, webauthn:extension:largeBlob: true, webauthn:virtualAuthenticators: true}
Session ID: b20dac2b9b3cdcecf900300ecd5db775
19:44:02.013  INFO  manager.ListenerWD - ++++++++++++++++++++++++++
19:44:02.014  INFO  manager.ListenerWD - Object target ->>>>>>ChromeDriver: chrome on WINDOWS (b20dac2b9b3cdcecf900300ecd5db775)
19:44:02.014  INFO  manager.ListenerWD - ++++++++++++++++++++++++++
19:44:02.019  INFO  manager.ListenerWD - Screen  whith errror is ->>>>src/test/screenshots/screen-501.png
