17:48:19.755  INFO  manager.ApplicationManager - All tests star in Chrome Browser
17:48:21.214  INFO  manager.ApplicationManager - Current Url -->https://telranedu.web.app/home
17:48:21.260  INFO  tests.TestBase - The name of starts method is --->addNewContactWrongEmail
17:48:21.263  INFO  manager.ListenerWD - Before find elements ->>>>By.xpath: //button[text()='Sign Out']
17:48:26.317  INFO  manager.ListenerWD - After find elements ->>>>By.xpath: //button[text()='Sign Out']
17:48:26.320  INFO  manager.ListenerWD - List suze is ->>>>0
17:48:26.323  INFO  manager.ListenerWD - Before find element ->>>>By.cssSelector: a[href='/login']
17:48:26.358  INFO  manager.ListenerWD - After find element ->>>>By.cssSelector: a[href='/login']
17:48:26.431  INFO  manager.ListenerWD - Before find element ->>>>By.name: email
17:48:26.459  INFO  manager.ListenerWD - After find element ->>>>By.name: email
17:48:26.631  INFO  manager.ListenerWD - Before find element ->>>>By.name: password
17:48:26.659  INFO  manager.ListenerWD - After find element ->>>>By.name: password
17:48:26.799  INFO  manager.ListenerWD - Before find element ->>>>By.cssSelector: [name='login']
17:48:26.830  INFO  manager.ListenerWD - After find element ->>>>By.cssSelector: [name='login']
17:48:26.901  INFO  manager.ListenerWD - Before find element ->>>>By.cssSelector: a[href='/add']
17:48:27.802  INFO  manager.ListenerWD - After find element ->>>>By.cssSelector: a[href='/add']
17:48:27.843  INFO  manager.ListenerWD - Before find element ->>>>By.cssSelector: input[placeholder='Name']
17:48:27.869  INFO  manager.ListenerWD - After find element ->>>>By.cssSelector: input[placeholder='Name']
17:48:27.980  INFO  manager.ListenerWD - Before find element ->>>>By.cssSelector: input[placeholder='Last Name']
17:48:28.002  INFO  manager.ListenerWD - After find element ->>>>By.cssSelector: input[placeholder='Last Name']
17:48:28.107  INFO  manager.ListenerWD - Before find element ->>>>By.cssSelector: input[placeholder='Phone']
17:48:28.129  INFO  manager.ListenerWD - After find element ->>>>By.cssSelector: input[placeholder='Phone']
17:48:28.243  INFO  manager.ListenerWD - Before find element ->>>>By.cssSelector: input[placeholder='email']
17:48:28.266  INFO  manager.ListenerWD - After find element ->>>>By.cssSelector: input[placeholder='email']
17:48:28.384  INFO  manager.ListenerWD - Before find element ->>>>By.cssSelector: input[placeholder='Address']
17:48:28.407  INFO  manager.ListenerWD - After find element ->>>>By.cssSelector: input[placeholder='Address']
17:48:28.521  INFO  manager.ListenerWD - Before find element ->>>>By.cssSelector: input[placeholder='description']
17:48:28.544  INFO  manager.ListenerWD - After find element ->>>>By.cssSelector: input[placeholder='description']
17:48:28.657  INFO  manager.ListenerWD - Before find element ->>>>By.xpath: //b[text()='Save']
17:48:28.679  INFO  manager.ListenerWD - After find element ->>>>By.xpath: //b[text()='Save']
17:48:28.712  INFO  manager.ListenerWD - Before find elements ->>>>By.cssSelector: a.active[href='/add']
17:48:28.734  INFO  manager.ListenerWD - After find elements ->>>>By.cssSelector: a.active[href='/add']
17:48:28.735  INFO  manager.ListenerWD - List suze is ->>>>1
17:48:28.759  INFO  manager.ListenerWD - The have a 'problem'
17:48:28.759  INFO  manager.ListenerWD - ++++++++++++++++++++++++++++++++++++
17:48:28.759  INFO  manager.ListenerWD - Method method ->>>>alert
17:48:28.759  INFO  manager.ListenerWD - ++++++++++++++++++++++++++
17:48:28.761  INFO  manager.ListenerWD - InvocationTargetException getTargetException() org.openqa.selenium.NoAlertPresentException: no such alert
  (Session info: chrome=109.0.5414.120)
Build info: version: '4.7.1', revision: 'c6795baf1a3'
System info: os.name: 'Windows 10', os.arch: 'amd64', os.version: '10.0', java.version: '11.0.17'
Driver info: org.openqa.selenium.chrome.ChromeDriver
Command: [a1f05e6892eea28b88910f16185b048e, getAlertText {}]
Capabilities {acceptInsecureCerts: false, browserName: chrome, browserVersion: 109.0.5414.120, chrome: {chromedriverVersion: 109.0.5414.74 (e7c5703604da..., userDataDir: C:\Users\97252\AppData\Loca...}, goog:chromeOptions: {debuggerAddress: localhost:56197}, networkConnectionEnabled: false, pageLoadStrategy: normal, platformName: WINDOWS, proxy: Proxy(), se:cdp: ws://localhost:56197/devtoo..., se:cdpVersion: 109.0.5414.120, setWindowRect: true, strictFileInteractability: false, timeouts: {implicit: 0, pageLoad: 300000, script: 30000}, unhandledPromptBehavior: dismiss and notify, webauthn:extension:credBlob: true, webauthn:extension:largeBlob: true, webauthn:virtualAuthenticators: true}
Session ID: a1f05e6892eea28b88910f16185b048e
17:48:28.761  INFO  manager.ListenerWD - ++++++++++++++++++++++++++
17:48:28.762  INFO  manager.ListenerWD - Object target ->>>>>>org.openqa.selenium.remote.RemoteWebDriver$RemoteTargetLocator@1536ea40
17:48:28.762  INFO  manager.ListenerWD - ++++++++++++++++++++++++++
