17:47:32.437  INFO  manager.ApplicationManager - All tests star in Chrome Browser
17:47:33.709  INFO  manager.ApplicationManager - Current Url -->https://telranedu.web.app/home
17:47:33.738  INFO  tests.TestBase - The name of starts method is --->addNewContactWrongEmail
17:47:33.740  INFO  manager.ListenerWD - Before find elements ->>>>By.xpath: //button[text()='Sign Out']
17:47:38.754  INFO  manager.ListenerWD - After find elements ->>>>By.xpath: //button[text()='Sign Out']
17:47:38.756  INFO  manager.ListenerWD - List suze is ->>>>0
17:47:38.758  INFO  manager.ListenerWD - Before find element ->>>>By.cssSelector: a[href='/login']
17:47:38.790  INFO  manager.ListenerWD - After find element ->>>>By.cssSelector: a[href='/login']
17:47:38.854  INFO  manager.ListenerWD - Before find element ->>>>By.name: email
17:47:38.885  INFO  manager.ListenerWD - After find element ->>>>By.name: email
17:47:39.048  INFO  manager.ListenerWD - Before find element ->>>>By.name: password
17:47:39.068  INFO  manager.ListenerWD - After find element ->>>>By.name: password
17:47:39.185  INFO  manager.ListenerWD - Before find element ->>>>By.cssSelector: [name='login']
17:47:39.204  INFO  manager.ListenerWD - After find element ->>>>By.cssSelector: [name='login']
17:47:39.260  INFO  manager.ListenerWD - Before find element ->>>>By.cssSelector: a[href='/add']
17:47:40.107  INFO  manager.ListenerWD - After find element ->>>>By.cssSelector: a[href='/add']
17:47:40.156  INFO  manager.ListenerWD - Before find element ->>>>By.cssSelector: input[placeholder='Name']
17:47:40.182  INFO  manager.ListenerWD - After find element ->>>>By.cssSelector: input[placeholder='Name']
17:47:40.287  INFO  manager.ListenerWD - Before find element ->>>>By.cssSelector: input[placeholder='Last Name']
17:47:40.309  INFO  manager.ListenerWD - After find element ->>>>By.cssSelector: input[placeholder='Last Name']
17:47:40.409  INFO  manager.ListenerWD - Before find element ->>>>By.cssSelector: input[placeholder='Phone']
17:47:40.428  INFO  manager.ListenerWD - After find element ->>>>By.cssSelector: input[placeholder='Phone']
17:47:40.532  INFO  manager.ListenerWD - Before find element ->>>>By.cssSelector: input[placeholder='email']
17:47:40.553  INFO  manager.ListenerWD - After find element ->>>>By.cssSelector: input[placeholder='email']
17:47:40.655  INFO  manager.ListenerWD - Before find element ->>>>By.cssSelector: input[placeholder='Address']
17:47:40.676  INFO  manager.ListenerWD - After find element ->>>>By.cssSelector: input[placeholder='Address']
17:47:40.782  INFO  manager.ListenerWD - Before find element ->>>>By.cssSelector: input[placeholder='description']
17:47:40.802  INFO  manager.ListenerWD - After find element ->>>>By.cssSelector: input[placeholder='description']
17:47:40.903  INFO  manager.ListenerWD - Before find element ->>>>By.xpath: //b[text()='Save']
17:47:40.921  INFO  manager.ListenerWD - After find element ->>>>By.xpath: //b[text()='Save']
17:47:40.950  INFO  manager.ListenerWD - Before find elements ->>>>By.cssSelector: a.active[href='/add']
17:47:40.968  INFO  manager.ListenerWD - After find elements ->>>>By.cssSelector: a.active[href='/add']
17:47:40.968  INFO  manager.ListenerWD - List suze is ->>>>1
17:47:40.995  INFO  manager.ListenerWD - The have a 'problem'
17:47:40.996  INFO  manager.ListenerWD - ++++++++++++++++++++++++++++++++++++
17:47:40.996  INFO  manager.ListenerWD - Method method ->>>>alert
17:47:40.996  INFO  manager.ListenerWD - ++++++++++++++++++++++++++
17:47:40.998  INFO  manager.ListenerWD - InvocationTargetException getTargetException() org.openqa.selenium.NoAlertPresentException: no such alert
  (Session info: chrome=109.0.5414.120)
Build info: version: '4.7.1', revision: 'c6795baf1a3'
System info: os.name: 'Windows 10', os.arch: 'amd64', os.version: '10.0', java.version: '11.0.17'
Driver info: org.openqa.selenium.chrome.ChromeDriver
Command: [6affd291f5c955b894f60964660da407, getAlertText {}]
Capabilities {acceptInsecureCerts: false, browserName: chrome, browserVersion: 109.0.5414.120, chrome: {chromedriverVersion: 109.0.5414.74 (e7c5703604da..., userDataDir: C:\Users\97252\AppData\Loca...}, goog:chromeOptions: {debuggerAddress: localhost:56126}, networkConnectionEnabled: false, pageLoadStrategy: normal, platformName: WINDOWS, proxy: Proxy(), se:cdp: ws://localhost:56126/devtoo..., se:cdpVersion: 109.0.5414.120, setWindowRect: true, strictFileInteractability: false, timeouts: {implicit: 0, pageLoad: 300000, script: 30000}, unhandledPromptBehavior: dismiss and notify, webauthn:extension:credBlob: true, webauthn:extension:largeBlob: true, webauthn:virtualAuthenticators: true}
Session ID: 6affd291f5c955b894f60964660da407
17:47:40.999  INFO  manager.ListenerWD - ++++++++++++++++++++++++++
17:47:40.999  INFO  manager.ListenerWD - Object target ->>>>>>org.openqa.selenium.remote.RemoteWebDriver$RemoteTargetLocator@14422d9d
17:47:40.999  INFO  manager.ListenerWD - ++++++++++++++++++++++++++
