18:16:58.435  INFO  manager.ApplicationManager - All tests star in Chrome Browser
18:16:59.822  INFO  manager.ApplicationManager - Current Url -->https://telranedu.web.app/home
18:16:59.866  INFO  tests.TestBase - The name of starts method is --->addContactSuccessAllFields
18:16:59.870  INFO  manager.ListenerWD - Before find elements ->>>>By.xpath: //button[text()='Sign Out']
18:17:04.886  INFO  manager.ListenerWD - After find elements ->>>>By.xpath: //button[text()='Sign Out']
18:17:04.889  INFO  manager.ListenerWD - List suze is ->>>>0
18:17:04.892  INFO  manager.ListenerWD - Before find element ->>>>By.cssSelector: a[href='/login']
18:17:04.929  INFO  manager.ListenerWD - After find element ->>>>By.cssSelector: a[href='/login']
18:17:05.009  INFO  manager.ListenerWD - Before find element ->>>>By.name: email
18:17:05.044  INFO  manager.ListenerWD - After find element ->>>>By.name: email
18:17:05.741  INFO  manager.ListenerWD - Before find element ->>>>By.name: password
18:17:05.775  INFO  manager.ListenerWD - After find element ->>>>By.name: password
18:17:06.434  INFO  manager.ListenerWD - Before find element ->>>>By.cssSelector: [name='login']
18:17:06.465  INFO  manager.ListenerWD - After find element ->>>>By.cssSelector: [name='login']
18:17:06.549  INFO  tests.TestBase - Tests start with data : Contact(name=Lisa1276, lastName=Simpson, phone=11111111276, email=reshef19861276@gmail.com, address=NY, description=All fields)
18:17:06.550  INFO  manager.ListenerWD - Before find element ->>>>By.cssSelector: a[href='/add']
18:17:07.446  INFO  manager.ListenerWD - After find element ->>>>By.cssSelector: a[href='/add']
18:17:07.499  INFO  manager.ListenerWD - Before find element ->>>>By.cssSelector: input[placeholder='Name']
18:17:07.532  INFO  manager.ListenerWD - After find element ->>>>By.cssSelector: input[placeholder='Name']
18:17:08.187  INFO  manager.ListenerWD - Before find element ->>>>By.cssSelector: input[placeholder='Last Name']
18:17:08.218  INFO  manager.ListenerWD - After find element ->>>>By.cssSelector: input[placeholder='Last Name']
18:17:08.867  INFO  manager.ListenerWD - Before find element ->>>>By.cssSelector: input[placeholder='Phone']
18:17:08.895  INFO  manager.ListenerWD - After find element ->>>>By.cssSelector: input[placeholder='Phone']
18:17:09.539  INFO  manager.ListenerWD - Before find element ->>>>By.cssSelector: input[placeholder='email']
18:17:09.570  INFO  manager.ListenerWD - After find element ->>>>By.cssSelector: input[placeholder='email']
18:17:10.226  INFO  manager.ListenerWD - Before find element ->>>>By.cssSelector: input[placeholder='Address']
18:17:10.256  INFO  manager.ListenerWD - After find element ->>>>By.cssSelector: input[placeholder='Address']
18:17:10.900  INFO  manager.ListenerWD - Before find element ->>>>By.cssSelector: input[placeholder='description']
18:17:10.928  INFO  manager.ListenerWD - After find element ->>>>By.cssSelector: input[placeholder='description']
18:17:11.577  INFO  manager.ListenerWD - Before find element ->>>>By.xpath: //b[text()='Save']
18:17:11.606  INFO  manager.ListenerWD - After find element ->>>>By.xpath: //b[text()='Save']
18:17:11.648  INFO  manager.ListenerWD - Before find elements ->>>>By.cssSelector: h2
18:17:12.633  INFO  manager.ListenerWD - After find elements ->>>>By.cssSelector: h2
18:17:12.633  INFO  manager.ListenerWD - List suze is ->>>>44
18:17:13.469  INFO  manager.ListenerWD - Before find elements ->>>>By.cssSelector: h3
18:17:13.828  INFO  manager.ListenerWD - After find elements ->>>>By.cssSelector: h3
18:17:13.828  INFO  manager.ListenerWD - List suze is ->>>>44
18:17:14.581  INFO  manager.ListenerWD - Before find elements ->>>>By.cssSelector: .contact-item_card__2SOIM
18:17:14.854  INFO  manager.ListenerWD - After find elements ->>>>By.cssSelector: .contact-item_card__2SOIM
18:17:14.855  INFO  manager.ListenerWD - List suze is ->>>>44
18:17:14.916  INFO  manager.ListenerWD - Before find element ->>>>By.cssSelector: .contact-item-detailed_card__50dTS
18:17:14.941  INFO  manager.ListenerWD - After find element ->>>>By.cssSelector: .contact-item-detailed_card__50dTS
18:17:15.015  INFO  manager.ListenerWD - Before find element ->>>>By.cssSelector: .contact-item-detailed_card__50dTS
18:17:15.030  INFO  manager.ListenerWD - After find element ->>>>By.cssSelector: .contact-item-detailed_card__50dTS
18:17:15.090  INFO  manager.ListenerWD - Before find element ->>>>By.cssSelector: .contact-item-detailed_card__50dTS
18:17:15.107  INFO  manager.ListenerWD - After find element ->>>>By.cssSelector: .contact-item-detailed_card__50dTS
18:17:15.176  INFO  manager.ListenerWD - Before find element ->>>>By.cssSelector: .contact-item-detailed_card__50dTS
18:17:15.195  INFO  manager.ListenerWD - After find element ->>>>By.cssSelector: .contact-item-detailed_card__50dTS
18:17:15.280  INFO  manager.ListenerWD - Before find element ->>>>By.cssSelector: .contact-item-detailed_card__50dTS
18:17:15.296  INFO  manager.ListenerWD - After find element ->>>>By.cssSelector: .contact-item-detailed_card__50dTS
18:17:15.358  INFO  manager.ListenerWD - Before find element ->>>>By.cssSelector: .contact-item-detailed_card__50dTS
18:17:15.376  INFO  manager.ListenerWD - After find element ->>>>By.cssSelector: .contact-item-detailed_card__50dTS
18:17:15.438  INFO  manager.ListenerWD - Before find element ->>>>By.cssSelector: .contact-item-detailed_card__50dTS
18:17:15.455  INFO  manager.ListenerWD - After find element ->>>>By.cssSelector: .contact-item-detailed_card__50dTS
18:17:15.518  INFO  manager.ListenerWD - Before find element ->>>>By.cssSelector: .contact-item-detailed_card__50dTS
18:17:15.535  INFO  manager.ListenerWD - After find element ->>>>By.cssSelector: .contact-item-detailed_card__50dTS
18:17:15.598  INFO  manager.ListenerWD - Before find element ->>>>By.cssSelector: .contact-item-detailed_card__50dTS
18:17:15.614  INFO  manager.ListenerWD - After find element ->>>>By.cssSelector: .contact-item-detailed_card__50dTS
18:17:15.677  INFO  manager.ListenerWD - Before find element ->>>>By.cssSelector: .contact-item-detailed_card__50dTS
18:17:15.694  INFO  manager.ListenerWD - After find element ->>>>By.cssSelector: .contact-item-detailed_card__50dTS
18:17:15.756  INFO  manager.ListenerWD - Before find element ->>>>By.cssSelector: .contact-item-detailed_card__50dTS
18:17:15.774  INFO  manager.ListenerWD - After find element ->>>>By.cssSelector: .contact-item-detailed_card__50dTS
18:17:15.833  INFO  manager.ListenerWD - Before find element ->>>>By.cssSelector: .contact-item-detailed_card__50dTS
18:17:15.850  INFO  manager.ListenerWD - After find element ->>>>By.cssSelector: .contact-item-detailed_card__50dTS
18:17:15.912  INFO  manager.ListenerWD - Before find element ->>>>By.cssSelector: .contact-item-detailed_card__50dTS
18:17:15.929  INFO  manager.ListenerWD - After find element ->>>>By.cssSelector: .contact-item-detailed_card__50dTS
18:17:15.990  INFO  manager.ListenerWD - Before find element ->>>>By.cssSelector: .contact-item-detailed_card__50dTS
18:17:16.006  INFO  manager.ListenerWD - After find element ->>>>By.cssSelector: .contact-item-detailed_card__50dTS
18:17:16.066  INFO  manager.ListenerWD - Before find element ->>>>By.cssSelector: .contact-item-detailed_card__50dTS
18:17:16.081  INFO  manager.ListenerWD - After find element ->>>>By.cssSelector: .contact-item-detailed_card__50dTS
18:17:16.140  INFO  manager.ListenerWD - Before find element ->>>>By.cssSelector: .contact-item-detailed_card__50dTS
18:17:16.156  INFO  manager.ListenerWD - After find element ->>>>By.cssSelector: .contact-item-detailed_card__50dTS
18:17:16.213  INFO  manager.ListenerWD - Before find element ->>>>By.cssSelector: .contact-item-detailed_card__50dTS
18:17:16.230  INFO  manager.ListenerWD - After find element ->>>>By.cssSelector: .contact-item-detailed_card__50dTS
18:17:16.287  INFO  manager.ListenerWD - Before find element ->>>>By.cssSelector: .contact-item-detailed_card__50dTS
18:17:16.301  INFO  manager.ListenerWD - After find element ->>>>By.cssSelector: .contact-item-detailed_card__50dTS
18:17:16.365  INFO  manager.ListenerWD - Before find element ->>>>By.cssSelector: .contact-item-detailed_card__50dTS
18:17:16.381  INFO  manager.ListenerWD - After find element ->>>>By.cssSelector: .contact-item-detailed_card__50dTS
18:17:16.440  INFO  manager.ListenerWD - Before find element ->>>>By.cssSelector: .contact-item-detailed_card__50dTS
18:17:16.456  INFO  manager.ListenerWD - After find element ->>>>By.cssSelector: .contact-item-detailed_card__50dTS
18:17:16.520  INFO  manager.ListenerWD - Before find element ->>>>By.cssSelector: .contact-item-detailed_card__50dTS
18:17:16.535  INFO  manager.ListenerWD - After find element ->>>>By.cssSelector: .contact-item-detailed_card__50dTS
18:17:16.593  INFO  manager.ListenerWD - Before find element ->>>>By.cssSelector: .contact-item-detailed_card__50dTS
18:17:16.608  INFO  manager.ListenerWD - After find element ->>>>By.cssSelector: .contact-item-detailed_card__50dTS
18:17:16.670  INFO  manager.ListenerWD - Before find element ->>>>By.cssSelector: .contact-item-detailed_card__50dTS
18:17:16.685  INFO  manager.ListenerWD - After find element ->>>>By.cssSelector: .contact-item-detailed_card__50dTS
18:17:16.746  INFO  manager.ListenerWD - Before find element ->>>>By.cssSelector: .contact-item-detailed_card__50dTS
18:17:16.764  INFO  manager.ListenerWD - After find element ->>>>By.cssSelector: .contact-item-detailed_card__50dTS
18:17:16.823  INFO  manager.ListenerWD - Before find element ->>>>By.cssSelector: .contact-item-detailed_card__50dTS
18:17:16.837  INFO  manager.ListenerWD - After find element ->>>>By.cssSelector: .contact-item-detailed_card__50dTS
18:17:16.894  INFO  manager.ListenerWD - Before find element ->>>>By.cssSelector: .contact-item-detailed_card__50dTS
18:17:16.908  INFO  manager.ListenerWD - After find element ->>>>By.cssSelector: .contact-item-detailed_card__50dTS
18:17:16.971  INFO  manager.ListenerWD - Before find element ->>>>By.cssSelector: .contact-item-detailed_card__50dTS
18:17:16.987  INFO  manager.ListenerWD - After find element ->>>>By.cssSelector: .contact-item-detailed_card__50dTS
18:17:17.057  INFO  manager.ListenerWD - Before find element ->>>>By.cssSelector: .contact-item-detailed_card__50dTS
18:17:17.072  INFO  manager.ListenerWD - After find element ->>>>By.cssSelector: .contact-item-detailed_card__50dTS
18:17:17.138  INFO  manager.ListenerWD - Before find element ->>>>By.cssSelector: .contact-item-detailed_card__50dTS
18:17:17.153  INFO  manager.ListenerWD - After find element ->>>>By.cssSelector: .contact-item-detailed_card__50dTS
18:17:17.215  INFO  manager.ListenerWD - Before find element ->>>>By.cssSelector: .contact-item-detailed_card__50dTS
18:17:17.232  INFO  manager.ListenerWD - After find element ->>>>By.cssSelector: .contact-item-detailed_card__50dTS
18:17:17.292  INFO  manager.ListenerWD - Before find element ->>>>By.cssSelector: .contact-item-detailed_card__50dTS
18:17:17.309  INFO  manager.ListenerWD - After find element ->>>>By.cssSelector: .contact-item-detailed_card__50dTS
18:17:17.370  INFO  manager.ListenerWD - Before find element ->>>>By.cssSelector: .contact-item-detailed_card__50dTS
18:17:17.386  INFO  manager.ListenerWD - After find element ->>>>By.cssSelector: .contact-item-detailed_card__50dTS
18:17:17.448  INFO  manager.ListenerWD - Before find element ->>>>By.cssSelector: .contact-item-detailed_card__50dTS
18:17:17.466  INFO  manager.ListenerWD - After find element ->>>>By.cssSelector: .contact-item-detailed_card__50dTS
18:17:17.547  INFO  manager.ListenerWD - Before find element ->>>>By.cssSelector: .contact-item-detailed_card__50dTS
18:17:17.564  INFO  manager.ListenerWD - After find element ->>>>By.cssSelector: .contact-item-detailed_card__50dTS
18:17:17.625  INFO  manager.ListenerWD - Before find element ->>>>By.cssSelector: .contact-item-detailed_card__50dTS
18:17:17.642  INFO  manager.ListenerWD - After find element ->>>>By.cssSelector: .contact-item-detailed_card__50dTS
18:17:17.701  INFO  manager.ListenerWD - Before find element ->>>>By.cssSelector: .contact-item-detailed_card__50dTS
18:17:17.720  INFO  manager.ListenerWD - After find element ->>>>By.cssSelector: .contact-item-detailed_card__50dTS
18:17:17.781  INFO  manager.ListenerWD - Before find element ->>>>By.cssSelector: .contact-item-detailed_card__50dTS
18:17:17.797  INFO  manager.ListenerWD - After find element ->>>>By.cssSelector: .contact-item-detailed_card__50dTS
18:17:17.855  INFO  manager.ListenerWD - Before find element ->>>>By.cssSelector: .contact-item-detailed_card__50dTS
18:17:17.870  INFO  manager.ListenerWD - After find element ->>>>By.cssSelector: .contact-item-detailed_card__50dTS
18:17:17.929  INFO  manager.ListenerWD - Before find element ->>>>By.cssSelector: .contact-item-detailed_card__50dTS
18:17:17.945  INFO  manager.ListenerWD - After find element ->>>>By.cssSelector: .contact-item-detailed_card__50dTS
18:17:18.002  INFO  manager.ListenerWD - Before find element ->>>>By.cssSelector: .contact-item-detailed_card__50dTS
18:17:18.018  INFO  manager.ListenerWD - After find element ->>>>By.cssSelector: .contact-item-detailed_card__50dTS
18:17:18.076  INFO  manager.ListenerWD - Before find element ->>>>By.cssSelector: .contact-item-detailed_card__50dTS
18:17:18.091  INFO  manager.ListenerWD - After find element ->>>>By.cssSelector: .contact-item-detailed_card__50dTS
18:17:18.149  INFO  manager.ListenerWD - Before find element ->>>>By.cssSelector: .contact-item-detailed_card__50dTS
18:17:18.165  INFO  manager.ListenerWD - After find element ->>>>By.cssSelector: .contact-item-detailed_card__50dTS
18:17:18.224  INFO  manager.ListenerWD - Before find element ->>>>By.cssSelector: .contact-item-detailed_card__50dTS
18:17:18.239  INFO  manager.ListenerWD - After find element ->>>>By.cssSelector: .contact-item-detailed_card__50dTS
18:17:18.299  INFO  manager.ListenerWD - Before find element ->>>>By.cssSelector: .contact-item-detailed_card__50dTS
18:17:18.315  INFO  manager.ListenerWD - After find element ->>>>By.cssSelector: .contact-item-detailed_card__50dTS
18:17:18.334  INFO  tests.TestBase - The name of starts method is --->addContactSuccessRequiredFields
18:17:18.335  INFO  manager.ListenerWD - Before find elements ->>>>By.xpath: //button[text()='Sign Out']
18:17:18.354  INFO  manager.ListenerWD - After find elements ->>>>By.xpath: //button[text()='Sign Out']
18:17:18.354  INFO  manager.ListenerWD - List suze is ->>>>1
18:17:18.356  INFO  manager.ListenerWD - Before find element ->>>>By.cssSelector: a[href='/add']
18:17:18.375  INFO  manager.ListenerWD - After find element ->>>>By.cssSelector: a[href='/add']
18:17:18.418  INFO  manager.ListenerWD - Before find element ->>>>By.cssSelector: input[placeholder='Name']
18:17:18.436  INFO  manager.ListenerWD - After find element ->>>>By.cssSelector: input[placeholder='Name']
18:17:19.084  INFO  manager.ListenerWD - Before find element ->>>>By.cssSelector: input[placeholder='Last Name']
18:17:19.100  INFO  manager.ListenerWD - After find element ->>>>By.cssSelector: input[placeholder='Last Name']
18:17:19.731  INFO  manager.ListenerWD - Before find element ->>>>By.cssSelector: input[placeholder='Phone']
18:17:19.746  INFO  manager.ListenerWD - After find element ->>>>By.cssSelector: input[placeholder='Phone']
18:17:20.392  INFO  manager.ListenerWD - Before find element ->>>>By.cssSelector: input[placeholder='email']
18:17:20.406  INFO  manager.ListenerWD - After find element ->>>>By.cssSelector: input[placeholder='email']
18:17:21.061  INFO  manager.ListenerWD - Before find element ->>>>By.cssSelector: input[placeholder='Address']
18:17:21.076  INFO  manager.ListenerWD - After find element ->>>>By.cssSelector: input[placeholder='Address']
18:17:21.721  INFO  manager.ListenerWD - Before find element ->>>>By.cssSelector: input[placeholder='description']
18:17:21.737  INFO  manager.ListenerWD - After find element ->>>>By.cssSelector: input[placeholder='description']
18:17:22.318  INFO  manager.ListenerWD - Before find element ->>>>By.xpath: //b[text()='Save']
18:17:22.334  INFO  manager.ListenerWD - After find element ->>>>By.xpath: //b[text()='Save']
18:17:22.374  INFO  manager.ListenerWD - Before find elements ->>>>By.cssSelector: h2
18:17:22.996  INFO  manager.ListenerWD - After find elements ->>>>By.cssSelector: h2
18:17:22.996  INFO  manager.ListenerWD - List suze is ->>>>45
18:17:23.869  INFO  manager.ListenerWD - Before find elements ->>>>By.cssSelector: h3
18:17:24.112  INFO  manager.ListenerWD - After find elements ->>>>By.cssSelector: h3
18:17:24.112  INFO  manager.ListenerWD - List suze is ->>>>45
18:17:24.978  INFO  tests.TestBase - The name of starts method is --->addNewContactWrongAddress
18:17:24.978  INFO  manager.ListenerWD - Before find elements ->>>>By.xpath: //button[text()='Sign Out']
18:17:24.992  INFO  manager.ListenerWD - After find elements ->>>>By.xpath: //button[text()='Sign Out']
18:17:24.992  INFO  manager.ListenerWD - List suze is ->>>>1
18:17:24.993  INFO  manager.ListenerWD - Before find element ->>>>By.cssSelector: a[href='/add']
18:17:25.005  INFO  manager.ListenerWD - After find element ->>>>By.cssSelector: a[href='/add']
18:17:25.041  INFO  manager.ListenerWD - Before find element ->>>>By.cssSelector: input[placeholder='Name']
18:17:25.056  INFO  manager.ListenerWD - After find element ->>>>By.cssSelector: input[placeholder='Name']
18:17:25.690  INFO  manager.ListenerWD - Before find element ->>>>By.cssSelector: input[placeholder='Last Name']
18:17:25.705  INFO  manager.ListenerWD - After find element ->>>>By.cssSelector: input[placeholder='Last Name']
18:17:26.342  INFO  manager.ListenerWD - Before find element ->>>>By.cssSelector: input[placeholder='Phone']
18:17:26.356  INFO  manager.ListenerWD - After find element ->>>>By.cssSelector: input[placeholder='Phone']
18:17:27.005  INFO  manager.ListenerWD - Before find element ->>>>By.cssSelector: input[placeholder='email']
18:17:27.019  INFO  manager.ListenerWD - After find element ->>>>By.cssSelector: input[placeholder='email']
18:17:27.669  INFO  manager.ListenerWD - Before find element ->>>>By.cssSelector: input[placeholder='Address']
18:17:27.683  INFO  manager.ListenerWD - After find element ->>>>By.cssSelector: input[placeholder='Address']
18:17:28.311  INFO  manager.ListenerWD - Before find element ->>>>By.cssSelector: input[placeholder='description']
18:17:28.326  INFO  manager.ListenerWD - After find element ->>>>By.cssSelector: input[placeholder='description']
18:17:28.965  INFO  manager.ListenerWD - Before find element ->>>>By.xpath: //b[text()='Save']
18:17:28.978  INFO  manager.ListenerWD - After find element ->>>>By.xpath: //b[text()='Save']
18:17:29.017  INFO  manager.ListenerWD - Before find elements ->>>>By.cssSelector: a.active[href='/add']
18:17:29.036  INFO  manager.ListenerWD - After find elements ->>>>By.cssSelector: a.active[href='/add']
18:17:29.036  INFO  manager.ListenerWD - List suze is ->>>>1
18:17:29.038  INFO  tests.TestBase - The name of starts method is --->addNewContactWrongEmail
18:17:29.039  INFO  manager.ListenerWD - Before find elements ->>>>By.xpath: //button[text()='Sign Out']
18:17:29.053  INFO  manager.ListenerWD - After find elements ->>>>By.xpath: //button[text()='Sign Out']
18:17:29.053  INFO  manager.ListenerWD - List suze is ->>>>1
18:17:29.054  INFO  manager.ListenerWD - Before find element ->>>>By.cssSelector: a[href='/add']
18:17:29.068  INFO  manager.ListenerWD - After find element ->>>>By.cssSelector: a[href='/add']
18:17:29.106  INFO  manager.ListenerWD - Before find element ->>>>By.cssSelector: input[placeholder='Name']
18:17:29.121  INFO  manager.ListenerWD - After find element ->>>>By.cssSelector: input[placeholder='Name']
18:17:29.738  INFO  manager.ListenerWD - Before find element ->>>>By.cssSelector: input[placeholder='Last Name']
18:17:29.754  INFO  manager.ListenerWD - After find element ->>>>By.cssSelector: input[placeholder='Last Name']
18:17:30.372  INFO  manager.ListenerWD - Before find element ->>>>By.cssSelector: input[placeholder='Phone']
18:17:30.386  INFO  manager.ListenerWD - After find element ->>>>By.cssSelector: input[placeholder='Phone']
18:17:31.005  INFO  manager.ListenerWD - Before find element ->>>>By.cssSelector: input[placeholder='email']
18:17:31.019  INFO  manager.ListenerWD - After find element ->>>>By.cssSelector: input[placeholder='email']
18:17:31.643  INFO  manager.ListenerWD - Before find element ->>>>By.cssSelector: input[placeholder='Address']
18:17:31.657  INFO  manager.ListenerWD - After find element ->>>>By.cssSelector: input[placeholder='Address']
18:17:32.257  INFO  manager.ListenerWD - Before find element ->>>>By.cssSelector: input[placeholder='description']
18:17:32.271  INFO  manager.ListenerWD - After find element ->>>>By.cssSelector: input[placeholder='description']
18:17:32.909  INFO  manager.ListenerWD - Before find element ->>>>By.xpath: //b[text()='Save']
18:17:32.922  INFO  manager.ListenerWD - After find element ->>>>By.xpath: //b[text()='Save']
18:17:32.951  INFO  manager.ListenerWD - Before find elements ->>>>By.cssSelector: a.active[href='/add']
18:17:32.965  INFO  manager.ListenerWD - After find elements ->>>>By.cssSelector: a.active[href='/add']
18:17:32.965  INFO  manager.ListenerWD - List suze is ->>>>1
18:17:32.988  INFO  manager.ListenerWD - The have a 'problem'
18:17:32.988  INFO  manager.ListenerWD - ++++++++++++++++++++++++++++++++++++
18:17:32.989  INFO  manager.ListenerWD - Method method ->>>>alert
18:17:32.989  INFO  manager.ListenerWD - ++++++++++++++++++++++++++
18:17:32.990  INFO  manager.ListenerWD - InvocationTargetException getTargetException() org.openqa.selenium.NoAlertPresentException: no such alert
  (Session info: chrome=109.0.5414.120)
Build info: version: '4.7.1', revision: 'c6795baf1a3'
System info: os.name: 'Windows 10', os.arch: 'amd64', os.version: '10.0', java.version: '11.0.17'
Driver info: org.openqa.selenium.chrome.ChromeDriver
Command: [a77405f9e2eac189ef86ed0574c1eda7, getAlertText {}]
Capabilities {acceptInsecureCerts: false, browserName: chrome, browserVersion: 109.0.5414.120, chrome: {chromedriverVersion: 109.0.5414.74 (e7c5703604da..., userDataDir: C:\Users\97252\AppData\Loca...}, goog:chromeOptions: {debuggerAddress: localhost:57152}, networkConnectionEnabled: false, pageLoadStrategy: normal, platformName: WINDOWS, proxy: Proxy(), se:cdp: ws://localhost:57152/devtoo..., se:cdpVersion: 109.0.5414.120, setWindowRect: true, strictFileInteractability: false, timeouts: {implicit: 0, pageLoad: 300000, script: 30000}, unhandledPromptBehavior: dismiss and notify, webauthn:extension:credBlob: true, webauthn:extension:largeBlob: true, webauthn:virtualAuthenticators: true}
Session ID: a77405f9e2eac189ef86ed0574c1eda7
18:17:32.991  INFO  manager.ListenerWD - ++++++++++++++++++++++++++
18:17:32.991  INFO  manager.ListenerWD - Object target ->>>>>>org.openqa.selenium.remote.RemoteWebDriver$RemoteTargetLocator@1669931a
18:17:32.991  INFO  manager.ListenerWD - ++++++++++++++++++++++++++
18:17:34.024  INFO  tests.TestBase - The name of starts method is --->addNewContactWrongLastName
18:17:34.025  INFO  manager.ListenerWD - Before find elements ->>>>By.xpath: //button[text()='Sign Out']
18:17:34.061  INFO  manager.ListenerWD - After find elements ->>>>By.xpath: //button[text()='Sign Out']
18:17:34.061  INFO  manager.ListenerWD - List suze is ->>>>1
18:17:34.062  INFO  manager.ListenerWD - Before find element ->>>>By.cssSelector: a[href='/add']
18:17:34.076  INFO  manager.ListenerWD - After find element ->>>>By.cssSelector: a[href='/add']
18:17:34.106  INFO  manager.ListenerWD - Before find element ->>>>By.cssSelector: input[placeholder='Name']
18:17:34.122  INFO  manager.ListenerWD - After find element ->>>>By.cssSelector: input[placeholder='Name']
18:17:34.737  INFO  manager.ListenerWD - Before find element ->>>>By.cssSelector: input[placeholder='Last Name']
18:17:34.751  INFO  manager.ListenerWD - After find element ->>>>By.cssSelector: input[placeholder='Last Name']
18:17:35.349  INFO  manager.ListenerWD - Before find element ->>>>By.cssSelector: input[placeholder='Phone']
18:17:35.372  INFO  manager.ListenerWD - After find element ->>>>By.cssSelector: input[placeholder='Phone']
18:17:35.988  INFO  manager.ListenerWD - Before find element ->>>>By.cssSelector: input[placeholder='email']
18:17:36.001  INFO  manager.ListenerWD - After find element ->>>>By.cssSelector: input[placeholder='email']
18:17:36.637  INFO  manager.ListenerWD - Before find element ->>>>By.cssSelector: input[placeholder='Address']
18:17:36.650  INFO  manager.ListenerWD - After find element ->>>>By.cssSelector: input[placeholder='Address']
18:17:37.251  INFO  manager.ListenerWD - Before find element ->>>>By.cssSelector: input[placeholder='description']
18:17:37.266  INFO  manager.ListenerWD - After find element ->>>>By.cssSelector: input[placeholder='description']
18:17:37.894  INFO  manager.ListenerWD - Before find element ->>>>By.xpath: //b[text()='Save']
18:17:37.910  INFO  manager.ListenerWD - After find element ->>>>By.xpath: //b[text()='Save']
18:17:37.939  INFO  manager.ListenerWD - Before find elements ->>>>By.cssSelector: a.active[href='/add']
18:17:37.954  INFO  manager.ListenerWD - After find elements ->>>>By.cssSelector: a.active[href='/add']
18:17:37.954  INFO  manager.ListenerWD - List suze is ->>>>1
18:17:37.956  INFO  tests.TestBase - The name of starts method is --->addNewContactWrongName
18:17:37.956  INFO  manager.ListenerWD - Before find elements ->>>>By.xpath: //button[text()='Sign Out']
18:17:37.970  INFO  manager.ListenerWD - After find elements ->>>>By.xpath: //button[text()='Sign Out']
18:17:37.971  INFO  manager.ListenerWD - List suze is ->>>>1
18:17:37.972  INFO  manager.ListenerWD - Before find element ->>>>By.cssSelector: a[href='/add']
18:17:37.985  INFO  manager.ListenerWD - After find element ->>>>By.cssSelector: a[href='/add']
18:17:38.017  INFO  manager.ListenerWD - Before find element ->>>>By.cssSelector: input[placeholder='Name']
18:17:38.031  INFO  manager.ListenerWD - After find element ->>>>By.cssSelector: input[placeholder='Name']
18:17:38.645  INFO  manager.ListenerWD - Before find element ->>>>By.cssSelector: input[placeholder='Last Name']
18:17:38.660  INFO  manager.ListenerWD - After find element ->>>>By.cssSelector: input[placeholder='Last Name']
18:17:39.277  INFO  manager.ListenerWD - Before find element ->>>>By.cssSelector: input[placeholder='Phone']
18:17:39.291  INFO  manager.ListenerWD - After find element ->>>>By.cssSelector: input[placeholder='Phone']
18:17:39.908  INFO  manager.ListenerWD - Before find element ->>>>By.cssSelector: input[placeholder='email']
18:17:39.923  INFO  manager.ListenerWD - After find element ->>>>By.cssSelector: input[placeholder='email']
18:17:40.567  INFO  manager.ListenerWD - Before find element ->>>>By.cssSelector: input[placeholder='Address']
18:17:40.583  INFO  manager.ListenerWD - After find element ->>>>By.cssSelector: input[placeholder='Address']
18:17:41.208  INFO  manager.ListenerWD - Before find element ->>>>By.cssSelector: input[placeholder='description']
18:17:41.224  INFO  manager.ListenerWD - After find element ->>>>By.cssSelector: input[placeholder='description']
18:17:41.842  INFO  manager.ListenerWD - Before find element ->>>>By.xpath: //b[text()='Save']
18:17:41.857  INFO  manager.ListenerWD - After find element ->>>>By.xpath: //b[text()='Save']
18:17:41.884  INFO  manager.ListenerWD - Before find elements ->>>>By.cssSelector: a.active[href='/add']
18:17:41.899  INFO  manager.ListenerWD - After find elements ->>>>By.cssSelector: a.active[href='/add']
18:17:41.899  INFO  manager.ListenerWD - List suze is ->>>>1
18:17:41.901  INFO  tests.TestBase - The name of starts method is --->addNewContactWrongPhone
18:17:41.902  INFO  manager.ListenerWD - Before find elements ->>>>By.xpath: //button[text()='Sign Out']
18:17:41.918  INFO  manager.ListenerWD - After find elements ->>>>By.xpath: //button[text()='Sign Out']
18:17:41.918  INFO  manager.ListenerWD - List suze is ->>>>1
18:17:41.919  INFO  manager.ListenerWD - Before find element ->>>>By.cssSelector: a[href='/add']
18:17:41.932  INFO  manager.ListenerWD - After find element ->>>>By.cssSelector: a[href='/add']
18:17:41.964  INFO  manager.ListenerWD - Before find element ->>>>By.cssSelector: input[placeholder='Name']
18:17:41.980  INFO  manager.ListenerWD - After find element ->>>>By.cssSelector: input[placeholder='Name']
18:17:42.605  INFO  manager.ListenerWD - Before find element ->>>>By.cssSelector: input[placeholder='Last Name']
18:17:42.620  INFO  manager.ListenerWD - After find element ->>>>By.cssSelector: input[placeholder='Last Name']
18:17:43.229  INFO  manager.ListenerWD - Before find element ->>>>By.cssSelector: input[placeholder='Phone']
18:17:43.244  INFO  manager.ListenerWD - After find element ->>>>By.cssSelector: input[placeholder='Phone']
18:17:43.863  INFO  manager.ListenerWD - Before find element ->>>>By.cssSelector: input[placeholder='email']
18:17:43.878  INFO  manager.ListenerWD - After find element ->>>>By.cssSelector: input[placeholder='email']
18:17:44.502  INFO  manager.ListenerWD - Before find element ->>>>By.cssSelector: input[placeholder='Address']
18:17:44.517  INFO  manager.ListenerWD - After find element ->>>>By.cssSelector: input[placeholder='Address']
18:17:45.129  INFO  manager.ListenerWD - Before find element ->>>>By.cssSelector: input[placeholder='description']
18:17:45.144  INFO  manager.ListenerWD - After find element ->>>>By.cssSelector: input[placeholder='description']
18:17:45.789  INFO  manager.ListenerWD - Before find element ->>>>By.xpath: //b[text()='Save']
18:17:45.803  INFO  manager.ListenerWD - After find element ->>>>By.xpath: //b[text()='Save']
18:17:45.837  INFO  manager.ListenerWD - Before find elements ->>>>By.cssSelector: a.active[href='/add']
18:17:45.852  INFO  manager.ListenerWD - After find elements ->>>>By.cssSelector: a.active[href='/add']
18:17:45.852  INFO  manager.ListenerWD - List suze is ->>>>1
18:17:45.860  INFO  manager.ListenerWD - The have a 'problem'
18:17:45.860  INFO  manager.ListenerWD - ++++++++++++++++++++++++++++++++++++
18:17:45.860  INFO  manager.ListenerWD - Method method ->>>>alert
18:17:45.860  INFO  manager.ListenerWD - ++++++++++++++++++++++++++
18:17:45.861  INFO  manager.ListenerWD - InvocationTargetException getTargetException() org.openqa.selenium.NoAlertPresentException: no such alert
  (Session info: chrome=109.0.5414.120)
Build info: version: '4.7.1', revision: 'c6795baf1a3'
System info: os.name: 'Windows 10', os.arch: 'amd64', os.version: '10.0', java.version: '11.0.17'
Driver info: org.openqa.selenium.chrome.ChromeDriver
Command: [a77405f9e2eac189ef86ed0574c1eda7, getAlertText {}]
Capabilities {acceptInsecureCerts: false, browserName: chrome, browserVersion: 109.0.5414.120, chrome: {chromedriverVersion: 109.0.5414.74 (e7c5703604da..., userDataDir: C:\Users\97252\AppData\Loca...}, goog:chromeOptions: {debuggerAddress: localhost:57152}, networkConnectionEnabled: false, pageLoadStrategy: normal, platformName: WINDOWS, proxy: Proxy(), se:cdp: ws://localhost:57152/devtoo..., se:cdpVersion: 109.0.5414.120, setWindowRect: true, strictFileInteractability: false, timeouts: {implicit: 0, pageLoad: 300000, script: 30000}, unhandledPromptBehavior: dismiss and notify, webauthn:extension:credBlob: true, webauthn:extension:largeBlob: true, webauthn:virtualAuthenticators: true}
Session ID: a77405f9e2eac189ef86ed0574c1eda7
18:17:45.861  INFO  manager.ListenerWD - ++++++++++++++++++++++++++
18:17:45.861  INFO  manager.ListenerWD - Object target ->>>>>>org.openqa.selenium.remote.RemoteWebDriver$RemoteTargetLocator@a99c42c
18:17:45.861  INFO  manager.ListenerWD - ++++++++++++++++++++++++++
