18:09:22.117  INFO  manager.ApplicationManager - All tests star in Chrome Browser
18:09:23.614  INFO  manager.ApplicationManager - Current Url -->https://telranedu.web.app/home
18:09:23.653  INFO  tests.TestBase - The name of starts method is --->addContactSuccessAllFields
18:09:23.656  INFO  manager.ListenerWD - Before find elements ->>>>By.xpath: //button[text()='Sign Out']
18:09:28.724  INFO  manager.ListenerWD - After find elements ->>>>By.xpath: //button[text()='Sign Out']
18:09:28.728  INFO  manager.ListenerWD - List suze is ->>>>0
18:09:28.731  INFO  manager.ListenerWD - Before find element ->>>>By.cssSelector: a[href='/login']
18:09:28.769  INFO  manager.ListenerWD - After find element ->>>>By.cssSelector: a[href='/login']
18:09:28.849  INFO  manager.ListenerWD - Before find element ->>>>By.name: email
18:09:28.886  INFO  manager.ListenerWD - After find element ->>>>By.name: email
18:09:29.574  INFO  manager.ListenerWD - Before find element ->>>>By.name: password
18:09:29.604  INFO  manager.ListenerWD - After find element ->>>>By.name: password
18:09:30.251  INFO  manager.ListenerWD - Before find element ->>>>By.cssSelector: [name='login']
18:09:30.279  INFO  manager.ListenerWD - After find element ->>>>By.cssSelector: [name='login']
18:09:30.363  INFO  tests.TestBase - Tests start with data : Contact(name=Lisa1691, lastName=Simpson, phone=11111111691, email=reshef19861691@gmail.com, address=NY, description=All fields)
18:09:30.363  INFO  manager.ListenerWD - Before find element ->>>>By.cssSelector: a[href='/add']
18:09:31.208  INFO  manager.ListenerWD - After find element ->>>>By.cssSelector: a[href='/add']
18:09:31.259  INFO  manager.ListenerWD - Before find element ->>>>By.cssSelector: input[placeholder='Name']
18:09:31.294  INFO  manager.ListenerWD - After find element ->>>>By.cssSelector: input[placeholder='Name']
18:09:31.952  INFO  manager.ListenerWD - Before find element ->>>>By.cssSelector: input[placeholder='Last Name']
18:09:31.982  INFO  manager.ListenerWD - After find element ->>>>By.cssSelector: input[placeholder='Last Name']
18:09:32.625  INFO  manager.ListenerWD - Before find element ->>>>By.cssSelector: input[placeholder='Phone']
18:09:32.655  INFO  manager.ListenerWD - After find element ->>>>By.cssSelector: input[placeholder='Phone']
18:09:33.311  INFO  manager.ListenerWD - Before find element ->>>>By.cssSelector: input[placeholder='email']
18:09:33.340  INFO  manager.ListenerWD - After find element ->>>>By.cssSelector: input[placeholder='email']
18:09:33.993  INFO  manager.ListenerWD - Before find element ->>>>By.cssSelector: input[placeholder='Address']
18:09:34.020  INFO  manager.ListenerWD - After find element ->>>>By.cssSelector: input[placeholder='Address']
18:09:34.651  INFO  manager.ListenerWD - Before find element ->>>>By.cssSelector: input[placeholder='description']
18:09:34.680  INFO  manager.ListenerWD - After find element ->>>>By.cssSelector: input[placeholder='description']
18:09:35.314  INFO  manager.ListenerWD - Before find element ->>>>By.xpath: //b[text()='Save']
18:09:35.343  INFO  manager.ListenerWD - After find element ->>>>By.xpath: //b[text()='Save']
18:09:35.387  INFO  manager.ListenerWD - Before find elements ->>>>By.cssSelector: h2
18:09:36.386  INFO  manager.ListenerWD - After find elements ->>>>By.cssSelector: h2
18:09:36.386  INFO  manager.ListenerWD - List suze is ->>>>42
18:09:37.003  INFO  manager.ListenerWD - Before find elements ->>>>By.cssSelector: h3
18:09:37.304  INFO  manager.ListenerWD - After find elements ->>>>By.cssSelector: h3
18:09:37.305  INFO  manager.ListenerWD - List suze is ->>>>42
18:09:38.050  INFO  manager.ListenerWD - Before find elements ->>>>By.cssSelector: .contact-item_card__2SOIM
18:09:38.334  INFO  manager.ListenerWD - After find elements ->>>>By.cssSelector: .contact-item_card__2SOIM
18:09:38.334  INFO  manager.ListenerWD - List suze is ->>>>42
18:09:38.390  INFO  manager.ListenerWD - Before find element ->>>>By.cssSelector: .contact-item-detailed_card__50dTS
18:09:38.414  INFO  manager.ListenerWD - After find element ->>>>By.cssSelector: .contact-item-detailed_card__50dTS
18:09:38.480  INFO  manager.ListenerWD - Before find element ->>>>By.cssSelector: .contact-item-detailed_card__50dTS
18:09:38.495  INFO  manager.ListenerWD - After find element ->>>>By.cssSelector: .contact-item-detailed_card__50dTS
18:09:38.545  INFO  manager.ListenerWD - Before find element ->>>>By.cssSelector: .contact-item-detailed_card__50dTS
18:09:38.559  INFO  manager.ListenerWD - After find element ->>>>By.cssSelector: .contact-item-detailed_card__50dTS
18:09:38.617  INFO  manager.ListenerWD - Before find element ->>>>By.cssSelector: .contact-item-detailed_card__50dTS
18:09:38.635  INFO  manager.ListenerWD - After find element ->>>>By.cssSelector: .contact-item-detailed_card__50dTS
18:09:38.689  INFO  manager.ListenerWD - Before find element ->>>>By.cssSelector: .contact-item-detailed_card__50dTS
18:09:38.704  INFO  manager.ListenerWD - After find element ->>>>By.cssSelector: .contact-item-detailed_card__50dTS
18:09:38.763  INFO  manager.ListenerWD - Before find element ->>>>By.cssSelector: .contact-item-detailed_card__50dTS
18:09:38.777  INFO  manager.ListenerWD - After find element ->>>>By.cssSelector: .contact-item-detailed_card__50dTS
18:09:38.833  INFO  manager.ListenerWD - Before find element ->>>>By.cssSelector: .contact-item-detailed_card__50dTS
18:09:38.846  INFO  manager.ListenerWD - After find element ->>>>By.cssSelector: .contact-item-detailed_card__50dTS
18:09:38.891  INFO  manager.ListenerWD - Before find element ->>>>By.cssSelector: .contact-item-detailed_card__50dTS
18:09:38.906  INFO  manager.ListenerWD - After find element ->>>>By.cssSelector: .contact-item-detailed_card__50dTS
18:09:38.965  INFO  manager.ListenerWD - Before find element ->>>>By.cssSelector: .contact-item-detailed_card__50dTS
18:09:38.982  INFO  manager.ListenerWD - After find element ->>>>By.cssSelector: .contact-item-detailed_card__50dTS
18:09:39.039  INFO  manager.ListenerWD - Before find element ->>>>By.cssSelector: .contact-item-detailed_card__50dTS
18:09:39.056  INFO  manager.ListenerWD - After find element ->>>>By.cssSelector: .contact-item-detailed_card__50dTS
18:09:39.115  INFO  manager.ListenerWD - Before find element ->>>>By.cssSelector: .contact-item-detailed_card__50dTS
18:09:39.131  INFO  manager.ListenerWD - After find element ->>>>By.cssSelector: .contact-item-detailed_card__50dTS
18:09:39.188  INFO  manager.ListenerWD - Before find element ->>>>By.cssSelector: .contact-item-detailed_card__50dTS
18:09:39.202  INFO  manager.ListenerWD - After find element ->>>>By.cssSelector: .contact-item-detailed_card__50dTS
18:09:39.256  INFO  manager.ListenerWD - Before find element ->>>>By.cssSelector: .contact-item-detailed_card__50dTS
18:09:39.271  INFO  manager.ListenerWD - After find element ->>>>By.cssSelector: .contact-item-detailed_card__50dTS
18:09:39.320  INFO  manager.ListenerWD - Before find element ->>>>By.cssSelector: .contact-item-detailed_card__50dTS
18:09:39.333  INFO  manager.ListenerWD - After find element ->>>>By.cssSelector: .contact-item-detailed_card__50dTS
18:09:39.392  INFO  manager.ListenerWD - Before find element ->>>>By.cssSelector: .contact-item-detailed_card__50dTS
18:09:39.408  INFO  manager.ListenerWD - After find element ->>>>By.cssSelector: .contact-item-detailed_card__50dTS
18:09:39.469  INFO  manager.ListenerWD - Before find element ->>>>By.cssSelector: .contact-item-detailed_card__50dTS
18:09:39.485  INFO  manager.ListenerWD - After find element ->>>>By.cssSelector: .contact-item-detailed_card__50dTS
18:09:39.543  INFO  manager.ListenerWD - Before find element ->>>>By.cssSelector: .contact-item-detailed_card__50dTS
18:09:39.558  INFO  manager.ListenerWD - After find element ->>>>By.cssSelector: .contact-item-detailed_card__50dTS
18:09:39.614  INFO  manager.ListenerWD - Before find element ->>>>By.cssSelector: .contact-item-detailed_card__50dTS
18:09:39.629  INFO  manager.ListenerWD - After find element ->>>>By.cssSelector: .contact-item-detailed_card__50dTS
18:09:39.683  INFO  manager.ListenerWD - Before find element ->>>>By.cssSelector: .contact-item-detailed_card__50dTS
18:09:39.698  INFO  manager.ListenerWD - After find element ->>>>By.cssSelector: .contact-item-detailed_card__50dTS
18:09:39.751  INFO  manager.ListenerWD - Before find element ->>>>By.cssSelector: .contact-item-detailed_card__50dTS
18:09:39.772  INFO  manager.ListenerWD - After find element ->>>>By.cssSelector: .contact-item-detailed_card__50dTS
18:09:39.822  INFO  manager.ListenerWD - Before find element ->>>>By.cssSelector: .contact-item-detailed_card__50dTS
18:09:39.836  INFO  manager.ListenerWD - After find element ->>>>By.cssSelector: .contact-item-detailed_card__50dTS
18:09:39.882  INFO  manager.ListenerWD - Before find element ->>>>By.cssSelector: .contact-item-detailed_card__50dTS
18:09:39.895  INFO  manager.ListenerWD - After find element ->>>>By.cssSelector: .contact-item-detailed_card__50dTS
18:09:39.940  INFO  manager.ListenerWD - Before find element ->>>>By.cssSelector: .contact-item-detailed_card__50dTS
18:09:39.953  INFO  manager.ListenerWD - After find element ->>>>By.cssSelector: .contact-item-detailed_card__50dTS
18:09:39.997  INFO  manager.ListenerWD - Before find element ->>>>By.cssSelector: .contact-item-detailed_card__50dTS
18:09:40.011  INFO  manager.ListenerWD - After find element ->>>>By.cssSelector: .contact-item-detailed_card__50dTS
18:09:40.055  INFO  manager.ListenerWD - Before find element ->>>>By.cssSelector: .contact-item-detailed_card__50dTS
18:09:40.068  INFO  manager.ListenerWD - After find element ->>>>By.cssSelector: .contact-item-detailed_card__50dTS
18:09:40.119  INFO  manager.ListenerWD - Before find element ->>>>By.cssSelector: .contact-item-detailed_card__50dTS
18:09:40.134  INFO  manager.ListenerWD - After find element ->>>>By.cssSelector: .contact-item-detailed_card__50dTS
18:09:40.193  INFO  manager.ListenerWD - Before find element ->>>>By.cssSelector: .contact-item-detailed_card__50dTS
18:09:40.206  INFO  manager.ListenerWD - After find element ->>>>By.cssSelector: .contact-item-detailed_card__50dTS
18:09:40.257  INFO  manager.ListenerWD - Before find element ->>>>By.cssSelector: .contact-item-detailed_card__50dTS
18:09:40.269  INFO  manager.ListenerWD - After find element ->>>>By.cssSelector: .contact-item-detailed_card__50dTS
18:09:40.320  INFO  manager.ListenerWD - Before find element ->>>>By.cssSelector: .contact-item-detailed_card__50dTS
18:09:40.334  INFO  manager.ListenerWD - After find element ->>>>By.cssSelector: .contact-item-detailed_card__50dTS
18:09:40.380  INFO  manager.ListenerWD - Before find element ->>>>By.cssSelector: .contact-item-detailed_card__50dTS
18:09:40.397  INFO  manager.ListenerWD - After find element ->>>>By.cssSelector: .contact-item-detailed_card__50dTS
18:09:40.450  INFO  manager.ListenerWD - Before find element ->>>>By.cssSelector: .contact-item-detailed_card__50dTS
18:09:40.464  INFO  manager.ListenerWD - After find element ->>>>By.cssSelector: .contact-item-detailed_card__50dTS
18:09:40.516  INFO  manager.ListenerWD - Before find element ->>>>By.cssSelector: .contact-item-detailed_card__50dTS
18:09:40.529  INFO  manager.ListenerWD - After find element ->>>>By.cssSelector: .contact-item-detailed_card__50dTS
18:09:40.575  INFO  manager.ListenerWD - Before find element ->>>>By.cssSelector: .contact-item-detailed_card__50dTS
18:09:40.587  INFO  manager.ListenerWD - After find element ->>>>By.cssSelector: .contact-item-detailed_card__50dTS
18:09:40.646  INFO  manager.ListenerWD - Before find element ->>>>By.cssSelector: .contact-item-detailed_card__50dTS
18:09:40.660  INFO  manager.ListenerWD - After find element ->>>>By.cssSelector: .contact-item-detailed_card__50dTS
18:09:40.715  INFO  manager.ListenerWD - Before find element ->>>>By.cssSelector: .contact-item-detailed_card__50dTS
18:09:40.729  INFO  manager.ListenerWD - After find element ->>>>By.cssSelector: .contact-item-detailed_card__50dTS
18:09:40.785  INFO  manager.ListenerWD - Before find element ->>>>By.cssSelector: .contact-item-detailed_card__50dTS
18:09:40.800  INFO  manager.ListenerWD - After find element ->>>>By.cssSelector: .contact-item-detailed_card__50dTS
18:09:40.861  INFO  manager.ListenerWD - Before find element ->>>>By.cssSelector: .contact-item-detailed_card__50dTS
18:09:40.876  INFO  manager.ListenerWD - After find element ->>>>By.cssSelector: .contact-item-detailed_card__50dTS
18:09:40.931  INFO  manager.ListenerWD - Before find element ->>>>By.cssSelector: .contact-item-detailed_card__50dTS
18:09:40.944  INFO  manager.ListenerWD - After find element ->>>>By.cssSelector: .contact-item-detailed_card__50dTS
18:09:41.004  INFO  manager.ListenerWD - Before find element ->>>>By.cssSelector: .contact-item-detailed_card__50dTS
18:09:41.017  INFO  manager.ListenerWD - After find element ->>>>By.cssSelector: .contact-item-detailed_card__50dTS
18:09:41.071  INFO  manager.ListenerWD - Before find element ->>>>By.cssSelector: .contact-item-detailed_card__50dTS
18:09:41.087  INFO  manager.ListenerWD - After find element ->>>>By.cssSelector: .contact-item-detailed_card__50dTS
18:09:41.143  INFO  manager.ListenerWD - Before find element ->>>>By.cssSelector: .contact-item-detailed_card__50dTS
18:09:41.156  INFO  manager.ListenerWD - After find element ->>>>By.cssSelector: .contact-item-detailed_card__50dTS
18:09:41.209  INFO  manager.ListenerWD - Before find element ->>>>By.cssSelector: .contact-item-detailed_card__50dTS
18:09:41.222  INFO  manager.ListenerWD - After find element ->>>>By.cssSelector: .contact-item-detailed_card__50dTS
18:09:41.239  INFO  tests.TestBase - The name of starts method is --->addContactSuccessRequiredFields
18:09:41.240  INFO  manager.ListenerWD - Before find elements ->>>>By.xpath: //button[text()='Sign Out']
18:09:41.253  INFO  manager.ListenerWD - After find elements ->>>>By.xpath: //button[text()='Sign Out']
18:09:41.253  INFO  manager.ListenerWD - List suze is ->>>>1
18:09:41.254  INFO  manager.ListenerWD - Before find element ->>>>By.cssSelector: a[href='/add']
18:09:41.268  INFO  manager.ListenerWD - After find element ->>>>By.cssSelector: a[href='/add']
18:09:41.302  INFO  manager.ListenerWD - Before find element ->>>>By.cssSelector: input[placeholder='Name']
18:09:41.315  INFO  manager.ListenerWD - After find element ->>>>By.cssSelector: input[placeholder='Name']
18:09:41.945  INFO  manager.ListenerWD - Before find element ->>>>By.cssSelector: input[placeholder='Last Name']
18:09:41.957  INFO  manager.ListenerWD - After find element ->>>>By.cssSelector: input[placeholder='Last Name']
18:09:42.583  INFO  manager.ListenerWD - Before find element ->>>>By.cssSelector: input[placeholder='Phone']
18:09:42.597  INFO  manager.ListenerWD - After find element ->>>>By.cssSelector: input[placeholder='Phone']
18:09:43.225  INFO  manager.ListenerWD - Before find element ->>>>By.cssSelector: input[placeholder='email']
18:09:43.237  INFO  manager.ListenerWD - After find element ->>>>By.cssSelector: input[placeholder='email']
18:09:43.876  INFO  manager.ListenerWD - Before find element ->>>>By.cssSelector: input[placeholder='Address']
18:09:43.889  INFO  manager.ListenerWD - After find element ->>>>By.cssSelector: input[placeholder='Address']
18:09:44.501  INFO  manager.ListenerWD - Before find element ->>>>By.cssSelector: input[placeholder='description']
18:09:44.514  INFO  manager.ListenerWD - After find element ->>>>By.cssSelector: input[placeholder='description']
18:09:45.091  INFO  manager.ListenerWD - Before find element ->>>>By.xpath: //b[text()='Save']
18:09:45.102  INFO  manager.ListenerWD - After find element ->>>>By.xpath: //b[text()='Save']
18:09:45.133  INFO  manager.ListenerWD - Before find elements ->>>>By.cssSelector: h2
18:09:45.753  INFO  manager.ListenerWD - After find elements ->>>>By.cssSelector: h2
18:09:45.754  INFO  manager.ListenerWD - List suze is ->>>>43
18:09:46.456  INFO  manager.ListenerWD - Before find elements ->>>>By.cssSelector: h3
18:09:46.640  INFO  manager.ListenerWD - After find elements ->>>>By.cssSelector: h3
18:09:46.640  INFO  manager.ListenerWD - List suze is ->>>>43
18:09:47.328  INFO  tests.TestBase - The name of starts method is --->addNewContactWrongAddress
18:09:47.329  INFO  manager.ListenerWD - Before find elements ->>>>By.xpath: //button[text()='Sign Out']
18:09:47.340  INFO  manager.ListenerWD - After find elements ->>>>By.xpath: //button[text()='Sign Out']
18:09:47.340  INFO  manager.ListenerWD - List suze is ->>>>1
18:09:47.341  INFO  manager.ListenerWD - Before find element ->>>>By.cssSelector: a[href='/add']
18:09:47.352  INFO  manager.ListenerWD - After find element ->>>>By.cssSelector: a[href='/add']
18:09:47.383  INFO  manager.ListenerWD - Before find element ->>>>By.cssSelector: input[placeholder='Name']
18:09:47.396  INFO  manager.ListenerWD - After find element ->>>>By.cssSelector: input[placeholder='Name']
18:09:48.016  INFO  manager.ListenerWD - Before find element ->>>>By.cssSelector: input[placeholder='Last Name']
18:09:48.029  INFO  manager.ListenerWD - After find element ->>>>By.cssSelector: input[placeholder='Last Name']
18:09:48.638  INFO  manager.ListenerWD - Before find element ->>>>By.cssSelector: input[placeholder='Phone']
18:09:48.650  INFO  manager.ListenerWD - After find element ->>>>By.cssSelector: input[placeholder='Phone']
18:09:49.271  INFO  manager.ListenerWD - Before find element ->>>>By.cssSelector: input[placeholder='email']
18:09:49.281  INFO  manager.ListenerWD - After find element ->>>>By.cssSelector: input[placeholder='email']
18:09:49.920  INFO  manager.ListenerWD - Before find element ->>>>By.cssSelector: input[placeholder='Address']
18:09:49.933  INFO  manager.ListenerWD - After find element ->>>>By.cssSelector: input[placeholder='Address']
18:09:50.544  INFO  manager.ListenerWD - Before find element ->>>>By.cssSelector: input[placeholder='description']
18:09:50.555  INFO  manager.ListenerWD - After find element ->>>>By.cssSelector: input[placeholder='description']
18:09:51.183  INFO  manager.ListenerWD - Before find element ->>>>By.xpath: //b[text()='Save']
18:09:51.196  INFO  manager.ListenerWD - After find element ->>>>By.xpath: //b[text()='Save']
18:09:51.234  INFO  manager.ListenerWD - Before find elements ->>>>By.cssSelector: a.active[href='/add']
18:09:51.251  INFO  manager.ListenerWD - After find elements ->>>>By.cssSelector: a.active[href='/add']
18:09:51.251  INFO  manager.ListenerWD - List suze is ->>>>1
18:09:51.252  INFO  tests.TestBase - The name of starts method is --->addNewContactWrongEmail
18:09:51.253  INFO  manager.ListenerWD - Before find elements ->>>>By.xpath: //button[text()='Sign Out']
18:09:51.263  INFO  manager.ListenerWD - After find elements ->>>>By.xpath: //button[text()='Sign Out']
18:09:51.264  INFO  manager.ListenerWD - List suze is ->>>>1
18:09:51.264  INFO  manager.ListenerWD - Before find element ->>>>By.cssSelector: a[href='/add']
18:09:51.277  INFO  manager.ListenerWD - After find element ->>>>By.cssSelector: a[href='/add']
18:09:51.320  INFO  manager.ListenerWD - Before find element ->>>>By.cssSelector: input[placeholder='Name']
18:09:51.332  INFO  manager.ListenerWD - After find element ->>>>By.cssSelector: input[placeholder='Name']
18:09:51.942  INFO  manager.ListenerWD - Before find element ->>>>By.cssSelector: input[placeholder='Last Name']
18:09:51.952  INFO  manager.ListenerWD - After find element ->>>>By.cssSelector: input[placeholder='Last Name']
18:09:52.545  INFO  manager.ListenerWD - Before find element ->>>>By.cssSelector: input[placeholder='Phone']
18:09:52.557  INFO  manager.ListenerWD - After find element ->>>>By.cssSelector: input[placeholder='Phone']
18:09:53.163  INFO  manager.ListenerWD - Before find element ->>>>By.cssSelector: input[placeholder='email']
18:09:53.176  INFO  manager.ListenerWD - After find element ->>>>By.cssSelector: input[placeholder='email']
18:09:53.791  INFO  manager.ListenerWD - Before find element ->>>>By.cssSelector: input[placeholder='Address']
18:09:53.804  INFO  manager.ListenerWD - After find element ->>>>By.cssSelector: input[placeholder='Address']
18:09:54.397  INFO  manager.ListenerWD - Before find element ->>>>By.cssSelector: input[placeholder='description']
18:09:54.408  INFO  manager.ListenerWD - After find element ->>>>By.cssSelector: input[placeholder='description']
18:09:55.024  INFO  manager.ListenerWD - Before find element ->>>>By.xpath: //b[text()='Save']
18:09:55.039  INFO  manager.ListenerWD - After find element ->>>>By.xpath: //b[text()='Save']
18:09:55.064  INFO  manager.ListenerWD - Before find elements ->>>>By.cssSelector: a.active[href='/add']
18:09:55.076  INFO  manager.ListenerWD - After find elements ->>>>By.cssSelector: a.active[href='/add']
18:09:55.077  INFO  manager.ListenerWD - List suze is ->>>>1
18:09:55.095  INFO  manager.ListenerWD - The have a 'problem'
18:09:55.095  INFO  manager.ListenerWD - ++++++++++++++++++++++++++++++++++++
18:09:55.096  INFO  manager.ListenerWD - Method method ->>>>alert
18:09:55.096  INFO  manager.ListenerWD - ++++++++++++++++++++++++++
18:09:55.097  INFO  manager.ListenerWD - InvocationTargetException getTargetException() org.openqa.selenium.NoAlertPresentException: no such alert
  (Session info: chrome=109.0.5414.120)
Build info: version: '4.7.1', revision: 'c6795baf1a3'
System info: os.name: 'Windows 10', os.arch: 'amd64', os.version: '10.0', java.version: '11.0.17'
Driver info: org.openqa.selenium.chrome.ChromeDriver
Command: [60a7b31d4c2c734648cf876dd5a557be, getAlertText {}]
Capabilities {acceptInsecureCerts: false, browserName: chrome, browserVersion: 109.0.5414.120, chrome: {chromedriverVersion: 109.0.5414.74 (e7c5703604da..., userDataDir: C:\Users\97252\AppData\Loca...}, goog:chromeOptions: {debuggerAddress: localhost:56895}, networkConnectionEnabled: false, pageLoadStrategy: normal, platformName: WINDOWS, proxy: Proxy(), se:cdp: ws://localhost:56895/devtoo..., se:cdpVersion: 109.0.5414.120, setWindowRect: true, strictFileInteractability: false, timeouts: {implicit: 0, pageLoad: 300000, script: 30000}, unhandledPromptBehavior: dismiss and notify, webauthn:extension:credBlob: true, webauthn:extension:largeBlob: true, webauthn:virtualAuthenticators: true}
Session ID: 60a7b31d4c2c734648cf876dd5a557be
18:09:55.098  INFO  manager.ListenerWD - ++++++++++++++++++++++++++
18:09:55.098  INFO  manager.ListenerWD - Object target ->>>>>>org.openqa.selenium.remote.RemoteWebDriver$RemoteTargetLocator@59b447a4
18:09:55.098  INFO  manager.ListenerWD - ++++++++++++++++++++++++++
18:09:55.725  INFO  tests.TestBase - The name of starts method is --->addNewContactWrongLastName
18:09:55.725  INFO  manager.ListenerWD - Before find elements ->>>>By.xpath: //button[text()='Sign Out']
18:09:55.741  INFO  manager.ListenerWD - After find elements ->>>>By.xpath: //button[text()='Sign Out']
18:09:55.741  INFO  manager.ListenerWD - List suze is ->>>>1
18:09:55.742  INFO  manager.ListenerWD - Before find element ->>>>By.cssSelector: a[href='/add']
18:09:55.755  INFO  manager.ListenerWD - After find element ->>>>By.cssSelector: a[href='/add']
18:09:55.784  INFO  manager.ListenerWD - Before find element ->>>>By.cssSelector: input[placeholder='Name']
18:09:55.798  INFO  manager.ListenerWD - After find element ->>>>By.cssSelector: input[placeholder='Name']
18:09:56.402  INFO  manager.ListenerWD - Before find element ->>>>By.cssSelector: input[placeholder='Last Name']
18:09:56.415  INFO  manager.ListenerWD - After find element ->>>>By.cssSelector: input[placeholder='Last Name']
18:09:57.020  INFO  manager.ListenerWD - Before find element ->>>>By.cssSelector: input[placeholder='Phone']
18:09:57.033  INFO  manager.ListenerWD - After find element ->>>>By.cssSelector: input[placeholder='Phone']
18:09:57.634  INFO  manager.ListenerWD - Before find element ->>>>By.cssSelector: input[placeholder='email']
18:09:57.644  INFO  manager.ListenerWD - After find element ->>>>By.cssSelector: input[placeholder='email']
18:09:58.254  INFO  manager.ListenerWD - Before find element ->>>>By.cssSelector: input[placeholder='Address']
18:09:58.265  INFO  manager.ListenerWD - After find element ->>>>By.cssSelector: input[placeholder='Address']
18:09:58.867  INFO  manager.ListenerWD - Before find element ->>>>By.cssSelector: input[placeholder='description']
18:09:58.882  INFO  manager.ListenerWD - After find element ->>>>By.cssSelector: input[placeholder='description']
18:09:59.600  INFO  manager.ListenerWD - Before find element ->>>>By.xpath: //b[text()='Save']
18:09:59.612  INFO  manager.ListenerWD - After find element ->>>>By.xpath: //b[text()='Save']
18:09:59.639  INFO  manager.ListenerWD - Before find elements ->>>>By.cssSelector: a.active[href='/add']
18:09:59.653  INFO  manager.ListenerWD - After find elements ->>>>By.cssSelector: a.active[href='/add']
18:09:59.653  INFO  manager.ListenerWD - List suze is ->>>>1
18:09:59.654  INFO  tests.TestBase - The name of starts method is --->addNewContactWrongName
18:09:59.655  INFO  manager.ListenerWD - Before find elements ->>>>By.xpath: //button[text()='Sign Out']
18:09:59.667  INFO  manager.ListenerWD - After find elements ->>>>By.xpath: //button[text()='Sign Out']
18:09:59.667  INFO  manager.ListenerWD - List suze is ->>>>1
18:09:59.668  INFO  manager.ListenerWD - Before find element ->>>>By.cssSelector: a[href='/add']
18:09:59.678  INFO  manager.ListenerWD - After find element ->>>>By.cssSelector: a[href='/add']
18:09:59.703  INFO  manager.ListenerWD - Before find element ->>>>By.cssSelector: input[placeholder='Name']
18:09:59.714  INFO  manager.ListenerWD - After find element ->>>>By.cssSelector: input[placeholder='Name']
18:10:00.324  INFO  manager.ListenerWD - Before find element ->>>>By.cssSelector: input[placeholder='Last Name']
18:10:00.339  INFO  manager.ListenerWD - After find element ->>>>By.cssSelector: input[placeholder='Last Name']
18:10:00.956  INFO  manager.ListenerWD - Before find element ->>>>By.cssSelector: input[placeholder='Phone']
18:10:00.971  INFO  manager.ListenerWD - After find element ->>>>By.cssSelector: input[placeholder='Phone']
18:10:01.594  INFO  manager.ListenerWD - Before find element ->>>>By.cssSelector: input[placeholder='email']
18:10:01.608  INFO  manager.ListenerWD - After find element ->>>>By.cssSelector: input[placeholder='email']
18:10:02.234  INFO  manager.ListenerWD - Before find element ->>>>By.cssSelector: input[placeholder='Address']
18:10:02.247  INFO  manager.ListenerWD - After find element ->>>>By.cssSelector: input[placeholder='Address']
18:10:02.845  INFO  manager.ListenerWD - Before find element ->>>>By.cssSelector: input[placeholder='description']
18:10:02.858  INFO  manager.ListenerWD - After find element ->>>>By.cssSelector: input[placeholder='description']
18:10:03.457  INFO  manager.ListenerWD - Before find element ->>>>By.xpath: //b[text()='Save']
18:10:03.468  INFO  manager.ListenerWD - After find element ->>>>By.xpath: //b[text()='Save']
18:10:03.490  INFO  manager.ListenerWD - Before find elements ->>>>By.cssSelector: a.active[href='/add']
18:10:03.501  INFO  manager.ListenerWD - After find elements ->>>>By.cssSelector: a.active[href='/add']
18:10:03.501  INFO  manager.ListenerWD - List suze is ->>>>1
18:10:03.503  INFO  tests.TestBase - The name of starts method is --->addNewContactWrongPhone
18:10:03.504  INFO  manager.ListenerWD - Before find elements ->>>>By.xpath: //button[text()='Sign Out']
18:10:03.517  INFO  manager.ListenerWD - After find elements ->>>>By.xpath: //button[text()='Sign Out']
18:10:03.518  INFO  manager.ListenerWD - List suze is ->>>>1
18:10:03.518  INFO  manager.ListenerWD - Before find element ->>>>By.cssSelector: a[href='/add']
18:10:03.529  INFO  manager.ListenerWD - After find element ->>>>By.cssSelector: a[href='/add']
18:10:03.556  INFO  manager.ListenerWD - Before find element ->>>>By.cssSelector: input[placeholder='Name']
18:10:03.570  INFO  manager.ListenerWD - After find element ->>>>By.cssSelector: input[placeholder='Name']
18:10:04.167  INFO  manager.ListenerWD - Before find element ->>>>By.cssSelector: input[placeholder='Last Name']
18:10:04.179  INFO  manager.ListenerWD - After find element ->>>>By.cssSelector: input[placeholder='Last Name']
18:10:04.774  INFO  manager.ListenerWD - Before find element ->>>>By.cssSelector: input[placeholder='Phone']
18:10:04.784  INFO  manager.ListenerWD - After find element ->>>>By.cssSelector: input[placeholder='Phone']
18:10:05.373  INFO  manager.ListenerWD - Before find element ->>>>By.cssSelector: input[placeholder='email']
18:10:05.383  INFO  manager.ListenerWD - After find element ->>>>By.cssSelector: input[placeholder='email']
18:10:05.990  INFO  manager.ListenerWD - Before find element ->>>>By.cssSelector: input[placeholder='Address']
18:10:06.004  INFO  manager.ListenerWD - After find element ->>>>By.cssSelector: input[placeholder='Address']
18:10:06.602  INFO  manager.ListenerWD - Before find element ->>>>By.cssSelector: input[placeholder='description']
18:10:06.614  INFO  manager.ListenerWD - After find element ->>>>By.cssSelector: input[placeholder='description']
18:10:07.215  INFO  manager.ListenerWD - Before find element ->>>>By.xpath: //b[text()='Save']
18:10:07.227  INFO  manager.ListenerWD - After find element ->>>>By.xpath: //b[text()='Save']
18:10:07.250  INFO  manager.ListenerWD - Before find elements ->>>>By.cssSelector: a.active[href='/add']
18:10:07.262  INFO  manager.ListenerWD - After find elements ->>>>By.cssSelector: a.active[href='/add']
18:10:07.262  INFO  manager.ListenerWD - List suze is ->>>>1
18:10:07.268  INFO  manager.ListenerWD - The have a 'problem'
18:10:07.268  INFO  manager.ListenerWD - ++++++++++++++++++++++++++++++++++++
18:10:07.269  INFO  manager.ListenerWD - Method method ->>>>alert
18:10:07.269  INFO  manager.ListenerWD - ++++++++++++++++++++++++++
18:10:07.269  INFO  manager.ListenerWD - InvocationTargetException getTargetException() org.openqa.selenium.NoAlertPresentException: no such alert
  (Session info: chrome=109.0.5414.120)
Build info: version: '4.7.1', revision: 'c6795baf1a3'
System info: os.name: 'Windows 10', os.arch: 'amd64', os.version: '10.0', java.version: '11.0.17'
Driver info: org.openqa.selenium.chrome.ChromeDriver
Command: [60a7b31d4c2c734648cf876dd5a557be, getAlertText {}]
Capabilities {acceptInsecureCerts: false, browserName: chrome, browserVersion: 109.0.5414.120, chrome: {chromedriverVersion: 109.0.5414.74 (e7c5703604da..., userDataDir: C:\Users\97252\AppData\Loca...}, goog:chromeOptions: {debuggerAddress: localhost:56895}, networkConnectionEnabled: false, pageLoadStrategy: normal, platformName: WINDOWS, proxy: Proxy(), se:cdp: ws://localhost:56895/devtoo..., se:cdpVersion: 109.0.5414.120, setWindowRect: true, strictFileInteractability: false, timeouts: {implicit: 0, pageLoad: 300000, script: 30000}, unhandledPromptBehavior: dismiss and notify, webauthn:extension:credBlob: true, webauthn:extension:largeBlob: true, webauthn:virtualAuthenticators: true}
Session ID: 60a7b31d4c2c734648cf876dd5a557be
18:10:07.269  INFO  manager.ListenerWD - ++++++++++++++++++++++++++
18:10:07.269  INFO  manager.ListenerWD - Object target ->>>>>>org.openqa.selenium.remote.RemoteWebDriver$RemoteTargetLocator@4a4ff5ed
18:10:07.269  INFO  manager.ListenerWD - ++++++++++++++++++++++++++
