17:57:10.959  INFO  manager.ApplicationManager - All tests star in Chrome Browser
17:57:12.231  INFO  manager.ApplicationManager - Current Url -->https://telranedu.web.app/home
17:57:12.263  INFO  tests.TestBase - The name of starts method is --->addNewContactWrongEmail
17:57:12.266  INFO  manager.ListenerWD - Before find elements ->>>>By.xpath: //button[text()='Sign Out']
17:57:17.281  INFO  manager.ListenerWD - After find elements ->>>>By.xpath: //button[text()='Sign Out']
17:57:17.285  INFO  manager.ListenerWD - List suze is ->>>>0
17:57:17.287  INFO  manager.ListenerWD - Before find element ->>>>By.cssSelector: a[href='/login']
17:57:17.323  INFO  manager.ListenerWD - After find element ->>>>By.cssSelector: a[href='/login']
17:57:17.392  INFO  manager.ListenerWD - Before find element ->>>>By.name: email
17:57:17.422  INFO  manager.ListenerWD - After find element ->>>>By.name: email
17:57:17.565  INFO  manager.ListenerWD - Before find element ->>>>By.name: password
17:57:17.592  INFO  manager.ListenerWD - After find element ->>>>By.name: password
17:57:17.705  INFO  manager.ListenerWD - Before find element ->>>>By.cssSelector: [name='login']
17:57:17.726  INFO  manager.ListenerWD - After find element ->>>>By.cssSelector: [name='login']
17:57:17.788  INFO  manager.ListenerWD - Before find element ->>>>By.cssSelector: a[href='/add']
17:57:18.624  INFO  manager.ListenerWD - After find element ->>>>By.cssSelector: a[href='/add']
17:57:18.667  INFO  manager.ListenerWD - Before find element ->>>>By.cssSelector: input[placeholder='Name']
17:57:18.691  INFO  manager.ListenerWD - After find element ->>>>By.cssSelector: input[placeholder='Name']
17:57:18.794  INFO  manager.ListenerWD - Before find element ->>>>By.cssSelector: input[placeholder='Last Name']
17:57:18.817  INFO  manager.ListenerWD - After find element ->>>>By.cssSelector: input[placeholder='Last Name']
17:57:18.913  INFO  manager.ListenerWD - Before find element ->>>>By.cssSelector: input[placeholder='Phone']
17:57:18.933  INFO  manager.ListenerWD - After find element ->>>>By.cssSelector: input[placeholder='Phone']
17:57:19.037  INFO  manager.ListenerWD - Before find element ->>>>By.cssSelector: input[placeholder='email']
17:57:19.059  INFO  manager.ListenerWD - After find element ->>>>By.cssSelector: input[placeholder='email']
17:57:19.162  INFO  manager.ListenerWD - Before find element ->>>>By.cssSelector: input[placeholder='Address']
17:57:19.182  INFO  manager.ListenerWD - After find element ->>>>By.cssSelector: input[placeholder='Address']
17:57:19.278  INFO  manager.ListenerWD - Before find element ->>>>By.cssSelector: input[placeholder='description']
17:57:19.298  INFO  manager.ListenerWD - After find element ->>>>By.cssSelector: input[placeholder='description']
17:57:19.397  INFO  manager.ListenerWD - Before find element ->>>>By.xpath: //b[text()='Save']
17:57:19.415  INFO  manager.ListenerWD - After find element ->>>>By.xpath: //b[text()='Save']
17:57:19.443  INFO  manager.ListenerWD - Before find elements ->>>>By.cssSelector: a.active[href='/add']
17:57:19.460  INFO  manager.ListenerWD - After find elements ->>>>By.cssSelector: a.active[href='/add']
17:57:19.461  INFO  manager.ListenerWD - List suze is ->>>>1
17:57:19.486  INFO  manager.ListenerWD - The have a 'problem'
17:57:19.486  INFO  manager.ListenerWD - ++++++++++++++++++++++++++++++++++++
17:57:19.487  INFO  manager.ListenerWD - Method method ->>>>alert
17:57:19.487  INFO  manager.ListenerWD - ++++++++++++++++++++++++++
17:57:19.489  INFO  manager.ListenerWD - InvocationTargetException getTargetException() org.openqa.selenium.NoAlertPresentException: no such alert
  (Session info: chrome=109.0.5414.120)
Build info: version: '4.7.1', revision: 'c6795baf1a3'
System info: os.name: 'Windows 10', os.arch: 'amd64', os.version: '10.0', java.version: '11.0.17'
Driver info: org.openqa.selenium.chrome.ChromeDriver
Command: [c289caa228da9336be61dafd27c5322c, getAlertText {}]
Capabilities {acceptInsecureCerts: false, browserName: chrome, browserVersion: 109.0.5414.120, chrome: {chromedriverVersion: 109.0.5414.74 (e7c5703604da..., userDataDir: C:\Users\97252\AppData\Loca...}, goog:chromeOptions: {debuggerAddress: localhost:56493}, networkConnectionEnabled: false, pageLoadStrategy: normal, platformName: WINDOWS, proxy: Proxy(), se:cdp: ws://localhost:56493/devtoo..., se:cdpVersion: 109.0.5414.120, setWindowRect: true, strictFileInteractability: false, timeouts: {implicit: 0, pageLoad: 300000, script: 30000}, unhandledPromptBehavior: dismiss and notify, webauthn:extension:credBlob: true, webauthn:extension:largeBlob: true, webauthn:virtualAuthenticators: true}
Session ID: c289caa228da9336be61dafd27c5322c
17:57:19.489  INFO  manager.ListenerWD - ++++++++++++++++++++++++++
17:57:19.490  INFO  manager.ListenerWD - Object target ->>>>>>org.openqa.selenium.remote.RemoteWebDriver$RemoteTargetLocator@14422d9d
17:57:19.490  INFO  manager.ListenerWD - ++++++++++++++++++++++++++
