13:53:52.010  INFO  manager.ApplicationManager - All tests star in Chrome Browser
13:53:53.772  INFO  manager.ListenerWD - The have a 'problem'
13:53:53.772  INFO  manager.ListenerWD - ++++++++++++++++++++++++++++++++++++
13:53:53.778  INFO  manager.ListenerWD - Method method ->>>>getCurrentUrl
13:53:53.778  INFO  manager.ListenerWD - ++++++++++++++++++++++++++
13:53:53.793  INFO  manager.ListenerWD - InvocationTargetException getTargetException() org.openqa.selenium.NoSuchWindowException: no such window: target window already closed
from unknown error: web view not found
  (Session info: chrome=109.0.5414.120)
Build info: version: '4.7.1', revision: 'c6795baf1a3'
System info: os.name: 'Windows 10', os.arch: 'amd64', os.version: '10.0', java.version: '11.0.17'
Driver info: org.openqa.selenium.chrome.ChromeDriver
Command: [c6761192d37cdbb3680453c37173894f, getCurrentUrl {}]
Capabilities {acceptInsecureCerts: false, browserName: chrome, browserVersion: 109.0.5414.120, chrome: {chromedriverVersion: 109.0.5414.74 (e7c5703604da..., userDataDir: C:\Users\97252\AppData\Loca...}, goog:chromeOptions: {debuggerAddress: localhost:51241}, networkConnectionEnabled: false, pageLoadStrategy: normal, platformName: WINDOWS, proxy: Proxy(), se:cdp: ws://localhost:51241/devtoo..., se:cdpVersion: 109.0.5414.120, setWindowRect: true, strictFileInteractability: false, timeouts: {implicit: 0, pageLoad: 300000, script: 30000}, unhandledPromptBehavior: dismiss and notify, webauthn:extension:credBlob: true, webauthn:extension:largeBlob: true, webauthn:virtualAuthenticators: true}
Session ID: c6761192d37cdbb3680453c37173894f
13:53:53.795  INFO  manager.ListenerWD - ++++++++++++++++++++++++++
13:53:53.797  INFO  manager.ListenerWD - Object target ->>>>>>ChromeDriver: chrome on WINDOWS (c6761192d37cdbb3680453c37173894f)
13:53:53.797  INFO  manager.ListenerWD - ++++++++++++++++++++++++++
13:53:53.804  INFO  manager.ListenerWD - Screen  whith errror is ->>>>src/test/screenshots/screen-43.png
13:53:53.835  INFO  manager.ListenerTNG - onStart->>>>>Gradle test
13:53:53.904  INFO  manager.ListenerTNG - onTestStart->>>>>loginSuccess
13:53:53.906  INFO  manager.ListenerTNG - onTestSkipped->>>>>loginSuccess
13:53:53.907  INFO  manager.ListenerTNG - onTestStart->>>>>loginSuccess
13:53:53.908  INFO  manager.ListenerTNG - onTestSkipped->>>>>loginSuccess
13:53:53.910  INFO  manager.ListenerTNG - onTestStart->>>>>loginSuccess
13:53:53.910  INFO  manager.ListenerTNG - onTestSkipped->>>>>loginSuccess
13:53:53.913  INFO  manager.ListenerTNG - onFinish->>>>>Gradle test
