14:50:26.803  INFO  manager.ApplicationManager - All tests star in Chrome Browser
14:50:28.699  INFO  manager.ApplicationManager - Current Url -->https://telranedu.web.app/home
14:50:28.704  INFO  manager.ListenerTNG - onStart->>>>>Gradle test
14:50:28.738  INFO  tests.TestBase - The name of starts method is --->loginWrongEmail
14:50:28.740  INFO  manager.ListenerWD - Before find elements ->>>>By.xpath: //button[text()='Sign Out']
14:50:33.755  INFO  manager.ListenerWD - After find elements ->>>>By.xpath: //button[text()='Sign Out']
14:50:33.758  INFO  manager.ListenerWD - List suze is ->>>>0
14:50:33.759  INFO  manager.ListenerTNG - onTestStart->>>>>loginWrongEmail
14:50:33.761  INFO  manager.ListenerWD - Before find element ->>>>By.cssSelector: a[href='/login']
14:50:33.790  INFO  manager.ListenerWD - After find element ->>>>By.cssSelector: a[href='/login']
14:50:33.849  INFO  manager.ListenerWD - Before find element ->>>>By.name: email
14:50:33.877  INFO  manager.ListenerWD - After find element ->>>>By.name: email
14:50:34.528  INFO  manager.ListenerWD - Before find element ->>>>By.name: password
14:50:34.551  INFO  manager.ListenerWD - After find element ->>>>By.name: password
14:50:35.279  INFO  manager.ListenerWD - Before find element ->>>>By.cssSelector: [name='login']
14:50:35.316  INFO  manager.ListenerWD - After find element ->>>>By.cssSelector: [name='login']
14:50:35.351  INFO  manager.ListenerWD - Before find elements ->>>>By.xpath: //button[text()='Sign Out']
14:50:36.557  INFO  manager.ListenerWD - After find elements ->>>>By.xpath: //button[text()='Sign Out']
14:50:36.558  INFO  manager.ListenerWD - List suze is ->>>>0
14:50:37.111  INFO  tests.TestBase - Error message is : 'Wrong email or password' 
14:50:37.116  INFO  manager.ListenerTNG - onTestSuccess ->>>>>>loginWrongEmail
14:50:37.130  INFO  manager.ListenerTNG - onFinish->>>>>Gradle test
