18:31:12.365  INFO  manager.ApplicationManager - All tests star in Chrome Browser
18:31:13.918  INFO  manager.ApplicationManager - Current Url -->https://telranedu.web.app/home
18:31:13.923  INFO  manager.ListenerTNG - onStart->>>>>Gradle test
18:31:13.962  INFO  tests.TestBase - The name of starts method is --->addContactSuccessAllFields
18:31:14.978  INFO  manager.ListenerWD - Before find elements ->>>>By.xpath: //button[text()='Sign Out']
18:31:20.049  INFO  manager.ListenerWD - After find elements ->>>>By.xpath: //button[text()='Sign Out']
18:31:20.053  INFO  manager.ListenerWD - List suze is ->>>>0
18:31:20.055  INFO  manager.ListenerWD - Before find element ->>>>By.cssSelector: a[href='/login']
18:31:20.093  INFO  manager.ListenerWD - After find element ->>>>By.cssSelector: a[href='/login']
18:31:20.162  INFO  manager.ListenerWD - Before find element ->>>>By.name: email
18:31:20.192  INFO  manager.ListenerWD - After find element ->>>>By.name: email
18:31:20.864  INFO  manager.ListenerWD - Before find element ->>>>By.name: password
18:31:20.892  INFO  manager.ListenerWD - After find element ->>>>By.name: password
18:31:21.534  INFO  manager.ListenerWD - Before find element ->>>>By.cssSelector: [name='login']
18:31:21.563  INFO  manager.ListenerWD - After find element ->>>>By.cssSelector: [name='login']
18:31:21.605  INFO  manager.ListenerTNG - onTestStart->>>>>addContactSuccessAllFields
18:31:21.638  INFO  tests.TestBase - Tests start with data : Contact(name=Lisa1280, lastName=Simpson, phone=11111111280, email=reshef19861280@gmail.com, address=NY, description=All fields)
18:31:21.638  INFO  manager.ListenerWD - Before find element ->>>>By.cssSelector: a[href='/add']
18:31:22.532  INFO  manager.ListenerWD - After find element ->>>>By.cssSelector: a[href='/add']
18:31:22.576  INFO  manager.ListenerWD - Before find element ->>>>By.cssSelector: input[placeholder='Name']
18:31:22.604  INFO  manager.ListenerWD - After find element ->>>>By.cssSelector: input[placeholder='Name']
18:31:23.229  INFO  manager.ListenerWD - Before find element ->>>>By.cssSelector: input[placeholder='Last Name']
18:31:23.251  INFO  manager.ListenerWD - After find element ->>>>By.cssSelector: input[placeholder='Last Name']
18:31:23.866  INFO  manager.ListenerWD - Before find element ->>>>By.cssSelector: input[placeholder='Phone']
18:31:23.887  INFO  manager.ListenerWD - After find element ->>>>By.cssSelector: input[placeholder='Phone']
18:31:24.525  INFO  manager.ListenerWD - Before find element ->>>>By.cssSelector: input[placeholder='email']
18:31:24.549  INFO  manager.ListenerWD - After find element ->>>>By.cssSelector: input[placeholder='email']
18:31:25.198  INFO  manager.ListenerWD - Before find element ->>>>By.cssSelector: input[placeholder='Address']
18:31:25.221  INFO  manager.ListenerWD - After find element ->>>>By.cssSelector: input[placeholder='Address']
18:31:25.841  INFO  manager.ListenerWD - Before find element ->>>>By.cssSelector: input[placeholder='description']
18:31:25.861  INFO  manager.ListenerWD - After find element ->>>>By.cssSelector: input[placeholder='description']
18:31:26.474  INFO  manager.ListenerWD - Before find element ->>>>By.xpath: //b[text()='Save']
18:31:26.496  INFO  manager.ListenerWD - After find element ->>>>By.xpath: //b[text()='Save']
18:31:26.530  INFO  manager.ListenerWD - Before find elements ->>>>By.cssSelector: h2
18:31:27.534  INFO  manager.ListenerWD - After find elements ->>>>By.cssSelector: h2
18:31:27.534  INFO  manager.ListenerWD - List suze is ->>>>50
18:31:27.948  INFO  manager.ListenerWD - Before find elements ->>>>By.cssSelector: h3
18:31:28.276  INFO  manager.ListenerWD - After find elements ->>>>By.cssSelector: h3
18:31:28.277  INFO  manager.ListenerWD - List suze is ->>>>50
18:31:28.734  INFO  manager.ListenerWD - Before find elements ->>>>By.cssSelector: .contact-item_card__2SOIM
18:31:29.078  INFO  manager.ListenerWD - After find elements ->>>>By.cssSelector: .contact-item_card__2SOIM
18:31:29.078  INFO  manager.ListenerWD - List suze is ->>>>50
18:31:29.135  INFO  manager.ListenerWD - Before find element ->>>>By.cssSelector: .contact-item-detailed_card__50dTS
18:31:29.160  INFO  manager.ListenerWD - After find element ->>>>By.cssSelector: .contact-item-detailed_card__50dTS
18:31:29.229  INFO  manager.ListenerWD - Before find element ->>>>By.cssSelector: .contact-item-detailed_card__50dTS
18:31:29.247  INFO  manager.ListenerWD - After find element ->>>>By.cssSelector: .contact-item-detailed_card__50dTS
18:31:29.295  INFO  manager.ListenerWD - Before find element ->>>>By.cssSelector: .contact-item-detailed_card__50dTS
18:31:29.308  INFO  manager.ListenerWD - After find element ->>>>By.cssSelector: .contact-item-detailed_card__50dTS
18:31:29.354  INFO  manager.ListenerWD - Before find element ->>>>By.cssSelector: .contact-item-detailed_card__50dTS
18:31:29.370  INFO  manager.ListenerWD - After find element ->>>>By.cssSelector: .contact-item-detailed_card__50dTS
18:31:29.424  INFO  manager.ListenerWD - Before find element ->>>>By.cssSelector: .contact-item-detailed_card__50dTS
18:31:29.438  INFO  manager.ListenerWD - After find element ->>>>By.cssSelector: .contact-item-detailed_card__50dTS
18:31:29.487  INFO  manager.ListenerWD - Before find element ->>>>By.cssSelector: .contact-item-detailed_card__50dTS
18:31:29.504  INFO  manager.ListenerWD - After find element ->>>>By.cssSelector: .contact-item-detailed_card__50dTS
18:31:29.554  INFO  manager.ListenerWD - Before find element ->>>>By.cssSelector: .contact-item-detailed_card__50dTS
18:31:29.569  INFO  manager.ListenerWD - After find element ->>>>By.cssSelector: .contact-item-detailed_card__50dTS
18:31:29.632  INFO  manager.ListenerWD - Before find element ->>>>By.cssSelector: .contact-item-detailed_card__50dTS
18:31:29.644  INFO  manager.ListenerWD - After find element ->>>>By.cssSelector: .contact-item-detailed_card__50dTS
18:31:29.697  INFO  manager.ListenerWD - Before find element ->>>>By.cssSelector: .contact-item-detailed_card__50dTS
18:31:29.709  INFO  manager.ListenerWD - After find element ->>>>By.cssSelector: .contact-item-detailed_card__50dTS
18:31:29.767  INFO  manager.ListenerWD - Before find element ->>>>By.cssSelector: .contact-item-detailed_card__50dTS
18:31:29.783  INFO  manager.ListenerWD - After find element ->>>>By.cssSelector: .contact-item-detailed_card__50dTS
18:31:29.840  INFO  manager.ListenerWD - Before find element ->>>>By.cssSelector: .contact-item-detailed_card__50dTS
18:31:29.855  INFO  manager.ListenerWD - After find element ->>>>By.cssSelector: .contact-item-detailed_card__50dTS
18:31:29.912  INFO  manager.ListenerWD - Before find element ->>>>By.cssSelector: .contact-item-detailed_card__50dTS
18:31:29.927  INFO  manager.ListenerWD - After find element ->>>>By.cssSelector: .contact-item-detailed_card__50dTS
18:31:29.984  INFO  manager.ListenerWD - Before find element ->>>>By.cssSelector: .contact-item-detailed_card__50dTS
18:31:29.998  INFO  manager.ListenerWD - After find element ->>>>By.cssSelector: .contact-item-detailed_card__50dTS
18:31:30.058  INFO  manager.ListenerWD - Before find element ->>>>By.cssSelector: .contact-item-detailed_card__50dTS
18:31:30.073  INFO  manager.ListenerWD - After find element ->>>>By.cssSelector: .contact-item-detailed_card__50dTS
18:31:30.131  INFO  manager.ListenerWD - Before find element ->>>>By.cssSelector: .contact-item-detailed_card__50dTS
18:31:30.145  INFO  manager.ListenerWD - After find element ->>>>By.cssSelector: .contact-item-detailed_card__50dTS
18:31:30.198  INFO  manager.ListenerWD - Before find element ->>>>By.cssSelector: .contact-item-detailed_card__50dTS
18:31:30.212  INFO  manager.ListenerWD - After find element ->>>>By.cssSelector: .contact-item-detailed_card__50dTS
18:31:30.270  INFO  manager.ListenerWD - Before find element ->>>>By.cssSelector: .contact-item-detailed_card__50dTS
18:31:30.284  INFO  manager.ListenerWD - After find element ->>>>By.cssSelector: .contact-item-detailed_card__50dTS
18:31:30.337  INFO  manager.ListenerWD - Before find element ->>>>By.cssSelector: .contact-item-detailed_card__50dTS
18:31:30.351  INFO  manager.ListenerWD - After find element ->>>>By.cssSelector: .contact-item-detailed_card__50dTS
18:31:30.406  INFO  manager.ListenerWD - Before find element ->>>>By.cssSelector: .contact-item-detailed_card__50dTS
18:31:30.422  INFO  manager.ListenerWD - After find element ->>>>By.cssSelector: .contact-item-detailed_card__50dTS
18:31:30.481  INFO  manager.ListenerWD - Before find element ->>>>By.cssSelector: .contact-item-detailed_card__50dTS
18:31:30.497  INFO  manager.ListenerWD - After find element ->>>>By.cssSelector: .contact-item-detailed_card__50dTS
18:31:30.552  INFO  manager.ListenerWD - Before find element ->>>>By.cssSelector: .contact-item-detailed_card__50dTS
18:31:30.566  INFO  manager.ListenerWD - After find element ->>>>By.cssSelector: .contact-item-detailed_card__50dTS
18:31:30.620  INFO  manager.ListenerWD - Before find element ->>>>By.cssSelector: .contact-item-detailed_card__50dTS
18:31:30.636  INFO  manager.ListenerWD - After find element ->>>>By.cssSelector: .contact-item-detailed_card__50dTS
18:31:30.693  INFO  manager.ListenerWD - Before find element ->>>>By.cssSelector: .contact-item-detailed_card__50dTS
18:31:30.708  INFO  manager.ListenerWD - After find element ->>>>By.cssSelector: .contact-item-detailed_card__50dTS
18:31:30.753  INFO  manager.ListenerWD - Before find element ->>>>By.cssSelector: .contact-item-detailed_card__50dTS
18:31:30.765  INFO  manager.ListenerWD - After find element ->>>>By.cssSelector: .contact-item-detailed_card__50dTS
18:31:30.805  INFO  manager.ListenerWD - Before find element ->>>>By.cssSelector: .contact-item-detailed_card__50dTS
18:31:30.821  INFO  manager.ListenerWD - After find element ->>>>By.cssSelector: .contact-item-detailed_card__50dTS
18:31:30.865  INFO  manager.ListenerWD - Before find element ->>>>By.cssSelector: .contact-item-detailed_card__50dTS
18:31:30.877  INFO  manager.ListenerWD - After find element ->>>>By.cssSelector: .contact-item-detailed_card__50dTS
18:31:30.921  INFO  manager.ListenerWD - Before find element ->>>>By.cssSelector: .contact-item-detailed_card__50dTS
18:31:30.933  INFO  manager.ListenerWD - After find element ->>>>By.cssSelector: .contact-item-detailed_card__50dTS
18:31:30.975  INFO  manager.ListenerWD - Before find element ->>>>By.cssSelector: .contact-item-detailed_card__50dTS
18:31:30.987  INFO  manager.ListenerWD - After find element ->>>>By.cssSelector: .contact-item-detailed_card__50dTS
18:31:31.028  INFO  manager.ListenerWD - Before find element ->>>>By.cssSelector: .contact-item-detailed_card__50dTS
18:31:31.041  INFO  manager.ListenerWD - After find element ->>>>By.cssSelector: .contact-item-detailed_card__50dTS
18:31:31.082  INFO  manager.ListenerWD - Before find element ->>>>By.cssSelector: .contact-item-detailed_card__50dTS
18:31:31.095  INFO  manager.ListenerWD - After find element ->>>>By.cssSelector: .contact-item-detailed_card__50dTS
18:31:31.137  INFO  manager.ListenerWD - Before find element ->>>>By.cssSelector: .contact-item-detailed_card__50dTS
18:31:31.149  INFO  manager.ListenerWD - After find element ->>>>By.cssSelector: .contact-item-detailed_card__50dTS
18:31:31.160  INFO  manager.ListenerTNG - onTestSuccess ->>>>>>addContactSuccessAllFields
18:31:31.161  INFO  tests.TestBase - The name of starts method is --->addContactSuccessRequiredFields
18:31:32.162  INFO  manager.ListenerWD - Before find elements ->>>>By.xpath: //button[text()='Sign Out']
18:31:32.173  INFO  manager.ListenerWD - After find elements ->>>>By.xpath: //button[text()='Sign Out']
18:31:32.173  INFO  manager.ListenerWD - List suze is ->>>>1
18:31:32.173  INFO  manager.ListenerTNG - onTestStart->>>>>addContactSuccessRequiredFields
18:31:32.174  INFO  manager.ListenerWD - Before find element ->>>>By.cssSelector: a[href='/add']
18:31:32.184  INFO  manager.ListenerWD - After find element ->>>>By.cssSelector: a[href='/add']
18:31:32.214  INFO  manager.ListenerWD - Before find element ->>>>By.cssSelector: input[placeholder='Name']
18:31:32.227  INFO  manager.ListenerWD - After find element ->>>>By.cssSelector: input[placeholder='Name']
18:31:32.858  INFO  manager.ListenerWD - Before find element ->>>>By.cssSelector: input[placeholder='Last Name']
18:31:32.872  INFO  manager.ListenerWD - After find element ->>>>By.cssSelector: input[placeholder='Last Name']
18:31:33.492  INFO  manager.ListenerWD - Before find element ->>>>By.cssSelector: input[placeholder='Phone']
18:31:33.506  INFO  manager.ListenerWD - After find element ->>>>By.cssSelector: input[placeholder='Phone']
18:31:34.129  INFO  manager.ListenerWD - Before find element ->>>>By.cssSelector: input[placeholder='email']
18:31:34.139  INFO  manager.ListenerWD - After find element ->>>>By.cssSelector: input[placeholder='email']
18:31:34.767  INFO  manager.ListenerWD - Before find element ->>>>By.cssSelector: input[placeholder='Address']
18:31:34.778  INFO  manager.ListenerWD - After find element ->>>>By.cssSelector: input[placeholder='Address']
18:31:35.384  INFO  manager.ListenerWD - Before find element ->>>>By.cssSelector: input[placeholder='description']
18:31:35.396  INFO  manager.ListenerWD - After find element ->>>>By.cssSelector: input[placeholder='description']
18:31:35.960  INFO  manager.ListenerWD - Before find element ->>>>By.xpath: //b[text()='Save']
18:31:35.972  INFO  manager.ListenerWD - After find element ->>>>By.xpath: //b[text()='Save']
18:31:36.009  INFO  manager.ListenerWD - Before find elements ->>>>By.cssSelector: h2
18:31:36.691  INFO  manager.ListenerWD - After find elements ->>>>By.cssSelector: h2
18:31:36.691  INFO  manager.ListenerWD - List suze is ->>>>51
18:31:37.390  INFO  manager.ListenerWD - Before find elements ->>>>By.cssSelector: h3
18:31:37.585  INFO  manager.ListenerWD - After find elements ->>>>By.cssSelector: h3
18:31:37.586  INFO  manager.ListenerWD - List suze is ->>>>51
18:31:38.320  INFO  manager.ListenerTNG - onTestSuccess ->>>>>>addContactSuccessRequiredFields
18:31:38.320  INFO  tests.TestBase - The name of starts method is --->addNewContactWrongAddress
18:31:39.326  INFO  manager.ListenerWD - Before find elements ->>>>By.xpath: //button[text()='Sign Out']
18:31:39.336  INFO  manager.ListenerWD - After find elements ->>>>By.xpath: //button[text()='Sign Out']
18:31:39.336  INFO  manager.ListenerWD - List suze is ->>>>1
18:31:39.337  INFO  manager.ListenerTNG - onTestStart->>>>>addNewContactWrongAddress
18:31:39.337  INFO  manager.ListenerWD - Before find element ->>>>By.cssSelector: a[href='/add']
18:31:39.347  INFO  manager.ListenerWD - After find element ->>>>By.cssSelector: a[href='/add']
18:31:39.374  INFO  manager.ListenerWD - Before find element ->>>>By.cssSelector: input[placeholder='Name']
18:31:39.389  INFO  manager.ListenerWD - After find element ->>>>By.cssSelector: input[placeholder='Name']
18:31:40.002  INFO  manager.ListenerWD - Before find element ->>>>By.cssSelector: input[placeholder='Last Name']
18:31:40.012  INFO  manager.ListenerWD - After find element ->>>>By.cssSelector: input[placeholder='Last Name']
18:31:40.626  INFO  manager.ListenerWD - Before find element ->>>>By.cssSelector: input[placeholder='Phone']
18:31:40.636  INFO  manager.ListenerWD - After find element ->>>>By.cssSelector: input[placeholder='Phone']
18:31:41.254  INFO  manager.ListenerWD - Before find element ->>>>By.cssSelector: input[placeholder='email']
18:31:41.271  INFO  manager.ListenerWD - After find element ->>>>By.cssSelector: input[placeholder='email']
18:31:41.888  INFO  manager.ListenerWD - Before find element ->>>>By.cssSelector: input[placeholder='Address']
18:31:41.899  INFO  manager.ListenerWD - After find element ->>>>By.cssSelector: input[placeholder='Address']
18:31:42.488  INFO  manager.ListenerWD - Before find element ->>>>By.cssSelector: input[placeholder='description']
18:31:42.500  INFO  manager.ListenerWD - After find element ->>>>By.cssSelector: input[placeholder='description']
18:31:43.115  INFO  manager.ListenerWD - Before find element ->>>>By.xpath: //b[text()='Save']
18:31:43.126  INFO  manager.ListenerWD - After find element ->>>>By.xpath: //b[text()='Save']
18:31:43.158  INFO  manager.ListenerWD - Before find elements ->>>>By.cssSelector: a.active[href='/add']
18:31:43.173  INFO  manager.ListenerWD - After find elements ->>>>By.cssSelector: a.active[href='/add']
18:31:43.173  INFO  manager.ListenerWD - List suze is ->>>>1
18:31:43.173  INFO  manager.ListenerTNG - onTestSuccess ->>>>>>addNewContactWrongAddress
18:31:43.174  INFO  tests.TestBase - The name of starts method is --->addNewContactWrongEmail
18:31:44.175  INFO  manager.ListenerWD - Before find elements ->>>>By.xpath: //button[text()='Sign Out']
18:31:44.187  INFO  manager.ListenerWD - After find elements ->>>>By.xpath: //button[text()='Sign Out']
18:31:44.187  INFO  manager.ListenerWD - List suze is ->>>>1
18:31:44.187  INFO  manager.ListenerTNG - onTestStart->>>>>addNewContactWrongEmail
18:31:44.188  INFO  manager.ListenerWD - Before find element ->>>>By.cssSelector: a[href='/add']
18:31:44.198  INFO  manager.ListenerWD - After find element ->>>>By.cssSelector: a[href='/add']
18:31:44.229  INFO  manager.ListenerWD - Before find element ->>>>By.cssSelector: input[placeholder='Name']
18:31:44.241  INFO  manager.ListenerWD - After find element ->>>>By.cssSelector: input[placeholder='Name']
18:31:44.857  INFO  manager.ListenerWD - Before find element ->>>>By.cssSelector: input[placeholder='Last Name']
18:31:44.868  INFO  manager.ListenerWD - After find element ->>>>By.cssSelector: input[placeholder='Last Name']
18:31:45.462  INFO  manager.ListenerWD - Before find element ->>>>By.cssSelector: input[placeholder='Phone']
18:31:45.472  INFO  manager.ListenerWD - After find element ->>>>By.cssSelector: input[placeholder='Phone']
18:31:46.065  INFO  manager.ListenerWD - Before find element ->>>>By.cssSelector: input[placeholder='email']
18:31:46.075  INFO  manager.ListenerWD - After find element ->>>>By.cssSelector: input[placeholder='email']
18:31:46.669  INFO  manager.ListenerWD - Before find element ->>>>By.cssSelector: input[placeholder='Address']
18:31:46.680  INFO  manager.ListenerWD - After find element ->>>>By.cssSelector: input[placeholder='Address']
18:31:47.269  INFO  manager.ListenerWD - Before find element ->>>>By.cssSelector: input[placeholder='description']
18:31:47.278  INFO  manager.ListenerWD - After find element ->>>>By.cssSelector: input[placeholder='description']
18:31:47.873  INFO  manager.ListenerWD - Before find element ->>>>By.xpath: //b[text()='Save']
18:31:47.884  INFO  manager.ListenerWD - After find element ->>>>By.xpath: //b[text()='Save']
18:31:47.906  INFO  manager.ListenerWD - Before find elements ->>>>By.cssSelector: a.active[href='/add']
18:31:47.915  INFO  manager.ListenerWD - After find elements ->>>>By.cssSelector: a.active[href='/add']
18:31:47.916  INFO  manager.ListenerWD - List suze is ->>>>1
18:31:47.932  INFO  manager.ListenerWD - The have a 'problem'
18:31:47.932  INFO  manager.ListenerWD - ++++++++++++++++++++++++++++++++++++
18:31:47.932  INFO  manager.ListenerWD - Method method ->>>>alert
18:31:47.932  INFO  manager.ListenerWD - ++++++++++++++++++++++++++
18:31:47.934  INFO  manager.ListenerWD - InvocationTargetException getTargetException() org.openqa.selenium.NoAlertPresentException: no such alert
  (Session info: chrome=109.0.5414.120)
Build info: version: '4.7.1', revision: 'c6795baf1a3'
System info: os.name: 'Windows 10', os.arch: 'amd64', os.version: '10.0', java.version: '11.0.17'
Driver info: org.openqa.selenium.chrome.ChromeDriver
Command: [7796316e1d371090476ad0db7208b676, getAlertText {}]
Capabilities {acceptInsecureCerts: false, browserName: chrome, browserVersion: 109.0.5414.120, chrome: {chromedriverVersion: 109.0.5414.74 (e7c5703604da..., userDataDir: C:\Users\97252\AppData\Loca...}, goog:chromeOptions: {debuggerAddress: localhost:57427}, networkConnectionEnabled: false, pageLoadStrategy: normal, platformName: WINDOWS, proxy: Proxy(), se:cdp: ws://localhost:57427/devtoo..., se:cdpVersion: 109.0.5414.120, setWindowRect: true, strictFileInteractability: false, timeouts: {implicit: 0, pageLoad: 300000, script: 30000}, unhandledPromptBehavior: dismiss and notify, webauthn:extension:credBlob: true, webauthn:extension:largeBlob: true, webauthn:virtualAuthenticators: true}
Session ID: 7796316e1d371090476ad0db7208b676
18:31:47.935  INFO  manager.ListenerWD - ++++++++++++++++++++++++++
18:31:47.935  INFO  manager.ListenerWD - Object target ->>>>>>org.openqa.selenium.remote.RemoteWebDriver$RemoteTargetLocator@10dfa7ef
18:31:47.935  INFO  manager.ListenerWD - ++++++++++++++++++++++++++
18:31:48.967  INFO  manager.ListenerTNG - onTestSuccess ->>>>>>addNewContactWrongEmail
18:31:48.968  INFO  tests.TestBase - The name of starts method is --->addNewContactWrongLastName
18:31:49.977  INFO  manager.ListenerWD - Before find elements ->>>>By.xpath: //button[text()='Sign Out']
18:31:49.990  INFO  manager.ListenerWD - After find elements ->>>>By.xpath: //button[text()='Sign Out']
18:31:49.990  INFO  manager.ListenerWD - List suze is ->>>>1
18:31:49.990  INFO  manager.ListenerTNG - onTestStart->>>>>addNewContactWrongLastName
18:31:49.990  INFO  manager.ListenerWD - Before find element ->>>>By.cssSelector: a[href='/add']
18:31:50.001  INFO  manager.ListenerWD - After find element ->>>>By.cssSelector: a[href='/add']
18:31:50.040  INFO  manager.ListenerWD - Before find element ->>>>By.cssSelector: input[placeholder='Name']
18:31:50.052  INFO  manager.ListenerWD - After find element ->>>>By.cssSelector: input[placeholder='Name']
18:31:50.640  INFO  manager.ListenerWD - Before find element ->>>>By.cssSelector: input[placeholder='Last Name']
18:31:50.657  INFO  manager.ListenerWD - After find element ->>>>By.cssSelector: input[placeholder='Last Name']
18:31:51.243  INFO  manager.ListenerWD - Before find element ->>>>By.cssSelector: input[placeholder='Phone']
18:31:51.253  INFO  manager.ListenerWD - After find element ->>>>By.cssSelector: input[placeholder='Phone']
18:31:51.847  INFO  manager.ListenerWD - Before find element ->>>>By.cssSelector: input[placeholder='email']
18:31:51.856  INFO  manager.ListenerWD - After find element ->>>>By.cssSelector: input[placeholder='email']
18:31:52.467  INFO  manager.ListenerWD - Before find element ->>>>By.cssSelector: input[placeholder='Address']
18:31:52.478  INFO  manager.ListenerWD - After find element ->>>>By.cssSelector: input[placeholder='Address']
18:31:53.069  INFO  manager.ListenerWD - Before find element ->>>>By.cssSelector: input[placeholder='description']
18:31:53.080  INFO  manager.ListenerWD - After find element ->>>>By.cssSelector: input[placeholder='description']
18:31:53.676  INFO  manager.ListenerWD - Before find element ->>>>By.xpath: //b[text()='Save']
18:31:53.686  INFO  manager.ListenerWD - After find element ->>>>By.xpath: //b[text()='Save']
18:31:53.708  INFO  manager.ListenerWD - Before find elements ->>>>By.cssSelector: a.active[href='/add']
18:31:53.718  INFO  manager.ListenerWD - After find elements ->>>>By.cssSelector: a.active[href='/add']
18:31:53.718  INFO  manager.ListenerWD - List suze is ->>>>1
18:31:53.718  INFO  manager.ListenerTNG - onTestSuccess ->>>>>>addNewContactWrongLastName
18:31:53.719  INFO  tests.TestBase - The name of starts method is --->addNewContactWrongName
18:31:54.733  INFO  manager.ListenerWD - Before find elements ->>>>By.xpath: //button[text()='Sign Out']
18:31:54.742  INFO  manager.ListenerWD - After find elements ->>>>By.xpath: //button[text()='Sign Out']
18:31:54.743  INFO  manager.ListenerWD - List suze is ->>>>1
18:31:54.743  INFO  manager.ListenerTNG - onTestStart->>>>>addNewContactWrongName
18:31:54.743  INFO  manager.ListenerWD - Before find element ->>>>By.cssSelector: a[href='/add']
18:31:54.754  INFO  manager.ListenerWD - After find element ->>>>By.cssSelector: a[href='/add']
18:31:54.777  INFO  manager.ListenerWD - Before find element ->>>>By.cssSelector: input[placeholder='Name']
18:31:54.788  INFO  manager.ListenerWD - After find element ->>>>By.cssSelector: input[placeholder='Name']
18:31:55.373  INFO  manager.ListenerWD - Before find element ->>>>By.cssSelector: input[placeholder='Last Name']
18:31:55.383  INFO  manager.ListenerWD - After find element ->>>>By.cssSelector: input[placeholder='Last Name']
18:31:55.973  INFO  manager.ListenerWD - Before find element ->>>>By.cssSelector: input[placeholder='Phone']
18:31:55.982  INFO  manager.ListenerWD - After find element ->>>>By.cssSelector: input[placeholder='Phone']
18:31:56.568  INFO  manager.ListenerWD - Before find element ->>>>By.cssSelector: input[placeholder='email']
18:31:56.577  INFO  manager.ListenerWD - After find element ->>>>By.cssSelector: input[placeholder='email']
18:31:57.194  INFO  manager.ListenerWD - Before find element ->>>>By.cssSelector: input[placeholder='Address']
18:31:57.206  INFO  manager.ListenerWD - After find element ->>>>By.cssSelector: input[placeholder='Address']
18:31:57.791  INFO  manager.ListenerWD - Before find element ->>>>By.cssSelector: input[placeholder='description']
18:31:57.805  INFO  manager.ListenerWD - After find element ->>>>By.cssSelector: input[placeholder='description']
18:31:58.414  INFO  manager.ListenerWD - Before find element ->>>>By.xpath: //b[text()='Save']
18:31:58.424  INFO  manager.ListenerWD - After find element ->>>>By.xpath: //b[text()='Save']
18:31:58.444  INFO  manager.ListenerWD - Before find elements ->>>>By.cssSelector: a.active[href='/add']
18:31:58.454  INFO  manager.ListenerWD - After find elements ->>>>By.cssSelector: a.active[href='/add']
18:31:58.454  INFO  manager.ListenerWD - List suze is ->>>>1
18:31:58.454  INFO  manager.ListenerTNG - onTestSuccess ->>>>>>addNewContactWrongName
18:31:58.455  INFO  tests.TestBase - The name of starts method is --->addNewContactWrongPhone
18:31:59.456  INFO  manager.ListenerWD - Before find elements ->>>>By.xpath: //button[text()='Sign Out']
18:31:59.466  INFO  manager.ListenerWD - After find elements ->>>>By.xpath: //button[text()='Sign Out']
18:31:59.466  INFO  manager.ListenerWD - List suze is ->>>>1
18:31:59.466  INFO  manager.ListenerTNG - onTestStart->>>>>addNewContactWrongPhone
18:31:59.467  INFO  manager.ListenerWD - Before find element ->>>>By.cssSelector: a[href='/add']
18:31:59.476  INFO  manager.ListenerWD - After find element ->>>>By.cssSelector: a[href='/add']
18:31:59.497  INFO  manager.ListenerWD - Before find element ->>>>By.cssSelector: input[placeholder='Name']
18:31:59.508  INFO  manager.ListenerWD - After find element ->>>>By.cssSelector: input[placeholder='Name']
18:32:00.103  INFO  manager.ListenerWD - Before find element ->>>>By.cssSelector: input[placeholder='Last Name']
18:32:00.114  INFO  manager.ListenerWD - After find element ->>>>By.cssSelector: input[placeholder='Last Name']
18:32:00.719  INFO  manager.ListenerWD - Before find element ->>>>By.cssSelector: input[placeholder='Phone']
18:32:00.732  INFO  manager.ListenerWD - After find element ->>>>By.cssSelector: input[placeholder='Phone']
18:32:01.313  INFO  manager.ListenerWD - Before find element ->>>>By.cssSelector: input[placeholder='email']
18:32:01.323  INFO  manager.ListenerWD - After find element ->>>>By.cssSelector: input[placeholder='email']
18:32:01.942  INFO  manager.ListenerWD - Before find element ->>>>By.cssSelector: input[placeholder='Address']
18:32:01.955  INFO  manager.ListenerWD - After find element ->>>>By.cssSelector: input[placeholder='Address']
18:32:02.558  INFO  manager.ListenerWD - Before find element ->>>>By.cssSelector: input[placeholder='description']
18:32:02.570  INFO  manager.ListenerWD - After find element ->>>>By.cssSelector: input[placeholder='description']
18:32:03.171  INFO  manager.ListenerWD - Before find element ->>>>By.xpath: //b[text()='Save']
18:32:03.182  INFO  manager.ListenerWD - After find element ->>>>By.xpath: //b[text()='Save']
18:32:03.202  INFO  manager.ListenerWD - Before find elements ->>>>By.cssSelector: a.active[href='/add']
18:32:03.211  INFO  manager.ListenerWD - After find elements ->>>>By.cssSelector: a.active[href='/add']
18:32:03.212  INFO  manager.ListenerWD - List suze is ->>>>1
18:32:03.217  INFO  manager.ListenerWD - The have a 'problem'
18:32:03.217  INFO  manager.ListenerWD - ++++++++++++++++++++++++++++++++++++
18:32:03.217  INFO  manager.ListenerWD - Method method ->>>>alert
18:32:03.217  INFO  manager.ListenerWD - ++++++++++++++++++++++++++
18:32:03.217  INFO  manager.ListenerWD - InvocationTargetException getTargetException() org.openqa.selenium.NoAlertPresentException: no such alert
  (Session info: chrome=109.0.5414.120)
Build info: version: '4.7.1', revision: 'c6795baf1a3'
System info: os.name: 'Windows 10', os.arch: 'amd64', os.version: '10.0', java.version: '11.0.17'
Driver info: org.openqa.selenium.chrome.ChromeDriver
Command: [7796316e1d371090476ad0db7208b676, getAlertText {}]
Capabilities {acceptInsecureCerts: false, browserName: chrome, browserVersion: 109.0.5414.120, chrome: {chromedriverVersion: 109.0.5414.74 (e7c5703604da..., userDataDir: C:\Users\97252\AppData\Loca...}, goog:chromeOptions: {debuggerAddress: localhost:57427}, networkConnectionEnabled: false, pageLoadStrategy: normal, platformName: WINDOWS, proxy: Proxy(), se:cdp: ws://localhost:57427/devtoo..., se:cdpVersion: 109.0.5414.120, setWindowRect: true, strictFileInteractability: false, timeouts: {implicit: 0, pageLoad: 300000, script: 30000}, unhandledPromptBehavior: dismiss and notify, webauthn:extension:credBlob: true, webauthn:extension:largeBlob: true, webauthn:virtualAuthenticators: true}
Session ID: 7796316e1d371090476ad0db7208b676
18:32:03.217  INFO  manager.ListenerWD - ++++++++++++++++++++++++++
18:32:03.217  INFO  manager.ListenerWD - Object target ->>>>>>org.openqa.selenium.remote.RemoteWebDriver$RemoteTargetLocator@75a226ea
18:32:03.217  INFO  manager.ListenerWD - ++++++++++++++++++++++++++
18:32:04.247  INFO  manager.ListenerTNG - onTestSuccess ->>>>>>addNewContactWrongPhone
18:32:04.251  INFO  tests.TestBase - The name of starts method is --->loginSuccess
18:32:04.253  INFO  manager.ListenerTNG - onTestStart->>>>>loginSuccess
18:32:04.254  INFO  manager.ListenerTNG - onTestSkipped->>>>>loginSuccess
18:32:04.255  INFO  manager.ListenerTNG - onTestStart->>>>>loginSuccess
18:32:04.255  INFO  manager.ListenerTNG - onTestSkipped->>>>>loginSuccess
18:32:04.256  INFO  manager.ListenerTNG - onTestStart->>>>>loginSuccess
18:32:04.256  INFO  manager.ListenerTNG - onTestSkipped->>>>>loginSuccess
18:32:04.258  INFO  manager.ListenerTNG - onTestStart->>>>>loginSuccess2
18:32:04.259  INFO  manager.ListenerTNG - onTestSkipped->>>>>loginSuccess2
18:32:04.260  INFO  manager.ListenerTNG - onTestStart->>>>>loginSuccess2
18:32:04.261  INFO  manager.ListenerTNG - onTestSkipped->>>>>loginSuccess2
18:32:04.262  INFO  manager.ListenerTNG - onTestStart->>>>>loginSuccess2
18:32:04.262  INFO  manager.ListenerTNG - onTestSkipped->>>>>loginSuccess2
18:32:04.263  INFO  manager.ListenerTNG - onTestStart->>>>>loginSuccessModel
18:32:04.272  INFO  manager.ListenerTNG - onTestSkipped->>>>>loginSuccessModel
18:32:04.274  INFO  manager.ListenerTNG - onTestStart->>>>>loginSuccessModel
18:32:04.274  INFO  manager.ListenerTNG - onTestSkipped->>>>>loginSuccessModel
18:32:04.275  INFO  manager.ListenerTNG - onTestStart->>>>>loginSuccessModel
18:32:04.276  INFO  manager.ListenerTNG - onTestSkipped->>>>>loginSuccessModel
18:32:04.278  INFO  manager.ListenerTNG - onTestStart->>>>>loginSuccessModelFromFile
18:32:04.278  INFO  manager.ListenerTNG - onTestSkipped->>>>>loginSuccessModelFromFile
18:32:04.279  INFO  manager.ListenerTNG - onTestStart->>>>>loginSuccessModelFromFile
18:32:04.279  INFO  manager.ListenerTNG - onTestSkipped->>>>>loginSuccessModelFromFile
18:32:04.280  INFO  manager.ListenerTNG - onTestStart->>>>>loginSuccessModelFromFile
18:32:04.281  INFO  manager.ListenerTNG - onTestSkipped->>>>>loginSuccessModelFromFile
18:32:04.282  INFO  manager.ListenerTNG - onTestStart->>>>>loginSuccessNew
18:32:04.282  INFO  manager.ListenerTNG - onTestSkipped->>>>>loginSuccessNew
18:32:04.284  INFO  manager.ListenerTNG - onTestStart->>>>>loginSuccessNew
18:32:04.284  INFO  manager.ListenerTNG - onTestSkipped->>>>>loginSuccessNew
18:32:04.285  INFO  manager.ListenerTNG - onTestStart->>>>>loginUnregisterUser
18:32:04.285  INFO  manager.ListenerTNG - onTestSkipped->>>>>loginUnregisterUser
18:32:04.286  INFO  manager.ListenerTNG - onTestStart->>>>>loginWrongEmail
18:32:04.287  INFO  manager.ListenerTNG - onTestSkipped->>>>>loginWrongEmail
18:32:04.288  INFO  manager.ListenerTNG - onTestStart->>>>>loginWrongPassword
18:32:04.288  INFO  manager.ListenerTNG - onTestSkipped->>>>>loginWrongPassword
18:32:04.289  INFO  tests.TestBase - The name of starts method is --->registrationSuccess
18:32:04.289  INFO  manager.ListenerTNG - onTestStart->>>>>registrationSuccess
18:32:04.291  INFO  manager.ListenerTNG - onTestFailure->>>>>registrationSuccess
18:32:04.291  INFO  tests.TestBase - The name of starts method is --->registrationUserAlreadyExists
18:32:04.292  INFO  manager.ListenerTNG - onTestStart->>>>>registrationUserAlreadyExists
18:32:04.292  INFO  manager.ListenerTNG - onTestFailure->>>>>registrationUserAlreadyExists
18:32:04.293  INFO  tests.TestBase - The name of starts method is --->registrationWrongEmail
18:32:04.294  INFO  manager.ListenerTNG - onTestStart->>>>>registrationWrongEmail
18:32:04.294  INFO  manager.ListenerTNG - onTestFailure->>>>>registrationWrongEmail
18:32:04.295  INFO  tests.TestBase - The name of starts method is --->registrationWrongPassword
18:32:04.295  INFO  manager.ListenerTNG - onTestStart->>>>>registrationWrongPassword
18:32:04.295  INFO  manager.ListenerTNG - onTestFailure->>>>>registrationWrongPassword
18:32:04.297  INFO  manager.ListenerTNG - onFinish->>>>>Gradle test
