20:11:53.026  INFO  manager.ApplicationManager - All tests star in Chrome Browser
20:11:54.258  INFO  manager.ApplicationManager - Current Url -->https://telranedu.web.app/home
20:11:54.262  INFO  manager.ListenerTNG - onStart->>>>>Gradle test
20:11:54.293  INFO  tests.TestBase - The name of starts method is --->addContactSuccessAllFields
20:11:54.296  INFO  manager.ListenerWD - Before find elements ->>>>By.xpath: //button[text()='Sign Out']
20:11:59.356  INFO  manager.ListenerWD - After find elements ->>>>By.xpath: //button[text()='Sign Out']
20:11:59.358  INFO  manager.ListenerWD - List suze is ->>>>0
20:11:59.360  INFO  manager.ListenerWD - Before find element ->>>>By.cssSelector: a[href='/login']
20:11:59.393  INFO  manager.ListenerWD - After find element ->>>>By.cssSelector: a[href='/login']
20:11:59.458  INFO  manager.ListenerWD - Before find element ->>>>By.name: email
20:11:59.486  INFO  manager.ListenerWD - After find element ->>>>By.name: email
20:12:00.135  INFO  manager.ListenerWD - Before find element ->>>>By.name: password
20:12:00.158  INFO  manager.ListenerWD - After find element ->>>>By.name: password
20:12:00.784  INFO  manager.ListenerWD - Before find element ->>>>By.cssSelector: [name='login']
20:12:00.811  INFO  manager.ListenerWD - After find element ->>>>By.cssSelector: [name='login']
20:12:00.855  INFO  manager.ListenerTNG - onTestStart->>>>>addContactSuccessAllFields
20:12:00.882  INFO  tests.TestBase - Tests start with data : Contact(name=Lisa1531, lastName=Simpson, phone=11111111531, email=reshef19861531@gmail.com, address=NY, description=All fields)
20:12:00.883  INFO  manager.ListenerWD - Before find element ->>>>By.cssSelector: a[href='/add']
20:12:01.718  INFO  manager.ListenerWD - After find element ->>>>By.cssSelector: a[href='/add']
20:12:01.757  INFO  manager.ListenerWD - Before find element ->>>>By.cssSelector: input[placeholder='Name']
20:12:01.777  INFO  manager.ListenerWD - After find element ->>>>By.cssSelector: input[placeholder='Name']
20:12:02.398  INFO  manager.ListenerWD - Before find element ->>>>By.cssSelector: input[placeholder='Last Name']
20:12:02.422  INFO  manager.ListenerWD - After find element ->>>>By.cssSelector: input[placeholder='Last Name']
20:12:03.033  INFO  manager.ListenerWD - Before find element ->>>>By.cssSelector: input[placeholder='Phone']
20:12:03.052  INFO  manager.ListenerWD - After find element ->>>>By.cssSelector: input[placeholder='Phone']
20:12:03.677  INFO  manager.ListenerWD - Before find element ->>>>By.cssSelector: input[placeholder='email']
20:12:03.698  INFO  manager.ListenerWD - After find element ->>>>By.cssSelector: input[placeholder='email']
20:12:04.341  INFO  manager.ListenerWD - Before find element ->>>>By.cssSelector: input[placeholder='Address']
20:12:04.364  INFO  manager.ListenerWD - After find element ->>>>By.cssSelector: input[placeholder='Address']
20:12:04.980  INFO  manager.ListenerWD - Before find element ->>>>By.cssSelector: input[placeholder='description']
20:12:05.002  INFO  manager.ListenerWD - After find element ->>>>By.cssSelector: input[placeholder='description']
20:12:05.627  INFO  manager.ListenerWD - Before find element ->>>>By.xpath: //b[text()='Save']
20:12:05.647  INFO  manager.ListenerWD - After find element ->>>>By.xpath: //b[text()='Save']
20:12:05.682  INFO  manager.ListenerWD - Before find elements ->>>>By.cssSelector: h2
20:12:06.781  INFO  manager.ListenerWD - After find elements ->>>>By.cssSelector: h2
20:12:06.782  INFO  manager.ListenerWD - List suze is ->>>>70
20:12:07.871  INFO  manager.ListenerWD - Before find elements ->>>>By.cssSelector: h3
20:12:08.324  INFO  manager.ListenerWD - After find elements ->>>>By.cssSelector: h3
20:12:08.324  INFO  manager.ListenerWD - List suze is ->>>>70
20:12:09.408  INFO  manager.ListenerWD - Before find elements ->>>>By.cssSelector: .contact-item_card__2SOIM
20:12:09.813  INFO  manager.ListenerWD - After find elements ->>>>By.cssSelector: .contact-item_card__2SOIM
20:12:09.814  INFO  manager.ListenerWD - List suze is ->>>>70
20:12:09.871  INFO  manager.ListenerWD - Before find element ->>>>By.cssSelector: .contact-item-detailed_card__50dTS
20:12:09.887  INFO  manager.ListenerWD - After find element ->>>>By.cssSelector: .contact-item-detailed_card__50dTS
20:12:09.954  INFO  manager.ListenerWD - Before find element ->>>>By.cssSelector: .contact-item-detailed_card__50dTS
20:12:09.984  INFO  manager.ListenerWD - After find element ->>>>By.cssSelector: .contact-item-detailed_card__50dTS
20:12:10.055  INFO  manager.ListenerWD - Before find element ->>>>By.cssSelector: .contact-item-detailed_card__50dTS
20:12:10.069  INFO  manager.ListenerWD - After find element ->>>>By.cssSelector: .contact-item-detailed_card__50dTS
20:12:10.126  INFO  manager.ListenerWD - Before find element ->>>>By.cssSelector: .contact-item-detailed_card__50dTS
20:12:10.138  INFO  manager.ListenerWD - After find element ->>>>By.cssSelector: .contact-item-detailed_card__50dTS
20:12:10.183  INFO  manager.ListenerWD - Before find element ->>>>By.cssSelector: .contact-item-detailed_card__50dTS
20:12:10.196  INFO  manager.ListenerWD - After find element ->>>>By.cssSelector: .contact-item-detailed_card__50dTS
20:12:10.239  INFO  manager.ListenerWD - Before find element ->>>>By.cssSelector: .contact-item-detailed_card__50dTS
20:12:10.252  INFO  manager.ListenerWD - After find element ->>>>By.cssSelector: .contact-item-detailed_card__50dTS
20:12:10.292  INFO  manager.ListenerWD - Before find element ->>>>By.cssSelector: .contact-item-detailed_card__50dTS
20:12:10.302  INFO  manager.ListenerWD - After find element ->>>>By.cssSelector: .contact-item-detailed_card__50dTS
20:12:10.359  INFO  manager.ListenerWD - Before find element ->>>>By.cssSelector: .contact-item-detailed_card__50dTS
20:12:10.374  INFO  manager.ListenerWD - After find element ->>>>By.cssSelector: .contact-item-detailed_card__50dTS
20:12:10.426  INFO  manager.ListenerWD - Before find element ->>>>By.cssSelector: .contact-item-detailed_card__50dTS
20:12:10.442  INFO  manager.ListenerWD - After find element ->>>>By.cssSelector: .contact-item-detailed_card__50dTS
20:12:10.510  INFO  manager.ListenerWD - Before find element ->>>>By.cssSelector: .contact-item-detailed_card__50dTS
20:12:10.521  INFO  manager.ListenerWD - After find element ->>>>By.cssSelector: .contact-item-detailed_card__50dTS
20:12:10.576  INFO  manager.ListenerWD - Before find element ->>>>By.cssSelector: .contact-item-detailed_card__50dTS
20:12:10.588  INFO  manager.ListenerWD - After find element ->>>>By.cssSelector: .contact-item-detailed_card__50dTS
20:12:10.628  INFO  manager.ListenerWD - Before find element ->>>>By.cssSelector: .contact-item-detailed_card__50dTS
20:12:10.640  INFO  manager.ListenerWD - After find element ->>>>By.cssSelector: .contact-item-detailed_card__50dTS
20:12:10.697  INFO  manager.ListenerWD - Before find element ->>>>By.cssSelector: .contact-item-detailed_card__50dTS
20:12:10.712  INFO  manager.ListenerWD - After find element ->>>>By.cssSelector: .contact-item-detailed_card__50dTS
20:12:10.762  INFO  manager.ListenerWD - Before find element ->>>>By.cssSelector: .contact-item-detailed_card__50dTS
20:12:10.775  INFO  manager.ListenerWD - After find element ->>>>By.cssSelector: .contact-item-detailed_card__50dTS
20:12:10.827  INFO  manager.ListenerWD - Before find element ->>>>By.cssSelector: .contact-item-detailed_card__50dTS
20:12:10.840  INFO  manager.ListenerWD - After find element ->>>>By.cssSelector: .contact-item-detailed_card__50dTS
20:12:10.892  INFO  manager.ListenerWD - Before find element ->>>>By.cssSelector: .contact-item-detailed_card__50dTS
20:12:10.906  INFO  manager.ListenerWD - After find element ->>>>By.cssSelector: .contact-item-detailed_card__50dTS
20:12:10.966  INFO  manager.ListenerWD - Before find element ->>>>By.cssSelector: .contact-item-detailed_card__50dTS
20:12:10.981  INFO  manager.ListenerWD - After find element ->>>>By.cssSelector: .contact-item-detailed_card__50dTS
20:12:11.034  INFO  manager.ListenerWD - Before find element ->>>>By.cssSelector: .contact-item-detailed_card__50dTS
20:12:11.049  INFO  manager.ListenerWD - After find element ->>>>By.cssSelector: .contact-item-detailed_card__50dTS
20:12:11.105  INFO  manager.ListenerWD - Before find element ->>>>By.cssSelector: .contact-item-detailed_card__50dTS
20:12:11.121  INFO  manager.ListenerWD - After find element ->>>>By.cssSelector: .contact-item-detailed_card__50dTS
20:12:11.173  INFO  manager.ListenerWD - Before find element ->>>>By.cssSelector: .contact-item-detailed_card__50dTS
20:12:11.187  INFO  manager.ListenerWD - After find element ->>>>By.cssSelector: .contact-item-detailed_card__50dTS
20:12:11.238  INFO  manager.ListenerWD - Before find element ->>>>By.cssSelector: .contact-item-detailed_card__50dTS
20:12:11.252  INFO  manager.ListenerWD - After find element ->>>>By.cssSelector: .contact-item-detailed_card__50dTS
20:12:11.295  INFO  manager.ListenerWD - Before find element ->>>>By.cssSelector: .contact-item-detailed_card__50dTS
20:12:11.307  INFO  manager.ListenerWD - After find element ->>>>By.cssSelector: .contact-item-detailed_card__50dTS
20:12:11.351  INFO  manager.ListenerWD - Before find element ->>>>By.cssSelector: .contact-item-detailed_card__50dTS
20:12:11.363  INFO  manager.ListenerWD - After find element ->>>>By.cssSelector: .contact-item-detailed_card__50dTS
20:12:11.401  INFO  manager.ListenerWD - Before find element ->>>>By.cssSelector: .contact-item-detailed_card__50dTS
20:12:11.412  INFO  manager.ListenerWD - After find element ->>>>By.cssSelector: .contact-item-detailed_card__50dTS
20:12:11.463  INFO  manager.ListenerWD - Before find element ->>>>By.cssSelector: .contact-item-detailed_card__50dTS
20:12:11.475  INFO  manager.ListenerWD - After find element ->>>>By.cssSelector: .contact-item-detailed_card__50dTS
20:12:11.515  INFO  manager.ListenerWD - Before find element ->>>>By.cssSelector: .contact-item-detailed_card__50dTS
20:12:11.526  INFO  manager.ListenerWD - After find element ->>>>By.cssSelector: .contact-item-detailed_card__50dTS
20:12:11.568  INFO  manager.ListenerWD - Before find element ->>>>By.cssSelector: .contact-item-detailed_card__50dTS
20:12:11.580  INFO  manager.ListenerWD - After find element ->>>>By.cssSelector: .contact-item-detailed_card__50dTS
20:12:11.620  INFO  manager.ListenerWD - Before find element ->>>>By.cssSelector: .contact-item-detailed_card__50dTS
20:12:11.631  INFO  manager.ListenerWD - After find element ->>>>By.cssSelector: .contact-item-detailed_card__50dTS
20:12:11.671  INFO  manager.ListenerWD - Before find element ->>>>By.cssSelector: .contact-item-detailed_card__50dTS
20:12:11.681  INFO  manager.ListenerWD - After find element ->>>>By.cssSelector: .contact-item-detailed_card__50dTS
20:12:11.723  INFO  manager.ListenerWD - Before find element ->>>>By.cssSelector: .contact-item-detailed_card__50dTS
20:12:11.734  INFO  manager.ListenerWD - After find element ->>>>By.cssSelector: .contact-item-detailed_card__50dTS
20:12:11.785  INFO  manager.ListenerWD - Before find element ->>>>By.cssSelector: .contact-item-detailed_card__50dTS
20:12:11.796  INFO  manager.ListenerWD - After find element ->>>>By.cssSelector: .contact-item-detailed_card__50dTS
20:12:11.838  INFO  manager.ListenerWD - Before find element ->>>>By.cssSelector: .contact-item-detailed_card__50dTS
20:12:11.850  INFO  manager.ListenerWD - After find element ->>>>By.cssSelector: .contact-item-detailed_card__50dTS
20:12:11.895  INFO  manager.ListenerWD - Before find element ->>>>By.cssSelector: .contact-item-detailed_card__50dTS
20:12:11.905  INFO  manager.ListenerWD - After find element ->>>>By.cssSelector: .contact-item-detailed_card__50dTS
20:12:11.944  INFO  manager.ListenerWD - Before find element ->>>>By.cssSelector: .contact-item-detailed_card__50dTS
20:12:11.954  INFO  manager.ListenerWD - After find element ->>>>By.cssSelector: .contact-item-detailed_card__50dTS
20:12:11.995  INFO  manager.ListenerWD - Before find element ->>>>By.cssSelector: .contact-item-detailed_card__50dTS
20:12:12.006  INFO  manager.ListenerWD - After find element ->>>>By.cssSelector: .contact-item-detailed_card__50dTS
20:12:12.046  INFO  manager.ListenerWD - Before find element ->>>>By.cssSelector: .contact-item-detailed_card__50dTS
20:12:12.057  INFO  manager.ListenerWD - After find element ->>>>By.cssSelector: .contact-item-detailed_card__50dTS
20:12:12.102  INFO  manager.ListenerWD - Before find element ->>>>By.cssSelector: .contact-item-detailed_card__50dTS
20:12:12.114  INFO  manager.ListenerWD - After find element ->>>>By.cssSelector: .contact-item-detailed_card__50dTS
20:12:12.157  INFO  manager.ListenerWD - Before find element ->>>>By.cssSelector: .contact-item-detailed_card__50dTS
20:12:12.169  INFO  manager.ListenerWD - After find element ->>>>By.cssSelector: .contact-item-detailed_card__50dTS
20:12:12.210  INFO  manager.ListenerWD - Before find element ->>>>By.cssSelector: .contact-item-detailed_card__50dTS
20:12:12.221  INFO  manager.ListenerWD - After find element ->>>>By.cssSelector: .contact-item-detailed_card__50dTS
20:12:12.260  INFO  manager.ListenerWD - Before find element ->>>>By.cssSelector: .contact-item-detailed_card__50dTS
20:12:12.269  INFO  manager.ListenerWD - After find element ->>>>By.cssSelector: .contact-item-detailed_card__50dTS
20:12:12.325  INFO  manager.ListenerWD - Before find element ->>>>By.cssSelector: .contact-item-detailed_card__50dTS
20:12:12.337  INFO  manager.ListenerWD - After find element ->>>>By.cssSelector: .contact-item-detailed_card__50dTS
20:12:12.377  INFO  manager.ListenerWD - Before find element ->>>>By.cssSelector: .contact-item-detailed_card__50dTS
20:12:12.386  INFO  manager.ListenerWD - After find element ->>>>By.cssSelector: .contact-item-detailed_card__50dTS
20:12:12.425  INFO  manager.ListenerWD - Before find element ->>>>By.cssSelector: .contact-item-detailed_card__50dTS
20:12:12.435  INFO  manager.ListenerWD - After find element ->>>>By.cssSelector: .contact-item-detailed_card__50dTS
20:12:12.474  INFO  manager.ListenerWD - Before find element ->>>>By.cssSelector: .contact-item-detailed_card__50dTS
20:12:12.488  INFO  manager.ListenerWD - After find element ->>>>By.cssSelector: .contact-item-detailed_card__50dTS
20:12:12.554  INFO  manager.ListenerWD - Before find element ->>>>By.cssSelector: .contact-item-detailed_card__50dTS
20:12:12.569  INFO  manager.ListenerWD - After find element ->>>>By.cssSelector: .contact-item-detailed_card__50dTS
20:12:12.631  INFO  manager.ListenerWD - Before find element ->>>>By.cssSelector: .contact-item-detailed_card__50dTS
20:12:12.645  INFO  manager.ListenerWD - After find element ->>>>By.cssSelector: .contact-item-detailed_card__50dTS
20:12:12.707  INFO  manager.ListenerWD - Before find element ->>>>By.cssSelector: .contact-item-detailed_card__50dTS
20:12:12.725  INFO  manager.ListenerWD - After find element ->>>>By.cssSelector: .contact-item-detailed_card__50dTS
20:12:12.786  INFO  manager.ListenerWD - Before find element ->>>>By.cssSelector: .contact-item-detailed_card__50dTS
20:12:12.800  INFO  manager.ListenerWD - After find element ->>>>By.cssSelector: .contact-item-detailed_card__50dTS
20:12:12.844  INFO  manager.ListenerWD - Before find element ->>>>By.cssSelector: .contact-item-detailed_card__50dTS
20:12:12.856  INFO  manager.ListenerWD - After find element ->>>>By.cssSelector: .contact-item-detailed_card__50dTS
20:12:12.898  INFO  manager.ListenerWD - Before find element ->>>>By.cssSelector: .contact-item-detailed_card__50dTS
20:12:12.908  INFO  manager.ListenerWD - After find element ->>>>By.cssSelector: .contact-item-detailed_card__50dTS
20:12:12.949  INFO  manager.ListenerWD - Before find element ->>>>By.cssSelector: .contact-item-detailed_card__50dTS
20:12:12.959  INFO  manager.ListenerWD - After find element ->>>>By.cssSelector: .contact-item-detailed_card__50dTS
20:12:12.999  INFO  manager.ListenerWD - Before find element ->>>>By.cssSelector: .contact-item-detailed_card__50dTS
20:12:13.008  INFO  manager.ListenerWD - After find element ->>>>By.cssSelector: .contact-item-detailed_card__50dTS
20:12:13.051  INFO  manager.ListenerWD - Before find element ->>>>By.cssSelector: .contact-item-detailed_card__50dTS
20:12:13.061  INFO  manager.ListenerWD - After find element ->>>>By.cssSelector: .contact-item-detailed_card__50dTS
20:12:13.101  INFO  manager.ListenerWD - Before find element ->>>>By.cssSelector: .contact-item-detailed_card__50dTS
20:12:13.111  INFO  manager.ListenerWD - After find element ->>>>By.cssSelector: .contact-item-detailed_card__50dTS
20:12:13.151  INFO  manager.ListenerWD - Before find element ->>>>By.cssSelector: .contact-item-detailed_card__50dTS
20:12:13.160  INFO  manager.ListenerWD - After find element ->>>>By.cssSelector: .contact-item-detailed_card__50dTS
20:12:13.199  INFO  manager.ListenerWD - Before find element ->>>>By.cssSelector: .contact-item-detailed_card__50dTS
20:12:13.210  INFO  manager.ListenerWD - After find element ->>>>By.cssSelector: .contact-item-detailed_card__50dTS
20:12:13.279  INFO  manager.ListenerWD - Before find element ->>>>By.cssSelector: .contact-item-detailed_card__50dTS
20:12:13.289  INFO  manager.ListenerWD - After find element ->>>>By.cssSelector: .contact-item-detailed_card__50dTS
20:12:13.329  INFO  manager.ListenerWD - Before find element ->>>>By.cssSelector: .contact-item-detailed_card__50dTS
20:12:13.338  INFO  manager.ListenerWD - After find element ->>>>By.cssSelector: .contact-item-detailed_card__50dTS
20:12:13.378  INFO  manager.ListenerWD - Before find element ->>>>By.cssSelector: .contact-item-detailed_card__50dTS
20:12:13.387  INFO  manager.ListenerWD - After find element ->>>>By.cssSelector: .contact-item-detailed_card__50dTS
20:12:13.428  INFO  manager.ListenerWD - Before find element ->>>>By.cssSelector: .contact-item-detailed_card__50dTS
20:12:13.437  INFO  manager.ListenerWD - After find element ->>>>By.cssSelector: .contact-item-detailed_card__50dTS
20:12:13.476  INFO  manager.ListenerWD - Before find element ->>>>By.cssSelector: .contact-item-detailed_card__50dTS
20:12:13.486  INFO  manager.ListenerWD - After find element ->>>>By.cssSelector: .contact-item-detailed_card__50dTS
20:12:13.526  INFO  manager.ListenerWD - Before find element ->>>>By.cssSelector: .contact-item-detailed_card__50dTS
20:12:13.537  INFO  manager.ListenerWD - After find element ->>>>By.cssSelector: .contact-item-detailed_card__50dTS
20:12:13.580  INFO  manager.ListenerWD - Before find element ->>>>By.cssSelector: .contact-item-detailed_card__50dTS
20:12:13.590  INFO  manager.ListenerWD - After find element ->>>>By.cssSelector: .contact-item-detailed_card__50dTS
20:12:13.629  INFO  manager.ListenerWD - Before find element ->>>>By.cssSelector: .contact-item-detailed_card__50dTS
20:12:13.638  INFO  manager.ListenerWD - After find element ->>>>By.cssSelector: .contact-item-detailed_card__50dTS
20:12:13.676  INFO  manager.ListenerWD - Before find element ->>>>By.cssSelector: .contact-item-detailed_card__50dTS
20:12:13.687  INFO  manager.ListenerWD - After find element ->>>>By.cssSelector: .contact-item-detailed_card__50dTS
20:12:13.727  INFO  manager.ListenerWD - Before find element ->>>>By.cssSelector: .contact-item-detailed_card__50dTS
20:12:13.735  INFO  manager.ListenerWD - After find element ->>>>By.cssSelector: .contact-item-detailed_card__50dTS
20:12:13.774  INFO  manager.ListenerWD - Before find element ->>>>By.cssSelector: .contact-item-detailed_card__50dTS
20:12:13.783  INFO  manager.ListenerWD - After find element ->>>>By.cssSelector: .contact-item-detailed_card__50dTS
20:12:13.829  INFO  manager.ListenerWD - Before find element ->>>>By.cssSelector: .contact-item-detailed_card__50dTS
20:12:13.840  INFO  manager.ListenerWD - After find element ->>>>By.cssSelector: .contact-item-detailed_card__50dTS
20:12:13.880  INFO  manager.ListenerWD - Before find element ->>>>By.cssSelector: .contact-item-detailed_card__50dTS
20:12:13.890  INFO  manager.ListenerWD - After find element ->>>>By.cssSelector: .contact-item-detailed_card__50dTS
20:12:13.929  INFO  manager.ListenerWD - Before find element ->>>>By.cssSelector: .contact-item-detailed_card__50dTS
20:12:13.940  INFO  manager.ListenerWD - After find element ->>>>By.cssSelector: .contact-item-detailed_card__50dTS
20:12:13.953  INFO  manager.ListenerTNG - onTestSuccess ->>>>>>addContactSuccessAllFields
20:12:13.954  INFO  tests.TestBase - The name of starts method is --->addContactSuccessRequiredFields
20:12:13.955  INFO  manager.ListenerWD - Before find elements ->>>>By.xpath: //button[text()='Sign Out']
20:12:13.968  INFO  manager.ListenerWD - After find elements ->>>>By.xpath: //button[text()='Sign Out']
20:12:13.968  INFO  manager.ListenerWD - List suze is ->>>>1
20:12:13.968  INFO  manager.ListenerTNG - onTestStart->>>>>addContactSuccessRequiredFields
20:12:13.969  INFO  manager.ListenerWD - Before find element ->>>>By.cssSelector: a[href='/add']
20:12:13.982  INFO  manager.ListenerWD - After find element ->>>>By.cssSelector: a[href='/add']
20:12:14.013  INFO  manager.ListenerWD - Before find element ->>>>By.cssSelector: input[placeholder='Name']
20:12:14.026  INFO  manager.ListenerWD - After find element ->>>>By.cssSelector: input[placeholder='Name']
20:12:14.649  INFO  manager.ListenerWD - Before find element ->>>>By.cssSelector: input[placeholder='Last Name']
20:12:14.665  INFO  manager.ListenerWD - After find element ->>>>By.cssSelector: input[placeholder='Last Name']
20:12:15.262  INFO  manager.ListenerWD - Before find element ->>>>By.cssSelector: input[placeholder='Phone']
20:12:15.277  INFO  manager.ListenerWD - After find element ->>>>By.cssSelector: input[placeholder='Phone']
20:12:15.889  INFO  manager.ListenerWD - Before find element ->>>>By.cssSelector: input[placeholder='email']
20:12:15.902  INFO  manager.ListenerWD - After find element ->>>>By.cssSelector: input[placeholder='email']
20:12:16.531  INFO  manager.ListenerWD - Before find element ->>>>By.cssSelector: input[placeholder='Address']
20:12:16.545  INFO  manager.ListenerWD - After find element ->>>>By.cssSelector: input[placeholder='Address']
20:12:17.146  INFO  manager.ListenerWD - Before find element ->>>>By.cssSelector: input[placeholder='description']
20:12:17.159  INFO  manager.ListenerWD - After find element ->>>>By.cssSelector: input[placeholder='description']
20:12:17.716  INFO  manager.ListenerWD - Before find element ->>>>By.xpath: //b[text()='Save']
20:12:17.729  INFO  manager.ListenerWD - After find element ->>>>By.xpath: //b[text()='Save']
20:12:17.760  INFO  manager.ListenerWD - Before find elements ->>>>By.cssSelector: h2
20:12:18.588  INFO  manager.ListenerWD - After find elements ->>>>By.cssSelector: h2
20:12:18.588  INFO  manager.ListenerWD - List suze is ->>>>71
20:12:19.536  INFO  manager.ListenerWD - Before find elements ->>>>By.cssSelector: h3
20:12:19.760  INFO  manager.ListenerWD - After find elements ->>>>By.cssSelector: h3
20:12:19.760  INFO  manager.ListenerWD - List suze is ->>>>71
20:12:20.732  INFO  manager.ListenerTNG - onTestSuccess ->>>>>>addContactSuccessRequiredFields
20:12:20.733  INFO  tests.TestBase - The name of starts method is --->addNewContactWrongAddress
20:12:20.733  INFO  manager.ListenerWD - Before find elements ->>>>By.xpath: //button[text()='Sign Out']
20:12:20.747  INFO  manager.ListenerWD - After find elements ->>>>By.xpath: //button[text()='Sign Out']
20:12:20.747  INFO  manager.ListenerWD - List suze is ->>>>1
20:12:20.747  INFO  manager.ListenerTNG - onTestStart->>>>>addNewContactWrongAddress
20:12:20.748  INFO  manager.ListenerWD - Before find element ->>>>By.cssSelector: a[href='/add']
20:12:20.760  INFO  manager.ListenerWD - After find element ->>>>By.cssSelector: a[href='/add']
20:12:20.792  INFO  manager.ListenerWD - Before find element ->>>>By.cssSelector: input[placeholder='Name']
20:12:20.805  INFO  manager.ListenerWD - After find element ->>>>By.cssSelector: input[placeholder='Name']
20:12:21.405  INFO  manager.ListenerWD - Before find element ->>>>By.cssSelector: input[placeholder='Last Name']
20:12:21.418  INFO  manager.ListenerWD - After find element ->>>>By.cssSelector: input[placeholder='Last Name']
20:12:22.012  INFO  manager.ListenerWD - Before find element ->>>>By.cssSelector: input[placeholder='Phone']
20:12:22.024  INFO  manager.ListenerWD - After find element ->>>>By.cssSelector: input[placeholder='Phone']
20:12:22.631  INFO  manager.ListenerWD - Before find element ->>>>By.cssSelector: input[placeholder='email']
20:12:22.644  INFO  manager.ListenerWD - After find element ->>>>By.cssSelector: input[placeholder='email']
20:12:23.259  INFO  manager.ListenerWD - Before find element ->>>>By.cssSelector: input[placeholder='Address']
20:12:23.276  INFO  manager.ListenerWD - After find element ->>>>By.cssSelector: input[placeholder='Address']
20:12:23.881  INFO  manager.ListenerWD - Before find element ->>>>By.cssSelector: input[placeholder='description']
20:12:23.897  INFO  manager.ListenerWD - After find element ->>>>By.cssSelector: input[placeholder='description']
20:12:24.502  INFO  manager.ListenerWD - Before find element ->>>>By.xpath: //b[text()='Save']
20:12:24.524  INFO  manager.ListenerWD - After find element ->>>>By.xpath: //b[text()='Save']
20:12:24.561  INFO  manager.ListenerWD - Before find elements ->>>>By.cssSelector: a.active[href='/add']
20:12:24.573  INFO  manager.ListenerWD - After find elements ->>>>By.cssSelector: a.active[href='/add']
20:12:24.574  INFO  manager.ListenerWD - List suze is ->>>>1
20:12:24.574  INFO  manager.ListenerTNG - onTestSuccess ->>>>>>addNewContactWrongAddress
20:12:24.575  INFO  tests.TestBase - The name of starts method is --->addNewContactWrongEmail
20:12:24.575  INFO  manager.ListenerWD - Before find elements ->>>>By.xpath: //button[text()='Sign Out']
20:12:24.586  INFO  manager.ListenerWD - After find elements ->>>>By.xpath: //button[text()='Sign Out']
20:12:24.586  INFO  manager.ListenerWD - List suze is ->>>>1
20:12:24.586  INFO  manager.ListenerTNG - onTestStart->>>>>addNewContactWrongEmail
20:12:24.587  INFO  manager.ListenerWD - Before find element ->>>>By.cssSelector: a[href='/add']
20:12:24.608  INFO  manager.ListenerWD - After find element ->>>>By.cssSelector: a[href='/add']
20:12:24.633  INFO  manager.ListenerWD - Before find element ->>>>By.cssSelector: input[placeholder='Name']
20:12:24.643  INFO  manager.ListenerWD - After find element ->>>>By.cssSelector: input[placeholder='Name']
20:12:25.226  INFO  manager.ListenerWD - Before find element ->>>>By.cssSelector: input[placeholder='Last Name']
20:12:25.236  INFO  manager.ListenerWD - After find element ->>>>By.cssSelector: input[placeholder='Last Name']
20:12:25.819  INFO  manager.ListenerWD - Before find element ->>>>By.cssSelector: input[placeholder='Phone']
20:12:25.828  INFO  manager.ListenerWD - After find element ->>>>By.cssSelector: input[placeholder='Phone']
20:12:26.444  INFO  manager.ListenerWD - Before find element ->>>>By.cssSelector: input[placeholder='email']
20:12:26.455  INFO  manager.ListenerWD - After find element ->>>>By.cssSelector: input[placeholder='email']
20:12:27.054  INFO  manager.ListenerWD - Before find element ->>>>By.cssSelector: input[placeholder='Address']
20:12:27.064  INFO  manager.ListenerWD - After find element ->>>>By.cssSelector: input[placeholder='Address']
20:12:27.663  INFO  manager.ListenerWD - Before find element ->>>>By.cssSelector: input[placeholder='description']
20:12:27.674  INFO  manager.ListenerWD - After find element ->>>>By.cssSelector: input[placeholder='description']
20:12:28.275  INFO  manager.ListenerWD - Before find element ->>>>By.xpath: //b[text()='Save']
20:12:28.285  INFO  manager.ListenerWD - After find element ->>>>By.xpath: //b[text()='Save']
20:12:28.304  INFO  manager.ListenerWD - Before find elements ->>>>By.cssSelector: a.active[href='/add']
20:12:28.314  INFO  manager.ListenerWD - After find elements ->>>>By.cssSelector: a.active[href='/add']
20:12:28.314  INFO  manager.ListenerWD - List suze is ->>>>1
20:12:28.329  INFO  manager.ListenerWD - The have a 'problem'
20:12:28.329  INFO  manager.ListenerWD - ++++++++++++++++++++++++++++++++++++
20:12:28.329  INFO  manager.ListenerWD - Method method ->>>>alert
20:12:28.329  INFO  manager.ListenerWD - ++++++++++++++++++++++++++
20:12:28.330  INFO  manager.ListenerWD - InvocationTargetException getTargetException() org.openqa.selenium.NoAlertPresentException: no such alert
  (Session info: chrome=109.0.5414.120)
Build info: version: '4.7.1', revision: 'c6795baf1a3'
System info: os.name: 'Windows 10', os.arch: 'amd64', os.version: '10.0', java.version: '11.0.17'
Driver info: org.openqa.selenium.chrome.ChromeDriver
Command: [6225c8f9ddcb13883a617078d99bbe2e, getAlertText {}]
Capabilities {acceptInsecureCerts: false, browserName: chrome, browserVersion: 109.0.5414.120, chrome: {chromedriverVersion: 109.0.5414.74 (e7c5703604da..., userDataDir: C:\Users\97252\AppData\Loca...}, goog:chromeOptions: {debuggerAddress: localhost:60704}, networkConnectionEnabled: false, pageLoadStrategy: normal, platformName: WINDOWS, proxy: Proxy(), se:cdp: ws://localhost:60704/devtoo..., se:cdpVersion: 109.0.5414.120, setWindowRect: true, strictFileInteractability: false, timeouts: {implicit: 0, pageLoad: 300000, script: 30000}, unhandledPromptBehavior: dismiss and notify, webauthn:extension:credBlob: true, webauthn:extension:largeBlob: true, webauthn:virtualAuthenticators: true}
Session ID: 6225c8f9ddcb13883a617078d99bbe2e
20:12:28.330  INFO  manager.ListenerWD - ++++++++++++++++++++++++++
20:12:28.331  INFO  manager.ListenerWD - Object target ->>>>>>org.openqa.selenium.remote.RemoteWebDriver$RemoteTargetLocator@667a467f
20:12:28.331  INFO  manager.ListenerWD - ++++++++++++++++++++++++++
20:12:29.395  INFO  manager.ListenerTNG - onTestSuccess ->>>>>>addNewContactWrongEmail
20:12:29.397  INFO  tests.TestBase - The name of starts method is --->addNewContactWrongLastName
20:12:29.397  INFO  manager.ListenerWD - Before find elements ->>>>By.xpath: //button[text()='Sign Out']
20:12:29.457  INFO  manager.ListenerWD - After find elements ->>>>By.xpath: //button[text()='Sign Out']
20:12:29.457  INFO  manager.ListenerWD - List suze is ->>>>1
20:12:29.458  INFO  manager.ListenerTNG - onTestStart->>>>>addNewContactWrongLastName
20:12:29.458  INFO  manager.ListenerWD - Before find element ->>>>By.cssSelector: a[href='/add']
20:12:29.471  INFO  manager.ListenerWD - After find element ->>>>By.cssSelector: a[href='/add']
20:12:29.508  INFO  manager.ListenerWD - Before find element ->>>>By.cssSelector: input[placeholder='Name']
20:12:29.523  INFO  manager.ListenerWD - After find element ->>>>By.cssSelector: input[placeholder='Name']
20:12:30.136  INFO  manager.ListenerWD - Before find element ->>>>By.cssSelector: input[placeholder='Last Name']
20:12:30.147  INFO  manager.ListenerWD - After find element ->>>>By.cssSelector: input[placeholder='Last Name']
20:12:30.739  INFO  manager.ListenerWD - Before find element ->>>>By.cssSelector: input[placeholder='Phone']
20:12:30.749  INFO  manager.ListenerWD - After find element ->>>>By.cssSelector: input[placeholder='Phone']
20:12:31.343  INFO  manager.ListenerWD - Before find element ->>>>By.cssSelector: input[placeholder='email']
20:12:31.353  INFO  manager.ListenerWD - After find element ->>>>By.cssSelector: input[placeholder='email']
20:12:31.964  INFO  manager.ListenerWD - Before find element ->>>>By.cssSelector: input[placeholder='Address']
20:12:31.973  INFO  manager.ListenerWD - After find element ->>>>By.cssSelector: input[placeholder='Address']
20:12:32.567  INFO  manager.ListenerWD - Before find element ->>>>By.cssSelector: input[placeholder='description']
20:12:32.577  INFO  manager.ListenerWD - After find element ->>>>By.cssSelector: input[placeholder='description']
20:12:33.186  INFO  manager.ListenerWD - Before find element ->>>>By.xpath: //b[text()='Save']
20:12:33.197  INFO  manager.ListenerWD - After find element ->>>>By.xpath: //b[text()='Save']
20:12:33.216  INFO  manager.ListenerWD - Before find elements ->>>>By.cssSelector: a.active[href='/add']
20:12:33.226  INFO  manager.ListenerWD - After find elements ->>>>By.cssSelector: a.active[href='/add']
20:12:33.227  INFO  manager.ListenerWD - List suze is ->>>>1
20:12:33.227  INFO  manager.ListenerTNG - onTestSuccess ->>>>>>addNewContactWrongLastName
20:12:33.227  INFO  tests.TestBase - The name of starts method is --->addNewContactWrongName
20:12:33.228  INFO  manager.ListenerWD - Before find elements ->>>>By.xpath: //button[text()='Sign Out']
20:12:33.240  INFO  manager.ListenerWD - After find elements ->>>>By.xpath: //button[text()='Sign Out']
20:12:33.240  INFO  manager.ListenerWD - List suze is ->>>>1
20:12:33.240  INFO  manager.ListenerTNG - onTestStart->>>>>addNewContactWrongName
20:12:33.241  INFO  manager.ListenerWD - Before find element ->>>>By.cssSelector: a[href='/add']
20:12:33.250  INFO  manager.ListenerWD - After find element ->>>>By.cssSelector: a[href='/add']
20:12:33.270  INFO  manager.ListenerWD - Before find element ->>>>By.cssSelector: input[placeholder='Name']
20:12:33.280  INFO  manager.ListenerWD - After find element ->>>>By.cssSelector: input[placeholder='Name']
20:12:33.853  INFO  manager.ListenerWD - Before find element ->>>>By.cssSelector: input[placeholder='Last Name']
20:12:33.861  INFO  manager.ListenerWD - After find element ->>>>By.cssSelector: input[placeholder='Last Name']
20:12:34.457  INFO  manager.ListenerWD - Before find element ->>>>By.cssSelector: input[placeholder='Phone']
20:12:34.469  INFO  manager.ListenerWD - After find element ->>>>By.cssSelector: input[placeholder='Phone']
20:12:35.070  INFO  manager.ListenerWD - Before find element ->>>>By.cssSelector: input[placeholder='email']
20:12:35.083  INFO  manager.ListenerWD - After find element ->>>>By.cssSelector: input[placeholder='email']
20:12:35.695  INFO  manager.ListenerWD - Before find element ->>>>By.cssSelector: input[placeholder='Address']
20:12:35.707  INFO  manager.ListenerWD - After find element ->>>>By.cssSelector: input[placeholder='Address']
20:12:36.305  INFO  manager.ListenerWD - Before find element ->>>>By.cssSelector: input[placeholder='description']
20:12:36.315  INFO  manager.ListenerWD - After find element ->>>>By.cssSelector: input[placeholder='description']
20:12:36.900  INFO  manager.ListenerWD - Before find element ->>>>By.xpath: //b[text()='Save']
20:12:36.910  INFO  manager.ListenerWD - After find element ->>>>By.xpath: //b[text()='Save']
20:12:36.929  INFO  manager.ListenerWD - Before find elements ->>>>By.cssSelector: a.active[href='/add']
20:12:36.940  INFO  manager.ListenerWD - After find elements ->>>>By.cssSelector: a.active[href='/add']
20:12:36.940  INFO  manager.ListenerWD - List suze is ->>>>1
20:12:36.940  INFO  manager.ListenerTNG - onTestSuccess ->>>>>>addNewContactWrongName
20:12:36.940  INFO  tests.TestBase - The name of starts method is --->addNewContactWrongPhone
20:12:36.941  INFO  manager.ListenerWD - Before find elements ->>>>By.xpath: //button[text()='Sign Out']
20:12:36.952  INFO  manager.ListenerWD - After find elements ->>>>By.xpath: //button[text()='Sign Out']
20:12:36.952  INFO  manager.ListenerWD - List suze is ->>>>1
20:12:36.953  INFO  manager.ListenerTNG - onTestStart->>>>>addNewContactWrongPhone
20:12:36.953  INFO  manager.ListenerWD - Before find element ->>>>By.cssSelector: a[href='/add']
20:12:36.965  INFO  manager.ListenerWD - After find element ->>>>By.cssSelector: a[href='/add']
20:12:36.986  INFO  manager.ListenerWD - Before find element ->>>>By.cssSelector: input[placeholder='Name']
20:12:36.999  INFO  manager.ListenerWD - After find element ->>>>By.cssSelector: input[placeholder='Name']
20:12:37.575  INFO  manager.ListenerWD - Before find element ->>>>By.cssSelector: input[placeholder='Last Name']
20:12:37.586  INFO  manager.ListenerWD - After find element ->>>>By.cssSelector: input[placeholder='Last Name']
20:12:38.173  INFO  manager.ListenerWD - Before find element ->>>>By.cssSelector: input[placeholder='Phone']
20:12:38.183  INFO  manager.ListenerWD - After find element ->>>>By.cssSelector: input[placeholder='Phone']
20:12:38.757  INFO  manager.ListenerWD - Before find element ->>>>By.cssSelector: input[placeholder='email']
20:12:38.767  INFO  manager.ListenerWD - After find element ->>>>By.cssSelector: input[placeholder='email']
20:12:39.365  INFO  manager.ListenerWD - Before find element ->>>>By.cssSelector: input[placeholder='Address']
20:12:39.374  INFO  manager.ListenerWD - After find element ->>>>By.cssSelector: input[placeholder='Address']
20:12:39.951  INFO  manager.ListenerWD - Before find element ->>>>By.cssSelector: input[placeholder='description']
20:12:39.961  INFO  manager.ListenerWD - After find element ->>>>By.cssSelector: input[placeholder='description']
20:12:40.562  INFO  manager.ListenerWD - Before find element ->>>>By.xpath: //b[text()='Save']
20:12:40.576  INFO  manager.ListenerWD - After find element ->>>>By.xpath: //b[text()='Save']
20:12:40.600  INFO  manager.ListenerWD - Before find elements ->>>>By.cssSelector: a.active[href='/add']
20:12:40.614  INFO  manager.ListenerWD - After find elements ->>>>By.cssSelector: a.active[href='/add']
20:12:40.614  INFO  manager.ListenerWD - List suze is ->>>>1
20:12:40.621  INFO  manager.ListenerWD - The have a 'problem'
20:12:40.621  INFO  manager.ListenerWD - ++++++++++++++++++++++++++++++++++++
20:12:40.621  INFO  manager.ListenerWD - Method method ->>>>alert
20:12:40.621  INFO  manager.ListenerWD - ++++++++++++++++++++++++++
20:12:40.621  INFO  manager.ListenerWD - InvocationTargetException getTargetException() org.openqa.selenium.NoAlertPresentException: no such alert
  (Session info: chrome=109.0.5414.120)
Build info: version: '4.7.1', revision: 'c6795baf1a3'
System info: os.name: 'Windows 10', os.arch: 'amd64', os.version: '10.0', java.version: '11.0.17'
Driver info: org.openqa.selenium.chrome.ChromeDriver
Command: [6225c8f9ddcb13883a617078d99bbe2e, getAlertText {}]
Capabilities {acceptInsecureCerts: false, browserName: chrome, browserVersion: 109.0.5414.120, chrome: {chromedriverVersion: 109.0.5414.74 (e7c5703604da..., userDataDir: C:\Users\97252\AppData\Loca...}, goog:chromeOptions: {debuggerAddress: localhost:60704}, networkConnectionEnabled: false, pageLoadStrategy: normal, platformName: WINDOWS, proxy: Proxy(), se:cdp: ws://localhost:60704/devtoo..., se:cdpVersion: 109.0.5414.120, setWindowRect: true, strictFileInteractability: false, timeouts: {implicit: 0, pageLoad: 300000, script: 30000}, unhandledPromptBehavior: dismiss and notify, webauthn:extension:credBlob: true, webauthn:extension:largeBlob: true, webauthn:virtualAuthenticators: true}
Session ID: 6225c8f9ddcb13883a617078d99bbe2e
20:12:40.621  INFO  manager.ListenerWD - ++++++++++++++++++++++++++
20:12:40.621  INFO  manager.ListenerWD - Object target ->>>>>>org.openqa.selenium.remote.RemoteWebDriver$RemoteTargetLocator@1d2d4d7a
20:12:40.621  INFO  manager.ListenerWD - ++++++++++++++++++++++++++
20:12:41.645  INFO  manager.ListenerTNG - onTestSuccess ->>>>>>addNewContactWrongPhone
20:12:41.653  INFO  tests.TestBase - The name of starts method is --->loginSuccess
20:12:41.654  INFO  manager.ListenerWD - Before find elements ->>>>By.xpath: //button[text()='Sign Out']
20:12:41.670  INFO  manager.ListenerWD - After find elements ->>>>By.xpath: //button[text()='Sign Out']
20:12:41.670  INFO  manager.ListenerWD - List suze is ->>>>1
20:12:41.670  INFO  manager.ListenerWD - Before find element ->>>>By.xpath: //button[text()='Sign Out']
20:12:41.688  INFO  manager.ListenerWD - After find element ->>>>By.xpath: //button[text()='Sign Out']
20:12:41.738  INFO  tests.TestBase -  I need logout
20:12:41.739  INFO  manager.ListenerTNG - onTestStart->>>>>loginSuccess
20:12:41.747  INFO  tests.TestBase - Login with valid data :  email: reshef1986@gmail.com & password: Rr6146858!
20:12:41.748  INFO  manager.ListenerWD - Before find element ->>>>By.cssSelector: a[href='/login']
20:12:41.768  INFO  manager.ListenerWD - After find element ->>>>By.cssSelector: a[href='/login']
20:12:41.822  INFO  manager.ListenerWD - Before find element ->>>>By.name: email
20:12:41.843  INFO  manager.ListenerWD - After find element ->>>>By.name: email
20:12:42.502  INFO  manager.ListenerWD - Before find element ->>>>By.name: password
20:12:42.520  INFO  manager.ListenerWD - After find element ->>>>By.name: password
20:12:43.159  INFO  manager.ListenerWD - Before find element ->>>>By.cssSelector: [name='login']
20:12:43.181  INFO  manager.ListenerWD - After find element ->>>>By.cssSelector: [name='login']
20:12:43.222  INFO  manager.ListenerWD - Before find elements ->>>>By.xpath: //button[text()='Sign Out']
20:12:43.490  INFO  manager.ListenerWD - After find elements ->>>>By.xpath: //button[text()='Sign Out']
20:12:43.490  INFO  manager.ListenerWD - List suze is ->>>>1
20:12:43.490  INFO  tests.TestBase - Tests success
20:12:43.490  INFO  manager.ListenerTNG - onTestSuccess ->>>>>>loginSuccess
20:12:43.491  INFO  tests.TestBase - The name of starts method is --->loginSuccess
20:12:43.492  INFO  manager.ListenerWD - Before find elements ->>>>By.xpath: //button[text()='Sign Out']
20:12:43.504  INFO  manager.ListenerWD - After find elements ->>>>By.xpath: //button[text()='Sign Out']
20:12:43.504  INFO  manager.ListenerWD - List suze is ->>>>1
20:12:43.504  INFO  manager.ListenerWD - Before find element ->>>>By.xpath: //button[text()='Sign Out']
20:12:43.519  INFO  manager.ListenerWD - After find element ->>>>By.xpath: //button[text()='Sign Out']
20:12:43.566  INFO  tests.TestBase -  I need logout
20:12:43.567  INFO  manager.ListenerTNG - onTestStart->>>>>loginSuccess
20:12:43.567  INFO  tests.TestBase - Login with valid data :  email: reshef1986@gmail.com & password: Rr6146858!
20:12:43.567  INFO  manager.ListenerWD - Before find element ->>>>By.cssSelector: a[href='/login']
20:12:43.582  INFO  manager.ListenerWD - After find element ->>>>By.cssSelector: a[href='/login']
20:12:43.629  INFO  manager.ListenerWD - Before find element ->>>>By.name: email
20:12:43.642  INFO  manager.ListenerWD - After find element ->>>>By.name: email
20:12:44.312  INFO  manager.ListenerWD - Before find element ->>>>By.name: password
20:12:44.327  INFO  manager.ListenerWD - After find element ->>>>By.name: password
20:12:44.982  INFO  manager.ListenerWD - Before find element ->>>>By.cssSelector: [name='login']
20:12:44.996  INFO  manager.ListenerWD - After find element ->>>>By.cssSelector: [name='login']
20:12:45.039  INFO  manager.ListenerWD - Before find elements ->>>>By.xpath: //button[text()='Sign Out']
20:12:45.309  INFO  manager.ListenerWD - After find elements ->>>>By.xpath: //button[text()='Sign Out']
20:12:45.310  INFO  manager.ListenerWD - List suze is ->>>>1
20:12:45.310  INFO  tests.TestBase - Tests success
20:12:45.310  INFO  manager.ListenerTNG - onTestSuccess ->>>>>>loginSuccess
20:12:45.311  INFO  tests.TestBase - The name of starts method is --->loginSuccess
20:12:45.311  INFO  manager.ListenerWD - Before find elements ->>>>By.xpath: //button[text()='Sign Out']
20:12:45.325  INFO  manager.ListenerWD - After find elements ->>>>By.xpath: //button[text()='Sign Out']
20:12:45.325  INFO  manager.ListenerWD - List suze is ->>>>1
20:12:45.326  INFO  manager.ListenerWD - Before find element ->>>>By.xpath: //button[text()='Sign Out']
20:12:45.339  INFO  manager.ListenerWD - After find element ->>>>By.xpath: //button[text()='Sign Out']
20:12:45.389  INFO  tests.TestBase -  I need logout
20:12:45.389  INFO  manager.ListenerTNG - onTestStart->>>>>loginSuccess
20:12:45.389  INFO  tests.TestBase - Login with valid data :  email: reshef1986@gmail.com & password: Rr6146858!
20:12:45.390  INFO  manager.ListenerWD - Before find element ->>>>By.cssSelector: a[href='/login']
20:12:45.403  INFO  manager.ListenerWD - After find element ->>>>By.cssSelector: a[href='/login']
20:12:45.445  INFO  manager.ListenerWD - Before find element ->>>>By.name: email
20:12:45.459  INFO  manager.ListenerWD - After find element ->>>>By.name: email
20:12:46.130  INFO  manager.ListenerWD - Before find element ->>>>By.name: password
20:12:46.143  INFO  manager.ListenerWD - After find element ->>>>By.name: password
20:12:46.803  INFO  manager.ListenerWD - Before find element ->>>>By.cssSelector: [name='login']
20:12:46.818  INFO  manager.ListenerWD - After find element ->>>>By.cssSelector: [name='login']
20:12:46.862  INFO  manager.ListenerWD - Before find elements ->>>>By.xpath: //button[text()='Sign Out']
20:12:47.254  INFO  manager.ListenerWD - After find elements ->>>>By.xpath: //button[text()='Sign Out']
20:12:47.254  INFO  manager.ListenerWD - List suze is ->>>>1
20:12:47.254  INFO  tests.TestBase - Tests success
20:12:47.255  INFO  manager.ListenerTNG - onTestSuccess ->>>>>>loginSuccess
20:12:47.256  INFO  tests.TestBase - The name of starts method is --->loginSuccess2
20:12:47.257  INFO  manager.ListenerWD - Before find elements ->>>>By.xpath: //button[text()='Sign Out']
20:12:47.271  INFO  manager.ListenerWD - After find elements ->>>>By.xpath: //button[text()='Sign Out']
20:12:47.271  INFO  manager.ListenerWD - List suze is ->>>>1
20:12:47.271  INFO  manager.ListenerWD - Before find element ->>>>By.xpath: //button[text()='Sign Out']
20:12:47.285  INFO  manager.ListenerWD - After find element ->>>>By.xpath: //button[text()='Sign Out']
20:12:47.334  INFO  tests.TestBase -  I need logout
20:12:47.334  INFO  manager.ListenerTNG - onTestStart->>>>>loginSuccess2
20:12:47.335  INFO  tests.TestBase - Login with valid data :  email: reshef1986@gmail.com & password: Rr6146858!
20:12:47.335  INFO  manager.ListenerWD - Before find element ->>>>By.cssSelector: a[href='/login']
20:12:47.350  INFO  manager.ListenerWD - After find element ->>>>By.cssSelector: a[href='/login']
20:12:47.395  INFO  manager.ListenerWD - Before find element ->>>>By.name: email
20:12:47.409  INFO  manager.ListenerWD - After find element ->>>>By.name: email
20:12:48.077  INFO  manager.ListenerWD - Before find element ->>>>By.name: password
20:12:48.092  INFO  manager.ListenerWD - After find element ->>>>By.name: password
20:12:48.745  INFO  manager.ListenerWD - Before find element ->>>>By.cssSelector: [name='login']
20:12:48.757  INFO  manager.ListenerWD - After find element ->>>>By.cssSelector: [name='login']
20:12:48.796  INFO  manager.ListenerWD - Before find elements ->>>>By.xpath: //button[text()='Sign Out']
20:12:49.122  INFO  manager.ListenerWD - After find elements ->>>>By.xpath: //button[text()='Sign Out']
20:12:49.122  INFO  manager.ListenerWD - List suze is ->>>>1
20:12:49.122  INFO  tests.TestBase - Tests success
20:12:49.122  INFO  manager.ListenerTNG - onTestSuccess ->>>>>>loginSuccess2
20:12:49.123  INFO  tests.TestBase - The name of starts method is --->loginSuccess2
20:12:49.123  INFO  manager.ListenerWD - Before find elements ->>>>By.xpath: //button[text()='Sign Out']
20:12:49.138  INFO  manager.ListenerWD - After find elements ->>>>By.xpath: //button[text()='Sign Out']
20:12:49.138  INFO  manager.ListenerWD - List suze is ->>>>1
20:12:49.138  INFO  manager.ListenerWD - Before find element ->>>>By.xpath: //button[text()='Sign Out']
20:12:49.153  INFO  manager.ListenerWD - After find element ->>>>By.xpath: //button[text()='Sign Out']
20:12:49.206  INFO  tests.TestBase -  I need logout
20:12:49.206  INFO  manager.ListenerTNG - onTestStart->>>>>loginSuccess2
20:12:49.207  INFO  tests.TestBase - Login with valid data :  email: reshef1986@gmail.com & password: Rr6146858!
20:12:49.207  INFO  manager.ListenerWD - Before find element ->>>>By.cssSelector: a[href='/login']
20:12:49.221  INFO  manager.ListenerWD - After find element ->>>>By.cssSelector: a[href='/login']
20:12:49.265  INFO  manager.ListenerWD - Before find element ->>>>By.name: email
20:12:49.282  INFO  manager.ListenerWD - After find element ->>>>By.name: email
20:12:49.957  INFO  manager.ListenerWD - Before find element ->>>>By.name: password
20:12:49.971  INFO  manager.ListenerWD - After find element ->>>>By.name: password
20:12:50.629  INFO  manager.ListenerWD - Before find element ->>>>By.cssSelector: [name='login']
20:12:50.645  INFO  manager.ListenerWD - After find element ->>>>By.cssSelector: [name='login']
20:12:50.688  INFO  manager.ListenerWD - Before find elements ->>>>By.xpath: //button[text()='Sign Out']
20:12:51.079  INFO  manager.ListenerWD - After find elements ->>>>By.xpath: //button[text()='Sign Out']
20:12:51.079  INFO  manager.ListenerWD - List suze is ->>>>1
20:12:51.079  INFO  tests.TestBase - Tests success
20:12:51.079  INFO  manager.ListenerTNG - onTestSuccess ->>>>>>loginSuccess2
20:12:51.080  INFO  tests.TestBase - The name of starts method is --->loginSuccess2
20:12:51.081  INFO  manager.ListenerWD - Before find elements ->>>>By.xpath: //button[text()='Sign Out']
20:12:51.094  INFO  manager.ListenerWD - After find elements ->>>>By.xpath: //button[text()='Sign Out']
20:12:51.094  INFO  manager.ListenerWD - List suze is ->>>>1
20:12:51.094  INFO  manager.ListenerWD - Before find element ->>>>By.xpath: //button[text()='Sign Out']
20:12:51.106  INFO  manager.ListenerWD - After find element ->>>>By.xpath: //button[text()='Sign Out']
20:12:51.151  INFO  tests.TestBase -  I need logout
20:12:51.151  INFO  manager.ListenerTNG - onTestStart->>>>>loginSuccess2
20:12:51.152  INFO  tests.TestBase - Login with valid data :  email: reshef1986@gmail.com & password: Rr6146858!
20:12:51.152  INFO  manager.ListenerWD - Before find element ->>>>By.cssSelector: a[href='/login']
20:12:51.168  INFO  manager.ListenerWD - After find element ->>>>By.cssSelector: a[href='/login']
20:12:51.210  INFO  manager.ListenerWD - Before find element ->>>>By.name: email
20:12:51.225  INFO  manager.ListenerWD - After find element ->>>>By.name: email
20:12:51.890  INFO  manager.ListenerWD - Before find element ->>>>By.name: password
20:12:51.903  INFO  manager.ListenerWD - After find element ->>>>By.name: password
20:12:52.553  INFO  manager.ListenerWD - Before find element ->>>>By.cssSelector: [name='login']
20:12:52.566  INFO  manager.ListenerWD - After find element ->>>>By.cssSelector: [name='login']
20:12:52.605  INFO  manager.ListenerWD - Before find elements ->>>>By.xpath: //button[text()='Sign Out']
20:12:52.926  INFO  manager.ListenerWD - After find elements ->>>>By.xpath: //button[text()='Sign Out']
20:12:52.926  INFO  manager.ListenerWD - List suze is ->>>>1
20:12:52.926  INFO  tests.TestBase - Tests success
20:12:52.926  INFO  manager.ListenerTNG - onTestSuccess ->>>>>>loginSuccess2
20:12:52.927  INFO  tests.TestBase - The name of starts method is --->loginSuccessModel
20:12:52.928  INFO  manager.ListenerWD - Before find elements ->>>>By.xpath: //button[text()='Sign Out']
20:12:52.942  INFO  manager.ListenerWD - After find elements ->>>>By.xpath: //button[text()='Sign Out']
20:12:52.942  INFO  manager.ListenerWD - List suze is ->>>>1
20:12:52.943  INFO  manager.ListenerWD - Before find element ->>>>By.xpath: //button[text()='Sign Out']
20:12:52.956  INFO  manager.ListenerWD - After find element ->>>>By.xpath: //button[text()='Sign Out']
20:12:53.002  INFO  tests.TestBase -  I need logout
20:12:53.002  INFO  manager.ListenerTNG - onTestStart->>>>>loginSuccessModel
20:12:53.011  INFO  tests.TestBase - Test start  wheth user model ---->User(email=reshef1986@gmail.com, password=Rr6146858!)
20:12:53.011  INFO  manager.ListenerWD - Before find element ->>>>By.cssSelector: a[href='/login']
20:12:53.025  INFO  manager.ListenerWD - After find element ->>>>By.cssSelector: a[href='/login']
20:12:53.069  INFO  manager.ListenerWD - Before find element ->>>>By.name: email
20:12:53.083  INFO  manager.ListenerWD - After find element ->>>>By.name: email
20:12:53.745  INFO  manager.ListenerWD - Before find element ->>>>By.name: password
20:12:53.759  INFO  manager.ListenerWD - After find element ->>>>By.name: password
20:12:54.415  INFO  manager.ListenerWD - Before find element ->>>>By.cssSelector: [name='login']
20:12:54.430  INFO  manager.ListenerWD - After find element ->>>>By.cssSelector: [name='login']
20:12:54.475  INFO  manager.ListenerWD - Before find elements ->>>>By.xpath: //button[text()='Sign Out']
20:12:54.744  INFO  manager.ListenerWD - After find elements ->>>>By.xpath: //button[text()='Sign Out']
20:12:54.744  INFO  manager.ListenerWD - List suze is ->>>>1
20:12:54.744  INFO  manager.ListenerTNG - onTestSuccess ->>>>>>loginSuccessModel
20:12:54.745  INFO  tests.TestBase - The name of starts method is --->loginSuccessModel
20:12:54.745  INFO  manager.ListenerWD - Before find elements ->>>>By.xpath: //button[text()='Sign Out']
20:12:54.758  INFO  manager.ListenerWD - After find elements ->>>>By.xpath: //button[text()='Sign Out']
20:12:54.758  INFO  manager.ListenerWD - List suze is ->>>>1
20:12:54.758  INFO  manager.ListenerWD - Before find element ->>>>By.xpath: //button[text()='Sign Out']
20:12:54.770  INFO  manager.ListenerWD - After find element ->>>>By.xpath: //button[text()='Sign Out']
20:12:54.820  INFO  tests.TestBase -  I need logout
20:12:54.821  INFO  manager.ListenerTNG - onTestStart->>>>>loginSuccessModel
20:12:54.821  INFO  tests.TestBase - Test start  wheth user model ---->User(email=reshef1986@gmail.com, password=Rr6146858!)
20:12:54.821  INFO  manager.ListenerWD - Before find element ->>>>By.cssSelector: a[href='/login']
20:12:54.838  INFO  manager.ListenerWD - After find element ->>>>By.cssSelector: a[href='/login']
20:12:54.885  INFO  manager.ListenerWD - Before find element ->>>>By.name: email
20:12:54.899  INFO  manager.ListenerWD - After find element ->>>>By.name: email
20:12:55.563  INFO  manager.ListenerWD - Before find element ->>>>By.name: password
20:12:55.577  INFO  manager.ListenerWD - After find element ->>>>By.name: password
20:12:56.230  INFO  manager.ListenerWD - Before find element ->>>>By.cssSelector: [name='login']
20:12:56.242  INFO  manager.ListenerWD - After find element ->>>>By.cssSelector: [name='login']
20:12:56.284  INFO  manager.ListenerWD - Before find elements ->>>>By.xpath: //button[text()='Sign Out']
20:12:56.606  INFO  manager.ListenerWD - After find elements ->>>>By.xpath: //button[text()='Sign Out']
20:12:56.606  INFO  manager.ListenerWD - List suze is ->>>>1
20:12:56.607  INFO  manager.ListenerTNG - onTestSuccess ->>>>>>loginSuccessModel
20:12:56.608  INFO  tests.TestBase - The name of starts method is --->loginSuccessModel
20:12:56.609  INFO  manager.ListenerWD - Before find elements ->>>>By.xpath: //button[text()='Sign Out']
20:12:56.621  INFO  manager.ListenerWD - After find elements ->>>>By.xpath: //button[text()='Sign Out']
20:12:56.621  INFO  manager.ListenerWD - List suze is ->>>>1
20:12:56.621  INFO  manager.ListenerWD - Before find element ->>>>By.xpath: //button[text()='Sign Out']
20:12:56.633  INFO  manager.ListenerWD - After find element ->>>>By.xpath: //button[text()='Sign Out']
20:12:56.677  INFO  tests.TestBase -  I need logout
20:12:56.678  INFO  manager.ListenerTNG - onTestStart->>>>>loginSuccessModel
20:12:56.679  INFO  tests.TestBase - Test start  wheth user model ---->User(email=reshef1986@gmail.com, password=Rr6146858!)
20:12:56.679  INFO  manager.ListenerWD - Before find element ->>>>By.cssSelector: a[href='/login']
20:12:56.701  INFO  manager.ListenerWD - After find element ->>>>By.cssSelector: a[href='/login']
20:12:56.737  INFO  manager.ListenerWD - Before find element ->>>>By.name: email
20:12:56.749  INFO  manager.ListenerWD - After find element ->>>>By.name: email
20:12:57.391  INFO  manager.ListenerWD - Before find element ->>>>By.name: password
20:12:57.403  INFO  manager.ListenerWD - After find element ->>>>By.name: password
20:12:58.035  INFO  manager.ListenerWD - Before find element ->>>>By.cssSelector: [name='login']
20:12:58.046  INFO  manager.ListenerWD - After find element ->>>>By.cssSelector: [name='login']
20:12:58.081  INFO  manager.ListenerWD - Before find elements ->>>>By.xpath: //button[text()='Sign Out']
20:12:58.400  INFO  manager.ListenerWD - After find elements ->>>>By.xpath: //button[text()='Sign Out']
20:12:58.400  INFO  manager.ListenerWD - List suze is ->>>>1
20:12:58.401  INFO  manager.ListenerTNG - onTestSuccess ->>>>>>loginSuccessModel
20:12:58.402  INFO  tests.TestBase - The name of starts method is --->loginSuccessModelFromFile
20:12:58.402  INFO  manager.ListenerWD - Before find elements ->>>>By.xpath: //button[text()='Sign Out']
20:12:58.413  INFO  manager.ListenerWD - After find elements ->>>>By.xpath: //button[text()='Sign Out']
20:12:58.413  INFO  manager.ListenerWD - List suze is ->>>>1
20:12:58.413  INFO  manager.ListenerWD - Before find element ->>>>By.xpath: //button[text()='Sign Out']
20:12:58.425  INFO  manager.ListenerWD - After find element ->>>>By.xpath: //button[text()='Sign Out']
20:12:58.463  INFO  tests.TestBase -  I need logout
20:12:58.464  INFO  manager.ListenerTNG - onTestStart->>>>>loginSuccessModelFromFile
20:12:58.465  INFO  tests.TestBase - Test start  wheth user model ---->User(email=reshef1986@gmail.com, password=Rr6146858!)
20:12:58.465  INFO  manager.ListenerWD - Before find element ->>>>By.cssSelector: a[href='/login']
20:12:58.477  INFO  manager.ListenerWD - After find element ->>>>By.cssSelector: a[href='/login']
20:12:58.509  INFO  manager.ListenerWD - Before find element ->>>>By.name: email
20:12:58.519  INFO  manager.ListenerWD - After find element ->>>>By.name: email
20:12:59.155  INFO  manager.ListenerWD - Before find element ->>>>By.name: password
20:12:59.167  INFO  manager.ListenerWD - After find element ->>>>By.name: password
20:12:59.791  INFO  manager.ListenerWD - Before find element ->>>>By.cssSelector: [name='login']
20:12:59.803  INFO  manager.ListenerWD - After find element ->>>>By.cssSelector: [name='login']
20:12:59.842  INFO  manager.ListenerWD - Before find elements ->>>>By.xpath: //button[text()='Sign Out']
20:13:00.160  INFO  manager.ListenerWD - After find elements ->>>>By.xpath: //button[text()='Sign Out']
20:13:00.160  INFO  manager.ListenerWD - List suze is ->>>>1
20:13:00.160  INFO  manager.ListenerTNG - onTestSuccess ->>>>>>loginSuccessModelFromFile
20:13:00.161  INFO  tests.TestBase - The name of starts method is --->loginSuccessModelFromFile
20:13:00.161  INFO  manager.ListenerWD - Before find elements ->>>>By.xpath: //button[text()='Sign Out']
20:13:00.171  INFO  manager.ListenerWD - After find elements ->>>>By.xpath: //button[text()='Sign Out']
20:13:00.171  INFO  manager.ListenerWD - List suze is ->>>>1
20:13:00.171  INFO  manager.ListenerWD - Before find element ->>>>By.xpath: //button[text()='Sign Out']
20:13:00.181  INFO  manager.ListenerWD - After find element ->>>>By.xpath: //button[text()='Sign Out']
20:13:00.223  INFO  tests.TestBase -  I need logout
20:13:00.224  INFO  manager.ListenerTNG - onTestStart->>>>>loginSuccessModelFromFile
20:13:00.224  INFO  tests.TestBase - Test start  wheth user model ---->User(email=reshef1986@gmail.com, password=Rr6146858!)
20:13:00.224  INFO  manager.ListenerWD - Before find element ->>>>By.cssSelector: a[href='/login']
20:13:00.236  INFO  manager.ListenerWD - After find element ->>>>By.cssSelector: a[href='/login']
20:13:00.281  INFO  manager.ListenerWD - Before find element ->>>>By.name: email
20:13:00.293  INFO  manager.ListenerWD - After find element ->>>>By.name: email
20:13:00.946  INFO  manager.ListenerWD - Before find element ->>>>By.name: password
20:13:00.959  INFO  manager.ListenerWD - After find element ->>>>By.name: password
20:13:01.587  INFO  manager.ListenerWD - Before find element ->>>>By.cssSelector: [name='login']
20:13:01.601  INFO  manager.ListenerWD - After find element ->>>>By.cssSelector: [name='login']
20:13:01.646  INFO  manager.ListenerWD - Before find elements ->>>>By.xpath: //button[text()='Sign Out']
20:13:01.957  INFO  manager.ListenerWD - After find elements ->>>>By.xpath: //button[text()='Sign Out']
20:13:01.957  INFO  manager.ListenerWD - List suze is ->>>>1
20:13:01.957  INFO  manager.ListenerTNG - onTestSuccess ->>>>>>loginSuccessModelFromFile
20:13:01.958  INFO  tests.TestBase - The name of starts method is --->loginSuccessModelFromFile
20:13:01.958  INFO  manager.ListenerWD - Before find elements ->>>>By.xpath: //button[text()='Sign Out']
20:13:01.971  INFO  manager.ListenerWD - After find elements ->>>>By.xpath: //button[text()='Sign Out']
20:13:01.971  INFO  manager.ListenerWD - List suze is ->>>>1
20:13:01.971  INFO  manager.ListenerWD - Before find element ->>>>By.xpath: //button[text()='Sign Out']
20:13:01.984  INFO  manager.ListenerWD - After find element ->>>>By.xpath: //button[text()='Sign Out']
20:13:02.032  INFO  tests.TestBase -  I need logout
20:13:02.032  INFO  manager.ListenerTNG - onTestStart->>>>>loginSuccessModelFromFile
20:13:02.032  INFO  tests.TestBase - Test start  wheth user model ---->User(email=reshef1986@gmail.com, password=Rr6146858!)
20:13:02.032  INFO  manager.ListenerWD - Before find element ->>>>By.cssSelector: a[href='/login']
20:13:02.045  INFO  manager.ListenerWD - After find element ->>>>By.cssSelector: a[href='/login']
20:13:02.076  INFO  manager.ListenerWD - Before find element ->>>>By.name: email
20:13:02.087  INFO  manager.ListenerWD - After find element ->>>>By.name: email
20:13:02.727  INFO  manager.ListenerWD - Before find element ->>>>By.name: password
20:13:02.738  INFO  manager.ListenerWD - After find element ->>>>By.name: password
20:13:03.393  INFO  manager.ListenerWD - Before find element ->>>>By.cssSelector: [name='login']
20:13:03.408  INFO  manager.ListenerWD - After find element ->>>>By.cssSelector: [name='login']
20:13:03.454  INFO  manager.ListenerWD - Before find elements ->>>>By.xpath: //button[text()='Sign Out']
20:13:03.713  INFO  manager.ListenerWD - After find elements ->>>>By.xpath: //button[text()='Sign Out']
20:13:03.713  INFO  manager.ListenerWD - List suze is ->>>>1
20:13:03.713  INFO  manager.ListenerTNG - onTestSuccess ->>>>>>loginSuccessModelFromFile
20:13:03.714  INFO  tests.TestBase - The name of starts method is --->loginSuccessNew
20:13:03.714  INFO  manager.ListenerWD - Before find elements ->>>>By.xpath: //button[text()='Sign Out']
20:13:03.725  INFO  manager.ListenerWD - After find elements ->>>>By.xpath: //button[text()='Sign Out']
20:13:03.725  INFO  manager.ListenerWD - List suze is ->>>>1
20:13:03.725  INFO  manager.ListenerWD - Before find element ->>>>By.xpath: //button[text()='Sign Out']
20:13:03.736  INFO  manager.ListenerWD - After find element ->>>>By.xpath: //button[text()='Sign Out']
20:13:03.777  INFO  tests.TestBase -  I need logout
20:13:03.777  INFO  manager.ListenerTNG - onTestStart->>>>>loginSuccessNew
20:13:03.778  INFO  manager.ListenerWD - Before find element ->>>>By.cssSelector: a[href='/login']
20:13:03.789  INFO  manager.ListenerWD - After find element ->>>>By.cssSelector: a[href='/login']
20:13:03.833  INFO  manager.ListenerWD - Before find element ->>>>By.name: email
20:13:03.845  INFO  manager.ListenerWD - After find element ->>>>By.name: email
20:13:04.497  INFO  manager.ListenerWD - Before find element ->>>>By.name: password
20:13:04.511  INFO  manager.ListenerWD - After find element ->>>>By.name: password
20:13:05.146  INFO  manager.ListenerWD - Before find element ->>>>By.cssSelector: [name='login']
20:13:05.158  INFO  manager.ListenerWD - After find element ->>>>By.cssSelector: [name='login']
20:13:05.194  INFO  manager.ListenerWD - Before find elements ->>>>By.xpath: //button[text()='Sign Out']
20:13:05.454  INFO  manager.ListenerWD - After find elements ->>>>By.xpath: //button[text()='Sign Out']
20:13:05.454  INFO  manager.ListenerWD - List suze is ->>>>1
20:13:05.455  INFO  manager.ListenerTNG - onTestSuccess ->>>>>>loginSuccessNew
20:13:05.455  INFO  tests.TestBase - The name of starts method is --->loginSuccessNew
20:13:05.456  INFO  manager.ListenerWD - Before find elements ->>>>By.xpath: //button[text()='Sign Out']
20:13:05.467  INFO  manager.ListenerWD - After find elements ->>>>By.xpath: //button[text()='Sign Out']
20:13:05.467  INFO  manager.ListenerWD - List suze is ->>>>1
20:13:05.467  INFO  manager.ListenerWD - Before find element ->>>>By.xpath: //button[text()='Sign Out']
20:13:05.479  INFO  manager.ListenerWD - After find element ->>>>By.xpath: //button[text()='Sign Out']
20:13:05.522  INFO  tests.TestBase -  I need logout
20:13:05.523  INFO  manager.ListenerTNG - onTestStart->>>>>loginSuccessNew
20:13:05.523  INFO  manager.ListenerWD - Before find element ->>>>By.cssSelector: a[href='/login']
20:13:05.535  INFO  manager.ListenerWD - After find element ->>>>By.cssSelector: a[href='/login']
20:13:05.576  INFO  manager.ListenerWD - Before find element ->>>>By.name: email
20:13:05.588  INFO  manager.ListenerWD - After find element ->>>>By.name: email
20:13:06.231  INFO  manager.ListenerWD - Before find element ->>>>By.name: password
20:13:06.243  INFO  manager.ListenerWD - After find element ->>>>By.name: password
20:13:06.872  INFO  manager.ListenerWD - Before find element ->>>>By.cssSelector: [name='login']
20:13:06.881  INFO  manager.ListenerWD - After find element ->>>>By.cssSelector: [name='login']
20:13:06.912  INFO  manager.ListenerWD - Before find elements ->>>>By.xpath: //button[text()='Sign Out']
20:13:07.178  INFO  manager.ListenerWD - After find elements ->>>>By.xpath: //button[text()='Sign Out']
20:13:07.178  INFO  manager.ListenerWD - List suze is ->>>>1
20:13:07.178  INFO  manager.ListenerTNG - onTestSuccess ->>>>>>loginSuccessNew
20:13:07.179  INFO  tests.TestBase - The name of starts method is --->loginUnregisterUser
20:13:07.179  INFO  manager.ListenerWD - Before find elements ->>>>By.xpath: //button[text()='Sign Out']
20:13:07.189  INFO  manager.ListenerWD - After find elements ->>>>By.xpath: //button[text()='Sign Out']
20:13:07.189  INFO  manager.ListenerWD - List suze is ->>>>1
20:13:07.189  INFO  manager.ListenerWD - Before find element ->>>>By.xpath: //button[text()='Sign Out']
20:13:07.198  INFO  manager.ListenerWD - After find element ->>>>By.xpath: //button[text()='Sign Out']
20:13:07.232  INFO  tests.TestBase -  I need logout
20:13:07.232  INFO  manager.ListenerTNG - onTestStart->>>>>loginUnregisterUser
20:13:07.232  INFO  manager.ListenerWD - Before find element ->>>>By.cssSelector: a[href='/login']
20:13:07.242  INFO  manager.ListenerWD - After find element ->>>>By.cssSelector: a[href='/login']
20:13:07.277  INFO  manager.ListenerWD - Before find element ->>>>By.name: email
20:13:07.289  INFO  manager.ListenerWD - After find element ->>>>By.name: email
20:13:07.920  INFO  manager.ListenerWD - Before find element ->>>>By.name: password
20:13:07.929  INFO  manager.ListenerWD - After find element ->>>>By.name: password
20:13:08.547  INFO  manager.ListenerWD - Before find element ->>>>By.cssSelector: [name='login']
20:13:08.558  INFO  manager.ListenerWD - After find element ->>>>By.cssSelector: [name='login']
20:13:08.593  INFO  manager.ListenerWD - Before find elements ->>>>By.xpath: //button[text()='Sign Out']
20:13:08.971  INFO  manager.ListenerWD - After find elements ->>>>By.xpath: //button[text()='Sign Out']
20:13:08.972  INFO  manager.ListenerWD - List suze is ->>>>0
20:13:09.498  INFO  manager.ListenerTNG - onTestSuccess ->>>>>>loginUnregisterUser
20:13:09.499  INFO  tests.TestBase - The name of starts method is --->loginWrongEmail
20:13:09.500  INFO  manager.ListenerWD - Before find elements ->>>>By.xpath: //button[text()='Sign Out']
20:13:14.515  INFO  manager.ListenerWD - After find elements ->>>>By.xpath: //button[text()='Sign Out']
20:13:14.515  INFO  manager.ListenerWD - List suze is ->>>>0
20:13:14.516  INFO  manager.ListenerTNG - onTestStart->>>>>loginWrongEmail
20:13:14.516  INFO  manager.ListenerWD - Before find element ->>>>By.cssSelector: a[href='/login']
20:13:14.528  INFO  manager.ListenerWD - After find element ->>>>By.cssSelector: a[href='/login']
20:13:14.558  INFO  manager.ListenerWD - Before find element ->>>>By.name: email
20:13:14.571  INFO  manager.ListenerWD - After find element ->>>>By.name: email
20:13:15.214  INFO  manager.ListenerWD - Before find element ->>>>By.name: password
20:13:15.226  INFO  manager.ListenerWD - After find element ->>>>By.name: password
20:13:15.852  INFO  manager.ListenerWD - Before find element ->>>>By.cssSelector: [name='login']
20:13:15.870  INFO  manager.ListenerWD - After find element ->>>>By.cssSelector: [name='login']
20:13:15.906  INFO  manager.ListenerWD - Before find elements ->>>>By.xpath: //button[text()='Sign Out']
20:13:16.288  INFO  manager.ListenerWD - After find elements ->>>>By.xpath: //button[text()='Sign Out']
20:13:16.288  INFO  manager.ListenerWD - List suze is ->>>>0
20:13:16.804  INFO  tests.TestBase - Error message is : 'Wrong email or password' 
20:13:16.804  INFO  manager.ListenerTNG - onTestSuccess ->>>>>>loginWrongEmail
20:13:16.805  INFO  tests.TestBase - The name of starts method is --->loginWrongPassword
20:13:16.805  INFO  manager.ListenerWD - Before find elements ->>>>By.xpath: //button[text()='Sign Out']
20:13:21.870  INFO  manager.ListenerWD - After find elements ->>>>By.xpath: //button[text()='Sign Out']
20:13:21.871  INFO  manager.ListenerWD - List suze is ->>>>0
20:13:21.871  INFO  manager.ListenerTNG - onTestStart->>>>>loginWrongPassword
20:13:21.871  INFO  manager.ListenerWD - Before find element ->>>>By.cssSelector: a[href='/login']
20:13:21.880  INFO  manager.ListenerWD - After find element ->>>>By.cssSelector: a[href='/login']
20:13:21.910  INFO  manager.ListenerWD - Before find element ->>>>By.name: email
20:13:21.924  INFO  manager.ListenerWD - After find element ->>>>By.name: email
20:13:22.569  INFO  manager.ListenerWD - Before find element ->>>>By.name: password
20:13:22.579  INFO  manager.ListenerWD - After find element ->>>>By.name: password
20:13:23.212  INFO  manager.ListenerWD - Before find element ->>>>By.cssSelector: [name='login']
20:13:23.233  INFO  manager.ListenerWD - After find element ->>>>By.cssSelector: [name='login']
20:13:23.269  INFO  manager.ListenerWD - Before find elements ->>>>By.xpath: //button[text()='Sign Out']
20:13:23.644  INFO  manager.ListenerWD - After find elements ->>>>By.xpath: //button[text()='Sign Out']
20:13:23.644  INFO  manager.ListenerWD - List suze is ->>>>0
20:13:24.156  INFO  manager.ListenerTNG - onTestSuccess ->>>>>>loginWrongPassword
20:13:24.157  INFO  tests.TestBase - The name of starts method is --->registrationSuccess
20:13:24.158  INFO  manager.ListenerWD - Before find elements ->>>>By.xpath: //button[text()='Sign Out']
20:13:29.164  INFO  manager.ListenerWD - After find elements ->>>>By.xpath: //button[text()='Sign Out']
20:13:29.164  INFO  manager.ListenerWD - List suze is ->>>>0
20:13:29.164  INFO  manager.ListenerTNG - onTestStart->>>>>registrationSuccess
20:13:29.165  INFO  manager.ListenerWD - Before find element ->>>>By.cssSelector: a[href='/login']
20:13:29.175  INFO  manager.ListenerWD - After find element ->>>>By.cssSelector: a[href='/login']
20:13:29.205  INFO  manager.ListenerWD - Before find element ->>>>By.name: email
20:13:29.217  INFO  manager.ListenerWD - After find element ->>>>By.name: email
20:13:29.875  INFO  manager.ListenerWD - Before find element ->>>>By.name: password
20:13:29.888  INFO  manager.ListenerWD - After find element ->>>>By.name: password
20:13:30.534  INFO  manager.ListenerWD - Before find element ->>>>By.cssSelector: [name='registration']
20:13:30.552  INFO  manager.ListenerWD - After find element ->>>>By.cssSelector: [name='registration']
20:13:30.584  INFO  manager.ListenerWD - Before find elements ->>>>By.xpath: //button[text()='Sign Out']
20:13:31.037  INFO  manager.ListenerWD - After find elements ->>>>By.xpath: //button[text()='Sign Out']
20:13:31.037  INFO  manager.ListenerWD - List suze is ->>>>1
20:13:31.037  INFO  manager.ListenerTNG - onTestSuccess ->>>>>>registrationSuccess
20:13:31.038  INFO  tests.TestBase - The name of starts method is --->registrationUserAlreadyExists
20:13:31.039  INFO  manager.ListenerWD - Before find elements ->>>>By.xpath: //button[text()='Sign Out']
20:13:31.049  INFO  manager.ListenerWD - After find elements ->>>>By.xpath: //button[text()='Sign Out']
20:13:31.049  INFO  manager.ListenerWD - List suze is ->>>>1
20:13:31.049  INFO  manager.ListenerWD - Before find element ->>>>By.xpath: //button[text()='Sign Out']
20:13:31.063  INFO  manager.ListenerWD - After find element ->>>>By.xpath: //button[text()='Sign Out']
20:13:31.096  INFO  manager.ListenerTNG - onTestStart->>>>>registrationUserAlreadyExists
20:13:31.096  INFO  manager.ListenerWD - Before find element ->>>>By.cssSelector: a[href='/login']
20:13:31.108  INFO  manager.ListenerWD - After find element ->>>>By.cssSelector: a[href='/login']
20:13:31.143  INFO  manager.ListenerWD - Before find element ->>>>By.name: email
20:13:31.156  INFO  manager.ListenerWD - After find element ->>>>By.name: email
20:13:31.791  INFO  manager.ListenerWD - Before find element ->>>>By.name: password
20:13:31.801  INFO  manager.ListenerWD - After find element ->>>>By.name: password
20:13:32.420  INFO  manager.ListenerWD - Before find element ->>>>By.cssSelector: [name='registration']
20:13:32.431  INFO  manager.ListenerWD - After find element ->>>>By.cssSelector: [name='registration']
20:13:32.460  INFO  manager.ListenerWD - Before find elements ->>>>By.xpath: //button[text()='Sign Out']
20:13:32.647  INFO  manager.ListenerWD - After find elements ->>>>By.xpath: //button[text()='Sign Out']
20:13:32.648  INFO  manager.ListenerWD - List suze is ->>>>0
20:13:33.160  INFO  manager.ListenerTNG - onTestSuccess ->>>>>>registrationUserAlreadyExists
20:13:33.161  INFO  tests.TestBase - The name of starts method is --->registrationWrongEmail
20:13:33.162  INFO  manager.ListenerWD - Before find elements ->>>>By.xpath: //button[text()='Sign Out']
20:13:38.225  INFO  manager.ListenerWD - After find elements ->>>>By.xpath: //button[text()='Sign Out']
20:13:38.225  INFO  manager.ListenerWD - List suze is ->>>>0
20:13:38.226  INFO  manager.ListenerTNG - onTestStart->>>>>registrationWrongEmail
20:13:38.226  INFO  manager.ListenerWD - Before find element ->>>>By.cssSelector: a[href='/login']
20:13:38.234  INFO  manager.ListenerWD - After find element ->>>>By.cssSelector: a[href='/login']
20:13:38.255  INFO  manager.ListenerWD - Before find element ->>>>By.name: email
20:13:38.267  INFO  manager.ListenerWD - After find element ->>>>By.name: email
20:13:38.881  INFO  manager.ListenerWD - Before find element ->>>>By.name: password
20:13:38.893  INFO  manager.ListenerWD - After find element ->>>>By.name: password
20:13:39.515  INFO  manager.ListenerWD - Before find element ->>>>By.cssSelector: [name='registration']
20:13:39.534  INFO  manager.ListenerWD - After find element ->>>>By.cssSelector: [name='registration']
20:13:39.567  INFO  manager.ListenerWD - Before find elements ->>>>By.xpath: //button[text()='Sign Out']
20:13:39.753  INFO  manager.ListenerWD - After find elements ->>>>By.xpath: //button[text()='Sign Out']
20:13:39.753  INFO  manager.ListenerWD - List suze is ->>>>0
20:13:40.267  INFO  manager.ListenerTNG - onTestSuccess ->>>>>>registrationWrongEmail
20:13:40.268  INFO  tests.TestBase - The name of starts method is --->registrationWrongPassword
20:13:40.268  INFO  manager.ListenerWD - Before find elements ->>>>By.xpath: //button[text()='Sign Out']
20:13:45.282  INFO  manager.ListenerWD - After find elements ->>>>By.xpath: //button[text()='Sign Out']
20:13:45.282  INFO  manager.ListenerWD - List suze is ->>>>0
20:13:45.283  INFO  manager.ListenerTNG - onTestStart->>>>>registrationWrongPassword
20:13:45.283  INFO  manager.ListenerWD - Before find element ->>>>By.cssSelector: a[href='/login']
20:13:45.294  INFO  manager.ListenerWD - After find element ->>>>By.cssSelector: a[href='/login']
20:13:45.320  INFO  manager.ListenerWD - Before find element ->>>>By.name: email
20:13:45.333  INFO  manager.ListenerWD - After find element ->>>>By.name: email
20:13:45.964  INFO  manager.ListenerWD - Before find element ->>>>By.name: password
20:13:45.974  INFO  manager.ListenerWD - After find element ->>>>By.name: password
20:13:46.590  INFO  manager.ListenerWD - Before find element ->>>>By.cssSelector: [name='registration']
20:13:46.599  INFO  manager.ListenerWD - After find element ->>>>By.cssSelector: [name='registration']
20:13:46.628  INFO  manager.ListenerWD - Before find elements ->>>>By.xpath: //button[text()='Sign Out']
20:13:46.822  INFO  manager.ListenerWD - After find elements ->>>>By.xpath: //button[text()='Sign Out']
20:13:46.822  INFO  manager.ListenerWD - List suze is ->>>>0
20:13:47.336  INFO  manager.ListenerTNG - onTestSuccess ->>>>>>registrationWrongPassword
20:13:47.339  INFO  manager.ListenerTNG - onFinish->>>>>Gradle test
