09:51:54.069  INFO  manager.ApplicationManager - All tests star in Chrome Browser
09:51:55.221  INFO  manager.ApplicationManager - Current Url -->https://telranedu.web.app/home
09:51:55.226  INFO  manager.ListenerTNG - onStart->>>>>Gradle test
09:51:55.258  INFO  tests.TestBase - The name of starts method is --->addContactSuccessAllFields
09:51:55.261  INFO  manager.ListenerWD - Before find elements ->>>>By.xpath: //button[text()='Sign Out']
09:52:00.285  INFO  manager.ListenerWD - After find elements ->>>>By.xpath: //button[text()='Sign Out']
09:52:00.288  INFO  manager.ListenerWD - List suze is ->>>>0
09:52:00.296  INFO  manager.ListenerWD - Before find element ->>>>By.cssSelector: a[href='/login']
09:52:00.328  INFO  manager.ListenerWD - After find element ->>>>By.cssSelector: a[href='/login']
09:52:00.393  INFO  manager.ListenerWD - Before find element ->>>>By.name: email
09:52:00.421  INFO  manager.ListenerWD - After find element ->>>>By.name: email
09:52:01.074  INFO  manager.ListenerWD - Before find element ->>>>By.name: password
09:52:01.097  INFO  manager.ListenerWD - After find element ->>>>By.name: password
09:52:01.730  INFO  manager.ListenerWD - Before find element ->>>>By.cssSelector: [name='login']
09:52:01.753  INFO  manager.ListenerWD - After find element ->>>>By.cssSelector: [name='login']
09:52:01.791  INFO  manager.ListenerTNG - onTestStart->>>>>addContactSuccessAllFields
09:52:01.813  INFO  tests.TestBase - Tests start with data : Contact(name=Lisa1339, lastName=Simpson, phone=11111111339, email=reshef19861339@gmail.com, address=NY, description=All fields)
09:52:01.814  INFO  manager.ListenerWD - Before find element ->>>>By.cssSelector: a[href='/add']
09:52:02.819  INFO  manager.ListenerWD - After find element ->>>>By.cssSelector: a[href='/add']
09:52:02.859  INFO  manager.ListenerWD - Before find element ->>>>By.cssSelector: input[placeholder='Name']
09:52:02.883  INFO  manager.ListenerWD - After find element ->>>>By.cssSelector: input[placeholder='Name']
09:52:03.529  INFO  manager.ListenerWD - Before find element ->>>>By.cssSelector: input[placeholder='Last Name']
09:52:03.552  INFO  manager.ListenerWD - After find element ->>>>By.cssSelector: input[placeholder='Last Name']
09:52:04.211  INFO  manager.ListenerWD - Before find element ->>>>By.cssSelector: input[placeholder='Phone']
09:52:04.233  INFO  manager.ListenerWD - After find element ->>>>By.cssSelector: input[placeholder='Phone']
09:52:04.854  INFO  manager.ListenerWD - Before find element ->>>>By.cssSelector: input[placeholder='email']
09:52:04.874  INFO  manager.ListenerWD - After find element ->>>>By.cssSelector: input[placeholder='email']
09:52:05.511  INFO  manager.ListenerWD - Before find element ->>>>By.cssSelector: input[placeholder='Address']
09:52:05.528  INFO  manager.ListenerWD - After find element ->>>>By.cssSelector: input[placeholder='Address']
09:52:06.207  INFO  manager.ListenerWD - Before find element ->>>>By.cssSelector: input[placeholder='description']
09:52:06.244  INFO  manager.ListenerWD - After find element ->>>>By.cssSelector: input[placeholder='description']
09:52:06.931  INFO  manager.ListenerWD - Before find element ->>>>By.xpath: //b[text()='Save']
09:52:06.961  INFO  manager.ListenerWD - After find element ->>>>By.xpath: //b[text()='Save']
09:52:06.995  INFO  manager.ListenerWD - Before find elements ->>>>By.cssSelector: h2
09:52:08.253  INFO  manager.ListenerWD - After find elements ->>>>By.cssSelector: h2
09:52:08.253  INFO  manager.ListenerWD - List suze is ->>>>72
09:52:09.170  INFO  manager.ListenerWD - Before find elements ->>>>By.cssSelector: h3
09:52:09.469  INFO  manager.ListenerWD - After find elements ->>>>By.cssSelector: h3
09:52:09.470  INFO  manager.ListenerWD - List suze is ->>>>72
09:52:10.443  INFO  manager.ListenerWD - Before find elements ->>>>By.cssSelector: .contact-item_card__2SOIM
09:52:10.749  INFO  manager.ListenerWD - After find elements ->>>>By.cssSelector: .contact-item_card__2SOIM
09:52:10.749  INFO  manager.ListenerWD - List suze is ->>>>72
09:52:10.788  INFO  manager.ListenerWD - Before find element ->>>>By.cssSelector: .contact-item-detailed_card__50dTS
09:52:10.803  INFO  manager.ListenerWD - After find element ->>>>By.cssSelector: .contact-item-detailed_card__50dTS
09:52:10.848  INFO  manager.ListenerWD - Before find element ->>>>By.cssSelector: .contact-item-detailed_card__50dTS
09:52:10.858  INFO  manager.ListenerWD - After find element ->>>>By.cssSelector: .contact-item-detailed_card__50dTS
09:52:10.897  INFO  manager.ListenerWD - Before find element ->>>>By.cssSelector: .contact-item-detailed_card__50dTS
09:52:10.908  INFO  manager.ListenerWD - After find element ->>>>By.cssSelector: .contact-item-detailed_card__50dTS
09:52:10.955  INFO  manager.ListenerWD - Before find element ->>>>By.cssSelector: .contact-item-detailed_card__50dTS
09:52:10.967  INFO  manager.ListenerWD - After find element ->>>>By.cssSelector: .contact-item-detailed_card__50dTS
09:52:11.009  INFO  manager.ListenerWD - Before find element ->>>>By.cssSelector: .contact-item-detailed_card__50dTS
09:52:11.020  INFO  manager.ListenerWD - After find element ->>>>By.cssSelector: .contact-item-detailed_card__50dTS
09:52:11.059  INFO  manager.ListenerWD - Before find element ->>>>By.cssSelector: .contact-item-detailed_card__50dTS
09:52:11.072  INFO  manager.ListenerWD - After find element ->>>>By.cssSelector: .contact-item-detailed_card__50dTS
09:52:11.120  INFO  manager.ListenerWD - Before find element ->>>>By.cssSelector: .contact-item-detailed_card__50dTS
09:52:11.135  INFO  manager.ListenerWD - After find element ->>>>By.cssSelector: .contact-item-detailed_card__50dTS
09:52:11.186  INFO  manager.ListenerWD - Before find element ->>>>By.cssSelector: .contact-item-detailed_card__50dTS
09:52:11.199  INFO  manager.ListenerWD - After find element ->>>>By.cssSelector: .contact-item-detailed_card__50dTS
09:52:11.244  INFO  manager.ListenerWD - Before find element ->>>>By.cssSelector: .contact-item-detailed_card__50dTS
09:52:11.256  INFO  manager.ListenerWD - After find element ->>>>By.cssSelector: .contact-item-detailed_card__50dTS
09:52:11.300  INFO  manager.ListenerWD - Before find element ->>>>By.cssSelector: .contact-item-detailed_card__50dTS
09:52:11.312  INFO  manager.ListenerWD - After find element ->>>>By.cssSelector: .contact-item-detailed_card__50dTS
09:52:11.359  INFO  manager.ListenerWD - Before find element ->>>>By.cssSelector: .contact-item-detailed_card__50dTS
09:52:11.371  INFO  manager.ListenerWD - After find element ->>>>By.cssSelector: .contact-item-detailed_card__50dTS
09:52:11.417  INFO  manager.ListenerWD - Before find element ->>>>By.cssSelector: .contact-item-detailed_card__50dTS
09:52:11.431  INFO  manager.ListenerWD - After find element ->>>>By.cssSelector: .contact-item-detailed_card__50dTS
09:52:11.480  INFO  manager.ListenerWD - Before find element ->>>>By.cssSelector: .contact-item-detailed_card__50dTS
09:52:11.490  INFO  manager.ListenerWD - After find element ->>>>By.cssSelector: .contact-item-detailed_card__50dTS
09:52:11.532  INFO  manager.ListenerWD - Before find element ->>>>By.cssSelector: .contact-item-detailed_card__50dTS
09:52:11.545  INFO  manager.ListenerWD - After find element ->>>>By.cssSelector: .contact-item-detailed_card__50dTS
09:52:11.584  INFO  manager.ListenerWD - Before find element ->>>>By.cssSelector: .contact-item-detailed_card__50dTS
09:52:11.595  INFO  manager.ListenerWD - After find element ->>>>By.cssSelector: .contact-item-detailed_card__50dTS
09:52:11.632  INFO  manager.ListenerWD - Before find element ->>>>By.cssSelector: .contact-item-detailed_card__50dTS
09:52:11.642  INFO  manager.ListenerWD - After find element ->>>>By.cssSelector: .contact-item-detailed_card__50dTS
09:52:11.681  INFO  manager.ListenerWD - Before find element ->>>>By.cssSelector: .contact-item-detailed_card__50dTS
09:52:11.691  INFO  manager.ListenerWD - After find element ->>>>By.cssSelector: .contact-item-detailed_card__50dTS
09:52:11.733  INFO  manager.ListenerWD - Before find element ->>>>By.cssSelector: .contact-item-detailed_card__50dTS
09:52:11.746  INFO  manager.ListenerWD - After find element ->>>>By.cssSelector: .contact-item-detailed_card__50dTS
09:52:11.789  INFO  manager.ListenerWD - Before find element ->>>>By.cssSelector: .contact-item-detailed_card__50dTS
09:52:11.800  INFO  manager.ListenerWD - After find element ->>>>By.cssSelector: .contact-item-detailed_card__50dTS
09:52:11.841  INFO  manager.ListenerWD - Before find element ->>>>By.cssSelector: .contact-item-detailed_card__50dTS
09:52:11.852  INFO  manager.ListenerWD - After find element ->>>>By.cssSelector: .contact-item-detailed_card__50dTS
09:52:11.891  INFO  manager.ListenerWD - Before find element ->>>>By.cssSelector: .contact-item-detailed_card__50dTS
09:52:11.904  INFO  manager.ListenerWD - After find element ->>>>By.cssSelector: .contact-item-detailed_card__50dTS
09:52:11.945  INFO  manager.ListenerWD - Before find element ->>>>By.cssSelector: .contact-item-detailed_card__50dTS
09:52:11.957  INFO  manager.ListenerWD - After find element ->>>>By.cssSelector: .contact-item-detailed_card__50dTS
09:52:12.007  INFO  manager.ListenerWD - Before find element ->>>>By.cssSelector: .contact-item-detailed_card__50dTS
09:52:12.018  INFO  manager.ListenerWD - After find element ->>>>By.cssSelector: .contact-item-detailed_card__50dTS
09:52:12.059  INFO  manager.ListenerWD - Before find element ->>>>By.cssSelector: .contact-item-detailed_card__50dTS
09:52:12.071  INFO  manager.ListenerWD - After find element ->>>>By.cssSelector: .contact-item-detailed_card__50dTS
09:52:12.120  INFO  manager.ListenerWD - Before find element ->>>>By.cssSelector: .contact-item-detailed_card__50dTS
09:52:12.134  INFO  manager.ListenerWD - After find element ->>>>By.cssSelector: .contact-item-detailed_card__50dTS
09:52:12.185  INFO  manager.ListenerWD - Before find element ->>>>By.cssSelector: .contact-item-detailed_card__50dTS
09:52:12.198  INFO  manager.ListenerWD - After find element ->>>>By.cssSelector: .contact-item-detailed_card__50dTS
09:52:12.247  INFO  manager.ListenerWD - Before find element ->>>>By.cssSelector: .contact-item-detailed_card__50dTS
09:52:12.259  INFO  manager.ListenerWD - After find element ->>>>By.cssSelector: .contact-item-detailed_card__50dTS
09:52:12.303  INFO  manager.ListenerWD - Before find element ->>>>By.cssSelector: .contact-item-detailed_card__50dTS
09:52:12.317  INFO  manager.ListenerWD - After find element ->>>>By.cssSelector: .contact-item-detailed_card__50dTS
09:52:12.359  INFO  manager.ListenerWD - Before find element ->>>>By.cssSelector: .contact-item-detailed_card__50dTS
09:52:12.372  INFO  manager.ListenerWD - After find element ->>>>By.cssSelector: .contact-item-detailed_card__50dTS
09:52:12.416  INFO  manager.ListenerWD - Before find element ->>>>By.cssSelector: .contact-item-detailed_card__50dTS
09:52:12.427  INFO  manager.ListenerWD - After find element ->>>>By.cssSelector: .contact-item-detailed_card__50dTS
09:52:12.470  INFO  manager.ListenerWD - Before find element ->>>>By.cssSelector: .contact-item-detailed_card__50dTS
09:52:12.483  INFO  manager.ListenerWD - After find element ->>>>By.cssSelector: .contact-item-detailed_card__50dTS
09:52:12.525  INFO  manager.ListenerWD - Before find element ->>>>By.cssSelector: .contact-item-detailed_card__50dTS
09:52:12.535  INFO  manager.ListenerWD - After find element ->>>>By.cssSelector: .contact-item-detailed_card__50dTS
09:52:12.574  INFO  manager.ListenerWD - Before find element ->>>>By.cssSelector: .contact-item-detailed_card__50dTS
09:52:12.586  INFO  manager.ListenerWD - After find element ->>>>By.cssSelector: .contact-item-detailed_card__50dTS
09:52:12.630  INFO  manager.ListenerWD - Before find element ->>>>By.cssSelector: .contact-item-detailed_card__50dTS
09:52:12.641  INFO  manager.ListenerWD - After find element ->>>>By.cssSelector: .contact-item-detailed_card__50dTS
09:52:12.681  INFO  manager.ListenerWD - Before find element ->>>>By.cssSelector: .contact-item-detailed_card__50dTS
09:52:12.692  INFO  manager.ListenerWD - After find element ->>>>By.cssSelector: .contact-item-detailed_card__50dTS
09:52:12.735  INFO  manager.ListenerWD - Before find element ->>>>By.cssSelector: .contact-item-detailed_card__50dTS
09:52:12.747  INFO  manager.ListenerWD - After find element ->>>>By.cssSelector: .contact-item-detailed_card__50dTS
09:52:12.789  INFO  manager.ListenerWD - Before find element ->>>>By.cssSelector: .contact-item-detailed_card__50dTS
09:52:12.802  INFO  manager.ListenerWD - After find element ->>>>By.cssSelector: .contact-item-detailed_card__50dTS
09:52:12.845  INFO  manager.ListenerWD - Before find element ->>>>By.cssSelector: .contact-item-detailed_card__50dTS
09:52:12.856  INFO  manager.ListenerWD - After find element ->>>>By.cssSelector: .contact-item-detailed_card__50dTS
09:52:12.903  INFO  manager.ListenerWD - Before find element ->>>>By.cssSelector: .contact-item-detailed_card__50dTS
09:52:12.915  INFO  manager.ListenerWD - After find element ->>>>By.cssSelector: .contact-item-detailed_card__50dTS
09:52:12.963  INFO  manager.ListenerWD - Before find element ->>>>By.cssSelector: .contact-item-detailed_card__50dTS
09:52:12.975  INFO  manager.ListenerWD - After find element ->>>>By.cssSelector: .contact-item-detailed_card__50dTS
09:52:13.019  INFO  manager.ListenerWD - Before find element ->>>>By.cssSelector: .contact-item-detailed_card__50dTS
09:52:13.031  INFO  manager.ListenerWD - After find element ->>>>By.cssSelector: .contact-item-detailed_card__50dTS
09:52:13.075  INFO  manager.ListenerWD - Before find element ->>>>By.cssSelector: .contact-item-detailed_card__50dTS
09:52:13.086  INFO  manager.ListenerWD - After find element ->>>>By.cssSelector: .contact-item-detailed_card__50dTS
09:52:13.136  INFO  manager.ListenerWD - Before find element ->>>>By.cssSelector: .contact-item-detailed_card__50dTS
09:52:13.148  INFO  manager.ListenerWD - After find element ->>>>By.cssSelector: .contact-item-detailed_card__50dTS
09:52:13.192  INFO  manager.ListenerWD - Before find element ->>>>By.cssSelector: .contact-item-detailed_card__50dTS
09:52:13.204  INFO  manager.ListenerWD - After find element ->>>>By.cssSelector: .contact-item-detailed_card__50dTS
09:52:13.249  INFO  manager.ListenerWD - Before find element ->>>>By.cssSelector: .contact-item-detailed_card__50dTS
09:52:13.259  INFO  manager.ListenerWD - After find element ->>>>By.cssSelector: .contact-item-detailed_card__50dTS
09:52:13.303  INFO  manager.ListenerWD - Before find element ->>>>By.cssSelector: .contact-item-detailed_card__50dTS
09:52:13.315  INFO  manager.ListenerWD - After find element ->>>>By.cssSelector: .contact-item-detailed_card__50dTS
09:52:13.358  INFO  manager.ListenerWD - Before find element ->>>>By.cssSelector: .contact-item-detailed_card__50dTS
09:52:13.370  INFO  manager.ListenerWD - After find element ->>>>By.cssSelector: .contact-item-detailed_card__50dTS
09:52:13.411  INFO  manager.ListenerWD - Before find element ->>>>By.cssSelector: .contact-item-detailed_card__50dTS
09:52:13.422  INFO  manager.ListenerWD - After find element ->>>>By.cssSelector: .contact-item-detailed_card__50dTS
09:52:13.465  INFO  manager.ListenerWD - Before find element ->>>>By.cssSelector: .contact-item-detailed_card__50dTS
09:52:13.475  INFO  manager.ListenerWD - After find element ->>>>By.cssSelector: .contact-item-detailed_card__50dTS
09:52:13.519  INFO  manager.ListenerWD - Before find element ->>>>By.cssSelector: .contact-item-detailed_card__50dTS
09:52:13.529  INFO  manager.ListenerWD - After find element ->>>>By.cssSelector: .contact-item-detailed_card__50dTS
09:52:13.573  INFO  manager.ListenerWD - Before find element ->>>>By.cssSelector: .contact-item-detailed_card__50dTS
09:52:13.584  INFO  manager.ListenerWD - After find element ->>>>By.cssSelector: .contact-item-detailed_card__50dTS
09:52:13.623  INFO  manager.ListenerWD - Before find element ->>>>By.cssSelector: .contact-item-detailed_card__50dTS
09:52:13.635  INFO  manager.ListenerWD - After find element ->>>>By.cssSelector: .contact-item-detailed_card__50dTS
09:52:13.675  INFO  manager.ListenerWD - Before find element ->>>>By.cssSelector: .contact-item-detailed_card__50dTS
09:52:13.686  INFO  manager.ListenerWD - After find element ->>>>By.cssSelector: .contact-item-detailed_card__50dTS
09:52:13.726  INFO  manager.ListenerWD - Before find element ->>>>By.cssSelector: .contact-item-detailed_card__50dTS
09:52:13.738  INFO  manager.ListenerWD - After find element ->>>>By.cssSelector: .contact-item-detailed_card__50dTS
09:52:13.782  INFO  manager.ListenerWD - Before find element ->>>>By.cssSelector: .contact-item-detailed_card__50dTS
09:52:13.791  INFO  manager.ListenerWD - After find element ->>>>By.cssSelector: .contact-item-detailed_card__50dTS
09:52:13.833  INFO  manager.ListenerWD - Before find element ->>>>By.cssSelector: .contact-item-detailed_card__50dTS
09:52:13.843  INFO  manager.ListenerWD - After find element ->>>>By.cssSelector: .contact-item-detailed_card__50dTS
09:52:13.885  INFO  manager.ListenerWD - Before find element ->>>>By.cssSelector: .contact-item-detailed_card__50dTS
09:52:13.896  INFO  manager.ListenerWD - After find element ->>>>By.cssSelector: .contact-item-detailed_card__50dTS
09:52:13.936  INFO  manager.ListenerWD - Before find element ->>>>By.cssSelector: .contact-item-detailed_card__50dTS
09:52:13.947  INFO  manager.ListenerWD - After find element ->>>>By.cssSelector: .contact-item-detailed_card__50dTS
09:52:13.991  INFO  manager.ListenerWD - Before find element ->>>>By.cssSelector: .contact-item-detailed_card__50dTS
09:52:14.002  INFO  manager.ListenerWD - After find element ->>>>By.cssSelector: .contact-item-detailed_card__50dTS
09:52:14.044  INFO  manager.ListenerWD - Before find element ->>>>By.cssSelector: .contact-item-detailed_card__50dTS
09:52:14.055  INFO  manager.ListenerWD - After find element ->>>>By.cssSelector: .contact-item-detailed_card__50dTS
09:52:14.100  INFO  manager.ListenerWD - Before find element ->>>>By.cssSelector: .contact-item-detailed_card__50dTS
09:52:14.110  INFO  manager.ListenerWD - After find element ->>>>By.cssSelector: .contact-item-detailed_card__50dTS
09:52:14.154  INFO  manager.ListenerWD - Before find element ->>>>By.cssSelector: .contact-item-detailed_card__50dTS
09:52:14.166  INFO  manager.ListenerWD - After find element ->>>>By.cssSelector: .contact-item-detailed_card__50dTS
09:52:14.208  INFO  manager.ListenerWD - Before find element ->>>>By.cssSelector: .contact-item-detailed_card__50dTS
09:52:14.220  INFO  manager.ListenerWD - After find element ->>>>By.cssSelector: .contact-item-detailed_card__50dTS
09:52:14.262  INFO  manager.ListenerWD - Before find element ->>>>By.cssSelector: .contact-item-detailed_card__50dTS
09:52:14.272  INFO  manager.ListenerWD - After find element ->>>>By.cssSelector: .contact-item-detailed_card__50dTS
09:52:14.316  INFO  manager.ListenerWD - Before find element ->>>>By.cssSelector: .contact-item-detailed_card__50dTS
09:52:14.326  INFO  manager.ListenerWD - After find element ->>>>By.cssSelector: .contact-item-detailed_card__50dTS
09:52:14.370  INFO  manager.ListenerWD - Before find element ->>>>By.cssSelector: .contact-item-detailed_card__50dTS
09:52:14.381  INFO  manager.ListenerWD - After find element ->>>>By.cssSelector: .contact-item-detailed_card__50dTS
09:52:14.422  INFO  manager.ListenerWD - Before find element ->>>>By.cssSelector: .contact-item-detailed_card__50dTS
09:52:14.434  INFO  manager.ListenerWD - After find element ->>>>By.cssSelector: .contact-item-detailed_card__50dTS
09:52:14.480  INFO  manager.ListenerWD - Before find element ->>>>By.cssSelector: .contact-item-detailed_card__50dTS
09:52:14.492  INFO  manager.ListenerWD - After find element ->>>>By.cssSelector: .contact-item-detailed_card__50dTS
09:52:14.538  INFO  manager.ListenerWD - Before find element ->>>>By.cssSelector: .contact-item-detailed_card__50dTS
09:52:14.550  INFO  manager.ListenerWD - After find element ->>>>By.cssSelector: .contact-item-detailed_card__50dTS
09:52:14.592  INFO  manager.ListenerWD - Before find element ->>>>By.cssSelector: .contact-item-detailed_card__50dTS
09:52:14.614  INFO  manager.ListenerWD - After find element ->>>>By.cssSelector: .contact-item-detailed_card__50dTS
09:52:14.658  INFO  manager.ListenerWD - Before find element ->>>>By.cssSelector: .contact-item-detailed_card__50dTS
09:52:14.669  INFO  manager.ListenerWD - After find element ->>>>By.cssSelector: .contact-item-detailed_card__50dTS
09:52:14.710  INFO  manager.ListenerWD - Before find element ->>>>By.cssSelector: .contact-item-detailed_card__50dTS
09:52:14.721  INFO  manager.ListenerWD - After find element ->>>>By.cssSelector: .contact-item-detailed_card__50dTS
09:52:14.732  INFO  manager.ListenerTNG - onTestSuccess ->>>>>>addContactSuccessAllFields
09:52:14.733  INFO  tests.TestBase - The name of starts method is --->addContactSuccessRequiredFields
09:52:14.734  INFO  manager.ListenerWD - Before find elements ->>>>By.xpath: //button[text()='Sign Out']
09:52:14.748  INFO  manager.ListenerWD - After find elements ->>>>By.xpath: //button[text()='Sign Out']
09:52:14.748  INFO  manager.ListenerWD - List suze is ->>>>1
09:52:14.748  INFO  manager.ListenerTNG - onTestStart->>>>>addContactSuccessRequiredFields
09:52:14.749  INFO  manager.ListenerWD - Before find element ->>>>By.cssSelector: a[href='/add']
09:52:14.761  INFO  manager.ListenerWD - After find element ->>>>By.cssSelector: a[href='/add']
09:52:14.794  INFO  manager.ListenerWD - Before find element ->>>>By.cssSelector: input[placeholder='Name']
09:52:14.806  INFO  manager.ListenerWD - After find element ->>>>By.cssSelector: input[placeholder='Name']
09:52:15.497  INFO  manager.ListenerWD - Before find element ->>>>By.cssSelector: input[placeholder='Last Name']
09:52:15.516  INFO  manager.ListenerWD - After find element ->>>>By.cssSelector: input[placeholder='Last Name']
09:52:16.197  INFO  manager.ListenerWD - Before find element ->>>>By.cssSelector: input[placeholder='Phone']
09:52:16.217  INFO  manager.ListenerWD - After find element ->>>>By.cssSelector: input[placeholder='Phone']
09:52:16.868  INFO  manager.ListenerWD - Before find element ->>>>By.cssSelector: input[placeholder='email']
09:52:16.877  INFO  manager.ListenerWD - After find element ->>>>By.cssSelector: input[placeholder='email']
09:52:17.586  INFO  manager.ListenerWD - Before find element ->>>>By.cssSelector: input[placeholder='Address']
09:52:17.597  INFO  manager.ListenerWD - After find element ->>>>By.cssSelector: input[placeholder='Address']
09:52:18.243  INFO  manager.ListenerWD - Before find element ->>>>By.cssSelector: input[placeholder='description']
09:52:18.260  INFO  manager.ListenerWD - After find element ->>>>By.cssSelector: input[placeholder='description']
09:52:18.833  INFO  manager.ListenerWD - Before find element ->>>>By.xpath: //b[text()='Save']
09:52:18.849  INFO  manager.ListenerWD - After find element ->>>>By.xpath: //b[text()='Save']
09:52:18.888  INFO  manager.ListenerWD - Before find elements ->>>>By.cssSelector: h2
09:52:19.728  INFO  manager.ListenerWD - After find elements ->>>>By.cssSelector: h2
09:52:19.728  INFO  manager.ListenerWD - List suze is ->>>>73
09:52:20.839  INFO  manager.ListenerWD - Before find elements ->>>>By.cssSelector: h3
09:52:21.079  INFO  manager.ListenerWD - After find elements ->>>>By.cssSelector: h3
09:52:21.079  INFO  manager.ListenerWD - List suze is ->>>>73
09:52:22.237  INFO  manager.ListenerTNG - onTestSuccess ->>>>>>addContactSuccessRequiredFields
09:52:22.238  INFO  tests.TestBase - The name of starts method is --->addNewContactWrongAddress
09:52:22.239  INFO  manager.ListenerWD - Before find elements ->>>>By.xpath: //button[text()='Sign Out']
09:52:22.250  INFO  manager.ListenerWD - After find elements ->>>>By.xpath: //button[text()='Sign Out']
09:52:22.250  INFO  manager.ListenerWD - List suze is ->>>>1
09:52:22.250  INFO  manager.ListenerTNG - onTestStart->>>>>addNewContactWrongAddress
09:52:22.251  INFO  manager.ListenerWD - Before find element ->>>>By.cssSelector: a[href='/add']
09:52:22.261  INFO  manager.ListenerWD - After find element ->>>>By.cssSelector: a[href='/add']
09:52:22.287  INFO  manager.ListenerWD - Before find element ->>>>By.cssSelector: input[placeholder='Name']
09:52:22.298  INFO  manager.ListenerWD - After find element ->>>>By.cssSelector: input[placeholder='Name']
09:52:22.963  INFO  manager.ListenerWD - Before find element ->>>>By.cssSelector: input[placeholder='Last Name']
09:52:22.978  INFO  manager.ListenerWD - After find element ->>>>By.cssSelector: input[placeholder='Last Name']
09:52:23.638  INFO  manager.ListenerWD - Before find element ->>>>By.cssSelector: input[placeholder='Phone']
09:52:23.649  INFO  manager.ListenerWD - After find element ->>>>By.cssSelector: input[placeholder='Phone']
09:52:24.331  INFO  manager.ListenerWD - Before find element ->>>>By.cssSelector: input[placeholder='email']
09:52:24.352  INFO  manager.ListenerWD - After find element ->>>>By.cssSelector: input[placeholder='email']
09:52:25.060  INFO  manager.ListenerWD - Before find element ->>>>By.cssSelector: input[placeholder='Address']
09:52:25.073  INFO  manager.ListenerWD - After find element ->>>>By.cssSelector: input[placeholder='Address']
09:52:25.675  INFO  manager.ListenerWD - Before find element ->>>>By.cssSelector: input[placeholder='description']
09:52:25.685  INFO  manager.ListenerWD - After find element ->>>>By.cssSelector: input[placeholder='description']
09:52:26.401  INFO  manager.ListenerWD - Before find element ->>>>By.xpath: //b[text()='Save']
09:52:26.419  INFO  manager.ListenerWD - After find element ->>>>By.xpath: //b[text()='Save']
09:52:26.454  INFO  manager.ListenerWD - Before find elements ->>>>By.cssSelector: a.active[href='/add']
09:52:26.468  INFO  manager.ListenerWD - After find elements ->>>>By.cssSelector: a.active[href='/add']
09:52:26.468  INFO  manager.ListenerWD - List suze is ->>>>1
09:52:26.468  INFO  manager.ListenerTNG - onTestSuccess ->>>>>>addNewContactWrongAddress
09:52:26.469  INFO  tests.TestBase - The name of starts method is --->addNewContactWrongEmail
09:52:26.469  INFO  manager.ListenerWD - Before find elements ->>>>By.xpath: //button[text()='Sign Out']
09:52:26.480  INFO  manager.ListenerWD - After find elements ->>>>By.xpath: //button[text()='Sign Out']
09:52:26.481  INFO  manager.ListenerWD - List suze is ->>>>1
09:52:26.481  INFO  manager.ListenerTNG - onTestStart->>>>>addNewContactWrongEmail
09:52:26.481  INFO  manager.ListenerWD - Before find element ->>>>By.cssSelector: a[href='/add']
09:52:26.492  INFO  manager.ListenerWD - After find element ->>>>By.cssSelector: a[href='/add']
09:52:26.521  INFO  manager.ListenerWD - Before find element ->>>>By.cssSelector: input[placeholder='Name']
09:52:26.532  INFO  manager.ListenerWD - After find element ->>>>By.cssSelector: input[placeholder='Name']
09:52:27.162  INFO  manager.ListenerWD - Before find element ->>>>By.cssSelector: input[placeholder='Last Name']
09:52:27.176  INFO  manager.ListenerWD - After find element ->>>>By.cssSelector: input[placeholder='Last Name']
09:52:27.836  INFO  manager.ListenerWD - Before find element ->>>>By.cssSelector: input[placeholder='Phone']
09:52:27.849  INFO  manager.ListenerWD - After find element ->>>>By.cssSelector: input[placeholder='Phone']
09:52:28.520  INFO  manager.ListenerWD - Before find element ->>>>By.cssSelector: input[placeholder='email']
09:52:28.534  INFO  manager.ListenerWD - After find element ->>>>By.cssSelector: input[placeholder='email']
09:52:29.207  INFO  manager.ListenerWD - Before find element ->>>>By.cssSelector: input[placeholder='Address']
09:52:29.227  INFO  manager.ListenerWD - After find element ->>>>By.cssSelector: input[placeholder='Address']
09:52:29.868  INFO  manager.ListenerWD - Before find element ->>>>By.cssSelector: input[placeholder='description']
09:52:29.884  INFO  manager.ListenerWD - After find element ->>>>By.cssSelector: input[placeholder='description']
09:52:30.667  INFO  manager.ListenerWD - Before find element ->>>>By.xpath: //b[text()='Save']
09:52:30.678  INFO  manager.ListenerWD - After find element ->>>>By.xpath: //b[text()='Save']
09:52:30.701  INFO  manager.ListenerWD - Before find elements ->>>>By.cssSelector: a.active[href='/add']
09:52:30.713  INFO  manager.ListenerWD - After find elements ->>>>By.cssSelector: a.active[href='/add']
09:52:30.713  INFO  manager.ListenerWD - List suze is ->>>>1
09:52:30.734  INFO  manager.ListenerWD - The have a 'problem'
09:52:30.734  INFO  manager.ListenerWD - ++++++++++++++++++++++++++++++++++++
09:52:30.734  INFO  manager.ListenerWD - Method method ->>>>alert
09:52:30.735  INFO  manager.ListenerWD - ++++++++++++++++++++++++++
09:52:30.736  INFO  manager.ListenerWD - InvocationTargetException getTargetException() org.openqa.selenium.NoAlertPresentException: no such alert
  (Session info: chrome=109.0.5414.120)
Build info: version: '4.7.1', revision: 'c6795baf1a3'
System info: os.name: 'Windows 10', os.arch: 'amd64', os.version: '10.0', java.version: '11.0.17'
Driver info: org.openqa.selenium.chrome.ChromeDriver
Command: [69cd7d68385de6a306743bd42411a0c9, getAlertText {}]
Capabilities {acceptInsecureCerts: false, browserName: chrome, browserVersion: 109.0.5414.120, chrome: {chromedriverVersion: 109.0.5414.74 (e7c5703604da..., userDataDir: C:\Users\97252\AppData\Loca...}, goog:chromeOptions: {debuggerAddress: localhost:55331}, networkConnectionEnabled: false, pageLoadStrategy: normal, platformName: WINDOWS, proxy: Proxy(), se:cdp: ws://localhost:55331/devtoo..., se:cdpVersion: 109.0.5414.120, setWindowRect: true, strictFileInteractability: false, timeouts: {implicit: 0, pageLoad: 300000, script: 30000}, unhandledPromptBehavior: dismiss and notify, webauthn:extension:credBlob: true, webauthn:extension:largeBlob: true, webauthn:virtualAuthenticators: true}
Session ID: 69cd7d68385de6a306743bd42411a0c9
09:52:30.736  INFO  manager.ListenerWD - ++++++++++++++++++++++++++
09:52:30.736  INFO  manager.ListenerWD - Object target ->>>>>>org.openqa.selenium.remote.RemoteWebDriver$RemoteTargetLocator@17003497
09:52:30.736  INFO  manager.ListenerWD - ++++++++++++++++++++++++++
09:52:31.794  INFO  manager.ListenerTNG - onTestSuccess ->>>>>>addNewContactWrongEmail
09:52:31.798  INFO  tests.TestBase - The name of starts method is --->addNewContactWrongLastName
09:52:31.802  INFO  manager.ListenerWD - Before find elements ->>>>By.xpath: //button[text()='Sign Out']
09:52:31.856  INFO  manager.ListenerWD - After find elements ->>>>By.xpath: //button[text()='Sign Out']
09:52:31.856  INFO  manager.ListenerWD - List suze is ->>>>1
09:52:31.856  INFO  manager.ListenerTNG - onTestStart->>>>>addNewContactWrongLastName
09:52:31.857  INFO  manager.ListenerWD - Before find element ->>>>By.cssSelector: a[href='/add']
09:52:31.867  INFO  manager.ListenerWD - After find element ->>>>By.cssSelector: a[href='/add']
09:52:31.893  INFO  manager.ListenerWD - Before find element ->>>>By.cssSelector: input[placeholder='Name']
09:52:31.902  INFO  manager.ListenerWD - After find element ->>>>By.cssSelector: input[placeholder='Name']
09:52:32.499  INFO  manager.ListenerWD - Before find element ->>>>By.cssSelector: input[placeholder='Last Name']
09:52:32.510  INFO  manager.ListenerWD - After find element ->>>>By.cssSelector: input[placeholder='Last Name']
09:52:33.108  INFO  manager.ListenerWD - Before find element ->>>>By.cssSelector: input[placeholder='Phone']
09:52:33.119  INFO  manager.ListenerWD - After find element ->>>>By.cssSelector: input[placeholder='Phone']
09:52:33.784  INFO  manager.ListenerWD - Before find element ->>>>By.cssSelector: input[placeholder='email']
09:52:33.796  INFO  manager.ListenerWD - After find element ->>>>By.cssSelector: input[placeholder='email']
09:52:34.439  INFO  manager.ListenerWD - Before find element ->>>>By.cssSelector: input[placeholder='Address']
09:52:34.449  INFO  manager.ListenerWD - After find element ->>>>By.cssSelector: input[placeholder='Address']
09:52:35.124  INFO  manager.ListenerWD - Before find element ->>>>By.cssSelector: input[placeholder='description']
09:52:35.144  INFO  manager.ListenerWD - After find element ->>>>By.cssSelector: input[placeholder='description']
09:52:35.815  INFO  manager.ListenerWD - Before find element ->>>>By.xpath: //b[text()='Save']
09:52:35.827  INFO  manager.ListenerWD - After find element ->>>>By.xpath: //b[text()='Save']
09:52:35.851  INFO  manager.ListenerWD - Before find elements ->>>>By.cssSelector: a.active[href='/add']
09:52:35.861  INFO  manager.ListenerWD - After find elements ->>>>By.cssSelector: a.active[href='/add']
09:52:35.862  INFO  manager.ListenerWD - List suze is ->>>>1
09:52:35.862  INFO  manager.ListenerTNG - onTestSuccess ->>>>>>addNewContactWrongLastName
09:52:35.862  INFO  tests.TestBase - The name of starts method is --->addNewContactWrongName
09:52:35.863  INFO  manager.ListenerWD - Before find elements ->>>>By.xpath: //button[text()='Sign Out']
09:52:35.873  INFO  manager.ListenerWD - After find elements ->>>>By.xpath: //button[text()='Sign Out']
09:52:35.873  INFO  manager.ListenerWD - List suze is ->>>>1
09:52:35.873  INFO  manager.ListenerTNG - onTestStart->>>>>addNewContactWrongName
09:52:35.873  INFO  manager.ListenerWD - Before find element ->>>>By.cssSelector: a[href='/add']
09:52:35.884  INFO  manager.ListenerWD - After find element ->>>>By.cssSelector: a[href='/add']
09:52:35.910  INFO  manager.ListenerWD - Before find element ->>>>By.cssSelector: input[placeholder='Name']
09:52:35.921  INFO  manager.ListenerWD - After find element ->>>>By.cssSelector: input[placeholder='Name']
09:52:36.540  INFO  manager.ListenerWD - Before find element ->>>>By.cssSelector: input[placeholder='Last Name']
09:52:36.561  INFO  manager.ListenerWD - After find element ->>>>By.cssSelector: input[placeholder='Last Name']
09:52:37.212  INFO  manager.ListenerWD - Before find element ->>>>By.cssSelector: input[placeholder='Phone']
09:52:37.228  INFO  manager.ListenerWD - After find element ->>>>By.cssSelector: input[placeholder='Phone']
09:52:37.909  INFO  manager.ListenerWD - Before find element ->>>>By.cssSelector: input[placeholder='email']
09:52:37.920  INFO  manager.ListenerWD - After find element ->>>>By.cssSelector: input[placeholder='email']
09:52:38.580  INFO  manager.ListenerWD - Before find element ->>>>By.cssSelector: input[placeholder='Address']
09:52:38.591  INFO  manager.ListenerWD - After find element ->>>>By.cssSelector: input[placeholder='Address']
09:52:39.267  INFO  manager.ListenerWD - Before find element ->>>>By.cssSelector: input[placeholder='description']
09:52:39.289  INFO  manager.ListenerWD - After find element ->>>>By.cssSelector: input[placeholder='description']
09:52:39.921  INFO  manager.ListenerWD - Before find element ->>>>By.xpath: //b[text()='Save']
09:52:39.933  INFO  manager.ListenerWD - After find element ->>>>By.xpath: //b[text()='Save']
09:52:39.955  INFO  manager.ListenerWD - Before find elements ->>>>By.cssSelector: a.active[href='/add']
09:52:39.969  INFO  manager.ListenerWD - After find elements ->>>>By.cssSelector: a.active[href='/add']
09:52:39.969  INFO  manager.ListenerWD - List suze is ->>>>1
09:52:39.969  INFO  manager.ListenerTNG - onTestSuccess ->>>>>>addNewContactWrongName
09:52:39.970  INFO  tests.TestBase - The name of starts method is --->addNewContactWrongPhone
09:52:39.971  INFO  manager.ListenerWD - Before find elements ->>>>By.xpath: //button[text()='Sign Out']
09:52:39.983  INFO  manager.ListenerWD - After find elements ->>>>By.xpath: //button[text()='Sign Out']
09:52:39.983  INFO  manager.ListenerWD - List suze is ->>>>1
09:52:39.984  INFO  manager.ListenerTNG - onTestStart->>>>>addNewContactWrongPhone
09:52:39.984  INFO  manager.ListenerWD - Before find element ->>>>By.cssSelector: a[href='/add']
09:52:39.995  INFO  manager.ListenerWD - After find element ->>>>By.cssSelector: a[href='/add']
09:52:40.020  INFO  manager.ListenerWD - Before find element ->>>>By.cssSelector: input[placeholder='Name']
09:52:40.031  INFO  manager.ListenerWD - After find element ->>>>By.cssSelector: input[placeholder='Name']
09:52:40.651  INFO  manager.ListenerWD - Before find element ->>>>By.cssSelector: input[placeholder='Last Name']
09:52:40.671  INFO  manager.ListenerWD - After find element ->>>>By.cssSelector: input[placeholder='Last Name']
09:52:41.333  INFO  manager.ListenerWD - Before find element ->>>>By.cssSelector: input[placeholder='Phone']
09:52:41.344  INFO  manager.ListenerWD - After find element ->>>>By.cssSelector: input[placeholder='Phone']
09:52:41.971  INFO  manager.ListenerWD - Before find element ->>>>By.cssSelector: input[placeholder='email']
09:52:41.982  INFO  manager.ListenerWD - After find element ->>>>By.cssSelector: input[placeholder='email']
09:52:42.614  INFO  manager.ListenerWD - Before find element ->>>>By.cssSelector: input[placeholder='Address']
09:52:42.628  INFO  manager.ListenerWD - After find element ->>>>By.cssSelector: input[placeholder='Address']
09:52:43.257  INFO  manager.ListenerWD - Before find element ->>>>By.cssSelector: input[placeholder='description']
09:52:43.279  INFO  manager.ListenerWD - After find element ->>>>By.cssSelector: input[placeholder='description']
09:52:43.938  INFO  manager.ListenerWD - Before find element ->>>>By.xpath: //b[text()='Save']
09:52:43.951  INFO  manager.ListenerWD - After find element ->>>>By.xpath: //b[text()='Save']
09:52:43.978  INFO  manager.ListenerWD - Before find elements ->>>>By.cssSelector: a.active[href='/add']
09:52:43.992  INFO  manager.ListenerWD - After find elements ->>>>By.cssSelector: a.active[href='/add']
09:52:43.992  INFO  manager.ListenerWD - List suze is ->>>>1
09:52:43.997  INFO  manager.ListenerWD - The have a 'problem'
09:52:43.997  INFO  manager.ListenerWD - ++++++++++++++++++++++++++++++++++++
09:52:43.997  INFO  manager.ListenerWD - Method method ->>>>alert
09:52:43.997  INFO  manager.ListenerWD - ++++++++++++++++++++++++++
09:52:43.997  INFO  manager.ListenerWD - InvocationTargetException getTargetException() org.openqa.selenium.NoAlertPresentException: no such alert
  (Session info: chrome=109.0.5414.120)
Build info: version: '4.7.1', revision: 'c6795baf1a3'
System info: os.name: 'Windows 10', os.arch: 'amd64', os.version: '10.0', java.version: '11.0.17'
Driver info: org.openqa.selenium.chrome.ChromeDriver
Command: [69cd7d68385de6a306743bd42411a0c9, getAlertText {}]
Capabilities {acceptInsecureCerts: false, browserName: chrome, browserVersion: 109.0.5414.120, chrome: {chromedriverVersion: 109.0.5414.74 (e7c5703604da..., userDataDir: C:\Users\97252\AppData\Loca...}, goog:chromeOptions: {debuggerAddress: localhost:55331}, networkConnectionEnabled: false, pageLoadStrategy: normal, platformName: WINDOWS, proxy: Proxy(), se:cdp: ws://localhost:55331/devtoo..., se:cdpVersion: 109.0.5414.120, setWindowRect: true, strictFileInteractability: false, timeouts: {implicit: 0, pageLoad: 300000, script: 30000}, unhandledPromptBehavior: dismiss and notify, webauthn:extension:credBlob: true, webauthn:extension:largeBlob: true, webauthn:virtualAuthenticators: true}
Session ID: 69cd7d68385de6a306743bd42411a0c9
09:52:43.997  INFO  manager.ListenerWD - ++++++++++++++++++++++++++
09:52:43.997  INFO  manager.ListenerWD - Object target ->>>>>>org.openqa.selenium.remote.RemoteWebDriver$RemoteTargetLocator@6807989e
09:52:43.997  INFO  manager.ListenerWD - ++++++++++++++++++++++++++
09:52:45.052  INFO  manager.ListenerTNG - onTestSuccess ->>>>>>addNewContactWrongPhone
09:52:45.067  INFO  tests.TestBase - The name of starts method is --->loginSuccess
09:52:45.070  INFO  manager.ListenerWD - Before find elements ->>>>By.xpath: //button[text()='Sign Out']
09:52:45.094  INFO  manager.ListenerWD - After find elements ->>>>By.xpath: //button[text()='Sign Out']
09:52:45.094  INFO  manager.ListenerWD - List suze is ->>>>1
09:52:45.094  INFO  manager.ListenerWD - Before find element ->>>>By.xpath: //button[text()='Sign Out']
09:52:45.116  INFO  manager.ListenerWD - After find element ->>>>By.xpath: //button[text()='Sign Out']
09:52:45.160  INFO  tests.TestBase -  I need logout
09:52:45.160  INFO  manager.ListenerTNG - onTestStart->>>>>loginSuccess
09:52:45.166  INFO  tests.TestBase - Login with valid data :  email: reshef1986@gmail.com & password: Rr6146858!
09:52:45.166  INFO  manager.ListenerWD - Before find element ->>>>By.cssSelector: a[href='/login']
09:52:45.184  INFO  manager.ListenerWD - After find element ->>>>By.cssSelector: a[href='/login']
09:52:45.220  INFO  manager.ListenerWD - Before find element ->>>>By.name: email
09:52:45.234  INFO  manager.ListenerWD - After find element ->>>>By.name: email
09:52:45.906  INFO  manager.ListenerWD - Before find element ->>>>By.name: password
09:52:45.925  INFO  manager.ListenerWD - After find element ->>>>By.name: password
09:52:46.613  INFO  manager.ListenerWD - Before find element ->>>>By.cssSelector: [name='login']
09:52:46.640  INFO  manager.ListenerWD - After find element ->>>>By.cssSelector: [name='login']
09:52:46.682  INFO  manager.ListenerWD - Before find elements ->>>>By.xpath: //button[text()='Sign Out']
09:52:47.022  INFO  manager.ListenerWD - After find elements ->>>>By.xpath: //button[text()='Sign Out']
09:52:47.023  INFO  manager.ListenerWD - List suze is ->>>>1
09:52:47.023  INFO  tests.TestBase - Tests success
09:52:47.023  INFO  manager.ListenerTNG - onTestSuccess ->>>>>>loginSuccess
09:52:47.023  INFO  tests.TestBase - The name of starts method is --->loginSuccess
09:52:47.024  INFO  manager.ListenerWD - Before find elements ->>>>By.xpath: //button[text()='Sign Out']
09:52:47.034  INFO  manager.ListenerWD - After find elements ->>>>By.xpath: //button[text()='Sign Out']
09:52:47.034  INFO  manager.ListenerWD - List suze is ->>>>1
09:52:47.034  INFO  manager.ListenerWD - Before find element ->>>>By.xpath: //button[text()='Sign Out']
09:52:47.045  INFO  manager.ListenerWD - After find element ->>>>By.xpath: //button[text()='Sign Out']
09:52:47.080  INFO  tests.TestBase -  I need logout
09:52:47.081  INFO  manager.ListenerTNG - onTestStart->>>>>loginSuccess
09:52:47.081  INFO  tests.TestBase - Login with valid data :  email: reshef1986@gmail.com & password: Rr6146858!
09:52:47.081  INFO  manager.ListenerWD - Before find element ->>>>By.cssSelector: a[href='/login']
09:52:47.091  INFO  manager.ListenerWD - After find element ->>>>By.cssSelector: a[href='/login']
09:52:47.122  INFO  manager.ListenerWD - Before find element ->>>>By.name: email
09:52:47.131  INFO  manager.ListenerWD - After find element ->>>>By.name: email
09:52:47.756  INFO  manager.ListenerWD - Before find element ->>>>By.name: password
09:52:47.768  INFO  manager.ListenerWD - After find element ->>>>By.name: password
09:52:48.464  INFO  manager.ListenerWD - Before find element ->>>>By.cssSelector: [name='login']
09:52:48.476  INFO  manager.ListenerWD - After find element ->>>>By.cssSelector: [name='login']
09:52:48.510  INFO  manager.ListenerWD - Before find elements ->>>>By.xpath: //button[text()='Sign Out']
09:52:48.828  INFO  manager.ListenerWD - After find elements ->>>>By.xpath: //button[text()='Sign Out']
09:52:48.828  INFO  manager.ListenerWD - List suze is ->>>>1
09:52:48.828  INFO  tests.TestBase - Tests success
09:52:48.828  INFO  manager.ListenerTNG - onTestSuccess ->>>>>>loginSuccess
09:52:48.829  INFO  tests.TestBase - The name of starts method is --->loginSuccess
09:52:48.829  INFO  manager.ListenerWD - Before find elements ->>>>By.xpath: //button[text()='Sign Out']
09:52:48.843  INFO  manager.ListenerWD - After find elements ->>>>By.xpath: //button[text()='Sign Out']
09:52:48.843  INFO  manager.ListenerWD - List suze is ->>>>1
09:52:48.843  INFO  manager.ListenerWD - Before find element ->>>>By.xpath: //button[text()='Sign Out']
09:52:48.870  INFO  manager.ListenerWD - After find element ->>>>By.xpath: //button[text()='Sign Out']
09:52:48.915  INFO  tests.TestBase -  I need logout
09:52:48.916  INFO  manager.ListenerTNG - onTestStart->>>>>loginSuccess
09:52:48.916  INFO  tests.TestBase - Login with valid data :  email: reshef1986@gmail.com & password: Rr6146858!
09:52:48.916  INFO  manager.ListenerWD - Before find element ->>>>By.cssSelector: a[href='/login']
09:52:48.928  INFO  manager.ListenerWD - After find element ->>>>By.cssSelector: a[href='/login']
09:52:48.961  INFO  manager.ListenerWD - Before find element ->>>>By.name: email
09:52:48.973  INFO  manager.ListenerWD - After find element ->>>>By.name: email
09:52:49.712  INFO  manager.ListenerWD - Before find element ->>>>By.name: password
09:52:49.730  INFO  manager.ListenerWD - After find element ->>>>By.name: password
09:52:50.408  INFO  manager.ListenerWD - Before find element ->>>>By.cssSelector: [name='login']
09:52:50.428  INFO  manager.ListenerWD - After find element ->>>>By.cssSelector: [name='login']
09:52:50.466  INFO  manager.ListenerWD - Before find elements ->>>>By.xpath: //button[text()='Sign Out']
09:52:50.788  INFO  manager.ListenerWD - After find elements ->>>>By.xpath: //button[text()='Sign Out']
09:52:50.788  INFO  manager.ListenerWD - List suze is ->>>>1
09:52:50.788  INFO  tests.TestBase - Tests success
09:52:50.789  INFO  manager.ListenerTNG - onTestSuccess ->>>>>>loginSuccess
09:52:50.791  INFO  tests.TestBase - The name of starts method is --->loginSuccess2
09:52:50.791  INFO  manager.ListenerWD - Before find elements ->>>>By.xpath: //button[text()='Sign Out']
09:52:50.805  INFO  manager.ListenerWD - After find elements ->>>>By.xpath: //button[text()='Sign Out']
09:52:50.805  INFO  manager.ListenerWD - List suze is ->>>>1
09:52:50.805  INFO  manager.ListenerWD - Before find element ->>>>By.xpath: //button[text()='Sign Out']
09:52:50.816  INFO  manager.ListenerWD - After find element ->>>>By.xpath: //button[text()='Sign Out']
09:52:50.853  INFO  tests.TestBase -  I need logout
09:52:50.853  INFO  manager.ListenerTNG - onTestStart->>>>>loginSuccess2
09:52:50.854  INFO  tests.TestBase - Login with valid data :  email: reshef1986@gmail.com & password: Rr6146858!
09:52:50.854  INFO  manager.ListenerWD - Before find element ->>>>By.cssSelector: a[href='/login']
09:52:50.866  INFO  manager.ListenerWD - After find element ->>>>By.cssSelector: a[href='/login']
09:52:50.902  INFO  manager.ListenerWD - Before find element ->>>>By.name: email
09:52:50.912  INFO  manager.ListenerWD - After find element ->>>>By.name: email
09:52:51.576  INFO  manager.ListenerWD - Before find element ->>>>By.name: password
09:52:51.588  INFO  manager.ListenerWD - After find element ->>>>By.name: password
09:52:52.259  INFO  manager.ListenerWD - Before find element ->>>>By.cssSelector: [name='login']
09:52:52.280  INFO  manager.ListenerWD - After find element ->>>>By.cssSelector: [name='login']
09:52:52.316  INFO  manager.ListenerWD - Before find elements ->>>>By.xpath: //button[text()='Sign Out']
09:52:52.638  INFO  manager.ListenerWD - After find elements ->>>>By.xpath: //button[text()='Sign Out']
09:52:52.638  INFO  manager.ListenerWD - List suze is ->>>>1
09:52:52.638  INFO  tests.TestBase - Tests success
09:52:52.638  INFO  manager.ListenerTNG - onTestSuccess ->>>>>>loginSuccess2
09:52:52.639  INFO  tests.TestBase - The name of starts method is --->loginSuccess2
09:52:52.639  INFO  manager.ListenerWD - Before find elements ->>>>By.xpath: //button[text()='Sign Out']
09:52:52.652  INFO  manager.ListenerWD - After find elements ->>>>By.xpath: //button[text()='Sign Out']
09:52:52.652  INFO  manager.ListenerWD - List suze is ->>>>1
09:52:52.652  INFO  manager.ListenerWD - Before find element ->>>>By.xpath: //button[text()='Sign Out']
09:52:52.665  INFO  manager.ListenerWD - After find element ->>>>By.xpath: //button[text()='Sign Out']
09:52:52.703  INFO  tests.TestBase -  I need logout
09:52:52.704  INFO  manager.ListenerTNG - onTestStart->>>>>loginSuccess2
09:52:52.704  INFO  tests.TestBase - Login with valid data :  email: reshef1986@gmail.com & password: Rr6146858!
09:52:52.704  INFO  manager.ListenerWD - Before find element ->>>>By.cssSelector: a[href='/login']
09:52:52.715  INFO  manager.ListenerWD - After find element ->>>>By.cssSelector: a[href='/login']
09:52:52.748  INFO  manager.ListenerWD - Before find element ->>>>By.name: email
09:52:52.758  INFO  manager.ListenerWD - After find element ->>>>By.name: email
09:52:53.388  INFO  manager.ListenerWD - Before find element ->>>>By.name: password
09:52:53.401  INFO  manager.ListenerWD - After find element ->>>>By.name: password
09:52:54.094  INFO  manager.ListenerWD - Before find element ->>>>By.cssSelector: [name='login']
09:52:54.108  INFO  manager.ListenerWD - After find element ->>>>By.cssSelector: [name='login']
09:52:54.145  INFO  manager.ListenerWD - Before find elements ->>>>By.xpath: //button[text()='Sign Out']
09:52:54.477  INFO  manager.ListenerWD - After find elements ->>>>By.xpath: //button[text()='Sign Out']
09:52:54.477  INFO  manager.ListenerWD - List suze is ->>>>1
09:52:54.477  INFO  tests.TestBase - Tests success
09:52:54.477  INFO  manager.ListenerTNG - onTestSuccess ->>>>>>loginSuccess2
09:52:54.478  INFO  tests.TestBase - The name of starts method is --->loginSuccess2
09:52:54.478  INFO  manager.ListenerWD - Before find elements ->>>>By.xpath: //button[text()='Sign Out']
09:52:54.493  INFO  manager.ListenerWD - After find elements ->>>>By.xpath: //button[text()='Sign Out']
09:52:54.493  INFO  manager.ListenerWD - List suze is ->>>>1
09:52:54.493  INFO  manager.ListenerWD - Before find element ->>>>By.xpath: //button[text()='Sign Out']
09:52:54.508  INFO  manager.ListenerWD - After find element ->>>>By.xpath: //button[text()='Sign Out']
09:52:54.560  INFO  tests.TestBase -  I need logout
09:52:54.561  INFO  manager.ListenerTNG - onTestStart->>>>>loginSuccess2
09:52:54.561  INFO  tests.TestBase - Login with valid data :  email: reshef1986@gmail.com & password: Rr6146858!
09:52:54.561  INFO  manager.ListenerWD - Before find element ->>>>By.cssSelector: a[href='/login']
09:52:54.577  INFO  manager.ListenerWD - After find element ->>>>By.cssSelector: a[href='/login']
09:52:54.616  INFO  manager.ListenerWD - Before find element ->>>>By.name: email
09:52:54.627  INFO  manager.ListenerWD - After find element ->>>>By.name: email
09:52:55.284  INFO  manager.ListenerWD - Before find element ->>>>By.name: password
09:52:55.294  INFO  manager.ListenerWD - After find element ->>>>By.name: password
09:52:55.970  INFO  manager.ListenerWD - Before find element ->>>>By.cssSelector: [name='login']
09:52:55.990  INFO  manager.ListenerWD - After find element ->>>>By.cssSelector: [name='login']
09:52:56.033  INFO  manager.ListenerWD - Before find elements ->>>>By.xpath: //button[text()='Sign Out']
09:52:56.361  INFO  manager.ListenerWD - After find elements ->>>>By.xpath: //button[text()='Sign Out']
09:52:56.361  INFO  manager.ListenerWD - List suze is ->>>>1
09:52:56.361  INFO  tests.TestBase - Tests success
09:52:56.361  INFO  manager.ListenerTNG - onTestSuccess ->>>>>>loginSuccess2
09:52:56.362  INFO  tests.TestBase - The name of starts method is --->loginSuccessModel
09:52:56.362  INFO  manager.ListenerWD - Before find elements ->>>>By.xpath: //button[text()='Sign Out']
09:52:56.375  INFO  manager.ListenerWD - After find elements ->>>>By.xpath: //button[text()='Sign Out']
09:52:56.375  INFO  manager.ListenerWD - List suze is ->>>>1
09:52:56.376  INFO  manager.ListenerWD - Before find element ->>>>By.xpath: //button[text()='Sign Out']
09:52:56.389  INFO  manager.ListenerWD - After find element ->>>>By.xpath: //button[text()='Sign Out']
09:52:56.423  INFO  tests.TestBase -  I need logout
09:52:56.424  INFO  manager.ListenerTNG - onTestStart->>>>>loginSuccessModel
09:52:56.429  INFO  tests.TestBase - Test start  wheth user model ---->User(email=reshef1986@gmail.com, password=Rr6146858!)
09:52:56.429  INFO  manager.ListenerWD - Before find element ->>>>By.cssSelector: a[href='/login']
09:52:56.440  INFO  manager.ListenerWD - After find element ->>>>By.cssSelector: a[href='/login']
09:52:56.475  INFO  manager.ListenerWD - Before find element ->>>>By.name: email
09:52:56.486  INFO  manager.ListenerWD - After find element ->>>>By.name: email
09:52:57.181  INFO  manager.ListenerWD - Before find element ->>>>By.name: password
09:52:57.193  INFO  manager.ListenerWD - After find element ->>>>By.name: password
09:52:57.815  INFO  manager.ListenerWD - Before find element ->>>>By.cssSelector: [name='login']
09:52:57.825  INFO  manager.ListenerWD - After find element ->>>>By.cssSelector: [name='login']
09:52:57.861  INFO  manager.ListenerWD - Before find elements ->>>>By.xpath: //button[text()='Sign Out']
09:52:58.183  INFO  manager.ListenerWD - After find elements ->>>>By.xpath: //button[text()='Sign Out']
09:52:58.183  INFO  manager.ListenerWD - List suze is ->>>>1
09:52:58.183  INFO  manager.ListenerTNG - onTestSuccess ->>>>>>loginSuccessModel
09:52:58.183  INFO  tests.TestBase - The name of starts method is --->loginSuccessModel
09:52:58.183  INFO  manager.ListenerWD - Before find elements ->>>>By.xpath: //button[text()='Sign Out']
09:52:58.192  INFO  manager.ListenerWD - After find elements ->>>>By.xpath: //button[text()='Sign Out']
09:52:58.192  INFO  manager.ListenerWD - List suze is ->>>>1
09:52:58.193  INFO  manager.ListenerWD - Before find element ->>>>By.xpath: //button[text()='Sign Out']
09:52:58.202  INFO  manager.ListenerWD - After find element ->>>>By.xpath: //button[text()='Sign Out']
09:52:58.237  INFO  tests.TestBase -  I need logout
09:52:58.238  INFO  manager.ListenerTNG - onTestStart->>>>>loginSuccessModel
09:52:58.238  INFO  tests.TestBase - Test start  wheth user model ---->User(email=reshef1986@gmail.com, password=Rr6146858!)
09:52:58.238  INFO  manager.ListenerWD - Before find element ->>>>By.cssSelector: a[href='/login']
09:52:58.249  INFO  manager.ListenerWD - After find element ->>>>By.cssSelector: a[href='/login']
09:52:58.291  INFO  manager.ListenerWD - Before find element ->>>>By.name: email
09:52:58.304  INFO  manager.ListenerWD - After find element ->>>>By.name: email
09:52:59.009  INFO  manager.ListenerWD - Before find element ->>>>By.name: password
09:52:59.020  INFO  manager.ListenerWD - After find element ->>>>By.name: password
09:52:59.734  INFO  manager.ListenerWD - Before find element ->>>>By.cssSelector: [name='login']
09:52:59.753  INFO  manager.ListenerWD - After find element ->>>>By.cssSelector: [name='login']
09:52:59.791  INFO  manager.ListenerWD - Before find elements ->>>>By.xpath: //button[text()='Sign Out']
09:53:00.109  INFO  manager.ListenerWD - After find elements ->>>>By.xpath: //button[text()='Sign Out']
09:53:00.109  INFO  manager.ListenerWD - List suze is ->>>>1
09:53:00.109  INFO  manager.ListenerTNG - onTestSuccess ->>>>>>loginSuccessModel
09:53:00.110  INFO  tests.TestBase - The name of starts method is --->loginSuccessModel
09:53:00.111  INFO  manager.ListenerWD - Before find elements ->>>>By.xpath: //button[text()='Sign Out']
09:53:00.123  INFO  manager.ListenerWD - After find elements ->>>>By.xpath: //button[text()='Sign Out']
09:53:00.123  INFO  manager.ListenerWD - List suze is ->>>>1
09:53:00.123  INFO  manager.ListenerWD - Before find element ->>>>By.xpath: //button[text()='Sign Out']
09:53:00.136  INFO  manager.ListenerWD - After find element ->>>>By.xpath: //button[text()='Sign Out']
09:53:00.173  INFO  tests.TestBase -  I need logout
09:53:00.174  INFO  manager.ListenerTNG - onTestStart->>>>>loginSuccessModel
09:53:00.175  INFO  tests.TestBase - Test start  wheth user model ---->User(email=reshef1986@gmail.com, password=Rr6146858!)
09:53:00.175  INFO  manager.ListenerWD - Before find element ->>>>By.cssSelector: a[href='/login']
09:53:00.185  INFO  manager.ListenerWD - After find element ->>>>By.cssSelector: a[href='/login']
09:53:00.218  INFO  manager.ListenerWD - Before find element ->>>>By.name: email
09:53:00.228  INFO  manager.ListenerWD - After find element ->>>>By.name: email
09:53:00.934  INFO  manager.ListenerWD - Before find element ->>>>By.name: password
09:53:00.946  INFO  manager.ListenerWD - After find element ->>>>By.name: password
09:53:01.640  INFO  manager.ListenerWD - Before find element ->>>>By.cssSelector: [name='login']
09:53:01.661  INFO  manager.ListenerWD - After find element ->>>>By.cssSelector: [name='login']
09:53:01.716  INFO  manager.ListenerWD - Before find elements ->>>>By.xpath: //button[text()='Sign Out']
09:53:02.049  INFO  manager.ListenerWD - After find elements ->>>>By.xpath: //button[text()='Sign Out']
09:53:02.049  INFO  manager.ListenerWD - List suze is ->>>>1
09:53:02.050  INFO  manager.ListenerTNG - onTestSuccess ->>>>>>loginSuccessModel
09:53:02.052  INFO  tests.TestBase - The name of starts method is --->loginSuccessModelFromFile
09:53:02.053  INFO  manager.ListenerWD - Before find elements ->>>>By.xpath: //button[text()='Sign Out']
09:53:02.071  INFO  manager.ListenerWD - After find elements ->>>>By.xpath: //button[text()='Sign Out']
09:53:02.071  INFO  manager.ListenerWD - List suze is ->>>>1
09:53:02.071  INFO  manager.ListenerWD - Before find element ->>>>By.xpath: //button[text()='Sign Out']
09:53:02.092  INFO  manager.ListenerWD - After find element ->>>>By.xpath: //button[text()='Sign Out']
09:53:02.137  INFO  tests.TestBase -  I need logout
09:53:02.138  INFO  manager.ListenerTNG - onTestStart->>>>>loginSuccessModelFromFile
09:53:02.139  INFO  tests.TestBase - Test start  wheth user model ---->User(email=reshef1986@gmail.com, password=Rr6146858!)
09:53:02.139  INFO  manager.ListenerWD - Before find element ->>>>By.cssSelector: a[href='/login']
09:53:02.153  INFO  manager.ListenerWD - After find element ->>>>By.cssSelector: a[href='/login']
09:53:02.194  INFO  manager.ListenerWD - Before find element ->>>>By.name: email
09:53:02.209  INFO  manager.ListenerWD - After find element ->>>>By.name: email
09:53:02.849  INFO  manager.ListenerWD - Before find element ->>>>By.name: password
09:53:02.859  INFO  manager.ListenerWD - After find element ->>>>By.name: password
09:53:03.526  INFO  manager.ListenerWD - Before find element ->>>>By.cssSelector: [name='login']
09:53:03.538  INFO  manager.ListenerWD - After find element ->>>>By.cssSelector: [name='login']
09:53:03.582  INFO  manager.ListenerWD - Before find elements ->>>>By.xpath: //button[text()='Sign Out']
09:53:03.904  INFO  manager.ListenerWD - After find elements ->>>>By.xpath: //button[text()='Sign Out']
09:53:03.904  INFO  manager.ListenerWD - List suze is ->>>>1
09:53:03.904  INFO  manager.ListenerTNG - onTestSuccess ->>>>>>loginSuccessModelFromFile
09:53:03.905  INFO  tests.TestBase - The name of starts method is --->loginSuccessModelFromFile
09:53:03.906  INFO  manager.ListenerWD - Before find elements ->>>>By.xpath: //button[text()='Sign Out']
09:53:03.923  INFO  manager.ListenerWD - After find elements ->>>>By.xpath: //button[text()='Sign Out']
09:53:03.923  INFO  manager.ListenerWD - List suze is ->>>>1
09:53:03.923  INFO  manager.ListenerWD - Before find element ->>>>By.xpath: //button[text()='Sign Out']
09:53:03.934  INFO  manager.ListenerWD - After find element ->>>>By.xpath: //button[text()='Sign Out']
09:53:03.979  INFO  tests.TestBase -  I need logout
09:53:03.980  INFO  manager.ListenerTNG - onTestStart->>>>>loginSuccessModelFromFile
09:53:03.980  INFO  tests.TestBase - Test start  wheth user model ---->User(email=reshef1986@gmail.com, password=Rr6146858!)
09:53:03.980  INFO  manager.ListenerWD - Before find element ->>>>By.cssSelector: a[href='/login']
09:53:03.993  INFO  manager.ListenerWD - After find element ->>>>By.cssSelector: a[href='/login']
09:53:04.031  INFO  manager.ListenerWD - Before find element ->>>>By.name: email
09:53:04.041  INFO  manager.ListenerWD - After find element ->>>>By.name: email
09:53:04.737  INFO  manager.ListenerWD - Before find element ->>>>By.name: password
09:53:04.749  INFO  manager.ListenerWD - After find element ->>>>By.name: password
09:53:05.427  INFO  manager.ListenerWD - Before find element ->>>>By.cssSelector: [name='login']
09:53:05.447  INFO  manager.ListenerWD - After find element ->>>>By.cssSelector: [name='login']
09:53:05.487  INFO  manager.ListenerWD - Before find elements ->>>>By.xpath: //button[text()='Sign Out']
09:53:05.809  INFO  manager.ListenerWD - After find elements ->>>>By.xpath: //button[text()='Sign Out']
09:53:05.809  INFO  manager.ListenerWD - List suze is ->>>>1
09:53:05.809  INFO  manager.ListenerTNG - onTestSuccess ->>>>>>loginSuccessModelFromFile
09:53:05.810  INFO  tests.TestBase - The name of starts method is --->loginSuccessModelFromFile
09:53:05.810  INFO  manager.ListenerWD - Before find elements ->>>>By.xpath: //button[text()='Sign Out']
09:53:05.823  INFO  manager.ListenerWD - After find elements ->>>>By.xpath: //button[text()='Sign Out']
09:53:05.823  INFO  manager.ListenerWD - List suze is ->>>>1
09:53:05.823  INFO  manager.ListenerWD - Before find element ->>>>By.xpath: //button[text()='Sign Out']
09:53:05.835  INFO  manager.ListenerWD - After find element ->>>>By.xpath: //button[text()='Sign Out']
09:53:05.871  INFO  tests.TestBase -  I need logout
09:53:05.872  INFO  manager.ListenerTNG - onTestStart->>>>>loginSuccessModelFromFile
09:53:05.872  INFO  tests.TestBase - Test start  wheth user model ---->User(email=reshef1986@gmail.com, password=Rr6146858!)
09:53:05.872  INFO  manager.ListenerWD - Before find element ->>>>By.cssSelector: a[href='/login']
09:53:05.884  INFO  manager.ListenerWD - After find element ->>>>By.cssSelector: a[href='/login']
09:53:05.917  INFO  manager.ListenerWD - Before find element ->>>>By.name: email
09:53:05.928  INFO  manager.ListenerWD - After find element ->>>>By.name: email
09:53:06.600  INFO  manager.ListenerWD - Before find element ->>>>By.name: password
09:53:06.613  INFO  manager.ListenerWD - After find element ->>>>By.name: password
09:53:07.307  INFO  manager.ListenerWD - Before find element ->>>>By.cssSelector: [name='login']
09:53:07.319  INFO  manager.ListenerWD - After find element ->>>>By.cssSelector: [name='login']
09:53:07.353  INFO  manager.ListenerWD - Before find elements ->>>>By.xpath: //button[text()='Sign Out']
09:53:07.684  INFO  manager.ListenerWD - After find elements ->>>>By.xpath: //button[text()='Sign Out']
09:53:07.684  INFO  manager.ListenerWD - List suze is ->>>>1
09:53:07.684  INFO  manager.ListenerTNG - onTestSuccess ->>>>>>loginSuccessModelFromFile
09:53:07.685  INFO  tests.TestBase - The name of starts method is --->loginSuccessNew
09:53:07.685  INFO  manager.ListenerWD - Before find elements ->>>>By.xpath: //button[text()='Sign Out']
09:53:07.695  INFO  manager.ListenerWD - After find elements ->>>>By.xpath: //button[text()='Sign Out']
09:53:07.696  INFO  manager.ListenerWD - List suze is ->>>>1
09:53:07.696  INFO  manager.ListenerWD - Before find element ->>>>By.xpath: //button[text()='Sign Out']
09:53:07.705  INFO  manager.ListenerWD - After find element ->>>>By.xpath: //button[text()='Sign Out']
09:53:07.744  INFO  tests.TestBase -  I need logout
09:53:07.744  INFO  manager.ListenerTNG - onTestStart->>>>>loginSuccessNew
09:53:07.745  INFO  manager.ListenerWD - Before find element ->>>>By.cssSelector: a[href='/login']
09:53:07.755  INFO  manager.ListenerWD - After find element ->>>>By.cssSelector: a[href='/login']
09:53:07.788  INFO  manager.ListenerWD - Before find element ->>>>By.name: email
09:53:07.799  INFO  manager.ListenerWD - After find element ->>>>By.name: email
09:53:08.489  INFO  manager.ListenerWD - Before find element ->>>>By.name: password
09:53:08.501  INFO  manager.ListenerWD - After find element ->>>>By.name: password
09:53:09.231  INFO  manager.ListenerWD - Before find element ->>>>By.cssSelector: [name='login']
09:53:09.248  INFO  manager.ListenerWD - After find element ->>>>By.cssSelector: [name='login']
09:53:09.300  INFO  manager.ListenerWD - Before find elements ->>>>By.xpath: //button[text()='Sign Out']
09:53:09.636  INFO  manager.ListenerWD - After find elements ->>>>By.xpath: //button[text()='Sign Out']
09:53:09.636  INFO  manager.ListenerWD - List suze is ->>>>1
09:53:09.636  INFO  manager.ListenerTNG - onTestSuccess ->>>>>>loginSuccessNew
09:53:09.637  INFO  tests.TestBase - The name of starts method is --->loginSuccessNew
09:53:09.638  INFO  manager.ListenerWD - Before find elements ->>>>By.xpath: //button[text()='Sign Out']
09:53:09.655  INFO  manager.ListenerWD - After find elements ->>>>By.xpath: //button[text()='Sign Out']
09:53:09.655  INFO  manager.ListenerWD - List suze is ->>>>1
09:53:09.655  INFO  manager.ListenerWD - Before find element ->>>>By.xpath: //button[text()='Sign Out']
09:53:09.668  INFO  manager.ListenerWD - After find element ->>>>By.xpath: //button[text()='Sign Out']
09:53:09.708  INFO  tests.TestBase -  I need logout
09:53:09.709  INFO  manager.ListenerTNG - onTestStart->>>>>loginSuccessNew
09:53:09.709  INFO  manager.ListenerWD - Before find element ->>>>By.cssSelector: a[href='/login']
09:53:09.719  INFO  manager.ListenerWD - After find element ->>>>By.cssSelector: a[href='/login']
09:53:09.753  INFO  manager.ListenerWD - Before find element ->>>>By.name: email
09:53:09.765  INFO  manager.ListenerWD - After find element ->>>>By.name: email
09:53:10.405  INFO  manager.ListenerWD - Before find element ->>>>By.name: password
09:53:10.415  INFO  manager.ListenerWD - After find element ->>>>By.name: password
09:53:11.108  INFO  manager.ListenerWD - Before find element ->>>>By.cssSelector: [name='login']
09:53:11.120  INFO  manager.ListenerWD - After find element ->>>>By.cssSelector: [name='login']
09:53:11.153  INFO  manager.ListenerWD - Before find elements ->>>>By.xpath: //button[text()='Sign Out']
09:53:11.476  INFO  manager.ListenerWD - After find elements ->>>>By.xpath: //button[text()='Sign Out']
09:53:11.476  INFO  manager.ListenerWD - List suze is ->>>>1
09:53:11.476  INFO  manager.ListenerTNG - onTestSuccess ->>>>>>loginSuccessNew
09:53:11.477  INFO  tests.TestBase - The name of starts method is --->loginUnregisterUser
09:53:11.477  INFO  manager.ListenerWD - Before find elements ->>>>By.xpath: //button[text()='Sign Out']
09:53:11.492  INFO  manager.ListenerWD - After find elements ->>>>By.xpath: //button[text()='Sign Out']
09:53:11.492  INFO  manager.ListenerWD - List suze is ->>>>1
09:53:11.492  INFO  manager.ListenerWD - Before find element ->>>>By.xpath: //button[text()='Sign Out']
09:53:11.506  INFO  manager.ListenerWD - After find element ->>>>By.xpath: //button[text()='Sign Out']
09:53:11.556  INFO  tests.TestBase -  I need logout
09:53:11.557  INFO  manager.ListenerTNG - onTestStart->>>>>loginUnregisterUser
09:53:11.558  INFO  manager.ListenerWD - Before find element ->>>>By.cssSelector: a[href='/login']
09:53:11.568  INFO  manager.ListenerWD - After find element ->>>>By.cssSelector: a[href='/login']
09:53:11.606  INFO  manager.ListenerWD - Before find element ->>>>By.name: email
09:53:11.616  INFO  manager.ListenerWD - After find element ->>>>By.name: email
09:53:12.298  INFO  manager.ListenerWD - Before find element ->>>>By.name: password
09:53:12.308  INFO  manager.ListenerWD - After find element ->>>>By.name: password
09:53:12.963  INFO  manager.ListenerWD - Before find element ->>>>By.cssSelector: [name='login']
09:53:12.979  INFO  manager.ListenerWD - After find element ->>>>By.cssSelector: [name='login']
09:53:13.026  INFO  manager.ListenerWD - Before find elements ->>>>By.xpath: //button[text()='Sign Out']
09:53:13.432  INFO  manager.ListenerWD - After find elements ->>>>By.xpath: //button[text()='Sign Out']
09:53:13.432  INFO  manager.ListenerWD - List suze is ->>>>0
09:53:13.958  INFO  manager.ListenerTNG - onTestSuccess ->>>>>>loginUnregisterUser
09:53:13.960  INFO  tests.TestBase - The name of starts method is --->loginWrongEmail
09:53:13.961  INFO  manager.ListenerWD - Before find elements ->>>>By.xpath: //button[text()='Sign Out']
09:53:19.010  INFO  manager.ListenerWD - After find elements ->>>>By.xpath: //button[text()='Sign Out']
09:53:19.010  INFO  manager.ListenerWD - List suze is ->>>>0
09:53:19.010  INFO  manager.ListenerTNG - onTestStart->>>>>loginWrongEmail
09:53:19.011  INFO  manager.ListenerWD - Before find element ->>>>By.cssSelector: a[href='/login']
09:53:19.029  INFO  manager.ListenerWD - After find element ->>>>By.cssSelector: a[href='/login']
09:53:19.067  INFO  manager.ListenerWD - Before find element ->>>>By.name: email
09:53:19.079  INFO  manager.ListenerWD - After find element ->>>>By.name: email
09:53:19.726  INFO  manager.ListenerWD - Before find element ->>>>By.name: password
09:53:19.736  INFO  manager.ListenerWD - After find element ->>>>By.name: password
09:53:20.363  INFO  manager.ListenerWD - Before find element ->>>>By.cssSelector: [name='login']
09:53:20.380  INFO  manager.ListenerWD - After find element ->>>>By.cssSelector: [name='login']
09:53:20.411  INFO  manager.ListenerWD - Before find elements ->>>>By.xpath: //button[text()='Sign Out']
09:53:20.838  INFO  manager.ListenerWD - After find elements ->>>>By.xpath: //button[text()='Sign Out']
09:53:20.838  INFO  manager.ListenerWD - List suze is ->>>>0
09:53:21.356  INFO  tests.TestBase - Error message is : 'Wrong email or password' 
09:53:21.356  INFO  manager.ListenerTNG - onTestSuccess ->>>>>>loginWrongEmail
09:53:21.357  INFO  tests.TestBase - The name of starts method is --->loginWrongPassword
09:53:21.358  INFO  manager.ListenerWD - Before find elements ->>>>By.xpath: //button[text()='Sign Out']
09:53:26.407  INFO  manager.ListenerWD - After find elements ->>>>By.xpath: //button[text()='Sign Out']
09:53:26.407  INFO  manager.ListenerWD - List suze is ->>>>0
09:53:26.408  INFO  manager.ListenerTNG - onTestStart->>>>>loginWrongPassword
09:53:26.408  INFO  manager.ListenerWD - Before find element ->>>>By.cssSelector: a[href='/login']
09:53:26.419  INFO  manager.ListenerWD - After find element ->>>>By.cssSelector: a[href='/login']
09:53:26.450  INFO  manager.ListenerWD - Before find element ->>>>By.name: email
09:53:26.463  INFO  manager.ListenerWD - After find element ->>>>By.name: email
09:53:27.125  INFO  manager.ListenerWD - Before find element ->>>>By.name: password
09:53:27.139  INFO  manager.ListenerWD - After find element ->>>>By.name: password
09:53:27.805  INFO  manager.ListenerWD - Before find element ->>>>By.cssSelector: [name='login']
09:53:27.828  INFO  manager.ListenerWD - After find element ->>>>By.cssSelector: [name='login']
09:53:27.863  INFO  manager.ListenerWD - Before find elements ->>>>By.xpath: //button[text()='Sign Out']
09:53:28.243  INFO  manager.ListenerWD - After find elements ->>>>By.xpath: //button[text()='Sign Out']
09:53:28.243  INFO  manager.ListenerWD - List suze is ->>>>0
09:53:28.775  INFO  manager.ListenerTNG - onTestSuccess ->>>>>>loginWrongPassword
09:53:28.778  INFO  tests.TestBase - The name of starts method is --->registrationSuccess
09:53:28.780  INFO  manager.ListenerWD - Before find elements ->>>>By.xpath: //button[text()='Sign Out']
09:53:33.796  INFO  manager.ListenerWD - After find elements ->>>>By.xpath: //button[text()='Sign Out']
09:53:33.796  INFO  manager.ListenerWD - List suze is ->>>>0
09:53:33.797  INFO  manager.ListenerTNG - onTestStart->>>>>registrationSuccess
09:53:33.797  INFO  manager.ListenerWD - Before find element ->>>>By.cssSelector: a[href='/login']
09:53:33.817  INFO  manager.ListenerWD - After find element ->>>>By.cssSelector: a[href='/login']
09:53:33.852  INFO  manager.ListenerWD - Before find element ->>>>By.name: email
09:53:33.863  INFO  manager.ListenerWD - After find element ->>>>By.name: email
09:53:34.552  INFO  manager.ListenerWD - Before find element ->>>>By.name: password
09:53:34.574  INFO  manager.ListenerWD - After find element ->>>>By.name: password
09:53:35.256  INFO  manager.ListenerWD - Before find element ->>>>By.cssSelector: [name='registration']
09:53:35.280  INFO  manager.ListenerWD - After find element ->>>>By.cssSelector: [name='registration']
09:53:35.313  INFO  manager.ListenerWD - Before find elements ->>>>By.xpath: //button[text()='Sign Out']
09:53:35.842  INFO  manager.ListenerWD - After find elements ->>>>By.xpath: //button[text()='Sign Out']
09:53:35.842  INFO  manager.ListenerWD - List suze is ->>>>1
09:53:35.842  INFO  manager.ListenerTNG - onTestSuccess ->>>>>>registrationSuccess
09:53:35.843  INFO  tests.TestBase - The name of starts method is --->registrationUserAlreadyExists
09:53:35.844  INFO  manager.ListenerWD - Before find elements ->>>>By.xpath: //button[text()='Sign Out']
09:53:35.861  INFO  manager.ListenerWD - After find elements ->>>>By.xpath: //button[text()='Sign Out']
09:53:35.861  INFO  manager.ListenerWD - List suze is ->>>>1
09:53:35.861  INFO  manager.ListenerWD - Before find element ->>>>By.xpath: //button[text()='Sign Out']
09:53:35.876  INFO  manager.ListenerWD - After find element ->>>>By.xpath: //button[text()='Sign Out']
09:53:35.919  INFO  manager.ListenerTNG - onTestStart->>>>>registrationUserAlreadyExists
09:53:35.919  INFO  manager.ListenerWD - Before find element ->>>>By.cssSelector: a[href='/login']
09:53:35.931  INFO  manager.ListenerWD - After find element ->>>>By.cssSelector: a[href='/login']
09:53:35.973  INFO  manager.ListenerWD - Before find element ->>>>By.name: email
09:53:35.985  INFO  manager.ListenerWD - After find element ->>>>By.name: email
09:53:36.717  INFO  manager.ListenerWD - Before find element ->>>>By.name: password
09:53:36.726  INFO  manager.ListenerWD - After find element ->>>>By.name: password
09:53:37.381  INFO  manager.ListenerWD - Before find element ->>>>By.cssSelector: [name='registration']
09:53:37.397  INFO  manager.ListenerWD - After find element ->>>>By.cssSelector: [name='registration']
09:53:37.444  INFO  manager.ListenerWD - The have a 'problem'
09:53:37.444  INFO  manager.ListenerWD - ++++++++++++++++++++++++++++++++++++
09:53:37.444  INFO  manager.ListenerWD - Method method ->>>>alert
09:53:37.444  INFO  manager.ListenerWD - ++++++++++++++++++++++++++
09:53:37.444  INFO  manager.ListenerWD - InvocationTargetException getTargetException() org.openqa.selenium.NoAlertPresentException: no such alert
  (Session info: chrome=109.0.5414.120)
Build info: version: '4.7.1', revision: 'c6795baf1a3'
System info: os.name: 'Windows 10', os.arch: 'amd64', os.version: '10.0', java.version: '11.0.17'
Driver info: org.openqa.selenium.chrome.ChromeDriver
Command: [69cd7d68385de6a306743bd42411a0c9, getAlertText {}]
Capabilities {acceptInsecureCerts: false, browserName: chrome, browserVersion: 109.0.5414.120, chrome: {chromedriverVersion: 109.0.5414.74 (e7c5703604da..., userDataDir: C:\Users\97252\AppData\Loca...}, goog:chromeOptions: {debuggerAddress: localhost:55331}, networkConnectionEnabled: false, pageLoadStrategy: normal, platformName: WINDOWS, proxy: Proxy(), se:cdp: ws://localhost:55331/devtoo..., se:cdpVersion: 109.0.5414.120, setWindowRect: true, strictFileInteractability: false, timeouts: {implicit: 0, pageLoad: 300000, script: 30000}, unhandledPromptBehavior: dismiss and notify, webauthn:extension:credBlob: true, webauthn:extension:largeBlob: true, webauthn:virtualAuthenticators: true}
Session ID: 69cd7d68385de6a306743bd42411a0c9
09:53:37.444  INFO  manager.ListenerWD - ++++++++++++++++++++++++++
09:53:37.444  INFO  manager.ListenerWD - Object target ->>>>>>org.openqa.selenium.remote.RemoteWebDriver$RemoteTargetLocator@6c930e7e
09:53:37.444  INFO  manager.ListenerWD - ++++++++++++++++++++++++++
09:53:38.497  INFO  manager.ListenerTNG - onTestSuccess ->>>>>>registrationUserAlreadyExists
09:53:38.500  INFO  tests.TestBase - The name of starts method is --->registrationWrongEmail
09:53:38.501  INFO  manager.ListenerWD - Before find elements ->>>>By.xpath: //button[text()='Sign Out']
09:53:43.571  INFO  manager.ListenerWD - After find elements ->>>>By.xpath: //button[text()='Sign Out']
09:53:43.572  INFO  manager.ListenerWD - List suze is ->>>>0
09:53:43.572  INFO  manager.ListenerTNG - onTestStart->>>>>registrationWrongEmail
09:53:43.573  INFO  manager.ListenerWD - Before find element ->>>>By.cssSelector: a[href='/login']
09:53:43.601  INFO  manager.ListenerWD - After find element ->>>>By.cssSelector: a[href='/login']
09:53:43.675  INFO  manager.ListenerWD - Before find element ->>>>By.name: email
09:53:43.695  INFO  manager.ListenerWD - After find element ->>>>By.name: email
09:53:44.406  INFO  manager.ListenerWD - Before find element ->>>>By.name: password
09:53:44.422  INFO  manager.ListenerWD - After find element ->>>>By.name: password
09:53:45.087  INFO  manager.ListenerWD - Before find element ->>>>By.cssSelector: [name='registration']
09:53:45.107  INFO  manager.ListenerWD - After find element ->>>>By.cssSelector: [name='registration']
09:53:45.177  INFO  manager.ListenerWD - The have a 'problem'
09:53:45.178  INFO  manager.ListenerWD - ++++++++++++++++++++++++++++++++++++
09:53:45.178  INFO  manager.ListenerWD - Method method ->>>>alert
09:53:45.178  INFO  manager.ListenerWD - ++++++++++++++++++++++++++
09:53:45.178  INFO  manager.ListenerWD - InvocationTargetException getTargetException() org.openqa.selenium.NoAlertPresentException: no such alert
  (Session info: chrome=109.0.5414.120)
Build info: version: '4.7.1', revision: 'c6795baf1a3'
System info: os.name: 'Windows 10', os.arch: 'amd64', os.version: '10.0', java.version: '11.0.17'
Driver info: org.openqa.selenium.chrome.ChromeDriver
Command: [69cd7d68385de6a306743bd42411a0c9, getAlertText {}]
Capabilities {acceptInsecureCerts: false, browserName: chrome, browserVersion: 109.0.5414.120, chrome: {chromedriverVersion: 109.0.5414.74 (e7c5703604da..., userDataDir: C:\Users\97252\AppData\Loca...}, goog:chromeOptions: {debuggerAddress: localhost:55331}, networkConnectionEnabled: false, pageLoadStrategy: normal, platformName: WINDOWS, proxy: Proxy(), se:cdp: ws://localhost:55331/devtoo..., se:cdpVersion: 109.0.5414.120, setWindowRect: true, strictFileInteractability: false, timeouts: {implicit: 0, pageLoad: 300000, script: 30000}, unhandledPromptBehavior: dismiss and notify, webauthn:extension:credBlob: true, webauthn:extension:largeBlob: true, webauthn:virtualAuthenticators: true}
Session ID: 69cd7d68385de6a306743bd42411a0c9
09:53:45.178  INFO  manager.ListenerWD - ++++++++++++++++++++++++++
09:53:45.178  INFO  manager.ListenerWD - Object target ->>>>>>org.openqa.selenium.remote.RemoteWebDriver$RemoteTargetLocator@13087c75
09:53:45.178  INFO  manager.ListenerWD - ++++++++++++++++++++++++++
09:53:46.215  INFO  manager.ListenerTNG - onTestSuccess ->>>>>>registrationWrongEmail
09:53:46.217  INFO  tests.TestBase - The name of starts method is --->registrationWrongPassword
09:53:46.219  INFO  manager.ListenerWD - Before find elements ->>>>By.xpath: //button[text()='Sign Out']
09:53:51.251  INFO  manager.ListenerWD - After find elements ->>>>By.xpath: //button[text()='Sign Out']
09:53:51.251  INFO  manager.ListenerWD - List suze is ->>>>0
09:53:51.251  INFO  manager.ListenerTNG - onTestStart->>>>>registrationWrongPassword
09:53:51.252  INFO  manager.ListenerWD - Before find element ->>>>By.cssSelector: a[href='/login']
09:53:51.276  INFO  manager.ListenerWD - After find element ->>>>By.cssSelector: a[href='/login']
09:53:51.318  INFO  manager.ListenerWD - Before find element ->>>>By.name: email
09:53:51.334  INFO  manager.ListenerWD - After find element ->>>>By.name: email
09:53:52.045  INFO  manager.ListenerWD - Before find element ->>>>By.name: password
09:53:52.057  INFO  manager.ListenerWD - After find element ->>>>By.name: password
09:53:52.739  INFO  manager.ListenerWD - Before find element ->>>>By.cssSelector: [name='registration']
09:53:52.750  INFO  manager.ListenerWD - After find element ->>>>By.cssSelector: [name='registration']
09:53:52.796  INFO  manager.ListenerWD - The have a 'problem'
09:53:52.796  INFO  manager.ListenerWD - ++++++++++++++++++++++++++++++++++++
09:53:52.796  INFO  manager.ListenerWD - Method method ->>>>alert
09:53:52.796  INFO  manager.ListenerWD - ++++++++++++++++++++++++++
09:53:52.797  INFO  manager.ListenerWD - InvocationTargetException getTargetException() org.openqa.selenium.NoAlertPresentException: no such alert
  (Session info: chrome=109.0.5414.120)
Build info: version: '4.7.1', revision: 'c6795baf1a3'
System info: os.name: 'Windows 10', os.arch: 'amd64', os.version: '10.0', java.version: '11.0.17'
Driver info: org.openqa.selenium.chrome.ChromeDriver
Command: [69cd7d68385de6a306743bd42411a0c9, getAlertText {}]
Capabilities {acceptInsecureCerts: false, browserName: chrome, browserVersion: 109.0.5414.120, chrome: {chromedriverVersion: 109.0.5414.74 (e7c5703604da..., userDataDir: C:\Users\97252\AppData\Loca...}, goog:chromeOptions: {debuggerAddress: localhost:55331}, networkConnectionEnabled: false, pageLoadStrategy: normal, platformName: WINDOWS, proxy: Proxy(), se:cdp: ws://localhost:55331/devtoo..., se:cdpVersion: 109.0.5414.120, setWindowRect: true, strictFileInteractability: false, timeouts: {implicit: 0, pageLoad: 300000, script: 30000}, unhandledPromptBehavior: dismiss and notify, webauthn:extension:credBlob: true, webauthn:extension:largeBlob: true, webauthn:virtualAuthenticators: true}
Session ID: 69cd7d68385de6a306743bd42411a0c9
09:53:52.797  INFO  manager.ListenerWD - ++++++++++++++++++++++++++
09:53:52.797  INFO  manager.ListenerWD - Object target ->>>>>>org.openqa.selenium.remote.RemoteWebDriver$RemoteTargetLocator@4d22265c
09:53:52.797  INFO  manager.ListenerWD - ++++++++++++++++++++++++++
09:53:53.830  INFO  manager.ListenerTNG - onTestSuccess ->>>>>>registrationWrongPassword
09:53:53.832  INFO  manager.ListenerTNG - onFinish->>>>>Gradle test
