20:10:52.327  INFO  manager.ApplicationManager - All tests star in Chrome Browser
20:10:53.678  INFO  manager.ApplicationManager - Current Url -->https://telranedu.web.app/home
20:10:53.713  INFO  tests.TestBase - The name of starts method is --->registrationUserAlreadyExists
20:10:53.715  INFO  manager.ListenerWD - Before find elements ->>>>By.xpath: //button[text()='Sign Out']
20:10:58.790  INFO  manager.ListenerWD - After find elements ->>>>By.xpath: //button[text()='Sign Out']
20:10:58.793  INFO  manager.ListenerWD - List suze is ->>>>0
20:10:58.795  INFO  manager.ListenerWD - Before find element ->>>>By.cssSelector: a[href='/login']
20:10:58.834  INFO  manager.ListenerWD - After find element ->>>>By.cssSelector: a[href='/login']
20:10:58.939  INFO  manager.ListenerWD - Before find element ->>>>By.name: email
20:10:58.988  INFO  manager.ListenerWD - After find element ->>>>By.name: email
20:10:59.685  INFO  manager.ListenerWD - Before find element ->>>>By.name: password
20:10:59.715  INFO  manager.ListenerWD - After find element ->>>>By.name: password
20:11:00.406  INFO  manager.ListenerWD - Before find elements ->>>>By.xpath: //button[text()='Sign Out']
20:11:05.461  INFO  manager.ListenerWD - After find elements ->>>>By.xpath: //button[text()='Sign Out']
20:11:05.461  INFO  manager.ListenerWD - List suze is ->>>>0
20:11:05.486  INFO  manager.ListenerWD - The have a 'problem'
20:11:05.486  INFO  manager.ListenerWD - ++++++++++++++++++++++++++++++++++++
20:11:05.486  INFO  manager.ListenerWD - Method method ->>>>alert
20:11:05.486  INFO  manager.ListenerWD - ++++++++++++++++++++++++++
20:11:05.488  INFO  manager.ListenerWD - InvocationTargetException getTargetException() org.openqa.selenium.NoAlertPresentException: no such alert
  (Session info: chrome=109.0.5414.120)
Build info: version: '4.7.1', revision: 'c6795baf1a3'
System info: os.name: 'Windows 10', os.arch: 'amd64', os.version: '10.0', java.version: '11.0.17'
Driver info: org.openqa.selenium.chrome.ChromeDriver
Command: [e0609ca6b2abbd91b72e40f3332406cf, getAlertText {}]
Capabilities {acceptInsecureCerts: false, browserName: chrome, browserVersion: 109.0.5414.120, chrome: {chromedriverVersion: 109.0.5414.74 (e7c5703604da..., userDataDir: C:\Users\97252\AppData\Loca...}, goog:chromeOptions: {debuggerAddress: localhost:60614}, networkConnectionEnabled: false, pageLoadStrategy: normal, platformName: WINDOWS, proxy: Proxy(), se:cdp: ws://localhost:60614/devtoo..., se:cdpVersion: 109.0.5414.120, setWindowRect: true, strictFileInteractability: false, timeouts: {implicit: 0, pageLoad: 300000, script: 30000}, unhandledPromptBehavior: dismiss and notify, webauthn:extension:credBlob: true, webauthn:extension:largeBlob: true, webauthn:virtualAuthenticators: true}
Session ID: e0609ca6b2abbd91b72e40f3332406cf
20:11:05.489  INFO  manager.ListenerWD - ++++++++++++++++++++++++++
20:11:05.489  INFO  manager.ListenerWD - Object target ->>>>>>org.openqa.selenium.remote.RemoteWebDriver$RemoteTargetLocator@59b32539
20:11:05.489  INFO  manager.ListenerWD - ++++++++++++++++++++++++++
20:11:06.012  INFO  manager.ListenerWD - The have a 'problem'
20:11:06.012  INFO  manager.ListenerWD - ++++++++++++++++++++++++++++++++++++
20:11:06.013  INFO  manager.ListenerWD - Method method ->>>>alert
20:11:06.013  INFO  manager.ListenerWD - ++++++++++++++++++++++++++
20:11:06.013  INFO  manager.ListenerWD - InvocationTargetException getTargetException() org.openqa.selenium.NoAlertPresentException: no such alert
  (Session info: chrome=109.0.5414.120)
Build info: version: '4.7.1', revision: 'c6795baf1a3'
System info: os.name: 'Windows 10', os.arch: 'amd64', os.version: '10.0', java.version: '11.0.17'
Driver info: org.openqa.selenium.chrome.ChromeDriver
Command: [e0609ca6b2abbd91b72e40f3332406cf, getAlertText {}]
Capabilities {acceptInsecureCerts: false, browserName: chrome, browserVersion: 109.0.5414.120, chrome: {chromedriverVersion: 109.0.5414.74 (e7c5703604da..., userDataDir: C:\Users\97252\AppData\Loca...}, goog:chromeOptions: {debuggerAddress: localhost:60614}, networkConnectionEnabled: false, pageLoadStrategy: normal, platformName: WINDOWS, proxy: Proxy(), se:cdp: ws://localhost:60614/devtoo..., se:cdpVersion: 109.0.5414.120, setWindowRect: true, strictFileInteractability: false, timeouts: {implicit: 0, pageLoad: 300000, script: 30000}, unhandledPromptBehavior: dismiss and notify, webauthn:extension:credBlob: true, webauthn:extension:largeBlob: true, webauthn:virtualAuthenticators: true}
Session ID: e0609ca6b2abbd91b72e40f3332406cf
20:11:06.013  INFO  manager.ListenerWD - ++++++++++++++++++++++++++
20:11:06.014  INFO  manager.ListenerWD - Object target ->>>>>>org.openqa.selenium.remote.RemoteWebDriver$RemoteTargetLocator@1c067c0d
20:11:06.014  INFO  manager.ListenerWD - ++++++++++++++++++++++++++
20:11:06.538  INFO  manager.ListenerWD - The have a 'problem'
20:11:06.538  INFO  manager.ListenerWD - ++++++++++++++++++++++++++++++++++++
20:11:06.538  INFO  manager.ListenerWD - Method method ->>>>alert
20:11:06.538  INFO  manager.ListenerWD - ++++++++++++++++++++++++++
20:11:06.539  INFO  manager.ListenerWD - InvocationTargetException getTargetException() org.openqa.selenium.NoAlertPresentException: no such alert
  (Session info: chrome=109.0.5414.120)
Build info: version: '4.7.1', revision: 'c6795baf1a3'
System info: os.name: 'Windows 10', os.arch: 'amd64', os.version: '10.0', java.version: '11.0.17'
Driver info: org.openqa.selenium.chrome.ChromeDriver
Command: [e0609ca6b2abbd91b72e40f3332406cf, getAlertText {}]
Capabilities {acceptInsecureCerts: false, browserName: chrome, browserVersion: 109.0.5414.120, chrome: {chromedriverVersion: 109.0.5414.74 (e7c5703604da..., userDataDir: C:\Users\97252\AppData\Loca...}, goog:chromeOptions: {debuggerAddress: localhost:60614}, networkConnectionEnabled: false, pageLoadStrategy: normal, platformName: WINDOWS, proxy: Proxy(), se:cdp: ws://localhost:60614/devtoo..., se:cdpVersion: 109.0.5414.120, setWindowRect: true, strictFileInteractability: false, timeouts: {implicit: 0, pageLoad: 300000, script: 30000}, unhandledPromptBehavior: dismiss and notify, webauthn:extension:credBlob: true, webauthn:extension:largeBlob: true, webauthn:virtualAuthenticators: true}
Session ID: e0609ca6b2abbd91b72e40f3332406cf
20:11:06.539  INFO  manager.ListenerWD - ++++++++++++++++++++++++++
20:11:06.539  INFO  manager.ListenerWD - Object target ->>>>>>org.openqa.selenium.remote.RemoteWebDriver$RemoteTargetLocator@78cfa264
20:11:06.539  INFO  manager.ListenerWD - ++++++++++++++++++++++++++
20:11:07.069  INFO  manager.ListenerWD - The have a 'problem'
20:11:07.070  INFO  manager.ListenerWD - ++++++++++++++++++++++++++++++++++++
20:11:07.070  INFO  manager.ListenerWD - Method method ->>>>alert
20:11:07.070  INFO  manager.ListenerWD - ++++++++++++++++++++++++++
20:11:07.070  INFO  manager.ListenerWD - InvocationTargetException getTargetException() org.openqa.selenium.NoAlertPresentException: no such alert
  (Session info: chrome=109.0.5414.120)
Build info: version: '4.7.1', revision: 'c6795baf1a3'
System info: os.name: 'Windows 10', os.arch: 'amd64', os.version: '10.0', java.version: '11.0.17'
Driver info: org.openqa.selenium.chrome.ChromeDriver
Command: [e0609ca6b2abbd91b72e40f3332406cf, getAlertText {}]
Capabilities {acceptInsecureCerts: false, browserName: chrome, browserVersion: 109.0.5414.120, chrome: {chromedriverVersion: 109.0.5414.74 (e7c5703604da..., userDataDir: C:\Users\97252\AppData\Loca...}, goog:chromeOptions: {debuggerAddress: localhost:60614}, networkConnectionEnabled: false, pageLoadStrategy: normal, platformName: WINDOWS, proxy: Proxy(), se:cdp: ws://localhost:60614/devtoo..., se:cdpVersion: 109.0.5414.120, setWindowRect: true, strictFileInteractability: false, timeouts: {implicit: 0, pageLoad: 300000, script: 30000}, unhandledPromptBehavior: dismiss and notify, webauthn:extension:credBlob: true, webauthn:extension:largeBlob: true, webauthn:virtualAuthenticators: true}
Session ID: e0609ca6b2abbd91b72e40f3332406cf
20:11:07.071  INFO  manager.ListenerWD - ++++++++++++++++++++++++++
20:11:07.071  INFO  manager.ListenerWD - Object target ->>>>>>org.openqa.selenium.remote.RemoteWebDriver$RemoteTargetLocator@f0020b1
20:11:07.071  INFO  manager.ListenerWD - ++++++++++++++++++++++++++
20:11:07.587  INFO  manager.ListenerWD - The have a 'problem'
20:11:07.588  INFO  manager.ListenerWD - ++++++++++++++++++++++++++++++++++++
20:11:07.588  INFO  manager.ListenerWD - Method method ->>>>alert
20:11:07.588  INFO  manager.ListenerWD - ++++++++++++++++++++++++++
20:11:07.588  INFO  manager.ListenerWD - InvocationTargetException getTargetException() org.openqa.selenium.NoAlertPresentException: no such alert
  (Session info: chrome=109.0.5414.120)
Build info: version: '4.7.1', revision: 'c6795baf1a3'
System info: os.name: 'Windows 10', os.arch: 'amd64', os.version: '10.0', java.version: '11.0.17'
Driver info: org.openqa.selenium.chrome.ChromeDriver
Command: [e0609ca6b2abbd91b72e40f3332406cf, getAlertText {}]
Capabilities {acceptInsecureCerts: false, browserName: chrome, browserVersion: 109.0.5414.120, chrome: {chromedriverVersion: 109.0.5414.74 (e7c5703604da..., userDataDir: C:\Users\97252\AppData\Loca...}, goog:chromeOptions: {debuggerAddress: localhost:60614}, networkConnectionEnabled: false, pageLoadStrategy: normal, platformName: WINDOWS, proxy: Proxy(), se:cdp: ws://localhost:60614/devtoo..., se:cdpVersion: 109.0.5414.120, setWindowRect: true, strictFileInteractability: false, timeouts: {implicit: 0, pageLoad: 300000, script: 30000}, unhandledPromptBehavior: dismiss and notify, webauthn:extension:credBlob: true, webauthn:extension:largeBlob: true, webauthn:virtualAuthenticators: true}
Session ID: e0609ca6b2abbd91b72e40f3332406cf
20:11:07.588  INFO  manager.ListenerWD - ++++++++++++++++++++++++++
20:11:07.589  INFO  manager.ListenerWD - Object target ->>>>>>org.openqa.selenium.remote.RemoteWebDriver$RemoteTargetLocator@769bd849
20:11:07.589  INFO  manager.ListenerWD - ++++++++++++++++++++++++++
20:11:08.115  INFO  manager.ListenerWD - The have a 'problem'
20:11:08.115  INFO  manager.ListenerWD - ++++++++++++++++++++++++++++++++++++
20:11:08.115  INFO  manager.ListenerWD - Method method ->>>>alert
20:11:08.115  INFO  manager.ListenerWD - ++++++++++++++++++++++++++
20:11:08.115  INFO  manager.ListenerWD - InvocationTargetException getTargetException() org.openqa.selenium.NoAlertPresentException: no such alert
  (Session info: chrome=109.0.5414.120)
Build info: version: '4.7.1', revision: 'c6795baf1a3'
System info: os.name: 'Windows 10', os.arch: 'amd64', os.version: '10.0', java.version: '11.0.17'
Driver info: org.openqa.selenium.chrome.ChromeDriver
Command: [e0609ca6b2abbd91b72e40f3332406cf, getAlertText {}]
Capabilities {acceptInsecureCerts: false, browserName: chrome, browserVersion: 109.0.5414.120, chrome: {chromedriverVersion: 109.0.5414.74 (e7c5703604da..., userDataDir: C:\Users\97252\AppData\Loca...}, goog:chromeOptions: {debuggerAddress: localhost:60614}, networkConnectionEnabled: false, pageLoadStrategy: normal, platformName: WINDOWS, proxy: Proxy(), se:cdp: ws://localhost:60614/devtoo..., se:cdpVersion: 109.0.5414.120, setWindowRect: true, strictFileInteractability: false, timeouts: {implicit: 0, pageLoad: 300000, script: 30000}, unhandledPromptBehavior: dismiss and notify, webauthn:extension:credBlob: true, webauthn:extension:largeBlob: true, webauthn:virtualAuthenticators: true}
Session ID: e0609ca6b2abbd91b72e40f3332406cf
20:11:08.116  INFO  manager.ListenerWD - ++++++++++++++++++++++++++
20:11:08.116  INFO  manager.ListenerWD - Object target ->>>>>>org.openqa.selenium.remote.RemoteWebDriver$RemoteTargetLocator@7ae0cc89
20:11:08.116  INFO  manager.ListenerWD - ++++++++++++++++++++++++++
20:11:08.632  INFO  manager.ListenerWD - The have a 'problem'
20:11:08.633  INFO  manager.ListenerWD - ++++++++++++++++++++++++++++++++++++
20:11:08.633  INFO  manager.ListenerWD - Method method ->>>>alert
20:11:08.633  INFO  manager.ListenerWD - ++++++++++++++++++++++++++
20:11:08.633  INFO  manager.ListenerWD - InvocationTargetException getTargetException() org.openqa.selenium.NoAlertPresentException: no such alert
  (Session info: chrome=109.0.5414.120)
Build info: version: '4.7.1', revision: 'c6795baf1a3'
System info: os.name: 'Windows 10', os.arch: 'amd64', os.version: '10.0', java.version: '11.0.17'
Driver info: org.openqa.selenium.chrome.ChromeDriver
Command: [e0609ca6b2abbd91b72e40f3332406cf, getAlertText {}]
Capabilities {acceptInsecureCerts: false, browserName: chrome, browserVersion: 109.0.5414.120, chrome: {chromedriverVersion: 109.0.5414.74 (e7c5703604da..., userDataDir: C:\Users\97252\AppData\Loca...}, goog:chromeOptions: {debuggerAddress: localhost:60614}, networkConnectionEnabled: false, pageLoadStrategy: normal, platformName: WINDOWS, proxy: Proxy(), se:cdp: ws://localhost:60614/devtoo..., se:cdpVersion: 109.0.5414.120, setWindowRect: true, strictFileInteractability: false, timeouts: {implicit: 0, pageLoad: 300000, script: 30000}, unhandledPromptBehavior: dismiss and notify, webauthn:extension:credBlob: true, webauthn:extension:largeBlob: true, webauthn:virtualAuthenticators: true}
Session ID: e0609ca6b2abbd91b72e40f3332406cf
20:11:08.634  INFO  manager.ListenerWD - ++++++++++++++++++++++++++
20:11:08.634  INFO  manager.ListenerWD - Object target ->>>>>>org.openqa.selenium.remote.RemoteWebDriver$RemoteTargetLocator@7af52ec7
20:11:08.634  INFO  manager.ListenerWD - ++++++++++++++++++++++++++
20:11:09.163  INFO  manager.ListenerWD - The have a 'problem'
20:11:09.163  INFO  manager.ListenerWD - ++++++++++++++++++++++++++++++++++++
20:11:09.163  INFO  manager.ListenerWD - Method method ->>>>alert
20:11:09.163  INFO  manager.ListenerWD - ++++++++++++++++++++++++++
20:11:09.164  INFO  manager.ListenerWD - InvocationTargetException getTargetException() org.openqa.selenium.NoAlertPresentException: no such alert
  (Session info: chrome=109.0.5414.120)
Build info: version: '4.7.1', revision: 'c6795baf1a3'
System info: os.name: 'Windows 10', os.arch: 'amd64', os.version: '10.0', java.version: '11.0.17'
Driver info: org.openqa.selenium.chrome.ChromeDriver
Command: [e0609ca6b2abbd91b72e40f3332406cf, getAlertText {}]
Capabilities {acceptInsecureCerts: false, browserName: chrome, browserVersion: 109.0.5414.120, chrome: {chromedriverVersion: 109.0.5414.74 (e7c5703604da..., userDataDir: C:\Users\97252\AppData\Loca...}, goog:chromeOptions: {debuggerAddress: localhost:60614}, networkConnectionEnabled: false, pageLoadStrategy: normal, platformName: WINDOWS, proxy: Proxy(), se:cdp: ws://localhost:60614/devtoo..., se:cdpVersion: 109.0.5414.120, setWindowRect: true, strictFileInteractability: false, timeouts: {implicit: 0, pageLoad: 300000, script: 30000}, unhandledPromptBehavior: dismiss and notify, webauthn:extension:credBlob: true, webauthn:extension:largeBlob: true, webauthn:virtualAuthenticators: true}
Session ID: e0609ca6b2abbd91b72e40f3332406cf
20:11:09.164  INFO  manager.ListenerWD - ++++++++++++++++++++++++++
20:11:09.164  INFO  manager.ListenerWD - Object target ->>>>>>org.openqa.selenium.remote.RemoteWebDriver$RemoteTargetLocator@32ec9c90
20:11:09.164  INFO  manager.ListenerWD - ++++++++++++++++++++++++++
20:11:09.691  INFO  manager.ListenerWD - The have a 'problem'
20:11:09.691  INFO  manager.ListenerWD - ++++++++++++++++++++++++++++++++++++
20:11:09.691  INFO  manager.ListenerWD - Method method ->>>>alert
20:11:09.691  INFO  manager.ListenerWD - ++++++++++++++++++++++++++
20:11:09.692  INFO  manager.ListenerWD - InvocationTargetException getTargetException() org.openqa.selenium.NoAlertPresentException: no such alert
  (Session info: chrome=109.0.5414.120)
Build info: version: '4.7.1', revision: 'c6795baf1a3'
System info: os.name: 'Windows 10', os.arch: 'amd64', os.version: '10.0', java.version: '11.0.17'
Driver info: org.openqa.selenium.chrome.ChromeDriver
Command: [e0609ca6b2abbd91b72e40f3332406cf, getAlertText {}]
Capabilities {acceptInsecureCerts: false, browserName: chrome, browserVersion: 109.0.5414.120, chrome: {chromedriverVersion: 109.0.5414.74 (e7c5703604da..., userDataDir: C:\Users\97252\AppData\Loca...}, goog:chromeOptions: {debuggerAddress: localhost:60614}, networkConnectionEnabled: false, pageLoadStrategy: normal, platformName: WINDOWS, proxy: Proxy(), se:cdp: ws://localhost:60614/devtoo..., se:cdpVersion: 109.0.5414.120, setWindowRect: true, strictFileInteractability: false, timeouts: {implicit: 0, pageLoad: 300000, script: 30000}, unhandledPromptBehavior: dismiss and notify, webauthn:extension:credBlob: true, webauthn:extension:largeBlob: true, webauthn:virtualAuthenticators: true}
Session ID: e0609ca6b2abbd91b72e40f3332406cf
20:11:09.692  INFO  manager.ListenerWD - ++++++++++++++++++++++++++
20:11:09.692  INFO  manager.ListenerWD - Object target ->>>>>>org.openqa.selenium.remote.RemoteWebDriver$RemoteTargetLocator@6025d790
20:11:09.692  INFO  manager.ListenerWD - ++++++++++++++++++++++++++
20:11:10.223  INFO  manager.ListenerWD - The have a 'problem'
20:11:10.224  INFO  manager.ListenerWD - ++++++++++++++++++++++++++++++++++++
20:11:10.224  INFO  manager.ListenerWD - Method method ->>>>alert
20:11:10.224  INFO  manager.ListenerWD - ++++++++++++++++++++++++++
20:11:10.224  INFO  manager.ListenerWD - InvocationTargetException getTargetException() org.openqa.selenium.NoAlertPresentException: no such alert
  (Session info: chrome=109.0.5414.120)
Build info: version: '4.7.1', revision: 'c6795baf1a3'
System info: os.name: 'Windows 10', os.arch: 'amd64', os.version: '10.0', java.version: '11.0.17'
Driver info: org.openqa.selenium.chrome.ChromeDriver
Command: [e0609ca6b2abbd91b72e40f3332406cf, getAlertText {}]
Capabilities {acceptInsecureCerts: false, browserName: chrome, browserVersion: 109.0.5414.120, chrome: {chromedriverVersion: 109.0.5414.74 (e7c5703604da..., userDataDir: C:\Users\97252\AppData\Loca...}, goog:chromeOptions: {debuggerAddress: localhost:60614}, networkConnectionEnabled: false, pageLoadStrategy: normal, platformName: WINDOWS, proxy: Proxy(), se:cdp: ws://localhost:60614/devtoo..., se:cdpVersion: 109.0.5414.120, setWindowRect: true, strictFileInteractability: false, timeouts: {implicit: 0, pageLoad: 300000, script: 30000}, unhandledPromptBehavior: dismiss and notify, webauthn:extension:credBlob: true, webauthn:extension:largeBlob: true, webauthn:virtualAuthenticators: true}
Session ID: e0609ca6b2abbd91b72e40f3332406cf
20:11:10.225  INFO  manager.ListenerWD - ++++++++++++++++++++++++++
20:11:10.225  INFO  manager.ListenerWD - Object target ->>>>>>org.openqa.selenium.remote.RemoteWebDriver$RemoteTargetLocator@713ec32d
20:11:10.225  INFO  manager.ListenerWD - ++++++++++++++++++++++++++
20:11:10.751  INFO  manager.ListenerWD - The have a 'problem'
20:11:10.751  INFO  manager.ListenerWD - ++++++++++++++++++++++++++++++++++++
20:11:10.751  INFO  manager.ListenerWD - Method method ->>>>alert
20:11:10.751  INFO  manager.ListenerWD - ++++++++++++++++++++++++++
20:11:10.752  INFO  manager.ListenerWD - InvocationTargetException getTargetException() org.openqa.selenium.NoAlertPresentException: no such alert
  (Session info: chrome=109.0.5414.120)
Build info: version: '4.7.1', revision: 'c6795baf1a3'
System info: os.name: 'Windows 10', os.arch: 'amd64', os.version: '10.0', java.version: '11.0.17'
Driver info: org.openqa.selenium.chrome.ChromeDriver
Command: [e0609ca6b2abbd91b72e40f3332406cf, getAlertText {}]
Capabilities {acceptInsecureCerts: false, browserName: chrome, browserVersion: 109.0.5414.120, chrome: {chromedriverVersion: 109.0.5414.74 (e7c5703604da..., userDataDir: C:\Users\97252\AppData\Loca...}, goog:chromeOptions: {debuggerAddress: localhost:60614}, networkConnectionEnabled: false, pageLoadStrategy: normal, platformName: WINDOWS, proxy: Proxy(), se:cdp: ws://localhost:60614/devtoo..., se:cdpVersion: 109.0.5414.120, setWindowRect: true, strictFileInteractability: false, timeouts: {implicit: 0, pageLoad: 300000, script: 30000}, unhandledPromptBehavior: dismiss and notify, webauthn:extension:credBlob: true, webauthn:extension:largeBlob: true, webauthn:virtualAuthenticators: true}
Session ID: e0609ca6b2abbd91b72e40f3332406cf
20:11:10.752  INFO  manager.ListenerWD - ++++++++++++++++++++++++++
20:11:10.752  INFO  manager.ListenerWD - Object target ->>>>>>org.openqa.selenium.remote.RemoteWebDriver$RemoteTargetLocator@6361b799
20:11:10.752  INFO  manager.ListenerWD - ++++++++++++++++++++++++++
20:11:11.276  INFO  manager.ListenerWD - The have a 'problem'
20:11:11.276  INFO  manager.ListenerWD - ++++++++++++++++++++++++++++++++++++
20:11:11.276  INFO  manager.ListenerWD - Method method ->>>>alert
20:11:11.276  INFO  manager.ListenerWD - ++++++++++++++++++++++++++
20:11:11.276  INFO  manager.ListenerWD - InvocationTargetException getTargetException() org.openqa.selenium.NoAlertPresentException: no such alert
  (Session info: chrome=109.0.5414.120)
Build info: version: '4.7.1', revision: 'c6795baf1a3'
System info: os.name: 'Windows 10', os.arch: 'amd64', os.version: '10.0', java.version: '11.0.17'
Driver info: org.openqa.selenium.chrome.ChromeDriver
Command: [e0609ca6b2abbd91b72e40f3332406cf, getAlertText {}]
Capabilities {acceptInsecureCerts: false, browserName: chrome, browserVersion: 109.0.5414.120, chrome: {chromedriverVersion: 109.0.5414.74 (e7c5703604da..., userDataDir: C:\Users\97252\AppData\Loca...}, goog:chromeOptions: {debuggerAddress: localhost:60614}, networkConnectionEnabled: false, pageLoadStrategy: normal, platformName: WINDOWS, proxy: Proxy(), se:cdp: ws://localhost:60614/devtoo..., se:cdpVersion: 109.0.5414.120, setWindowRect: true, strictFileInteractability: false, timeouts: {implicit: 0, pageLoad: 300000, script: 30000}, unhandledPromptBehavior: dismiss and notify, webauthn:extension:credBlob: true, webauthn:extension:largeBlob: true, webauthn:virtualAuthenticators: true}
Session ID: e0609ca6b2abbd91b72e40f3332406cf
20:11:11.277  INFO  manager.ListenerWD - ++++++++++++++++++++++++++
20:11:11.277  INFO  manager.ListenerWD - Object target ->>>>>>org.openqa.selenium.remote.RemoteWebDriver$RemoteTargetLocator@7c281eb8
20:11:11.277  INFO  manager.ListenerWD - ++++++++++++++++++++++++++
20:11:11.804  INFO  manager.ListenerWD - The have a 'problem'
20:11:11.804  INFO  manager.ListenerWD - ++++++++++++++++++++++++++++++++++++
20:11:11.804  INFO  manager.ListenerWD - Method method ->>>>alert
20:11:11.804  INFO  manager.ListenerWD - ++++++++++++++++++++++++++
20:11:11.805  INFO  manager.ListenerWD - InvocationTargetException getTargetException() org.openqa.selenium.NoAlertPresentException: no such alert
  (Session info: chrome=109.0.5414.120)
Build info: version: '4.7.1', revision: 'c6795baf1a3'
System info: os.name: 'Windows 10', os.arch: 'amd64', os.version: '10.0', java.version: '11.0.17'
Driver info: org.openqa.selenium.chrome.ChromeDriver
Command: [e0609ca6b2abbd91b72e40f3332406cf, getAlertText {}]
Capabilities {acceptInsecureCerts: false, browserName: chrome, browserVersion: 109.0.5414.120, chrome: {chromedriverVersion: 109.0.5414.74 (e7c5703604da..., userDataDir: C:\Users\97252\AppData\Loca...}, goog:chromeOptions: {debuggerAddress: localhost:60614}, networkConnectionEnabled: false, pageLoadStrategy: normal, platformName: WINDOWS, proxy: Proxy(), se:cdp: ws://localhost:60614/devtoo..., se:cdpVersion: 109.0.5414.120, setWindowRect: true, strictFileInteractability: false, timeouts: {implicit: 0, pageLoad: 300000, script: 30000}, unhandledPromptBehavior: dismiss and notify, webauthn:extension:credBlob: true, webauthn:extension:largeBlob: true, webauthn:virtualAuthenticators: true}
Session ID: e0609ca6b2abbd91b72e40f3332406cf
20:11:11.805  INFO  manager.ListenerWD - ++++++++++++++++++++++++++
20:11:11.805  INFO  manager.ListenerWD - Object target ->>>>>>org.openqa.selenium.remote.RemoteWebDriver$RemoteTargetLocator@23da79eb
20:11:11.805  INFO  manager.ListenerWD - ++++++++++++++++++++++++++
20:11:12.332  INFO  manager.ListenerWD - The have a 'problem'
20:11:12.333  INFO  manager.ListenerWD - ++++++++++++++++++++++++++++++++++++
20:11:12.333  INFO  manager.ListenerWD - Method method ->>>>alert
20:11:12.333  INFO  manager.ListenerWD - ++++++++++++++++++++++++++
20:11:12.333  INFO  manager.ListenerWD - InvocationTargetException getTargetException() org.openqa.selenium.NoAlertPresentException: no such alert
  (Session info: chrome=109.0.5414.120)
Build info: version: '4.7.1', revision: 'c6795baf1a3'
System info: os.name: 'Windows 10', os.arch: 'amd64', os.version: '10.0', java.version: '11.0.17'
Driver info: org.openqa.selenium.chrome.ChromeDriver
Command: [e0609ca6b2abbd91b72e40f3332406cf, getAlertText {}]
Capabilities {acceptInsecureCerts: false, browserName: chrome, browserVersion: 109.0.5414.120, chrome: {chromedriverVersion: 109.0.5414.74 (e7c5703604da..., userDataDir: C:\Users\97252\AppData\Loca...}, goog:chromeOptions: {debuggerAddress: localhost:60614}, networkConnectionEnabled: false, pageLoadStrategy: normal, platformName: WINDOWS, proxy: Proxy(), se:cdp: ws://localhost:60614/devtoo..., se:cdpVersion: 109.0.5414.120, setWindowRect: true, strictFileInteractability: false, timeouts: {implicit: 0, pageLoad: 300000, script: 30000}, unhandledPromptBehavior: dismiss and notify, webauthn:extension:credBlob: true, webauthn:extension:largeBlob: true, webauthn:virtualAuthenticators: true}
Session ID: e0609ca6b2abbd91b72e40f3332406cf
20:11:12.333  INFO  manager.ListenerWD - ++++++++++++++++++++++++++
20:11:12.333  INFO  manager.ListenerWD - Object target ->>>>>>org.openqa.selenium.remote.RemoteWebDriver$RemoteTargetLocator@448b808a
20:11:12.333  INFO  manager.ListenerWD - ++++++++++++++++++++++++++
20:11:12.862  INFO  manager.ListenerWD - The have a 'problem'
20:11:12.863  INFO  manager.ListenerWD - ++++++++++++++++++++++++++++++++++++
20:11:12.863  INFO  manager.ListenerWD - Method method ->>>>alert
20:11:12.863  INFO  manager.ListenerWD - ++++++++++++++++++++++++++
20:11:12.863  INFO  manager.ListenerWD - InvocationTargetException getTargetException() org.openqa.selenium.NoAlertPresentException: no such alert
  (Session info: chrome=109.0.5414.120)
Build info: version: '4.7.1', revision: 'c6795baf1a3'
System info: os.name: 'Windows 10', os.arch: 'amd64', os.version: '10.0', java.version: '11.0.17'
Driver info: org.openqa.selenium.chrome.ChromeDriver
Command: [e0609ca6b2abbd91b72e40f3332406cf, getAlertText {}]
Capabilities {acceptInsecureCerts: false, browserName: chrome, browserVersion: 109.0.5414.120, chrome: {chromedriverVersion: 109.0.5414.74 (e7c5703604da..., userDataDir: C:\Users\97252\AppData\Loca...}, goog:chromeOptions: {debuggerAddress: localhost:60614}, networkConnectionEnabled: false, pageLoadStrategy: normal, platformName: WINDOWS, proxy: Proxy(), se:cdp: ws://localhost:60614/devtoo..., se:cdpVersion: 109.0.5414.120, setWindowRect: true, strictFileInteractability: false, timeouts: {implicit: 0, pageLoad: 300000, script: 30000}, unhandledPromptBehavior: dismiss and notify, webauthn:extension:credBlob: true, webauthn:extension:largeBlob: true, webauthn:virtualAuthenticators: true}
Session ID: e0609ca6b2abbd91b72e40f3332406cf
20:11:12.863  INFO  manager.ListenerWD - ++++++++++++++++++++++++++
20:11:12.863  INFO  manager.ListenerWD - Object target ->>>>>>org.openqa.selenium.remote.RemoteWebDriver$RemoteTargetLocator@2007435e
20:11:12.863  INFO  manager.ListenerWD - ++++++++++++++++++++++++++
20:11:13.377  INFO  manager.ListenerWD - The have a 'problem'
20:11:13.377  INFO  manager.ListenerWD - ++++++++++++++++++++++++++++++++++++
20:11:13.377  INFO  manager.ListenerWD - Method method ->>>>alert
20:11:13.377  INFO  manager.ListenerWD - ++++++++++++++++++++++++++
20:11:13.377  INFO  manager.ListenerWD - InvocationTargetException getTargetException() org.openqa.selenium.NoAlertPresentException: no such alert
  (Session info: chrome=109.0.5414.120)
Build info: version: '4.7.1', revision: 'c6795baf1a3'
System info: os.name: 'Windows 10', os.arch: 'amd64', os.version: '10.0', java.version: '11.0.17'
Driver info: org.openqa.selenium.chrome.ChromeDriver
Command: [e0609ca6b2abbd91b72e40f3332406cf, getAlertText {}]
Capabilities {acceptInsecureCerts: false, browserName: chrome, browserVersion: 109.0.5414.120, chrome: {chromedriverVersion: 109.0.5414.74 (e7c5703604da..., userDataDir: C:\Users\97252\AppData\Loca...}, goog:chromeOptions: {debuggerAddress: localhost:60614}, networkConnectionEnabled: false, pageLoadStrategy: normal, platformName: WINDOWS, proxy: Proxy(), se:cdp: ws://localhost:60614/devtoo..., se:cdpVersion: 109.0.5414.120, setWindowRect: true, strictFileInteractability: false, timeouts: {implicit: 0, pageLoad: 300000, script: 30000}, unhandledPromptBehavior: dismiss and notify, webauthn:extension:credBlob: true, webauthn:extension:largeBlob: true, webauthn:virtualAuthenticators: true}
Session ID: e0609ca6b2abbd91b72e40f3332406cf
20:11:13.378  INFO  manager.ListenerWD - ++++++++++++++++++++++++++
20:11:13.378  INFO  manager.ListenerWD - Object target ->>>>>>org.openqa.selenium.remote.RemoteWebDriver$RemoteTargetLocator@310ed6b4
20:11:13.378  INFO  manager.ListenerWD - ++++++++++++++++++++++++++
20:11:13.905  INFO  manager.ListenerWD - The have a 'problem'
20:11:13.905  INFO  manager.ListenerWD - ++++++++++++++++++++++++++++++++++++
20:11:13.905  INFO  manager.ListenerWD - Method method ->>>>alert
20:11:13.905  INFO  manager.ListenerWD - ++++++++++++++++++++++++++
20:11:13.905  INFO  manager.ListenerWD - InvocationTargetException getTargetException() org.openqa.selenium.NoAlertPresentException: no such alert
  (Session info: chrome=109.0.5414.120)
Build info: version: '4.7.1', revision: 'c6795baf1a3'
System info: os.name: 'Windows 10', os.arch: 'amd64', os.version: '10.0', java.version: '11.0.17'
Driver info: org.openqa.selenium.chrome.ChromeDriver
Command: [e0609ca6b2abbd91b72e40f3332406cf, getAlertText {}]
Capabilities {acceptInsecureCerts: false, browserName: chrome, browserVersion: 109.0.5414.120, chrome: {chromedriverVersion: 109.0.5414.74 (e7c5703604da..., userDataDir: C:\Users\97252\AppData\Loca...}, goog:chromeOptions: {debuggerAddress: localhost:60614}, networkConnectionEnabled: false, pageLoadStrategy: normal, platformName: WINDOWS, proxy: Proxy(), se:cdp: ws://localhost:60614/devtoo..., se:cdpVersion: 109.0.5414.120, setWindowRect: true, strictFileInteractability: false, timeouts: {implicit: 0, pageLoad: 300000, script: 30000}, unhandledPromptBehavior: dismiss and notify, webauthn:extension:credBlob: true, webauthn:extension:largeBlob: true, webauthn:virtualAuthenticators: true}
Session ID: e0609ca6b2abbd91b72e40f3332406cf
20:11:13.905  INFO  manager.ListenerWD - ++++++++++++++++++++++++++
20:11:13.906  INFO  manager.ListenerWD - Object target ->>>>>>org.openqa.selenium.remote.RemoteWebDriver$RemoteTargetLocator@7ab1127c
20:11:13.906  INFO  manager.ListenerWD - ++++++++++++++++++++++++++
20:11:14.432  INFO  manager.ListenerWD - The have a 'problem'
20:11:14.432  INFO  manager.ListenerWD - ++++++++++++++++++++++++++++++++++++
20:11:14.432  INFO  manager.ListenerWD - Method method ->>>>alert
20:11:14.432  INFO  manager.ListenerWD - ++++++++++++++++++++++++++
20:11:14.432  INFO  manager.ListenerWD - InvocationTargetException getTargetException() org.openqa.selenium.NoAlertPresentException: no such alert
  (Session info: chrome=109.0.5414.120)
Build info: version: '4.7.1', revision: 'c6795baf1a3'
System info: os.name: 'Windows 10', os.arch: 'amd64', os.version: '10.0', java.version: '11.0.17'
Driver info: org.openqa.selenium.chrome.ChromeDriver
Command: [e0609ca6b2abbd91b72e40f3332406cf, getAlertText {}]
Capabilities {acceptInsecureCerts: false, browserName: chrome, browserVersion: 109.0.5414.120, chrome: {chromedriverVersion: 109.0.5414.74 (e7c5703604da..., userDataDir: C:\Users\97252\AppData\Loca...}, goog:chromeOptions: {debuggerAddress: localhost:60614}, networkConnectionEnabled: false, pageLoadStrategy: normal, platformName: WINDOWS, proxy: Proxy(), se:cdp: ws://localhost:60614/devtoo..., se:cdpVersion: 109.0.5414.120, setWindowRect: true, strictFileInteractability: false, timeouts: {implicit: 0, pageLoad: 300000, script: 30000}, unhandledPromptBehavior: dismiss and notify, webauthn:extension:credBlob: true, webauthn:extension:largeBlob: true, webauthn:virtualAuthenticators: true}
Session ID: e0609ca6b2abbd91b72e40f3332406cf
20:11:14.433  INFO  manager.ListenerWD - ++++++++++++++++++++++++++
20:11:14.433  INFO  manager.ListenerWD - Object target ->>>>>>org.openqa.selenium.remote.RemoteWebDriver$RemoteTargetLocator@68b366e2
20:11:14.433  INFO  manager.ListenerWD - ++++++++++++++++++++++++++
20:11:14.947  INFO  manager.ListenerWD - The have a 'problem'
20:11:14.947  INFO  manager.ListenerWD - ++++++++++++++++++++++++++++++++++++
20:11:14.948  INFO  manager.ListenerWD - Method method ->>>>alert
20:11:14.948  INFO  manager.ListenerWD - ++++++++++++++++++++++++++
20:11:14.948  INFO  manager.ListenerWD - InvocationTargetException getTargetException() org.openqa.selenium.NoAlertPresentException: no such alert
  (Session info: chrome=109.0.5414.120)
Build info: version: '4.7.1', revision: 'c6795baf1a3'
System info: os.name: 'Windows 10', os.arch: 'amd64', os.version: '10.0', java.version: '11.0.17'
Driver info: org.openqa.selenium.chrome.ChromeDriver
Command: [e0609ca6b2abbd91b72e40f3332406cf, getAlertText {}]
Capabilities {acceptInsecureCerts: false, browserName: chrome, browserVersion: 109.0.5414.120, chrome: {chromedriverVersion: 109.0.5414.74 (e7c5703604da..., userDataDir: C:\Users\97252\AppData\Loca...}, goog:chromeOptions: {debuggerAddress: localhost:60614}, networkConnectionEnabled: false, pageLoadStrategy: normal, platformName: WINDOWS, proxy: Proxy(), se:cdp: ws://localhost:60614/devtoo..., se:cdpVersion: 109.0.5414.120, setWindowRect: true, strictFileInteractability: false, timeouts: {implicit: 0, pageLoad: 300000, script: 30000}, unhandledPromptBehavior: dismiss and notify, webauthn:extension:credBlob: true, webauthn:extension:largeBlob: true, webauthn:virtualAuthenticators: true}
Session ID: e0609ca6b2abbd91b72e40f3332406cf
20:11:14.948  INFO  manager.ListenerWD - ++++++++++++++++++++++++++
20:11:14.948  INFO  manager.ListenerWD - Object target ->>>>>>org.openqa.selenium.remote.RemoteWebDriver$RemoteTargetLocator@456bcb74
20:11:14.948  INFO  manager.ListenerWD - ++++++++++++++++++++++++++
