18:07:16.786  INFO  manager.ApplicationManager - All tests star in Chrome Browser
18:07:18.066  INFO  manager.ApplicationManager - Current Url -->https://telranedu.web.app/home
18:07:18.102  INFO  tests.TestBase - The name of starts method is --->addNewContactWrongLastName
18:07:18.106  INFO  manager.ListenerWD - Before find elements ->>>>By.xpath: //button[text()='Sign Out']
18:07:23.180  INFO  manager.ListenerWD - After find elements ->>>>By.xpath: //button[text()='Sign Out']
18:07:23.183  INFO  manager.ListenerWD - List suze is ->>>>0
18:07:23.185  INFO  manager.ListenerWD - Before find element ->>>>By.cssSelector: a[href='/login']
18:07:23.212  INFO  manager.ListenerWD - After find element ->>>>By.cssSelector: a[href='/login']
18:07:23.276  INFO  manager.ListenerWD - Before find element ->>>>By.name: email
18:07:23.304  INFO  manager.ListenerWD - After find element ->>>>By.name: email
18:07:23.464  INFO  manager.ListenerWD - Before find element ->>>>By.name: password
18:07:23.489  INFO  manager.ListenerWD - After find element ->>>>By.name: password
18:07:23.605  INFO  manager.ListenerWD - Before find element ->>>>By.cssSelector: [name='login']
18:07:23.627  INFO  manager.ListenerWD - After find element ->>>>By.cssSelector: [name='login']
18:07:23.680  INFO  manager.ListenerWD - Before find element ->>>>By.cssSelector: a[href='/add']
18:07:24.569  INFO  manager.ListenerWD - After find element ->>>>By.cssSelector: a[href='/add']
18:07:24.610  INFO  manager.ListenerWD - Before find element ->>>>By.cssSelector: input[placeholder='Name']
18:07:24.635  INFO  manager.ListenerWD - After find element ->>>>By.cssSelector: input[placeholder='Name']
18:07:24.741  INFO  manager.ListenerWD - Before find element ->>>>By.cssSelector: input[placeholder='Last Name']
18:07:24.761  INFO  manager.ListenerWD - After find element ->>>>By.cssSelector: input[placeholder='Last Name']
18:07:24.855  INFO  manager.ListenerWD - Before find element ->>>>By.cssSelector: input[placeholder='Phone']
18:07:24.876  INFO  manager.ListenerWD - After find element ->>>>By.cssSelector: input[placeholder='Phone']
18:07:24.981  INFO  manager.ListenerWD - Before find element ->>>>By.cssSelector: input[placeholder='email']
18:07:25.003  INFO  manager.ListenerWD - After find element ->>>>By.cssSelector: input[placeholder='email']
18:07:25.124  INFO  manager.ListenerWD - Before find element ->>>>By.cssSelector: input[placeholder='Address']
18:07:25.146  INFO  manager.ListenerWD - After find element ->>>>By.cssSelector: input[placeholder='Address']
18:07:25.243  INFO  manager.ListenerWD - Before find element ->>>>By.cssSelector: input[placeholder='description']
18:07:25.262  INFO  manager.ListenerWD - After find element ->>>>By.cssSelector: input[placeholder='description']
18:07:25.365  INFO  manager.ListenerWD - Before find element ->>>>By.xpath: //b[text()='Save']
18:07:25.382  INFO  manager.ListenerWD - After find element ->>>>By.xpath: //b[text()='Save']
18:07:25.413  INFO  manager.ListenerWD - Before find elements ->>>>By.cssSelector: a.active[href='/add']
18:07:25.433  INFO  manager.ListenerWD - After find elements ->>>>By.cssSelector: a.active[href='/add']
18:07:25.433  INFO  manager.ListenerWD - List suze is ->>>>1
