10:59:34.194  INFO  manager.ApplicationManager - All tests star in Chrome Browser
10:59:35.374  INFO  manager.ApplicationManager - Current Url -->https://telranedu.web.app/home
10:59:35.409  INFO  tests.TestBase - The name of starts method is --->loginSuccess
10:59:35.413  INFO  manager.ListenerWD - Before find elements ->>>>By.xpath: //button[text()='Sign Out']
10:59:40.481  INFO  manager.ListenerWD - After find elements ->>>>By.xpath: //button[text()='Sign Out']
10:59:40.484  INFO  manager.ListenerWD - List suze is ->>>>0
10:59:40.485  INFO  tests.TestBase - Login with valid data :  email: reshef1986@gmail.com: Rr6146858!
10:59:40.486  INFO  manager.ListenerWD - Before find element ->>>>By.cssSelector: a[href='/l']
10:59:45.564  INFO  manager.ListenerWD - The have a 'problem'
10:59:45.564  INFO  manager.ListenerWD - ++++++++++++++++++++++++++++++++++++
10:59:45.565  INFO  manager.ListenerWD - Method method ->>>>findElement
10:59:45.565  INFO  manager.ListenerWD - ++++++++++++++++++++++++++
10:59:45.568  INFO  manager.ListenerWD - InvocationTargetException getTargetException() org.openqa.selenium.NoSuchElementException: no such element: Unable to locate element: {"method":"css selector","selector":"a[href='/l']"}
  (Session info: chrome=109.0.5414.119)
For documentation on this error, please visit: https://selenium.dev/exceptions/#no_such_element
Build info: version: '4.7.1', revision: 'c6795baf1a3'
System info: os.name: 'Windows 10', os.arch: 'amd64', os.version: '10.0', java.version: '11.0.17'
Driver info: org.openqa.selenium.chrome.ChromeDriver
Command: [4d346f2e34bf1b83359e200430387ee9, findElement {using=css selector, value=a[href='/l']}]
Capabilities {acceptInsecureCerts: false, browserName: chrome, browserVersion: 109.0.5414.119, chrome: {chromedriverVersion: 109.0.5414.74 (e7c5703604da..., userDataDir: C:\Users\97252\AppData\Loca...}, goog:chromeOptions: {debuggerAddress: localhost:51083}, networkConnectionEnabled: false, pageLoadStrategy: normal, platformName: WINDOWS, proxy: Proxy(), se:cdp: ws://localhost:51083/devtoo..., se:cdpVersion: 109.0.5414.119, setWindowRect: true, strictFileInteractability: false, timeouts: {implicit: 0, pageLoad: 300000, script: 30000}, unhandledPromptBehavior: dismiss and notify, webauthn:extension:credBlob: true, webauthn:extension:largeBlob: true, webauthn:virtualAuthenticators: true}
Session ID: 4d346f2e34bf1b83359e200430387ee9
10:59:45.568  INFO  manager.ListenerWD - ++++++++++++++++++++++++++
10:59:45.569  INFO  manager.ListenerWD - Object target ->>>>>>ChromeDriver: chrome on WINDOWS (4d346f2e34bf1b83359e200430387ee9)
10:59:45.569  INFO  manager.ListenerWD - ++++++++++++++++++++++++++
10:59:45.574  INFO  manager.ListenerWD - Screen  whith errror is ->>>>src/test/screenshots/screen-616.png
