18:16:13.219  INFO  manager.ApplicationManager - All tests star in Chrome Browser
18:16:14.674  INFO  manager.ApplicationManager - Current Url -->https://telranedu.web.app/home
18:16:14.720  INFO  tests.TestBase - The name of starts method is --->addNewContactWrongEmail
18:16:14.722  INFO  manager.ListenerWD - Before find elements ->>>>By.xpath: //button[text()='Sign Out']
18:16:19.792  INFO  manager.ListenerWD - After find elements ->>>>By.xpath: //button[text()='Sign Out']
18:16:19.797  INFO  manager.ListenerWD - List suze is ->>>>0
18:16:19.801  INFO  manager.ListenerWD - Before find element ->>>>By.cssSelector: a[href='/login']
18:16:19.841  INFO  manager.ListenerWD - After find element ->>>>By.cssSelector: a[href='/login']
18:16:19.926  INFO  manager.ListenerWD - Before find element ->>>>By.name: email
18:16:19.959  INFO  manager.ListenerWD - After find element ->>>>By.name: email
18:16:20.644  INFO  manager.ListenerWD - Before find element ->>>>By.name: password
18:16:20.679  INFO  manager.ListenerWD - After find element ->>>>By.name: password
18:16:21.339  INFO  manager.ListenerWD - Before find element ->>>>By.cssSelector: [name='login']
18:16:21.370  INFO  manager.ListenerWD - After find element ->>>>By.cssSelector: [name='login']
18:16:21.454  INFO  manager.ListenerWD - Before find element ->>>>By.cssSelector: a[href='/add']
18:16:22.364  INFO  manager.ListenerWD - After find element ->>>>By.cssSelector: a[href='/add']
18:16:22.418  INFO  manager.ListenerWD - Before find element ->>>>By.cssSelector: input[placeholder='Name']
18:16:22.450  INFO  manager.ListenerWD - After find element ->>>>By.cssSelector: input[placeholder='Name']
18:16:23.110  INFO  manager.ListenerWD - Before find element ->>>>By.cssSelector: input[placeholder='Last Name']
18:16:23.138  INFO  manager.ListenerWD - After find element ->>>>By.cssSelector: input[placeholder='Last Name']
18:16:23.782  INFO  manager.ListenerWD - Before find element ->>>>By.cssSelector: input[placeholder='Phone']
18:16:23.813  INFO  manager.ListenerWD - After find element ->>>>By.cssSelector: input[placeholder='Phone']
18:16:24.456  INFO  manager.ListenerWD - Before find element ->>>>By.cssSelector: input[placeholder='email']
18:16:24.481  INFO  manager.ListenerWD - After find element ->>>>By.cssSelector: input[placeholder='email']
18:16:25.129  INFO  manager.ListenerWD - Before find element ->>>>By.cssSelector: input[placeholder='Address']
18:16:25.159  INFO  manager.ListenerWD - After find element ->>>>By.cssSelector: input[placeholder='Address']
18:16:25.805  INFO  manager.ListenerWD - Before find element ->>>>By.cssSelector: input[placeholder='description']
18:16:25.832  INFO  manager.ListenerWD - After find element ->>>>By.cssSelector: input[placeholder='description']
18:16:26.489  INFO  manager.ListenerWD - Before find element ->>>>By.xpath: //b[text()='Save']
18:16:26.516  INFO  manager.ListenerWD - After find element ->>>>By.xpath: //b[text()='Save']
18:16:26.556  INFO  manager.ListenerWD - Before find elements ->>>>By.cssSelector: a.active[href='/add']
18:16:26.583  INFO  manager.ListenerWD - After find elements ->>>>By.cssSelector: a.active[href='/add']
18:16:26.583  INFO  manager.ListenerWD - List suze is ->>>>1
18:16:26.615  INFO  manager.ListenerWD - The have a 'problem'
18:16:26.615  INFO  manager.ListenerWD - ++++++++++++++++++++++++++++++++++++
18:16:26.615  INFO  manager.ListenerWD - Method method ->>>>alert
18:16:26.616  INFO  manager.ListenerWD - ++++++++++++++++++++++++++
18:16:26.618  INFO  manager.ListenerWD - InvocationTargetException getTargetException() org.openqa.selenium.NoAlertPresentException: no such alert
  (Session info: chrome=109.0.5414.120)
Build info: version: '4.7.1', revision: 'c6795baf1a3'
System info: os.name: 'Windows 10', os.arch: 'amd64', os.version: '10.0', java.version: '11.0.17'
Driver info: org.openqa.selenium.chrome.ChromeDriver
Command: [7bdb38953aab472100690c202f87d1d6, getAlertText {}]
Capabilities {acceptInsecureCerts: false, browserName: chrome, browserVersion: 109.0.5414.120, chrome: {chromedriverVersion: 109.0.5414.74 (e7c5703604da..., userDataDir: C:\Users\97252\AppData\Loca...}, goog:chromeOptions: {debuggerAddress: localhost:57094}, networkConnectionEnabled: false, pageLoadStrategy: normal, platformName: WINDOWS, proxy: Proxy(), se:cdp: ws://localhost:57094/devtoo..., se:cdpVersion: 109.0.5414.120, setWindowRect: true, strictFileInteractability: false, timeouts: {implicit: 0, pageLoad: 300000, script: 30000}, unhandledPromptBehavior: dismiss and notify, webauthn:extension:credBlob: true, webauthn:extension:largeBlob: true, webauthn:virtualAuthenticators: true}
Session ID: 7bdb38953aab472100690c202f87d1d6
18:16:26.618  INFO  manager.ListenerWD - ++++++++++++++++++++++++++
18:16:26.619  INFO  manager.ListenerWD - Object target ->>>>>>org.openqa.selenium.remote.RemoteWebDriver$RemoteTargetLocator@51efb731
18:16:26.619  INFO  manager.ListenerWD - ++++++++++++++++++++++++++
