17:40:14.795  INFO  manager.ApplicationManager - All tests star in Chrome Browser
17:40:16.054  INFO  manager.ApplicationManager - Current Url -->https://telranedu.web.app/home
17:40:16.059  INFO  manager.ListenerTNG - onStart->>>>>Gradle test
17:40:16.083  INFO  tests.TestBase - The name of starts method is --->addContactSuccessAllFields
17:40:16.085  INFO  manager.ListenerWD - Before find elements ->>>>By.xpath: //button[text()='Sign Out']
17:40:21.157  INFO  manager.ListenerWD - After find elements ->>>>By.xpath: //button[text()='Sign Out']
17:40:21.160  INFO  manager.ListenerWD - List suze is ->>>>0
17:40:21.162  INFO  manager.ListenerWD - Before find element ->>>>By.cssSelector: a[href='/login']
17:40:21.189  INFO  manager.ListenerWD - After find element ->>>>By.cssSelector: a[href='/login']
17:40:21.258  INFO  manager.ListenerWD - Before find element ->>>>By.name: email
17:40:21.286  INFO  manager.ListenerWD - After find element ->>>>By.name: email
17:40:21.419  INFO  manager.ListenerWD - Before find element ->>>>By.name: password
17:40:21.442  INFO  manager.ListenerWD - After find element ->>>>By.name: password
17:40:21.547  INFO  manager.ListenerWD - Before find element ->>>>By.cssSelector: [name='login']
17:40:21.568  INFO  manager.ListenerWD - After find element ->>>>By.cssSelector: [name='login']
17:40:21.605  INFO  manager.ListenerTNG - onTestStart->>>>>addContactSuccessAllFields
17:40:21.625  INFO  tests.TestBase - Tests start with data : Contact(name=Lisa1968, lastName=Simpson, phone=11111111968, email=reshef19861968@gmail.com, address=NY, description=All fields)
17:40:21.626  INFO  manager.ListenerWD - Before find element ->>>>By.cssSelector: a[href='/add']
17:40:22.515  INFO  manager.ListenerWD - After find element ->>>>By.cssSelector: a[href='/add']
17:40:22.557  INFO  manager.ListenerWD - Before find element ->>>>By.cssSelector: input[placeholder='Name']
17:40:22.581  INFO  manager.ListenerWD - After find element ->>>>By.cssSelector: input[placeholder='Name']
17:40:22.694  INFO  manager.ListenerWD - Before find element ->>>>By.cssSelector: input[placeholder='Last Name']
17:40:22.713  INFO  manager.ListenerWD - After find element ->>>>By.cssSelector: input[placeholder='Last Name']
17:40:22.814  INFO  manager.ListenerWD - Before find element ->>>>By.cssSelector: input[placeholder='Phone']
17:40:22.833  INFO  manager.ListenerWD - After find element ->>>>By.cssSelector: input[placeholder='Phone']
17:40:22.939  INFO  manager.ListenerWD - Before find element ->>>>By.cssSelector: input[placeholder='email']
17:40:22.959  INFO  manager.ListenerWD - After find element ->>>>By.cssSelector: input[placeholder='email']
17:40:23.080  INFO  manager.ListenerWD - Before find element ->>>>By.cssSelector: input[placeholder='Address']
17:40:23.100  INFO  manager.ListenerWD - After find element ->>>>By.cssSelector: input[placeholder='Address']
17:40:23.192  INFO  manager.ListenerWD - Before find element ->>>>By.cssSelector: input[placeholder='description']
17:40:23.209  INFO  manager.ListenerWD - After find element ->>>>By.cssSelector: input[placeholder='description']
17:40:23.311  INFO  manager.ListenerWD - Before find element ->>>>By.xpath: //b[text()='Save']
17:40:23.330  INFO  manager.ListenerWD - After find element ->>>>By.xpath: //b[text()='Save']
17:40:23.364  INFO  manager.ListenerWD - Before find elements ->>>>By.cssSelector: h2
17:40:24.074  INFO  manager.ListenerWD - After find elements ->>>>By.cssSelector: h2
17:40:24.074  INFO  manager.ListenerWD - List suze is ->>>>35
17:40:24.498  INFO  manager.ListenerWD - Before find elements ->>>>By.cssSelector: h3
17:40:24.673  INFO  manager.ListenerWD - After find elements ->>>>By.cssSelector: h3
17:40:24.673  INFO  manager.ListenerWD - List suze is ->>>>35
17:40:25.101  INFO  manager.ListenerWD - Before find elements ->>>>By.cssSelector: .contact-item_card__2SOIM
17:40:25.253  INFO  manager.ListenerWD - After find elements ->>>>By.cssSelector: .contact-item_card__2SOIM
17:40:25.254  INFO  manager.ListenerWD - List suze is ->>>>35
17:40:25.292  INFO  manager.ListenerWD - Before find element ->>>>By.cssSelector: .contact-item-detailed_card__50dTS
17:40:25.309  INFO  manager.ListenerWD - After find element ->>>>By.cssSelector: .contact-item-detailed_card__50dTS
17:40:25.364  INFO  manager.ListenerWD - Before find element ->>>>By.cssSelector: .contact-item-detailed_card__50dTS
17:40:25.376  INFO  manager.ListenerWD - After find element ->>>>By.cssSelector: .contact-item-detailed_card__50dTS
17:40:25.417  INFO  manager.ListenerWD - Before find element ->>>>By.cssSelector: .contact-item-detailed_card__50dTS
17:40:25.428  INFO  manager.ListenerWD - After find element ->>>>By.cssSelector: .contact-item-detailed_card__50dTS
17:40:25.477  INFO  manager.ListenerWD - Before find element ->>>>By.cssSelector: .contact-item-detailed_card__50dTS
17:40:25.489  INFO  manager.ListenerWD - After find element ->>>>By.cssSelector: .contact-item-detailed_card__50dTS
17:40:25.528  INFO  manager.ListenerWD - Before find element ->>>>By.cssSelector: .contact-item-detailed_card__50dTS
17:40:25.540  INFO  manager.ListenerWD - After find element ->>>>By.cssSelector: .contact-item-detailed_card__50dTS
17:40:25.581  INFO  manager.ListenerWD - Before find element ->>>>By.cssSelector: .contact-item-detailed_card__50dTS
17:40:25.593  INFO  manager.ListenerWD - After find element ->>>>By.cssSelector: .contact-item-detailed_card__50dTS
17:40:25.636  INFO  manager.ListenerWD - Before find element ->>>>By.cssSelector: .contact-item-detailed_card__50dTS
17:40:25.649  INFO  manager.ListenerWD - After find element ->>>>By.cssSelector: .contact-item-detailed_card__50dTS
17:40:25.696  INFO  manager.ListenerWD - Before find element ->>>>By.cssSelector: .contact-item-detailed_card__50dTS
17:40:25.708  INFO  manager.ListenerWD - After find element ->>>>By.cssSelector: .contact-item-detailed_card__50dTS
17:40:25.749  INFO  manager.ListenerWD - Before find element ->>>>By.cssSelector: .contact-item-detailed_card__50dTS
17:40:25.760  INFO  manager.ListenerWD - After find element ->>>>By.cssSelector: .contact-item-detailed_card__50dTS
17:40:25.803  INFO  manager.ListenerWD - Before find element ->>>>By.cssSelector: .contact-item-detailed_card__50dTS
17:40:25.814  INFO  manager.ListenerWD - After find element ->>>>By.cssSelector: .contact-item-detailed_card__50dTS
17:40:25.854  INFO  manager.ListenerWD - Before find element ->>>>By.cssSelector: .contact-item-detailed_card__50dTS
17:40:25.867  INFO  manager.ListenerWD - After find element ->>>>By.cssSelector: .contact-item-detailed_card__50dTS
17:40:25.915  INFO  manager.ListenerWD - Before find element ->>>>By.cssSelector: .contact-item-detailed_card__50dTS
17:40:25.928  INFO  manager.ListenerWD - After find element ->>>>By.cssSelector: .contact-item-detailed_card__50dTS
17:40:25.977  INFO  manager.ListenerWD - Before find element ->>>>By.cssSelector: .contact-item-detailed_card__50dTS
17:40:25.990  INFO  manager.ListenerWD - After find element ->>>>By.cssSelector: .contact-item-detailed_card__50dTS
17:40:26.033  INFO  manager.ListenerWD - Before find element ->>>>By.cssSelector: .contact-item-detailed_card__50dTS
17:40:26.046  INFO  manager.ListenerWD - After find element ->>>>By.cssSelector: .contact-item-detailed_card__50dTS
17:40:26.083  INFO  manager.ListenerWD - Before find element ->>>>By.cssSelector: .contact-item-detailed_card__50dTS
17:40:26.092  INFO  manager.ListenerWD - After find element ->>>>By.cssSelector: .contact-item-detailed_card__50dTS
17:40:26.131  INFO  manager.ListenerWD - Before find element ->>>>By.cssSelector: .contact-item-detailed_card__50dTS
17:40:26.142  INFO  manager.ListenerWD - After find element ->>>>By.cssSelector: .contact-item-detailed_card__50dTS
17:40:26.183  INFO  manager.ListenerWD - Before find element ->>>>By.cssSelector: .contact-item-detailed_card__50dTS
17:40:26.196  INFO  manager.ListenerWD - After find element ->>>>By.cssSelector: .contact-item-detailed_card__50dTS
17:40:26.237  INFO  manager.ListenerWD - Before find element ->>>>By.cssSelector: .contact-item-detailed_card__50dTS
17:40:26.248  INFO  manager.ListenerWD - After find element ->>>>By.cssSelector: .contact-item-detailed_card__50dTS
17:40:26.288  INFO  manager.ListenerWD - Before find element ->>>>By.cssSelector: .contact-item-detailed_card__50dTS
17:40:26.301  INFO  manager.ListenerWD - After find element ->>>>By.cssSelector: .contact-item-detailed_card__50dTS
17:40:26.341  INFO  manager.ListenerWD - Before find element ->>>>By.cssSelector: .contact-item-detailed_card__50dTS
17:40:26.354  INFO  manager.ListenerWD - After find element ->>>>By.cssSelector: .contact-item-detailed_card__50dTS
17:40:26.398  INFO  manager.ListenerWD - Before find element ->>>>By.cssSelector: .contact-item-detailed_card__50dTS
17:40:26.411  INFO  manager.ListenerWD - After find element ->>>>By.cssSelector: .contact-item-detailed_card__50dTS
17:40:26.451  INFO  manager.ListenerWD - Before find element ->>>>By.cssSelector: .contact-item-detailed_card__50dTS
17:40:26.462  INFO  manager.ListenerWD - After find element ->>>>By.cssSelector: .contact-item-detailed_card__50dTS
17:40:26.503  INFO  manager.ListenerWD - Before find element ->>>>By.cssSelector: .contact-item-detailed_card__50dTS
17:40:26.514  INFO  manager.ListenerWD - After find element ->>>>By.cssSelector: .contact-item-detailed_card__50dTS
17:40:26.554  INFO  manager.ListenerWD - Before find element ->>>>By.cssSelector: .contact-item-detailed_card__50dTS
17:40:26.566  INFO  manager.ListenerWD - After find element ->>>>By.cssSelector: .contact-item-detailed_card__50dTS
17:40:26.606  INFO  manager.ListenerWD - Before find element ->>>>By.cssSelector: .contact-item-detailed_card__50dTS
17:40:26.618  INFO  manager.ListenerWD - After find element ->>>>By.cssSelector: .contact-item-detailed_card__50dTS
17:40:26.657  INFO  manager.ListenerWD - Before find element ->>>>By.cssSelector: .contact-item-detailed_card__50dTS
17:40:26.669  INFO  manager.ListenerWD - After find element ->>>>By.cssSelector: .contact-item-detailed_card__50dTS
17:40:26.708  INFO  manager.ListenerWD - Before find element ->>>>By.cssSelector: .contact-item-detailed_card__50dTS
17:40:26.719  INFO  manager.ListenerWD - After find element ->>>>By.cssSelector: .contact-item-detailed_card__50dTS
17:40:26.761  INFO  manager.ListenerWD - Before find element ->>>>By.cssSelector: .contact-item-detailed_card__50dTS
17:40:26.772  INFO  manager.ListenerWD - After find element ->>>>By.cssSelector: .contact-item-detailed_card__50dTS
17:40:26.812  INFO  manager.ListenerWD - Before find element ->>>>By.cssSelector: .contact-item-detailed_card__50dTS
17:40:26.823  INFO  manager.ListenerWD - After find element ->>>>By.cssSelector: .contact-item-detailed_card__50dTS
17:40:26.865  INFO  manager.ListenerWD - Before find element ->>>>By.cssSelector: .contact-item-detailed_card__50dTS
17:40:26.876  INFO  manager.ListenerWD - After find element ->>>>By.cssSelector: .contact-item-detailed_card__50dTS
17:40:26.919  INFO  manager.ListenerWD - Before find element ->>>>By.cssSelector: .contact-item-detailed_card__50dTS
17:40:26.930  INFO  manager.ListenerWD - After find element ->>>>By.cssSelector: .contact-item-detailed_card__50dTS
17:40:26.971  INFO  manager.ListenerWD - Before find element ->>>>By.cssSelector: .contact-item-detailed_card__50dTS
17:40:26.983  INFO  manager.ListenerWD - After find element ->>>>By.cssSelector: .contact-item-detailed_card__50dTS
17:40:27.023  INFO  manager.ListenerWD - Before find element ->>>>By.cssSelector: .contact-item-detailed_card__50dTS
17:40:27.035  INFO  manager.ListenerWD - After find element ->>>>By.cssSelector: .contact-item-detailed_card__50dTS
17:40:27.076  INFO  manager.ListenerWD - Before find element ->>>>By.cssSelector: .contact-item-detailed_card__50dTS
17:40:27.088  INFO  manager.ListenerWD - After find element ->>>>By.cssSelector: .contact-item-detailed_card__50dTS
17:40:27.128  INFO  manager.ListenerWD - Before find element ->>>>By.cssSelector: .contact-item-detailed_card__50dTS
17:40:27.139  INFO  manager.ListenerWD - After find element ->>>>By.cssSelector: .contact-item-detailed_card__50dTS
17:40:27.151  INFO  manager.ListenerTNG - onTestSuccess ->>>>>>addContactSuccessAllFields
17:40:27.152  INFO  tests.TestBase - The name of starts method is --->addContactSuccessRequiredFields
17:40:27.153  INFO  manager.ListenerWD - Before find elements ->>>>By.xpath: //button[text()='Sign Out']
17:40:27.167  INFO  manager.ListenerWD - After find elements ->>>>By.xpath: //button[text()='Sign Out']
17:40:27.167  INFO  manager.ListenerWD - List suze is ->>>>1
17:40:27.168  INFO  manager.ListenerTNG - onTestStart->>>>>addContactSuccessRequiredFields
17:40:27.169  INFO  manager.ListenerWD - Before find element ->>>>By.cssSelector: a[href='/add']
17:40:27.181  INFO  manager.ListenerWD - After find element ->>>>By.cssSelector: a[href='/add']
17:40:27.211  INFO  manager.ListenerWD - Before find element ->>>>By.cssSelector: input[placeholder='Name']
17:40:27.222  INFO  manager.ListenerWD - After find element ->>>>By.cssSelector: input[placeholder='Name']
17:40:27.329  INFO  manager.ListenerWD - Before find element ->>>>By.cssSelector: input[placeholder='Last Name']
17:40:27.340  INFO  manager.ListenerWD - After find element ->>>>By.cssSelector: input[placeholder='Last Name']
17:40:27.434  INFO  manager.ListenerWD - Before find element ->>>>By.cssSelector: input[placeholder='Phone']
17:40:27.444  INFO  manager.ListenerWD - After find element ->>>>By.cssSelector: input[placeholder='Phone']
17:40:27.542  INFO  manager.ListenerWD - Before find element ->>>>By.cssSelector: input[placeholder='email']
17:40:27.552  INFO  manager.ListenerWD - After find element ->>>>By.cssSelector: input[placeholder='email']
17:40:27.669  INFO  manager.ListenerWD - Before find element ->>>>By.cssSelector: input[placeholder='Address']
17:40:27.680  INFO  manager.ListenerWD - After find element ->>>>By.cssSelector: input[placeholder='Address']
17:40:27.780  INFO  manager.ListenerWD - Before find element ->>>>By.cssSelector: input[placeholder='description']
17:40:27.791  INFO  manager.ListenerWD - After find element ->>>>By.cssSelector: input[placeholder='description']
17:40:27.851  INFO  manager.ListenerWD - Before find element ->>>>By.xpath: //b[text()='Save']
17:40:27.862  INFO  manager.ListenerWD - After find element ->>>>By.xpath: //b[text()='Save']
17:40:27.894  INFO  manager.ListenerWD - Before find elements ->>>>By.cssSelector: h2
17:40:28.445  INFO  manager.ListenerWD - After find elements ->>>>By.cssSelector: h2
17:40:28.445  INFO  manager.ListenerWD - List suze is ->>>>36
17:40:28.967  INFO  manager.ListenerWD - Before find elements ->>>>By.cssSelector: h3
17:40:29.079  INFO  manager.ListenerWD - After find elements ->>>>By.cssSelector: h3
17:40:29.080  INFO  manager.ListenerWD - List suze is ->>>>36
17:40:29.551  INFO  manager.ListenerTNG - onTestSuccess ->>>>>>addContactSuccessRequiredFields
17:40:29.552  INFO  tests.TestBase - The name of starts method is --->addNewContactWrongAddress
17:40:29.552  INFO  manager.ListenerWD - Before find elements ->>>>By.xpath: //button[text()='Sign Out']
17:40:29.563  INFO  manager.ListenerWD - After find elements ->>>>By.xpath: //button[text()='Sign Out']
17:40:29.563  INFO  manager.ListenerWD - List suze is ->>>>1
17:40:29.563  INFO  manager.ListenerTNG - onTestStart->>>>>addNewContactWrongAddress
17:40:29.564  INFO  manager.ListenerWD - Before find element ->>>>By.cssSelector: a[href='/add']
17:40:29.576  INFO  manager.ListenerWD - After find element ->>>>By.cssSelector: a[href='/add']
17:40:29.602  INFO  manager.ListenerWD - Before find element ->>>>By.cssSelector: input[placeholder='Name']
17:40:29.614  INFO  manager.ListenerWD - After find element ->>>>By.cssSelector: input[placeholder='Name']
17:40:29.713  INFO  manager.ListenerWD - Before find element ->>>>By.cssSelector: input[placeholder='Last Name']
17:40:29.723  INFO  manager.ListenerWD - After find element ->>>>By.cssSelector: input[placeholder='Last Name']
17:40:29.820  INFO  manager.ListenerWD - Before find element ->>>>By.cssSelector: input[placeholder='Phone']
17:40:29.831  INFO  manager.ListenerWD - After find element ->>>>By.cssSelector: input[placeholder='Phone']
17:40:29.943  INFO  manager.ListenerWD - Before find element ->>>>By.cssSelector: input[placeholder='email']
17:40:29.955  INFO  manager.ListenerWD - After find element ->>>>By.cssSelector: input[placeholder='email']
17:40:30.069  INFO  manager.ListenerWD - Before find element ->>>>By.cssSelector: input[placeholder='Address']
17:40:30.079  INFO  manager.ListenerWD - After find element ->>>>By.cssSelector: input[placeholder='Address']
17:40:30.165  INFO  manager.ListenerWD - Before find element ->>>>By.cssSelector: input[placeholder='description']
17:40:30.175  INFO  manager.ListenerWD - After find element ->>>>By.cssSelector: input[placeholder='description']
17:40:30.279  INFO  manager.ListenerWD - Before find element ->>>>By.xpath: //b[text()='Save']
17:40:30.289  INFO  manager.ListenerWD - After find element ->>>>By.xpath: //b[text()='Save']
17:40:30.321  INFO  manager.ListenerWD - Before find elements ->>>>By.cssSelector: a.active[href='/add']
17:40:30.334  INFO  manager.ListenerWD - After find elements ->>>>By.cssSelector: a.active[href='/add']
17:40:30.334  INFO  manager.ListenerWD - List suze is ->>>>1
17:40:30.334  INFO  manager.ListenerTNG - onTestSuccess ->>>>>>addNewContactWrongAddress
17:40:30.335  INFO  tests.TestBase - The name of starts method is --->addNewContactWrongEmail
17:40:30.335  INFO  manager.ListenerWD - Before find elements ->>>>By.xpath: //button[text()='Sign Out']
17:40:30.345  INFO  manager.ListenerWD - After find elements ->>>>By.xpath: //button[text()='Sign Out']
17:40:30.346  INFO  manager.ListenerWD - List suze is ->>>>1
17:40:30.346  INFO  manager.ListenerTNG - onTestStart->>>>>addNewContactWrongEmail
17:40:30.346  INFO  manager.ListenerWD - Before find element ->>>>By.cssSelector: a[href='/add']
17:40:30.358  INFO  manager.ListenerWD - After find element ->>>>By.cssSelector: a[href='/add']
17:40:30.388  INFO  manager.ListenerWD - Before find element ->>>>By.cssSelector: input[placeholder='Name']
17:40:30.400  INFO  manager.ListenerWD - After find element ->>>>By.cssSelector: input[placeholder='Name']
17:40:30.500  INFO  manager.ListenerWD - Before find element ->>>>By.cssSelector: input[placeholder='Last Name']
17:40:30.511  INFO  manager.ListenerWD - After find element ->>>>By.cssSelector: input[placeholder='Last Name']
17:40:30.601  INFO  manager.ListenerWD - Before find element ->>>>By.cssSelector: input[placeholder='Phone']
17:40:30.610  INFO  manager.ListenerWD - After find element ->>>>By.cssSelector: input[placeholder='Phone']
17:40:30.694  INFO  manager.ListenerWD - Before find element ->>>>By.cssSelector: input[placeholder='email']
17:40:30.703  INFO  manager.ListenerWD - After find element ->>>>By.cssSelector: input[placeholder='email']
17:40:30.782  INFO  manager.ListenerWD - Before find element ->>>>By.cssSelector: input[placeholder='Address']
17:40:30.792  INFO  manager.ListenerWD - After find element ->>>>By.cssSelector: input[placeholder='Address']
17:40:30.863  INFO  manager.ListenerWD - Before find element ->>>>By.cssSelector: input[placeholder='description']
17:40:30.872  INFO  manager.ListenerWD - After find element ->>>>By.cssSelector: input[placeholder='description']
17:40:30.969  INFO  manager.ListenerWD - Before find element ->>>>By.xpath: //b[text()='Save']
17:40:30.979  INFO  manager.ListenerWD - After find element ->>>>By.xpath: //b[text()='Save']
17:40:31.003  INFO  manager.ListenerWD - Before find elements ->>>>By.cssSelector: a.active[href='/add']
17:40:31.014  INFO  manager.ListenerWD - After find elements ->>>>By.cssSelector: a.active[href='/add']
17:40:31.015  INFO  manager.ListenerWD - List suze is ->>>>1
17:40:31.030  INFO  manager.ListenerWD - The have a 'problem'
17:40:31.030  INFO  manager.ListenerWD - ++++++++++++++++++++++++++++++++++++
17:40:31.030  INFO  manager.ListenerWD - Method method ->>>>alert
17:40:31.030  INFO  manager.ListenerWD - ++++++++++++++++++++++++++
17:40:31.031  INFO  manager.ListenerWD - InvocationTargetException getTargetException() org.openqa.selenium.NoAlertPresentException: no such alert
  (Session info: chrome=109.0.5414.120)
Build info: version: '4.7.1', revision: 'c6795baf1a3'
System info: os.name: 'Windows 10', os.arch: 'amd64', os.version: '10.0', java.version: '11.0.17'
Driver info: org.openqa.selenium.chrome.ChromeDriver
Command: [4d6a4d98ca77693d345f7507f288a089, getAlertText {}]
Capabilities {acceptInsecureCerts: false, browserName: chrome, browserVersion: 109.0.5414.120, chrome: {chromedriverVersion: 109.0.5414.74 (e7c5703604da..., userDataDir: C:\Users\97252\AppData\Loca...}, goog:chromeOptions: {debuggerAddress: localhost:55895}, networkConnectionEnabled: false, pageLoadStrategy: normal, platformName: WINDOWS, proxy: Proxy(), se:cdp: ws://localhost:55895/devtoo..., se:cdpVersion: 109.0.5414.120, setWindowRect: true, strictFileInteractability: false, timeouts: {implicit: 0, pageLoad: 300000, script: 30000}, unhandledPromptBehavior: dismiss and notify, webauthn:extension:credBlob: true, webauthn:extension:largeBlob: true, webauthn:virtualAuthenticators: true}
Session ID: 4d6a4d98ca77693d345f7507f288a089
17:40:31.032  INFO  manager.ListenerWD - ++++++++++++++++++++++++++
17:40:31.032  INFO  manager.ListenerWD - Object target ->>>>>>org.openqa.selenium.remote.RemoteWebDriver$RemoteTargetLocator@5e385b6f
17:40:31.032  INFO  manager.ListenerWD - ++++++++++++++++++++++++++
17:40:31.573  INFO  manager.ListenerTNG - onTestFailure->>>>>addNewContactWrongEmail
17:40:31.575  INFO  tests.TestBase - The name of starts method is --->addNewContactWrongLastName
17:40:31.576  INFO  manager.ListenerWD - Before find elements ->>>>By.xpath: //button[text()='Sign Out']
17:40:31.601  INFO  manager.ListenerWD - After find elements ->>>>By.xpath: //button[text()='Sign Out']
17:40:31.601  INFO  manager.ListenerWD - List suze is ->>>>1
17:40:31.601  INFO  manager.ListenerTNG - onTestStart->>>>>addNewContactWrongLastName
17:40:31.602  INFO  manager.ListenerWD - Before find element ->>>>By.cssSelector: a[href='/add']
17:40:31.614  INFO  manager.ListenerWD - After find element ->>>>By.cssSelector: a[href='/add']
17:40:31.644  INFO  manager.ListenerWD - Before find element ->>>>By.cssSelector: input[placeholder='Name']
17:40:31.656  INFO  manager.ListenerWD - After find element ->>>>By.cssSelector: input[placeholder='Name']
17:40:31.749  INFO  manager.ListenerWD - Before find element ->>>>By.cssSelector: input[placeholder='Last Name']
17:40:31.759  INFO  manager.ListenerWD - After find element ->>>>By.cssSelector: input[placeholder='Last Name']
17:40:31.839  INFO  manager.ListenerWD - Before find element ->>>>By.cssSelector: input[placeholder='Phone']
17:40:31.850  INFO  manager.ListenerWD - After find element ->>>>By.cssSelector: input[placeholder='Phone']
17:40:31.932  INFO  manager.ListenerWD - Before find element ->>>>By.cssSelector: input[placeholder='email']
17:40:31.941  INFO  manager.ListenerWD - After find element ->>>>By.cssSelector: input[placeholder='email']
17:40:32.037  INFO  manager.ListenerWD - Before find element ->>>>By.cssSelector: input[placeholder='Address']
17:40:32.047  INFO  manager.ListenerWD - After find element ->>>>By.cssSelector: input[placeholder='Address']
17:40:32.125  INFO  manager.ListenerWD - Before find element ->>>>By.cssSelector: input[placeholder='description']
17:40:32.135  INFO  manager.ListenerWD - After find element ->>>>By.cssSelector: input[placeholder='description']
17:40:32.227  INFO  manager.ListenerWD - Before find element ->>>>By.xpath: //b[text()='Save']
17:40:32.236  INFO  manager.ListenerWD - After find element ->>>>By.xpath: //b[text()='Save']
17:40:32.259  INFO  manager.ListenerWD - Before find elements ->>>>By.cssSelector: a.active[href='/add']
17:40:32.269  INFO  manager.ListenerWD - After find elements ->>>>By.cssSelector: a.active[href='/add']
17:40:32.269  INFO  manager.ListenerWD - List suze is ->>>>1
17:40:32.269  INFO  manager.ListenerTNG - onTestSuccess ->>>>>>addNewContactWrongLastName
17:40:32.270  INFO  tests.TestBase - The name of starts method is --->addNewContactWrongName
17:40:32.270  INFO  manager.ListenerWD - Before find elements ->>>>By.xpath: //button[text()='Sign Out']
17:40:32.280  INFO  manager.ListenerWD - After find elements ->>>>By.xpath: //button[text()='Sign Out']
17:40:32.280  INFO  manager.ListenerWD - List suze is ->>>>1
17:40:32.280  INFO  manager.ListenerTNG - onTestStart->>>>>addNewContactWrongName
17:40:32.281  INFO  manager.ListenerWD - Before find element ->>>>By.cssSelector: a[href='/add']
17:40:32.290  INFO  manager.ListenerWD - After find element ->>>>By.cssSelector: a[href='/add']
17:40:32.312  INFO  manager.ListenerWD - Before find element ->>>>By.cssSelector: input[placeholder='Name']
17:40:32.322  INFO  manager.ListenerWD - After find element ->>>>By.cssSelector: input[placeholder='Name']
17:40:32.395  INFO  manager.ListenerWD - Before find element ->>>>By.cssSelector: input[placeholder='Last Name']
17:40:32.405  INFO  manager.ListenerWD - After find element ->>>>By.cssSelector: input[placeholder='Last Name']
17:40:32.485  INFO  manager.ListenerWD - Before find element ->>>>By.cssSelector: input[placeholder='Phone']
17:40:32.497  INFO  manager.ListenerWD - After find element ->>>>By.cssSelector: input[placeholder='Phone']
17:40:32.588  INFO  manager.ListenerWD - Before find element ->>>>By.cssSelector: input[placeholder='email']
17:40:32.598  INFO  manager.ListenerWD - After find element ->>>>By.cssSelector: input[placeholder='email']
17:40:32.706  INFO  manager.ListenerWD - Before find element ->>>>By.cssSelector: input[placeholder='Address']
17:40:32.716  INFO  manager.ListenerWD - After find element ->>>>By.cssSelector: input[placeholder='Address']
17:40:32.794  INFO  manager.ListenerWD - Before find element ->>>>By.cssSelector: input[placeholder='description']
17:40:32.803  INFO  manager.ListenerWD - After find element ->>>>By.cssSelector: input[placeholder='description']
17:40:32.889  INFO  manager.ListenerWD - Before find element ->>>>By.xpath: //b[text()='Save']
17:40:32.900  INFO  manager.ListenerWD - After find element ->>>>By.xpath: //b[text()='Save']
17:40:32.920  INFO  manager.ListenerWD - Before find elements ->>>>By.cssSelector: a.active[href='/add']
17:40:32.929  INFO  manager.ListenerWD - After find elements ->>>>By.cssSelector: a.active[href='/add']
17:40:32.930  INFO  manager.ListenerWD - List suze is ->>>>1
17:40:32.930  INFO  manager.ListenerTNG - onTestSuccess ->>>>>>addNewContactWrongName
17:40:32.930  INFO  tests.TestBase - The name of starts method is --->addNewContactWrongPhone
17:40:32.931  INFO  manager.ListenerWD - Before find elements ->>>>By.xpath: //button[text()='Sign Out']
17:40:32.941  INFO  manager.ListenerWD - After find elements ->>>>By.xpath: //button[text()='Sign Out']
17:40:32.941  INFO  manager.ListenerWD - List suze is ->>>>1
17:40:32.942  INFO  manager.ListenerTNG - onTestStart->>>>>addNewContactWrongPhone
17:40:32.942  INFO  manager.ListenerWD - Before find element ->>>>By.cssSelector: a[href='/add']
17:40:32.952  INFO  manager.ListenerWD - After find element ->>>>By.cssSelector: a[href='/add']
17:40:32.976  INFO  manager.ListenerWD - Before find element ->>>>By.cssSelector: input[placeholder='Name']
17:40:32.986  INFO  manager.ListenerWD - After find element ->>>>By.cssSelector: input[placeholder='Name']
17:40:33.064  INFO  manager.ListenerWD - Before find element ->>>>By.cssSelector: input[placeholder='Last Name']
17:40:33.071  INFO  manager.ListenerWD - After find element ->>>>By.cssSelector: input[placeholder='Last Name']
17:40:33.152  INFO  manager.ListenerWD - Before find element ->>>>By.cssSelector: input[placeholder='Phone']
17:40:33.162  INFO  manager.ListenerWD - After find element ->>>>By.cssSelector: input[placeholder='Phone']
17:40:33.235  INFO  manager.ListenerWD - Before find element ->>>>By.cssSelector: input[placeholder='email']
17:40:33.244  INFO  manager.ListenerWD - After find element ->>>>By.cssSelector: input[placeholder='email']
17:40:33.336  INFO  manager.ListenerWD - Before find element ->>>>By.cssSelector: input[placeholder='Address']
17:40:33.346  INFO  manager.ListenerWD - After find element ->>>>By.cssSelector: input[placeholder='Address']
17:40:33.429  INFO  manager.ListenerWD - Before find element ->>>>By.cssSelector: input[placeholder='description']
17:40:33.438  INFO  manager.ListenerWD - After find element ->>>>By.cssSelector: input[placeholder='description']
17:40:33.527  INFO  manager.ListenerWD - Before find element ->>>>By.xpath: //b[text()='Save']
17:40:33.537  INFO  manager.ListenerWD - After find element ->>>>By.xpath: //b[text()='Save']
17:40:33.558  INFO  manager.ListenerWD - Before find elements ->>>>By.cssSelector: a.active[href='/add']
17:40:33.567  INFO  manager.ListenerWD - After find elements ->>>>By.cssSelector: a.active[href='/add']
17:40:33.568  INFO  manager.ListenerWD - List suze is ->>>>1
17:40:33.573  INFO  manager.ListenerWD - The have a 'problem'
17:40:33.573  INFO  manager.ListenerWD - ++++++++++++++++++++++++++++++++++++
17:40:33.573  INFO  manager.ListenerWD - Method method ->>>>alert
17:40:33.573  INFO  manager.ListenerWD - ++++++++++++++++++++++++++
17:40:33.573  INFO  manager.ListenerWD - InvocationTargetException getTargetException() org.openqa.selenium.NoAlertPresentException: no such alert
  (Session info: chrome=109.0.5414.120)
Build info: version: '4.7.1', revision: 'c6795baf1a3'
System info: os.name: 'Windows 10', os.arch: 'amd64', os.version: '10.0', java.version: '11.0.17'
Driver info: org.openqa.selenium.chrome.ChromeDriver
Command: [4d6a4d98ca77693d345f7507f288a089, getAlertText {}]
Capabilities {acceptInsecureCerts: false, browserName: chrome, browserVersion: 109.0.5414.120, chrome: {chromedriverVersion: 109.0.5414.74 (e7c5703604da..., userDataDir: C:\Users\97252\AppData\Loca...}, goog:chromeOptions: {debuggerAddress: localhost:55895}, networkConnectionEnabled: false, pageLoadStrategy: normal, platformName: WINDOWS, proxy: Proxy(), se:cdp: ws://localhost:55895/devtoo..., se:cdpVersion: 109.0.5414.120, setWindowRect: true, strictFileInteractability: false, timeouts: {implicit: 0, pageLoad: 300000, script: 30000}, unhandledPromptBehavior: dismiss and notify, webauthn:extension:credBlob: true, webauthn:extension:largeBlob: true, webauthn:virtualAuthenticators: true}
Session ID: 4d6a4d98ca77693d345f7507f288a089
17:40:33.574  INFO  manager.ListenerWD - ++++++++++++++++++++++++++
17:40:33.574  INFO  manager.ListenerWD - Object target ->>>>>>org.openqa.selenium.remote.RemoteWebDriver$RemoteTargetLocator@16e07bae
17:40:33.574  INFO  manager.ListenerWD - ++++++++++++++++++++++++++
17:40:34.109  INFO  manager.ListenerTNG - onTestSuccess ->>>>>>addNewContactWrongPhone
17:40:34.121  INFO  tests.TestBase - The name of starts method is --->loginSuccess
17:40:34.124  INFO  manager.ListenerTNG - onTestStart->>>>>loginSuccess
17:40:34.125  INFO  manager.ListenerTNG - onTestSkipped->>>>>loginSuccess
17:40:34.126  INFO  manager.ListenerTNG - onTestStart->>>>>loginSuccess
17:40:34.127  INFO  manager.ListenerTNG - onTestSkipped->>>>>loginSuccess
17:40:34.128  INFO  manager.ListenerTNG - onTestStart->>>>>loginSuccess
17:40:34.129  INFO  manager.ListenerTNG - onTestSkipped->>>>>loginSuccess
17:40:34.130  INFO  manager.ListenerTNG - onTestStart->>>>>loginSuccess2
17:40:34.131  INFO  manager.ListenerTNG - onTestSkipped->>>>>loginSuccess2
17:40:34.132  INFO  manager.ListenerTNG - onTestStart->>>>>loginSuccess2
17:40:34.133  INFO  manager.ListenerTNG - onTestSkipped->>>>>loginSuccess2
17:40:34.133  INFO  manager.ListenerTNG - onTestStart->>>>>loginSuccess2
17:40:34.134  INFO  manager.ListenerTNG - onTestSkipped->>>>>loginSuccess2
17:40:34.135  INFO  manager.ListenerTNG - onTestStart->>>>>loginSuccessModel
17:40:34.147  INFO  manager.ListenerTNG - onTestSkipped->>>>>loginSuccessModel
17:40:34.149  INFO  manager.ListenerTNG - onTestStart->>>>>loginSuccessModel
17:40:34.150  INFO  manager.ListenerTNG - onTestSkipped->>>>>loginSuccessModel
17:40:34.151  INFO  manager.ListenerTNG - onTestStart->>>>>loginSuccessModel
17:40:34.152  INFO  manager.ListenerTNG - onTestSkipped->>>>>loginSuccessModel
17:40:34.154  INFO  manager.ListenerTNG - onTestStart->>>>>loginSuccessModelFromFile
17:40:34.154  INFO  manager.ListenerTNG - onTestSkipped->>>>>loginSuccessModelFromFile
17:40:34.155  INFO  manager.ListenerTNG - onTestStart->>>>>loginSuccessModelFromFile
17:40:34.156  INFO  manager.ListenerTNG - onTestSkipped->>>>>loginSuccessModelFromFile
17:40:34.157  INFO  manager.ListenerTNG - onTestStart->>>>>loginSuccessModelFromFile
17:40:34.157  INFO  manager.ListenerTNG - onTestSkipped->>>>>loginSuccessModelFromFile
17:40:34.160  INFO  manager.ListenerTNG - onTestStart->>>>>loginSuccessNew
17:40:34.160  INFO  manager.ListenerTNG - onTestSkipped->>>>>loginSuccessNew
17:40:34.163  INFO  manager.ListenerTNG - onTestStart->>>>>loginSuccessNew
17:40:34.164  INFO  manager.ListenerTNG - onTestSkipped->>>>>loginSuccessNew
17:40:34.165  INFO  manager.ListenerTNG - onTestStart->>>>>loginUnregisterUser
17:40:34.166  INFO  manager.ListenerTNG - onTestSkipped->>>>>loginUnregisterUser
17:40:34.166  INFO  manager.ListenerTNG - onTestStart->>>>>loginWrongEmail
17:40:34.168  INFO  manager.ListenerTNG - onTestSkipped->>>>>loginWrongEmail
17:40:34.169  INFO  manager.ListenerTNG - onTestStart->>>>>loginWrongPassword
17:40:34.170  INFO  manager.ListenerTNG - onTestSkipped->>>>>loginWrongPassword
17:40:34.171  INFO  tests.TestBase - The name of starts method is --->registrationSuccess
17:40:34.171  INFO  manager.ListenerTNG - onTestStart->>>>>registrationSuccess
17:40:34.172  INFO  manager.ListenerTNG - onTestFailure->>>>>registrationSuccess
17:40:34.173  INFO  tests.TestBase - The name of starts method is --->registrationUserAlreadyExists
17:40:34.173  INFO  manager.ListenerTNG - onTestStart->>>>>registrationUserAlreadyExists
17:40:34.173  INFO  manager.ListenerTNG - onTestFailure->>>>>registrationUserAlreadyExists
17:40:34.175  INFO  tests.TestBase - The name of starts method is --->registrationWrongEmail
17:40:34.176  INFO  manager.ListenerTNG - onTestStart->>>>>registrationWrongEmail
17:40:34.176  INFO  manager.ListenerTNG - onTestFailure->>>>>registrationWrongEmail
17:40:34.177  INFO  tests.TestBase - The name of starts method is --->registrationWrongPassword
17:40:34.181  INFO  manager.ListenerTNG - onTestStart->>>>>registrationWrongPassword
17:40:34.181  INFO  manager.ListenerTNG - onTestFailure->>>>>registrationWrongPassword
17:40:34.183  INFO  manager.ListenerTNG - onFinish->>>>>Gradle test
