20:08:51.013  INFO  manager.ApplicationManager - All tests star in Chrome Browser
20:08:52.501  INFO  manager.ApplicationManager - Current Url -->https://telranedu.web.app/home
20:08:52.538  INFO  tests.TestBase - The name of starts method is --->registrationSuccess
20:08:52.542  INFO  manager.ListenerWD - Before find elements ->>>>By.xpath: //button[text()='Sign Out']
20:08:57.608  INFO  manager.ListenerWD - After find elements ->>>>By.xpath: //button[text()='Sign Out']
20:08:57.612  INFO  manager.ListenerWD - List suze is ->>>>0
20:08:57.618  INFO  manager.ListenerWD - Before find element ->>>>By.cssSelector: a[href='/login']
20:08:57.659  INFO  manager.ListenerWD - After find element ->>>>By.cssSelector: a[href='/login']
20:08:57.743  INFO  manager.ListenerWD - Before find element ->>>>By.name: email
20:08:57.777  INFO  manager.ListenerWD - After find element ->>>>By.name: email
20:08:58.498  INFO  manager.ListenerWD - Before find element ->>>>By.name: password
20:08:58.532  INFO  manager.ListenerWD - After find element ->>>>By.name: password
20:08:59.180  INFO  manager.ListenerWD - Before find element ->>>>By.cssSelector: [name='registration']
20:08:59.212  INFO  manager.ListenerWD - After find element ->>>>By.cssSelector: [name='registration']
20:08:59.288  INFO  manager.ListenerWD - Before find elements ->>>>By.xpath: //button[text()='Sign Out']
20:09:00.188  INFO  manager.ListenerWD - After find elements ->>>>By.xpath: //button[text()='Sign Out']
20:09:00.188  INFO  manager.ListenerWD - List suze is ->>>>1
20:09:00.197  INFO  tests.TestBase - The name of starts method is --->registrationUserAlreadyExists
20:09:00.199  INFO  manager.ListenerWD - Before find elements ->>>>By.xpath: //button[text()='Sign Out']
20:09:00.227  INFO  manager.ListenerWD - After find elements ->>>>By.xpath: //button[text()='Sign Out']
20:09:00.228  INFO  manager.ListenerWD - List suze is ->>>>1
20:09:00.229  INFO  manager.ListenerWD - Before find element ->>>>By.xpath: //button[text()='Sign Out']
20:09:00.260  INFO  manager.ListenerWD - After find element ->>>>By.xpath: //button[text()='Sign Out']
20:09:00.311  INFO  manager.ListenerWD - Before find element ->>>>By.cssSelector: a[href='/login']
20:09:00.335  INFO  manager.ListenerWD - After find element ->>>>By.cssSelector: a[href='/login']
20:09:00.383  INFO  manager.ListenerWD - Before find element ->>>>By.name: email
20:09:00.408  INFO  manager.ListenerWD - After find element ->>>>By.name: email
20:09:01.065  INFO  manager.ListenerWD - Before find element ->>>>By.name: password
20:09:01.088  INFO  manager.ListenerWD - After find element ->>>>By.name: password
20:09:01.724  INFO  manager.ListenerWD - Before find elements ->>>>By.xpath: //button[text()='Sign Out']
20:09:06.778  INFO  manager.ListenerWD - After find elements ->>>>By.xpath: //button[text()='Sign Out']
20:09:06.778  INFO  manager.ListenerWD - List suze is ->>>>0
20:09:06.806  INFO  manager.ListenerWD - The have a 'problem'
20:09:06.807  INFO  manager.ListenerWD - ++++++++++++++++++++++++++++++++++++
20:09:06.807  INFO  manager.ListenerWD - Method method ->>>>alert
20:09:06.808  INFO  manager.ListenerWD - ++++++++++++++++++++++++++
20:09:06.810  INFO  manager.ListenerWD - InvocationTargetException getTargetException() org.openqa.selenium.NoAlertPresentException: no such alert
  (Session info: chrome=109.0.5414.120)
Build info: version: '4.7.1', revision: 'c6795baf1a3'
System info: os.name: 'Windows 10', os.arch: 'amd64', os.version: '10.0', java.version: '11.0.17'
Driver info: org.openqa.selenium.chrome.ChromeDriver
Command: [ed33bc992afb8aa0dab41355821c27b1, getAlertText {}]
Capabilities {acceptInsecureCerts: false, browserName: chrome, browserVersion: 109.0.5414.120, chrome: {chromedriverVersion: 109.0.5414.74 (e7c5703604da..., userDataDir: C:\Users\97252\AppData\Loca...}, goog:chromeOptions: {debuggerAddress: localhost:60502}, networkConnectionEnabled: false, pageLoadStrategy: normal, platformName: WINDOWS, proxy: Proxy(), se:cdp: ws://localhost:60502/devtoo..., se:cdpVersion: 109.0.5414.120, setWindowRect: true, strictFileInteractability: false, timeouts: {implicit: 0, pageLoad: 300000, script: 30000}, unhandledPromptBehavior: dismiss and notify, webauthn:extension:credBlob: true, webauthn:extension:largeBlob: true, webauthn:virtualAuthenticators: true}
Session ID: ed33bc992afb8aa0dab41355821c27b1
20:09:06.811  INFO  manager.ListenerWD - ++++++++++++++++++++++++++
20:09:06.811  INFO  manager.ListenerWD - Object target ->>>>>>org.openqa.selenium.remote.RemoteWebDriver$RemoteTargetLocator@760487aa
20:09:06.812  INFO  manager.ListenerWD - ++++++++++++++++++++++++++
20:09:07.344  INFO  manager.ListenerWD - The have a 'problem'
20:09:07.345  INFO  manager.ListenerWD - ++++++++++++++++++++++++++++++++++++
20:09:07.345  INFO  manager.ListenerWD - Method method ->>>>alert
20:09:07.345  INFO  manager.ListenerWD - ++++++++++++++++++++++++++
20:09:07.345  INFO  manager.ListenerWD - InvocationTargetException getTargetException() org.openqa.selenium.NoAlertPresentException: no such alert
  (Session info: chrome=109.0.5414.120)
Build info: version: '4.7.1', revision: 'c6795baf1a3'
System info: os.name: 'Windows 10', os.arch: 'amd64', os.version: '10.0', java.version: '11.0.17'
Driver info: org.openqa.selenium.chrome.ChromeDriver
Command: [ed33bc992afb8aa0dab41355821c27b1, getAlertText {}]
Capabilities {acceptInsecureCerts: false, browserName: chrome, browserVersion: 109.0.5414.120, chrome: {chromedriverVersion: 109.0.5414.74 (e7c5703604da..., userDataDir: C:\Users\97252\AppData\Loca...}, goog:chromeOptions: {debuggerAddress: localhost:60502}, networkConnectionEnabled: false, pageLoadStrategy: normal, platformName: WINDOWS, proxy: Proxy(), se:cdp: ws://localhost:60502/devtoo..., se:cdpVersion: 109.0.5414.120, setWindowRect: true, strictFileInteractability: false, timeouts: {implicit: 0, pageLoad: 300000, script: 30000}, unhandledPromptBehavior: dismiss and notify, webauthn:extension:credBlob: true, webauthn:extension:largeBlob: true, webauthn:virtualAuthenticators: true}
Session ID: ed33bc992afb8aa0dab41355821c27b1
20:09:07.346  INFO  manager.ListenerWD - ++++++++++++++++++++++++++
20:09:07.346  INFO  manager.ListenerWD - Object target ->>>>>>org.openqa.selenium.remote.RemoteWebDriver$RemoteTargetLocator@77d4ac52
20:09:07.346  INFO  manager.ListenerWD - ++++++++++++++++++++++++++
20:09:07.877  INFO  manager.ListenerWD - The have a 'problem'
20:09:07.877  INFO  manager.ListenerWD - ++++++++++++++++++++++++++++++++++++
20:09:07.877  INFO  manager.ListenerWD - Method method ->>>>alert
20:09:07.877  INFO  manager.ListenerWD - ++++++++++++++++++++++++++
20:09:07.878  INFO  manager.ListenerWD - InvocationTargetException getTargetException() org.openqa.selenium.NoAlertPresentException: no such alert
  (Session info: chrome=109.0.5414.120)
Build info: version: '4.7.1', revision: 'c6795baf1a3'
System info: os.name: 'Windows 10', os.arch: 'amd64', os.version: '10.0', java.version: '11.0.17'
Driver info: org.openqa.selenium.chrome.ChromeDriver
Command: [ed33bc992afb8aa0dab41355821c27b1, getAlertText {}]
Capabilities {acceptInsecureCerts: false, browserName: chrome, browserVersion: 109.0.5414.120, chrome: {chromedriverVersion: 109.0.5414.74 (e7c5703604da..., userDataDir: C:\Users\97252\AppData\Loca...}, goog:chromeOptions: {debuggerAddress: localhost:60502}, networkConnectionEnabled: false, pageLoadStrategy: normal, platformName: WINDOWS, proxy: Proxy(), se:cdp: ws://localhost:60502/devtoo..., se:cdpVersion: 109.0.5414.120, setWindowRect: true, strictFileInteractability: false, timeouts: {implicit: 0, pageLoad: 300000, script: 30000}, unhandledPromptBehavior: dismiss and notify, webauthn:extension:credBlob: true, webauthn:extension:largeBlob: true, webauthn:virtualAuthenticators: true}
Session ID: ed33bc992afb8aa0dab41355821c27b1
20:09:07.878  INFO  manager.ListenerWD - ++++++++++++++++++++++++++
20:09:07.878  INFO  manager.ListenerWD - Object target ->>>>>>org.openqa.selenium.remote.RemoteWebDriver$RemoteTargetLocator@1e7f19b4
20:09:07.878  INFO  manager.ListenerWD - ++++++++++++++++++++++++++
20:09:08.406  INFO  manager.ListenerWD - The have a 'problem'
20:09:08.406  INFO  manager.ListenerWD - ++++++++++++++++++++++++++++++++++++
20:09:08.406  INFO  manager.ListenerWD - Method method ->>>>alert
20:09:08.407  INFO  manager.ListenerWD - ++++++++++++++++++++++++++
20:09:08.407  INFO  manager.ListenerWD - InvocationTargetException getTargetException() org.openqa.selenium.NoAlertPresentException: no such alert
  (Session info: chrome=109.0.5414.120)
Build info: version: '4.7.1', revision: 'c6795baf1a3'
System info: os.name: 'Windows 10', os.arch: 'amd64', os.version: '10.0', java.version: '11.0.17'
Driver info: org.openqa.selenium.chrome.ChromeDriver
Command: [ed33bc992afb8aa0dab41355821c27b1, getAlertText {}]
Capabilities {acceptInsecureCerts: false, browserName: chrome, browserVersion: 109.0.5414.120, chrome: {chromedriverVersion: 109.0.5414.74 (e7c5703604da..., userDataDir: C:\Users\97252\AppData\Loca...}, goog:chromeOptions: {debuggerAddress: localhost:60502}, networkConnectionEnabled: false, pageLoadStrategy: normal, platformName: WINDOWS, proxy: Proxy(), se:cdp: ws://localhost:60502/devtoo..., se:cdpVersion: 109.0.5414.120, setWindowRect: true, strictFileInteractability: false, timeouts: {implicit: 0, pageLoad: 300000, script: 30000}, unhandledPromptBehavior: dismiss and notify, webauthn:extension:credBlob: true, webauthn:extension:largeBlob: true, webauthn:virtualAuthenticators: true}
Session ID: ed33bc992afb8aa0dab41355821c27b1
20:09:08.407  INFO  manager.ListenerWD - ++++++++++++++++++++++++++
20:09:08.407  INFO  manager.ListenerWD - Object target ->>>>>>org.openqa.selenium.remote.RemoteWebDriver$RemoteTargetLocator@6963b88c
20:09:08.407  INFO  manager.ListenerWD - ++++++++++++++++++++++++++
20:09:08.939  INFO  manager.ListenerWD - The have a 'problem'
20:09:08.939  INFO  manager.ListenerWD - ++++++++++++++++++++++++++++++++++++
20:09:08.939  INFO  manager.ListenerWD - Method method ->>>>alert
20:09:08.939  INFO  manager.ListenerWD - ++++++++++++++++++++++++++
20:09:08.939  INFO  manager.ListenerWD - InvocationTargetException getTargetException() org.openqa.selenium.NoAlertPresentException: no such alert
  (Session info: chrome=109.0.5414.120)
Build info: version: '4.7.1', revision: 'c6795baf1a3'
System info: os.name: 'Windows 10', os.arch: 'amd64', os.version: '10.0', java.version: '11.0.17'
Driver info: org.openqa.selenium.chrome.ChromeDriver
Command: [ed33bc992afb8aa0dab41355821c27b1, getAlertText {}]
Capabilities {acceptInsecureCerts: false, browserName: chrome, browserVersion: 109.0.5414.120, chrome: {chromedriverVersion: 109.0.5414.74 (e7c5703604da..., userDataDir: C:\Users\97252\AppData\Loca...}, goog:chromeOptions: {debuggerAddress: localhost:60502}, networkConnectionEnabled: false, pageLoadStrategy: normal, platformName: WINDOWS, proxy: Proxy(), se:cdp: ws://localhost:60502/devtoo..., se:cdpVersion: 109.0.5414.120, setWindowRect: true, strictFileInteractability: false, timeouts: {implicit: 0, pageLoad: 300000, script: 30000}, unhandledPromptBehavior: dismiss and notify, webauthn:extension:credBlob: true, webauthn:extension:largeBlob: true, webauthn:virtualAuthenticators: true}
Session ID: ed33bc992afb8aa0dab41355821c27b1
20:09:08.940  INFO  manager.ListenerWD - ++++++++++++++++++++++++++
20:09:08.940  INFO  manager.ListenerWD - Object target ->>>>>>org.openqa.selenium.remote.RemoteWebDriver$RemoteTargetLocator@662e682a
20:09:08.940  INFO  manager.ListenerWD - ++++++++++++++++++++++++++
20:09:09.466  INFO  manager.ListenerWD - The have a 'problem'
20:09:09.466  INFO  manager.ListenerWD - ++++++++++++++++++++++++++++++++++++
20:09:09.466  INFO  manager.ListenerWD - Method method ->>>>alert
20:09:09.466  INFO  manager.ListenerWD - ++++++++++++++++++++++++++
20:09:09.467  INFO  manager.ListenerWD - InvocationTargetException getTargetException() org.openqa.selenium.NoAlertPresentException: no such alert
  (Session info: chrome=109.0.5414.120)
Build info: version: '4.7.1', revision: 'c6795baf1a3'
System info: os.name: 'Windows 10', os.arch: 'amd64', os.version: '10.0', java.version: '11.0.17'
Driver info: org.openqa.selenium.chrome.ChromeDriver
Command: [ed33bc992afb8aa0dab41355821c27b1, getAlertText {}]
Capabilities {acceptInsecureCerts: false, browserName: chrome, browserVersion: 109.0.5414.120, chrome: {chromedriverVersion: 109.0.5414.74 (e7c5703604da..., userDataDir: C:\Users\97252\AppData\Loca...}, goog:chromeOptions: {debuggerAddress: localhost:60502}, networkConnectionEnabled: false, pageLoadStrategy: normal, platformName: WINDOWS, proxy: Proxy(), se:cdp: ws://localhost:60502/devtoo..., se:cdpVersion: 109.0.5414.120, setWindowRect: true, strictFileInteractability: false, timeouts: {implicit: 0, pageLoad: 300000, script: 30000}, unhandledPromptBehavior: dismiss and notify, webauthn:extension:credBlob: true, webauthn:extension:largeBlob: true, webauthn:virtualAuthenticators: true}
Session ID: ed33bc992afb8aa0dab41355821c27b1
20:09:09.467  INFO  manager.ListenerWD - ++++++++++++++++++++++++++
20:09:09.467  INFO  manager.ListenerWD - Object target ->>>>>>org.openqa.selenium.remote.RemoteWebDriver$RemoteTargetLocator@51f18e31
20:09:09.467  INFO  manager.ListenerWD - ++++++++++++++++++++++++++
20:09:09.995  INFO  manager.ListenerWD - The have a 'problem'
20:09:09.995  INFO  manager.ListenerWD - ++++++++++++++++++++++++++++++++++++
20:09:09.996  INFO  manager.ListenerWD - Method method ->>>>alert
20:09:09.996  INFO  manager.ListenerWD - ++++++++++++++++++++++++++
20:09:09.996  INFO  manager.ListenerWD - InvocationTargetException getTargetException() org.openqa.selenium.NoAlertPresentException: no such alert
  (Session info: chrome=109.0.5414.120)
Build info: version: '4.7.1', revision: 'c6795baf1a3'
System info: os.name: 'Windows 10', os.arch: 'amd64', os.version: '10.0', java.version: '11.0.17'
Driver info: org.openqa.selenium.chrome.ChromeDriver
Command: [ed33bc992afb8aa0dab41355821c27b1, getAlertText {}]
Capabilities {acceptInsecureCerts: false, browserName: chrome, browserVersion: 109.0.5414.120, chrome: {chromedriverVersion: 109.0.5414.74 (e7c5703604da..., userDataDir: C:\Users\97252\AppData\Loca...}, goog:chromeOptions: {debuggerAddress: localhost:60502}, networkConnectionEnabled: false, pageLoadStrategy: normal, platformName: WINDOWS, proxy: Proxy(), se:cdp: ws://localhost:60502/devtoo..., se:cdpVersion: 109.0.5414.120, setWindowRect: true, strictFileInteractability: false, timeouts: {implicit: 0, pageLoad: 300000, script: 30000}, unhandledPromptBehavior: dismiss and notify, webauthn:extension:credBlob: true, webauthn:extension:largeBlob: true, webauthn:virtualAuthenticators: true}
Session ID: ed33bc992afb8aa0dab41355821c27b1
20:09:09.996  INFO  manager.ListenerWD - ++++++++++++++++++++++++++
20:09:09.997  INFO  manager.ListenerWD - Object target ->>>>>>org.openqa.selenium.remote.RemoteWebDriver$RemoteTargetLocator@343fddd9
20:09:09.997  INFO  manager.ListenerWD - ++++++++++++++++++++++++++
20:09:10.527  INFO  manager.ListenerWD - The have a 'problem'
20:09:10.527  INFO  manager.ListenerWD - ++++++++++++++++++++++++++++++++++++
20:09:10.527  INFO  manager.ListenerWD - Method method ->>>>alert
20:09:10.527  INFO  manager.ListenerWD - ++++++++++++++++++++++++++
20:09:10.528  INFO  manager.ListenerWD - InvocationTargetException getTargetException() org.openqa.selenium.NoAlertPresentException: no such alert
  (Session info: chrome=109.0.5414.120)
Build info: version: '4.7.1', revision: 'c6795baf1a3'
System info: os.name: 'Windows 10', os.arch: 'amd64', os.version: '10.0', java.version: '11.0.17'
Driver info: org.openqa.selenium.chrome.ChromeDriver
Command: [ed33bc992afb8aa0dab41355821c27b1, getAlertText {}]
Capabilities {acceptInsecureCerts: false, browserName: chrome, browserVersion: 109.0.5414.120, chrome: {chromedriverVersion: 109.0.5414.74 (e7c5703604da..., userDataDir: C:\Users\97252\AppData\Loca...}, goog:chromeOptions: {debuggerAddress: localhost:60502}, networkConnectionEnabled: false, pageLoadStrategy: normal, platformName: WINDOWS, proxy: Proxy(), se:cdp: ws://localhost:60502/devtoo..., se:cdpVersion: 109.0.5414.120, setWindowRect: true, strictFileInteractability: false, timeouts: {implicit: 0, pageLoad: 300000, script: 30000}, unhandledPromptBehavior: dismiss and notify, webauthn:extension:credBlob: true, webauthn:extension:largeBlob: true, webauthn:virtualAuthenticators: true}
Session ID: ed33bc992afb8aa0dab41355821c27b1
20:09:10.528  INFO  manager.ListenerWD - ++++++++++++++++++++++++++
20:09:10.528  INFO  manager.ListenerWD - Object target ->>>>>>org.openqa.selenium.remote.RemoteWebDriver$RemoteTargetLocator@4ef2ab73
20:09:10.528  INFO  manager.ListenerWD - ++++++++++++++++++++++++++
20:09:11.053  INFO  manager.ListenerWD - The have a 'problem'
20:09:11.054  INFO  manager.ListenerWD - ++++++++++++++++++++++++++++++++++++
20:09:11.054  INFO  manager.ListenerWD - Method method ->>>>alert
20:09:11.054  INFO  manager.ListenerWD - ++++++++++++++++++++++++++
20:09:11.054  INFO  manager.ListenerWD - InvocationTargetException getTargetException() org.openqa.selenium.NoAlertPresentException: no such alert
  (Session info: chrome=109.0.5414.120)
Build info: version: '4.7.1', revision: 'c6795baf1a3'
System info: os.name: 'Windows 10', os.arch: 'amd64', os.version: '10.0', java.version: '11.0.17'
Driver info: org.openqa.selenium.chrome.ChromeDriver
Command: [ed33bc992afb8aa0dab41355821c27b1, getAlertText {}]
Capabilities {acceptInsecureCerts: false, browserName: chrome, browserVersion: 109.0.5414.120, chrome: {chromedriverVersion: 109.0.5414.74 (e7c5703604da..., userDataDir: C:\Users\97252\AppData\Loca...}, goog:chromeOptions: {debuggerAddress: localhost:60502}, networkConnectionEnabled: false, pageLoadStrategy: normal, platformName: WINDOWS, proxy: Proxy(), se:cdp: ws://localhost:60502/devtoo..., se:cdpVersion: 109.0.5414.120, setWindowRect: true, strictFileInteractability: false, timeouts: {implicit: 0, pageLoad: 300000, script: 30000}, unhandledPromptBehavior: dismiss and notify, webauthn:extension:credBlob: true, webauthn:extension:largeBlob: true, webauthn:virtualAuthenticators: true}
Session ID: ed33bc992afb8aa0dab41355821c27b1
20:09:11.055  INFO  manager.ListenerWD - ++++++++++++++++++++++++++
20:09:11.055  INFO  manager.ListenerWD - Object target ->>>>>>org.openqa.selenium.remote.RemoteWebDriver$RemoteTargetLocator@53d2d002
20:09:11.055  INFO  manager.ListenerWD - ++++++++++++++++++++++++++
20:09:11.567  INFO  manager.ListenerWD - The have a 'problem'
20:09:11.568  INFO  manager.ListenerWD - ++++++++++++++++++++++++++++++++++++
20:09:11.568  INFO  manager.ListenerWD - Method method ->>>>alert
20:09:11.568  INFO  manager.ListenerWD - ++++++++++++++++++++++++++
20:09:11.568  INFO  manager.ListenerWD - InvocationTargetException getTargetException() org.openqa.selenium.NoAlertPresentException: no such alert
  (Session info: chrome=109.0.5414.120)
Build info: version: '4.7.1', revision: 'c6795baf1a3'
System info: os.name: 'Windows 10', os.arch: 'amd64', os.version: '10.0', java.version: '11.0.17'
Driver info: org.openqa.selenium.chrome.ChromeDriver
Command: [ed33bc992afb8aa0dab41355821c27b1, getAlertText {}]
Capabilities {acceptInsecureCerts: false, browserName: chrome, browserVersion: 109.0.5414.120, chrome: {chromedriverVersion: 109.0.5414.74 (e7c5703604da..., userDataDir: C:\Users\97252\AppData\Loca...}, goog:chromeOptions: {debuggerAddress: localhost:60502}, networkConnectionEnabled: false, pageLoadStrategy: normal, platformName: WINDOWS, proxy: Proxy(), se:cdp: ws://localhost:60502/devtoo..., se:cdpVersion: 109.0.5414.120, setWindowRect: true, strictFileInteractability: false, timeouts: {implicit: 0, pageLoad: 300000, script: 30000}, unhandledPromptBehavior: dismiss and notify, webauthn:extension:credBlob: true, webauthn:extension:largeBlob: true, webauthn:virtualAuthenticators: true}
Session ID: ed33bc992afb8aa0dab41355821c27b1
20:09:11.568  INFO  manager.ListenerWD - ++++++++++++++++++++++++++
20:09:11.569  INFO  manager.ListenerWD - Object target ->>>>>>org.openqa.selenium.remote.RemoteWebDriver$RemoteTargetLocator@460b50df
20:09:11.569  INFO  manager.ListenerWD - ++++++++++++++++++++++++++
20:09:12.083  INFO  manager.ListenerWD - The have a 'problem'
20:09:12.083  INFO  manager.ListenerWD - ++++++++++++++++++++++++++++++++++++
20:09:12.083  INFO  manager.ListenerWD - Method method ->>>>alert
20:09:12.083  INFO  manager.ListenerWD - ++++++++++++++++++++++++++
20:09:12.084  INFO  manager.ListenerWD - InvocationTargetException getTargetException() org.openqa.selenium.NoAlertPresentException: no such alert
  (Session info: chrome=109.0.5414.120)
Build info: version: '4.7.1', revision: 'c6795baf1a3'
System info: os.name: 'Windows 10', os.arch: 'amd64', os.version: '10.0', java.version: '11.0.17'
Driver info: org.openqa.selenium.chrome.ChromeDriver
Command: [ed33bc992afb8aa0dab41355821c27b1, getAlertText {}]
Capabilities {acceptInsecureCerts: false, browserName: chrome, browserVersion: 109.0.5414.120, chrome: {chromedriverVersion: 109.0.5414.74 (e7c5703604da..., userDataDir: C:\Users\97252\AppData\Loca...}, goog:chromeOptions: {debuggerAddress: localhost:60502}, networkConnectionEnabled: false, pageLoadStrategy: normal, platformName: WINDOWS, proxy: Proxy(), se:cdp: ws://localhost:60502/devtoo..., se:cdpVersion: 109.0.5414.120, setWindowRect: true, strictFileInteractability: false, timeouts: {implicit: 0, pageLoad: 300000, script: 30000}, unhandledPromptBehavior: dismiss and notify, webauthn:extension:credBlob: true, webauthn:extension:largeBlob: true, webauthn:virtualAuthenticators: true}
Session ID: ed33bc992afb8aa0dab41355821c27b1
20:09:12.084  INFO  manager.ListenerWD - ++++++++++++++++++++++++++
20:09:12.084  INFO  manager.ListenerWD - Object target ->>>>>>org.openqa.selenium.remote.RemoteWebDriver$RemoteTargetLocator@35c4697c
20:09:12.085  INFO  manager.ListenerWD - ++++++++++++++++++++++++++
20:09:12.611  INFO  manager.ListenerWD - The have a 'problem'
20:09:12.611  INFO  manager.ListenerWD - ++++++++++++++++++++++++++++++++++++
20:09:12.611  INFO  manager.ListenerWD - Method method ->>>>alert
20:09:12.611  INFO  manager.ListenerWD - ++++++++++++++++++++++++++
20:09:12.611  INFO  manager.ListenerWD - InvocationTargetException getTargetException() org.openqa.selenium.NoAlertPresentException: no such alert
  (Session info: chrome=109.0.5414.120)
Build info: version: '4.7.1', revision: 'c6795baf1a3'
System info: os.name: 'Windows 10', os.arch: 'amd64', os.version: '10.0', java.version: '11.0.17'
Driver info: org.openqa.selenium.chrome.ChromeDriver
Command: [ed33bc992afb8aa0dab41355821c27b1, getAlertText {}]
Capabilities {acceptInsecureCerts: false, browserName: chrome, browserVersion: 109.0.5414.120, chrome: {chromedriverVersion: 109.0.5414.74 (e7c5703604da..., userDataDir: C:\Users\97252\AppData\Loca...}, goog:chromeOptions: {debuggerAddress: localhost:60502}, networkConnectionEnabled: false, pageLoadStrategy: normal, platformName: WINDOWS, proxy: Proxy(), se:cdp: ws://localhost:60502/devtoo..., se:cdpVersion: 109.0.5414.120, setWindowRect: true, strictFileInteractability: false, timeouts: {implicit: 0, pageLoad: 300000, script: 30000}, unhandledPromptBehavior: dismiss and notify, webauthn:extension:credBlob: true, webauthn:extension:largeBlob: true, webauthn:virtualAuthenticators: true}
Session ID: ed33bc992afb8aa0dab41355821c27b1
20:09:12.612  INFO  manager.ListenerWD - ++++++++++++++++++++++++++
20:09:12.612  INFO  manager.ListenerWD - Object target ->>>>>>org.openqa.selenium.remote.RemoteWebDriver$RemoteTargetLocator@79d3473e
20:09:12.612  INFO  manager.ListenerWD - ++++++++++++++++++++++++++
20:09:13.148  INFO  manager.ListenerWD - The have a 'problem'
20:09:13.148  INFO  manager.ListenerWD - ++++++++++++++++++++++++++++++++++++
20:09:13.148  INFO  manager.ListenerWD - Method method ->>>>alert
20:09:13.148  INFO  manager.ListenerWD - ++++++++++++++++++++++++++
20:09:13.148  INFO  manager.ListenerWD - InvocationTargetException getTargetException() org.openqa.selenium.NoAlertPresentException: no such alert
  (Session info: chrome=109.0.5414.120)
Build info: version: '4.7.1', revision: 'c6795baf1a3'
System info: os.name: 'Windows 10', os.arch: 'amd64', os.version: '10.0', java.version: '11.0.17'
Driver info: org.openqa.selenium.chrome.ChromeDriver
Command: [ed33bc992afb8aa0dab41355821c27b1, getAlertText {}]
Capabilities {acceptInsecureCerts: false, browserName: chrome, browserVersion: 109.0.5414.120, chrome: {chromedriverVersion: 109.0.5414.74 (e7c5703604da..., userDataDir: C:\Users\97252\AppData\Loca...}, goog:chromeOptions: {debuggerAddress: localhost:60502}, networkConnectionEnabled: false, pageLoadStrategy: normal, platformName: WINDOWS, proxy: Proxy(), se:cdp: ws://localhost:60502/devtoo..., se:cdpVersion: 109.0.5414.120, setWindowRect: true, strictFileInteractability: false, timeouts: {implicit: 0, pageLoad: 300000, script: 30000}, unhandledPromptBehavior: dismiss and notify, webauthn:extension:credBlob: true, webauthn:extension:largeBlob: true, webauthn:virtualAuthenticators: true}
Session ID: ed33bc992afb8aa0dab41355821c27b1
20:09:13.148  INFO  manager.ListenerWD - ++++++++++++++++++++++++++
20:09:13.149  INFO  manager.ListenerWD - Object target ->>>>>>org.openqa.selenium.remote.RemoteWebDriver$RemoteTargetLocator@6f5bd362
20:09:13.149  INFO  manager.ListenerWD - ++++++++++++++++++++++++++
20:09:13.673  INFO  manager.ListenerWD - The have a 'problem'
20:09:13.673  INFO  manager.ListenerWD - ++++++++++++++++++++++++++++++++++++
20:09:13.673  INFO  manager.ListenerWD - Method method ->>>>alert
20:09:13.673  INFO  manager.ListenerWD - ++++++++++++++++++++++++++
20:09:13.673  INFO  manager.ListenerWD - InvocationTargetException getTargetException() org.openqa.selenium.NoAlertPresentException: no such alert
  (Session info: chrome=109.0.5414.120)
Build info: version: '4.7.1', revision: 'c6795baf1a3'
System info: os.name: 'Windows 10', os.arch: 'amd64', os.version: '10.0', java.version: '11.0.17'
Driver info: org.openqa.selenium.chrome.ChromeDriver
Command: [ed33bc992afb8aa0dab41355821c27b1, getAlertText {}]
Capabilities {acceptInsecureCerts: false, browserName: chrome, browserVersion: 109.0.5414.120, chrome: {chromedriverVersion: 109.0.5414.74 (e7c5703604da..., userDataDir: C:\Users\97252\AppData\Loca...}, goog:chromeOptions: {debuggerAddress: localhost:60502}, networkConnectionEnabled: false, pageLoadStrategy: normal, platformName: WINDOWS, proxy: Proxy(), se:cdp: ws://localhost:60502/devtoo..., se:cdpVersion: 109.0.5414.120, setWindowRect: true, strictFileInteractability: false, timeouts: {implicit: 0, pageLoad: 300000, script: 30000}, unhandledPromptBehavior: dismiss and notify, webauthn:extension:credBlob: true, webauthn:extension:largeBlob: true, webauthn:virtualAuthenticators: true}
Session ID: ed33bc992afb8aa0dab41355821c27b1
20:09:13.674  INFO  manager.ListenerWD - ++++++++++++++++++++++++++
20:09:13.674  INFO  manager.ListenerWD - Object target ->>>>>>org.openqa.selenium.remote.RemoteWebDriver$RemoteTargetLocator@7f323b3a
20:09:13.674  INFO  manager.ListenerWD - ++++++++++++++++++++++++++
20:09:14.189  INFO  manager.ListenerWD - The have a 'problem'
20:09:14.189  INFO  manager.ListenerWD - ++++++++++++++++++++++++++++++++++++
20:09:14.189  INFO  manager.ListenerWD - Method method ->>>>alert
20:09:14.189  INFO  manager.ListenerWD - ++++++++++++++++++++++++++
20:09:14.190  INFO  manager.ListenerWD - InvocationTargetException getTargetException() org.openqa.selenium.NoAlertPresentException: no such alert
  (Session info: chrome=109.0.5414.120)
Build info: version: '4.7.1', revision: 'c6795baf1a3'
System info: os.name: 'Windows 10', os.arch: 'amd64', os.version: '10.0', java.version: '11.0.17'
Driver info: org.openqa.selenium.chrome.ChromeDriver
Command: [ed33bc992afb8aa0dab41355821c27b1, getAlertText {}]
Capabilities {acceptInsecureCerts: false, browserName: chrome, browserVersion: 109.0.5414.120, chrome: {chromedriverVersion: 109.0.5414.74 (e7c5703604da..., userDataDir: C:\Users\97252\AppData\Loca...}, goog:chromeOptions: {debuggerAddress: localhost:60502}, networkConnectionEnabled: false, pageLoadStrategy: normal, platformName: WINDOWS, proxy: Proxy(), se:cdp: ws://localhost:60502/devtoo..., se:cdpVersion: 109.0.5414.120, setWindowRect: true, strictFileInteractability: false, timeouts: {implicit: 0, pageLoad: 300000, script: 30000}, unhandledPromptBehavior: dismiss and notify, webauthn:extension:credBlob: true, webauthn:extension:largeBlob: true, webauthn:virtualAuthenticators: true}
Session ID: ed33bc992afb8aa0dab41355821c27b1
20:09:14.190  INFO  manager.ListenerWD - ++++++++++++++++++++++++++
20:09:14.190  INFO  manager.ListenerWD - Object target ->>>>>>org.openqa.selenium.remote.RemoteWebDriver$RemoteTargetLocator@4e3e11b9
20:09:14.190  INFO  manager.ListenerWD - ++++++++++++++++++++++++++
20:09:14.717  INFO  manager.ListenerWD - The have a 'problem'
20:09:14.717  INFO  manager.ListenerWD - ++++++++++++++++++++++++++++++++++++
20:09:14.717  INFO  manager.ListenerWD - Method method ->>>>alert
20:09:14.717  INFO  manager.ListenerWD - ++++++++++++++++++++++++++
20:09:14.718  INFO  manager.ListenerWD - InvocationTargetException getTargetException() org.openqa.selenium.NoAlertPresentException: no such alert
  (Session info: chrome=109.0.5414.120)
Build info: version: '4.7.1', revision: 'c6795baf1a3'
System info: os.name: 'Windows 10', os.arch: 'amd64', os.version: '10.0', java.version: '11.0.17'
Driver info: org.openqa.selenium.chrome.ChromeDriver
Command: [ed33bc992afb8aa0dab41355821c27b1, getAlertText {}]
Capabilities {acceptInsecureCerts: false, browserName: chrome, browserVersion: 109.0.5414.120, chrome: {chromedriverVersion: 109.0.5414.74 (e7c5703604da..., userDataDir: C:\Users\97252\AppData\Loca...}, goog:chromeOptions: {debuggerAddress: localhost:60502}, networkConnectionEnabled: false, pageLoadStrategy: normal, platformName: WINDOWS, proxy: Proxy(), se:cdp: ws://localhost:60502/devtoo..., se:cdpVersion: 109.0.5414.120, setWindowRect: true, strictFileInteractability: false, timeouts: {implicit: 0, pageLoad: 300000, script: 30000}, unhandledPromptBehavior: dismiss and notify, webauthn:extension:credBlob: true, webauthn:extension:largeBlob: true, webauthn:virtualAuthenticators: true}
Session ID: ed33bc992afb8aa0dab41355821c27b1
20:09:14.718  INFO  manager.ListenerWD - ++++++++++++++++++++++++++
20:09:14.718  INFO  manager.ListenerWD - Object target ->>>>>>org.openqa.selenium.remote.RemoteWebDriver$RemoteTargetLocator@7e7e962d
20:09:14.718  INFO  manager.ListenerWD - ++++++++++++++++++++++++++
20:09:15.231  INFO  manager.ListenerWD - The have a 'problem'
20:09:15.231  INFO  manager.ListenerWD - ++++++++++++++++++++++++++++++++++++
20:09:15.231  INFO  manager.ListenerWD - Method method ->>>>alert
20:09:15.231  INFO  manager.ListenerWD - ++++++++++++++++++++++++++
20:09:15.231  INFO  manager.ListenerWD - InvocationTargetException getTargetException() org.openqa.selenium.NoAlertPresentException: no such alert
  (Session info: chrome=109.0.5414.120)
Build info: version: '4.7.1', revision: 'c6795baf1a3'
System info: os.name: 'Windows 10', os.arch: 'amd64', os.version: '10.0', java.version: '11.0.17'
Driver info: org.openqa.selenium.chrome.ChromeDriver
Command: [ed33bc992afb8aa0dab41355821c27b1, getAlertText {}]
Capabilities {acceptInsecureCerts: false, browserName: chrome, browserVersion: 109.0.5414.120, chrome: {chromedriverVersion: 109.0.5414.74 (e7c5703604da..., userDataDir: C:\Users\97252\AppData\Loca...}, goog:chromeOptions: {debuggerAddress: localhost:60502}, networkConnectionEnabled: false, pageLoadStrategy: normal, platformName: WINDOWS, proxy: Proxy(), se:cdp: ws://localhost:60502/devtoo..., se:cdpVersion: 109.0.5414.120, setWindowRect: true, strictFileInteractability: false, timeouts: {implicit: 0, pageLoad: 300000, script: 30000}, unhandledPromptBehavior: dismiss and notify, webauthn:extension:credBlob: true, webauthn:extension:largeBlob: true, webauthn:virtualAuthenticators: true}
Session ID: ed33bc992afb8aa0dab41355821c27b1
20:09:15.231  INFO  manager.ListenerWD - ++++++++++++++++++++++++++
20:09:15.231  INFO  manager.ListenerWD - Object target ->>>>>>org.openqa.selenium.remote.RemoteWebDriver$RemoteTargetLocator@56846330
20:09:15.231  INFO  manager.ListenerWD - ++++++++++++++++++++++++++
20:09:15.746  INFO  manager.ListenerWD - The have a 'problem'
20:09:15.746  INFO  manager.ListenerWD - ++++++++++++++++++++++++++++++++++++
20:09:15.746  INFO  manager.ListenerWD - Method method ->>>>alert
20:09:15.747  INFO  manager.ListenerWD - ++++++++++++++++++++++++++
20:09:15.747  INFO  manager.ListenerWD - InvocationTargetException getTargetException() org.openqa.selenium.NoAlertPresentException: no such alert
  (Session info: chrome=109.0.5414.120)
Build info: version: '4.7.1', revision: 'c6795baf1a3'
System info: os.name: 'Windows 10', os.arch: 'amd64', os.version: '10.0', java.version: '11.0.17'
Driver info: org.openqa.selenium.chrome.ChromeDriver
Command: [ed33bc992afb8aa0dab41355821c27b1, getAlertText {}]
Capabilities {acceptInsecureCerts: false, browserName: chrome, browserVersion: 109.0.5414.120, chrome: {chromedriverVersion: 109.0.5414.74 (e7c5703604da..., userDataDir: C:\Users\97252\AppData\Loca...}, goog:chromeOptions: {debuggerAddress: localhost:60502}, networkConnectionEnabled: false, pageLoadStrategy: normal, platformName: WINDOWS, proxy: Proxy(), se:cdp: ws://localhost:60502/devtoo..., se:cdpVersion: 109.0.5414.120, setWindowRect: true, strictFileInteractability: false, timeouts: {implicit: 0, pageLoad: 300000, script: 30000}, unhandledPromptBehavior: dismiss and notify, webauthn:extension:credBlob: true, webauthn:extension:largeBlob: true, webauthn:virtualAuthenticators: true}
Session ID: ed33bc992afb8aa0dab41355821c27b1
20:09:15.747  INFO  manager.ListenerWD - ++++++++++++++++++++++++++
20:09:15.747  INFO  manager.ListenerWD - Object target ->>>>>>org.openqa.selenium.remote.RemoteWebDriver$RemoteTargetLocator@14c141c0
20:09:15.747  INFO  manager.ListenerWD - ++++++++++++++++++++++++++
20:09:16.272  INFO  manager.ListenerWD - The have a 'problem'
20:09:16.272  INFO  manager.ListenerWD - ++++++++++++++++++++++++++++++++++++
20:09:16.272  INFO  manager.ListenerWD - Method method ->>>>alert
20:09:16.272  INFO  manager.ListenerWD - ++++++++++++++++++++++++++
20:09:16.273  INFO  manager.ListenerWD - InvocationTargetException getTargetException() org.openqa.selenium.NoAlertPresentException: no such alert
  (Session info: chrome=109.0.5414.120)
Build info: version: '4.7.1', revision: 'c6795baf1a3'
System info: os.name: 'Windows 10', os.arch: 'amd64', os.version: '10.0', java.version: '11.0.17'
Driver info: org.openqa.selenium.chrome.ChromeDriver
Command: [ed33bc992afb8aa0dab41355821c27b1, getAlertText {}]
Capabilities {acceptInsecureCerts: false, browserName: chrome, browserVersion: 109.0.5414.120, chrome: {chromedriverVersion: 109.0.5414.74 (e7c5703604da..., userDataDir: C:\Users\97252\AppData\Loca...}, goog:chromeOptions: {debuggerAddress: localhost:60502}, networkConnectionEnabled: false, pageLoadStrategy: normal, platformName: WINDOWS, proxy: Proxy(), se:cdp: ws://localhost:60502/devtoo..., se:cdpVersion: 109.0.5414.120, setWindowRect: true, strictFileInteractability: false, timeouts: {implicit: 0, pageLoad: 300000, script: 30000}, unhandledPromptBehavior: dismiss and notify, webauthn:extension:credBlob: true, webauthn:extension:largeBlob: true, webauthn:virtualAuthenticators: true}
Session ID: ed33bc992afb8aa0dab41355821c27b1
20:09:16.273  INFO  manager.ListenerWD - ++++++++++++++++++++++++++
20:09:16.273  INFO  manager.ListenerWD - Object target ->>>>>>org.openqa.selenium.remote.RemoteWebDriver$RemoteTargetLocator@1d98daa0
20:09:16.273  INFO  manager.ListenerWD - ++++++++++++++++++++++++++
20:09:16.277  INFO  tests.TestBase - The name of starts method is --->registrationWrongEmail
20:09:16.278  INFO  manager.ListenerWD - Before find elements ->>>>By.xpath: //button[text()='Sign Out']
20:09:21.325  INFO  manager.ListenerWD - After find elements ->>>>By.xpath: //button[text()='Sign Out']
20:09:21.325  INFO  manager.ListenerWD - List suze is ->>>>0
20:09:21.326  INFO  manager.ListenerWD - Before find element ->>>>By.cssSelector: a[href='/login']
20:09:21.345  INFO  manager.ListenerWD - After find element ->>>>By.cssSelector: a[href='/login']
20:09:21.383  INFO  manager.ListenerWD - Before find element ->>>>By.name: email
20:09:21.404  INFO  manager.ListenerWD - After find element ->>>>By.name: email
20:09:22.025  INFO  manager.ListenerWD - Before find element ->>>>By.name: password
20:09:22.043  INFO  manager.ListenerWD - After find element ->>>>By.name: password
20:09:22.672  INFO  manager.ListenerWD - Before find element ->>>>By.cssSelector: [name='registration']
20:09:22.691  INFO  manager.ListenerWD - After find element ->>>>By.cssSelector: [name='registration']
20:09:22.736  INFO  manager.ListenerWD - Before find elements ->>>>By.xpath: //button[text()='Sign Out']
20:09:22.928  INFO  manager.ListenerWD - After find elements ->>>>By.xpath: //button[text()='Sign Out']
20:09:22.929  INFO  manager.ListenerWD - List suze is ->>>>0
20:09:23.462  INFO  tests.TestBase - The name of starts method is --->registrationWrongPassword
20:09:23.463  INFO  manager.ListenerWD - Before find elements ->>>>By.xpath: //button[text()='Sign Out']
20:09:28.516  INFO  manager.ListenerWD - After find elements ->>>>By.xpath: //button[text()='Sign Out']
20:09:28.516  INFO  manager.ListenerWD - List suze is ->>>>0
20:09:28.517  INFO  manager.ListenerWD - Before find element ->>>>By.cssSelector: a[href='/login']
20:09:28.534  INFO  manager.ListenerWD - After find element ->>>>By.cssSelector: a[href='/login']
20:09:28.562  INFO  manager.ListenerWD - Before find element ->>>>By.name: email
20:09:28.582  INFO  manager.ListenerWD - After find element ->>>>By.name: email
20:09:29.233  INFO  manager.ListenerWD - Before find element ->>>>By.name: password
20:09:29.250  INFO  manager.ListenerWD - After find element ->>>>By.name: password
20:09:29.882  INFO  manager.ListenerWD - Before find element ->>>>By.cssSelector: [name='registration']
20:09:29.898  INFO  manager.ListenerWD - After find element ->>>>By.cssSelector: [name='registration']
20:09:29.939  INFO  manager.ListenerWD - Before find elements ->>>>By.xpath: //button[text()='Sign Out']
20:09:30.135  INFO  manager.ListenerWD - After find elements ->>>>By.xpath: //button[text()='Sign Out']
20:09:30.135  INFO  manager.ListenerWD - List suze is ->>>>0
