20:14:06.421  INFO  manager.ApplicationManager - All tests star in Chrome Browser
20:14:07.652  INFO  manager.ApplicationManager - Current Url -->https://telranedu.web.app/home
20:14:07.656  INFO  manager.ListenerTNG - onStart->>>>>Gradle test
20:14:07.685  INFO  tests.TestBase - The name of starts method is --->loginSuccessModelFromFile
20:14:07.687  INFO  manager.ListenerWD - Before find elements ->>>>By.xpath: //button[text()='Sign Out']
20:14:12.741  INFO  manager.ListenerWD - After find elements ->>>>By.xpath: //button[text()='Sign Out']
20:14:12.744  INFO  manager.ListenerWD - List suze is ->>>>0
20:14:12.745  INFO  manager.ListenerTNG - onTestStart->>>>>loginSuccessModelFromFile
20:14:12.755  INFO  tests.TestBase - Test start  wheth user model ---->User(email=reshef1986@gmail.com, password=Rr6146858!)
20:14:12.756  INFO  manager.ListenerWD - Before find element ->>>>By.cssSelector: a[href='/login']
20:14:12.795  INFO  manager.ListenerWD - After find element ->>>>By.cssSelector: a[href='/login']
20:14:12.869  INFO  manager.ListenerWD - Before find element ->>>>By.name: email
20:14:12.900  INFO  manager.ListenerWD - After find element ->>>>By.name: email
20:14:13.062  INFO  manager.ListenerWD - Before find element ->>>>By.name: password
20:14:13.091  INFO  manager.ListenerWD - After find element ->>>>By.name: password
20:14:13.214  INFO  manager.ListenerWD - Before find element ->>>>By.cssSelector: [name='login']
20:14:13.242  INFO  manager.ListenerWD - After find element ->>>>By.cssSelector: [name='login']
20:14:13.284  INFO  manager.ListenerWD - Before find elements ->>>>By.xpath: //button[text()='Sign Out']
20:14:14.176  INFO  manager.ListenerWD - After find elements ->>>>By.xpath: //button[text()='Sign Out']
20:14:14.176  INFO  manager.ListenerWD - List suze is ->>>>1
20:14:14.182  INFO  manager.ListenerTNG - onTestSuccess ->>>>>>loginSuccessModelFromFile
20:14:14.183  INFO  tests.TestBase - The name of starts method is --->loginSuccessModelFromFile
20:14:14.184  INFO  manager.ListenerWD - Before find elements ->>>>By.xpath: //button[text()='Sign Out']
20:14:14.205  INFO  manager.ListenerWD - After find elements ->>>>By.xpath: //button[text()='Sign Out']
20:14:14.205  INFO  manager.ListenerWD - List suze is ->>>>1
20:14:14.206  INFO  manager.ListenerWD - Before find element ->>>>By.xpath: //button[text()='Sign Out']
20:14:14.230  INFO  manager.ListenerWD - After find element ->>>>By.xpath: //button[text()='Sign Out']
20:14:14.270  INFO  tests.TestBase -  I need logout
20:14:14.271  INFO  manager.ListenerTNG - onTestStart->>>>>loginSuccessModelFromFile
20:14:14.271  INFO  tests.TestBase - Test start  wheth user model ---->User(email=reshef1986@gmail.com, password=Rr6146858!)
20:14:14.272  INFO  manager.ListenerWD - Before find element ->>>>By.cssSelector: a[href='/login']
20:14:14.292  INFO  manager.ListenerWD - After find element ->>>>By.cssSelector: a[href='/login']
20:14:14.325  INFO  manager.ListenerWD - Before find element ->>>>By.name: email
20:14:14.345  INFO  manager.ListenerWD - After find element ->>>>By.name: email
20:14:14.489  INFO  manager.ListenerWD - Before find element ->>>>By.name: password
20:14:14.510  INFO  manager.ListenerWD - After find element ->>>>By.name: password
20:14:14.643  INFO  manager.ListenerWD - Before find element ->>>>By.cssSelector: [name='login']
20:14:14.661  INFO  manager.ListenerWD - After find element ->>>>By.cssSelector: [name='login']
20:14:14.703  INFO  manager.ListenerWD - Before find elements ->>>>By.xpath: //button[text()='Sign Out']
20:14:14.967  INFO  manager.ListenerWD - After find elements ->>>>By.xpath: //button[text()='Sign Out']
20:14:14.967  INFO  manager.ListenerWD - List suze is ->>>>1
20:14:14.968  INFO  manager.ListenerTNG - onTestSuccess ->>>>>>loginSuccessModelFromFile
20:14:14.969  INFO  tests.TestBase - The name of starts method is --->loginSuccessModelFromFile
20:14:14.970  INFO  manager.ListenerWD - Before find elements ->>>>By.xpath: //button[text()='Sign Out']
20:14:14.989  INFO  manager.ListenerWD - After find elements ->>>>By.xpath: //button[text()='Sign Out']
20:14:14.989  INFO  manager.ListenerWD - List suze is ->>>>1
20:14:14.989  INFO  manager.ListenerWD - Before find element ->>>>By.xpath: //button[text()='Sign Out']
20:14:15.005  INFO  manager.ListenerWD - After find element ->>>>By.xpath: //button[text()='Sign Out']
20:14:15.041  INFO  tests.TestBase -  I need logout
20:14:15.042  INFO  manager.ListenerTNG - onTestStart->>>>>loginSuccessModelFromFile
20:14:15.043  INFO  tests.TestBase - Test start  wheth user model ---->User(email=reshef1986@gmail.com, password=Rr6146858!)
20:14:15.043  INFO  manager.ListenerWD - Before find element ->>>>By.cssSelector: a[href='/login']
20:14:15.060  INFO  manager.ListenerWD - After find element ->>>>By.cssSelector: a[href='/login']
20:14:15.094  INFO  manager.ListenerWD - Before find element ->>>>By.name: email
20:14:15.107  INFO  manager.ListenerWD - After find element ->>>>By.name: email
20:14:15.240  INFO  manager.ListenerWD - Before find element ->>>>By.name: password
20:14:15.256  INFO  manager.ListenerWD - After find element ->>>>By.name: password
20:14:15.376  INFO  manager.ListenerWD - Before find element ->>>>By.cssSelector: [name='login']
20:14:15.391  INFO  manager.ListenerWD - After find element ->>>>By.cssSelector: [name='login']
20:14:15.422  INFO  manager.ListenerWD - Before find elements ->>>>By.xpath: //button[text()='Sign Out']
20:14:15.689  INFO  manager.ListenerWD - After find elements ->>>>By.xpath: //button[text()='Sign Out']
20:14:15.689  INFO  manager.ListenerWD - List suze is ->>>>1
20:14:15.689  INFO  manager.ListenerTNG - onTestSuccess ->>>>>>loginSuccessModelFromFile
20:14:15.693  INFO  manager.ListenerTNG - onFinish->>>>>Gradle test
