11:27:10.912  INFO  manager.ApplicationManager - All tests star in Chrome Browser
11:27:12.205  INFO  manager.ApplicationManager - Current Url -->https://telranedu.web.app/home
11:27:12.209  INFO  manager.ListenerTNG - onStart->>>>>Gradle test
11:27:12.237  INFO  tests.TestBase - The name of starts method is --->loginSuccess
11:27:12.240  INFO  manager.ListenerWD - Before find elements ->>>>By.xpath: //button[text()='Sign Out']
11:27:17.314  INFO  manager.ListenerWD - After find elements ->>>>By.xpath: //button[text()='Sign Out']
11:27:17.317  INFO  manager.ListenerWD - List suze is ->>>>0
11:27:17.319  INFO  manager.ListenerTNG - onTestStart->>>>>loginSuccess
11:27:17.319  INFO  tests.TestBase - Login with valid data :  email: reshef1986@gmail.com: Rr6146858!
11:27:17.320  INFO  manager.ListenerWD - Before find element ->>>>By.cssSelector: a[href='/login']
11:27:17.351  INFO  manager.ListenerWD - After find element ->>>>By.cssSelector: a[href='/login']
11:27:17.419  INFO  manager.ListenerWD - Before find element ->>>>By.name: email
11:27:17.448  INFO  manager.ListenerWD - After find element ->>>>By.name: email
11:27:17.592  INFO  manager.ListenerWD - Before find element ->>>>By.name: password
11:27:17.622  INFO  manager.ListenerWD - After find element ->>>>By.name: password
11:27:17.730  INFO  manager.ListenerWD - Before find element ->>>>By.cssSelector: [name='login']
11:27:17.753  INFO  manager.ListenerWD - After find element ->>>>By.cssSelector: [name='login']
11:27:17.791  INFO  manager.ListenerWD - Before find elements ->>>>By.xpath: //button[text()='Sign Out']
11:27:18.749  INFO  manager.ListenerWD - After find elements ->>>>By.xpath: //button[text()='Sign Out']
11:27:18.749  INFO  manager.ListenerWD - List suze is ->>>>1
11:27:18.752  INFO  tests.TestBase - Tests success
11:27:18.756  INFO  manager.ListenerTNG - onFinish->>>>>Gradle test
