15:03:03.206  INFO  manager.ApplicationManager - All tests star in Chrome Browser
15:03:04.863  INFO  manager.ApplicationManager - Current Url -->https://telranedu.web.app/home
15:03:04.894  INFO  tests.TestBase - The name of starts method is --->addContactSuccessAllFields
15:03:04.896  INFO  manager.ListenerWD - Before find elements ->>>>By.xpath: //button[text()='Sign Out']
15:03:09.919  INFO  manager.ListenerWD - After find elements ->>>>By.xpath: //button[text()='Sign Out']
15:03:09.923  INFO  manager.ListenerWD - List suze is ->>>>0
15:03:09.925  INFO  manager.ListenerWD - Before find element ->>>>By.cssSelector: a[href='/login']
15:03:09.961  INFO  manager.ListenerWD - After find element ->>>>By.cssSelector: a[href='/login']
15:03:10.044  INFO  manager.ListenerWD - Before find element ->>>>By.name: email
15:03:10.073  INFO  manager.ListenerWD - After find element ->>>>By.name: email
15:03:10.736  INFO  manager.ListenerWD - Before find element ->>>>By.name: password
15:03:10.768  INFO  manager.ListenerWD - After find element ->>>>By.name: password
15:03:11.392  INFO  manager.ListenerWD - Before find element ->>>>By.cssSelector: [name='login']
15:03:11.414  INFO  manager.ListenerWD - After find element ->>>>By.cssSelector: [name='login']
15:03:11.469  INFO  tests.TestBase - Tests start with data : Contact(name=Lisa1564, lastName=Simpson, phone=11111111564, email=reshef19861564@gmail.com, address=NY, description=All fields)
15:03:11.469  INFO  manager.ListenerWD - Before find element ->>>>By.cssSelector: a[href='/add']
15:03:12.679  INFO  manager.ListenerWD - After find element ->>>>By.cssSelector: a[href='/add']
15:03:12.728  INFO  manager.ListenerWD - Before find element ->>>>By.cssSelector: input[placeholder='Name']
15:03:12.754  INFO  manager.ListenerWD - After find element ->>>>By.cssSelector: input[placeholder='Name']
15:03:13.419  INFO  manager.ListenerWD - Before find element ->>>>By.cssSelector: input[placeholder='Last Name']
15:03:13.461  INFO  manager.ListenerWD - After find element ->>>>By.cssSelector: input[placeholder='Last Name']
15:03:14.092  INFO  manager.ListenerWD - Before find element ->>>>By.cssSelector: input[placeholder='Phone']
15:03:14.117  INFO  manager.ListenerWD - After find element ->>>>By.cssSelector: input[placeholder='Phone']
15:03:14.794  INFO  manager.ListenerWD - Before find element ->>>>By.cssSelector: input[placeholder='email']
15:03:14.817  INFO  manager.ListenerWD - After find element ->>>>By.cssSelector: input[placeholder='email']
15:03:15.464  INFO  manager.ListenerWD - Before find element ->>>>By.cssSelector: input[placeholder='Address']
15:03:15.497  INFO  manager.ListenerWD - After find element ->>>>By.cssSelector: input[placeholder='Address']
15:03:16.173  INFO  manager.ListenerWD - Before find element ->>>>By.cssSelector: input[placeholder='description']
15:03:16.208  INFO  manager.ListenerWD - After find element ->>>>By.cssSelector: input[placeholder='description']
15:03:16.823  INFO  manager.ListenerWD - Before find element ->>>>By.xpath: //b[text()='Save']
15:03:16.841  INFO  manager.ListenerWD - After find element ->>>>By.xpath: //b[text()='Save']
15:03:16.875  INFO  manager.ListenerWD - Before find elements ->>>>By.cssSelector: h2
15:03:18.352  INFO  manager.ListenerWD - After find elements ->>>>By.cssSelector: h2
15:03:18.353  INFO  manager.ListenerWD - List suze is ->>>>78
15:03:19.378  INFO  manager.ListenerWD - Before find elements ->>>>By.cssSelector: h3
15:03:19.709  INFO  manager.ListenerWD - After find elements ->>>>By.cssSelector: h3
15:03:19.709  INFO  manager.ListenerWD - List suze is ->>>>78
15:03:20.752  INFO  manager.ListenerWD - Before find elements ->>>>By.cssSelector: .contact-item_card__2SOIM
15:03:21.064  INFO  manager.ListenerWD - After find elements ->>>>By.cssSelector: .contact-item_card__2SOIM
15:03:21.065  INFO  manager.ListenerWD - List suze is ->>>>78
15:03:21.116  INFO  manager.ListenerWD - Before find element ->>>>By.cssSelector: .contact-item-detailed_card__50dTS
15:03:21.137  INFO  manager.ListenerWD - After find element ->>>>By.cssSelector: .contact-item-detailed_card__50dTS
15:03:21.199  INFO  manager.ListenerWD - Before find element ->>>>By.cssSelector: .contact-item-detailed_card__50dTS
15:03:21.211  INFO  manager.ListenerWD - After find element ->>>>By.cssSelector: .contact-item-detailed_card__50dTS
15:03:21.257  INFO  manager.ListenerWD - Before find element ->>>>By.cssSelector: .contact-item-detailed_card__50dTS
15:03:21.271  INFO  manager.ListenerWD - After find element ->>>>By.cssSelector: .contact-item-detailed_card__50dTS
15:03:21.320  INFO  manager.ListenerWD - Before find element ->>>>By.cssSelector: .contact-item-detailed_card__50dTS
15:03:21.334  INFO  manager.ListenerWD - After find element ->>>>By.cssSelector: .contact-item-detailed_card__50dTS
15:03:21.380  INFO  manager.ListenerWD - Before find element ->>>>By.cssSelector: .contact-item-detailed_card__50dTS
15:03:21.394  INFO  manager.ListenerWD - After find element ->>>>By.cssSelector: .contact-item-detailed_card__50dTS
15:03:21.438  INFO  manager.ListenerWD - Before find element ->>>>By.cssSelector: .contact-item-detailed_card__50dTS
15:03:21.453  INFO  manager.ListenerWD - After find element ->>>>By.cssSelector: .contact-item-detailed_card__50dTS
15:03:21.508  INFO  manager.ListenerWD - Before find element ->>>>By.cssSelector: .contact-item-detailed_card__50dTS
15:03:21.524  INFO  manager.ListenerWD - After find element ->>>>By.cssSelector: .contact-item-detailed_card__50dTS
15:03:21.573  INFO  manager.ListenerWD - Before find element ->>>>By.cssSelector: .contact-item-detailed_card__50dTS
15:03:21.585  INFO  manager.ListenerWD - After find element ->>>>By.cssSelector: .contact-item-detailed_card__50dTS
15:03:21.633  INFO  manager.ListenerWD - Before find element ->>>>By.cssSelector: .contact-item-detailed_card__50dTS
15:03:21.649  INFO  manager.ListenerWD - After find element ->>>>By.cssSelector: .contact-item-detailed_card__50dTS
15:03:21.692  INFO  manager.ListenerWD - Before find element ->>>>By.cssSelector: .contact-item-detailed_card__50dTS
15:03:21.705  INFO  manager.ListenerWD - After find element ->>>>By.cssSelector: .contact-item-detailed_card__50dTS
15:03:21.749  INFO  manager.ListenerWD - Before find element ->>>>By.cssSelector: .contact-item-detailed_card__50dTS
15:03:21.760  INFO  manager.ListenerWD - After find element ->>>>By.cssSelector: .contact-item-detailed_card__50dTS
15:03:21.801  INFO  manager.ListenerWD - Before find element ->>>>By.cssSelector: .contact-item-detailed_card__50dTS
15:03:21.812  INFO  manager.ListenerWD - After find element ->>>>By.cssSelector: .contact-item-detailed_card__50dTS
15:03:21.853  INFO  manager.ListenerWD - Before find element ->>>>By.cssSelector: .contact-item-detailed_card__50dTS
15:03:21.863  INFO  manager.ListenerWD - After find element ->>>>By.cssSelector: .contact-item-detailed_card__50dTS
15:03:21.901  INFO  manager.ListenerWD - Before find element ->>>>By.cssSelector: .contact-item-detailed_card__50dTS
15:03:21.912  INFO  manager.ListenerWD - After find element ->>>>By.cssSelector: .contact-item-detailed_card__50dTS
15:03:21.955  INFO  manager.ListenerWD - Before find element ->>>>By.cssSelector: .contact-item-detailed_card__50dTS
15:03:21.966  INFO  manager.ListenerWD - After find element ->>>>By.cssSelector: .contact-item-detailed_card__50dTS
15:03:22.007  INFO  manager.ListenerWD - Before find element ->>>>By.cssSelector: .contact-item-detailed_card__50dTS
15:03:22.017  INFO  manager.ListenerWD - After find element ->>>>By.cssSelector: .contact-item-detailed_card__50dTS
15:03:22.058  INFO  manager.ListenerWD - Before find element ->>>>By.cssSelector: .contact-item-detailed_card__50dTS
15:03:22.069  INFO  manager.ListenerWD - After find element ->>>>By.cssSelector: .contact-item-detailed_card__50dTS
15:03:22.108  INFO  manager.ListenerWD - Before find element ->>>>By.cssSelector: .contact-item-detailed_card__50dTS
15:03:22.119  INFO  manager.ListenerWD - After find element ->>>>By.cssSelector: .contact-item-detailed_card__50dTS
15:03:22.157  INFO  manager.ListenerWD - Before find element ->>>>By.cssSelector: .contact-item-detailed_card__50dTS
15:03:22.168  INFO  manager.ListenerWD - After find element ->>>>By.cssSelector: .contact-item-detailed_card__50dTS
15:03:22.206  INFO  manager.ListenerWD - Before find element ->>>>By.cssSelector: .contact-item-detailed_card__50dTS
15:03:22.217  INFO  manager.ListenerWD - After find element ->>>>By.cssSelector: .contact-item-detailed_card__50dTS
15:03:22.256  INFO  manager.ListenerWD - Before find element ->>>>By.cssSelector: .contact-item-detailed_card__50dTS
15:03:22.267  INFO  manager.ListenerWD - After find element ->>>>By.cssSelector: .contact-item-detailed_card__50dTS
15:03:22.315  INFO  manager.ListenerWD - Before find element ->>>>By.cssSelector: .contact-item-detailed_card__50dTS
15:03:22.326  INFO  manager.ListenerWD - After find element ->>>>By.cssSelector: .contact-item-detailed_card__50dTS
15:03:22.367  INFO  manager.ListenerWD - Before find element ->>>>By.cssSelector: .contact-item-detailed_card__50dTS
15:03:22.377  INFO  manager.ListenerWD - After find element ->>>>By.cssSelector: .contact-item-detailed_card__50dTS
15:03:22.418  INFO  manager.ListenerWD - Before find element ->>>>By.cssSelector: .contact-item-detailed_card__50dTS
15:03:22.430  INFO  manager.ListenerWD - After find element ->>>>By.cssSelector: .contact-item-detailed_card__50dTS
15:03:22.475  INFO  manager.ListenerWD - Before find element ->>>>By.cssSelector: .contact-item-detailed_card__50dTS
15:03:22.484  INFO  manager.ListenerWD - After find element ->>>>By.cssSelector: .contact-item-detailed_card__50dTS
15:03:22.524  INFO  manager.ListenerWD - Before find element ->>>>By.cssSelector: .contact-item-detailed_card__50dTS
15:03:22.534  INFO  manager.ListenerWD - After find element ->>>>By.cssSelector: .contact-item-detailed_card__50dTS
15:03:22.575  INFO  manager.ListenerWD - Before find element ->>>>By.cssSelector: .contact-item-detailed_card__50dTS
15:03:22.585  INFO  manager.ListenerWD - After find element ->>>>By.cssSelector: .contact-item-detailed_card__50dTS
15:03:22.624  INFO  manager.ListenerWD - Before find element ->>>>By.cssSelector: .contact-item-detailed_card__50dTS
15:03:22.634  INFO  manager.ListenerWD - After find element ->>>>By.cssSelector: .contact-item-detailed_card__50dTS
15:03:22.676  INFO  manager.ListenerWD - Before find element ->>>>By.cssSelector: .contact-item-detailed_card__50dTS
15:03:22.687  INFO  manager.ListenerWD - After find element ->>>>By.cssSelector: .contact-item-detailed_card__50dTS
15:03:22.730  INFO  manager.ListenerWD - Before find element ->>>>By.cssSelector: .contact-item-detailed_card__50dTS
15:03:22.742  INFO  manager.ListenerWD - After find element ->>>>By.cssSelector: .contact-item-detailed_card__50dTS
15:03:22.783  INFO  manager.ListenerWD - Before find element ->>>>By.cssSelector: .contact-item-detailed_card__50dTS
15:03:22.794  INFO  manager.ListenerWD - After find element ->>>>By.cssSelector: .contact-item-detailed_card__50dTS
15:03:22.834  INFO  manager.ListenerWD - Before find element ->>>>By.cssSelector: .contact-item-detailed_card__50dTS
15:03:22.845  INFO  manager.ListenerWD - After find element ->>>>By.cssSelector: .contact-item-detailed_card__50dTS
15:03:22.886  INFO  manager.ListenerWD - Before find element ->>>>By.cssSelector: .contact-item-detailed_card__50dTS
15:03:22.897  INFO  manager.ListenerWD - After find element ->>>>By.cssSelector: .contact-item-detailed_card__50dTS
15:03:22.941  INFO  manager.ListenerWD - Before find element ->>>>By.cssSelector: .contact-item-detailed_card__50dTS
15:03:22.951  INFO  manager.ListenerWD - After find element ->>>>By.cssSelector: .contact-item-detailed_card__50dTS
15:03:22.998  INFO  manager.ListenerWD - Before find element ->>>>By.cssSelector: .contact-item-detailed_card__50dTS
15:03:23.010  INFO  manager.ListenerWD - After find element ->>>>By.cssSelector: .contact-item-detailed_card__50dTS
15:03:23.052  INFO  manager.ListenerWD - Before find element ->>>>By.cssSelector: .contact-item-detailed_card__50dTS
15:03:23.064  INFO  manager.ListenerWD - After find element ->>>>By.cssSelector: .contact-item-detailed_card__50dTS
15:03:23.105  INFO  manager.ListenerWD - Before find element ->>>>By.cssSelector: .contact-item-detailed_card__50dTS
15:03:23.116  INFO  manager.ListenerWD - After find element ->>>>By.cssSelector: .contact-item-detailed_card__50dTS
15:03:23.156  INFO  manager.ListenerWD - Before find element ->>>>By.cssSelector: .contact-item-detailed_card__50dTS
15:03:23.166  INFO  manager.ListenerWD - After find element ->>>>By.cssSelector: .contact-item-detailed_card__50dTS
15:03:23.211  INFO  manager.ListenerWD - Before find element ->>>>By.cssSelector: .contact-item-detailed_card__50dTS
15:03:23.223  INFO  manager.ListenerWD - After find element ->>>>By.cssSelector: .contact-item-detailed_card__50dTS
15:03:23.265  INFO  manager.ListenerWD - Before find element ->>>>By.cssSelector: .contact-item-detailed_card__50dTS
15:03:23.277  INFO  manager.ListenerWD - After find element ->>>>By.cssSelector: .contact-item-detailed_card__50dTS
15:03:23.322  INFO  manager.ListenerWD - Before find element ->>>>By.cssSelector: .contact-item-detailed_card__50dTS
15:03:23.333  INFO  manager.ListenerWD - After find element ->>>>By.cssSelector: .contact-item-detailed_card__50dTS
15:03:23.374  INFO  manager.ListenerWD - Before find element ->>>>By.cssSelector: .contact-item-detailed_card__50dTS
15:03:23.385  INFO  manager.ListenerWD - After find element ->>>>By.cssSelector: .contact-item-detailed_card__50dTS
15:03:23.428  INFO  manager.ListenerWD - Before find element ->>>>By.cssSelector: .contact-item-detailed_card__50dTS
15:03:23.440  INFO  manager.ListenerWD - After find element ->>>>By.cssSelector: .contact-item-detailed_card__50dTS
15:03:23.486  INFO  manager.ListenerWD - Before find element ->>>>By.cssSelector: .contact-item-detailed_card__50dTS
15:03:23.497  INFO  manager.ListenerWD - After find element ->>>>By.cssSelector: .contact-item-detailed_card__50dTS
15:03:23.542  INFO  manager.ListenerWD - Before find element ->>>>By.cssSelector: .contact-item-detailed_card__50dTS
15:03:23.551  INFO  manager.ListenerWD - After find element ->>>>By.cssSelector: .contact-item-detailed_card__50dTS
15:03:23.590  INFO  manager.ListenerWD - Before find element ->>>>By.cssSelector: .contact-item-detailed_card__50dTS
15:03:23.600  INFO  manager.ListenerWD - After find element ->>>>By.cssSelector: .contact-item-detailed_card__50dTS
15:03:23.640  INFO  manager.ListenerWD - Before find element ->>>>By.cssSelector: .contact-item-detailed_card__50dTS
15:03:23.650  INFO  manager.ListenerWD - After find element ->>>>By.cssSelector: .contact-item-detailed_card__50dTS
15:03:23.691  INFO  manager.ListenerWD - Before find element ->>>>By.cssSelector: .contact-item-detailed_card__50dTS
15:03:23.701  INFO  manager.ListenerWD - After find element ->>>>By.cssSelector: .contact-item-detailed_card__50dTS
15:03:23.743  INFO  manager.ListenerWD - Before find element ->>>>By.cssSelector: .contact-item-detailed_card__50dTS
15:03:23.753  INFO  manager.ListenerWD - After find element ->>>>By.cssSelector: .contact-item-detailed_card__50dTS
15:03:23.794  INFO  manager.ListenerWD - Before find element ->>>>By.cssSelector: .contact-item-detailed_card__50dTS
15:03:23.804  INFO  manager.ListenerWD - After find element ->>>>By.cssSelector: .contact-item-detailed_card__50dTS
15:03:23.845  INFO  manager.ListenerWD - Before find element ->>>>By.cssSelector: .contact-item-detailed_card__50dTS
15:03:23.855  INFO  manager.ListenerWD - After find element ->>>>By.cssSelector: .contact-item-detailed_card__50dTS
15:03:23.896  INFO  manager.ListenerWD - Before find element ->>>>By.cssSelector: .contact-item-detailed_card__50dTS
15:03:23.907  INFO  manager.ListenerWD - After find element ->>>>By.cssSelector: .contact-item-detailed_card__50dTS
15:03:23.946  INFO  manager.ListenerWD - Before find element ->>>>By.cssSelector: .contact-item-detailed_card__50dTS
15:03:23.957  INFO  manager.ListenerWD - After find element ->>>>By.cssSelector: .contact-item-detailed_card__50dTS
15:03:23.999  INFO  manager.ListenerWD - Before find element ->>>>By.cssSelector: .contact-item-detailed_card__50dTS
15:03:24.009  INFO  manager.ListenerWD - After find element ->>>>By.cssSelector: .contact-item-detailed_card__50dTS
15:03:24.050  INFO  manager.ListenerWD - Before find element ->>>>By.cssSelector: .contact-item-detailed_card__50dTS
15:03:24.060  INFO  manager.ListenerWD - After find element ->>>>By.cssSelector: .contact-item-detailed_card__50dTS
15:03:24.100  INFO  manager.ListenerWD - Before find element ->>>>By.cssSelector: .contact-item-detailed_card__50dTS
15:03:24.111  INFO  manager.ListenerWD - After find element ->>>>By.cssSelector: .contact-item-detailed_card__50dTS
15:03:24.150  INFO  manager.ListenerWD - Before find element ->>>>By.cssSelector: .contact-item-detailed_card__50dTS
15:03:24.161  INFO  manager.ListenerWD - After find element ->>>>By.cssSelector: .contact-item-detailed_card__50dTS
15:03:24.202  INFO  manager.ListenerWD - Before find element ->>>>By.cssSelector: .contact-item-detailed_card__50dTS
15:03:24.212  INFO  manager.ListenerWD - After find element ->>>>By.cssSelector: .contact-item-detailed_card__50dTS
15:03:24.253  INFO  manager.ListenerWD - Before find element ->>>>By.cssSelector: .contact-item-detailed_card__50dTS
15:03:24.263  INFO  manager.ListenerWD - After find element ->>>>By.cssSelector: .contact-item-detailed_card__50dTS
15:03:24.307  INFO  manager.ListenerWD - Before find element ->>>>By.cssSelector: .contact-item-detailed_card__50dTS
15:03:24.317  INFO  manager.ListenerWD - After find element ->>>>By.cssSelector: .contact-item-detailed_card__50dTS
15:03:24.358  INFO  manager.ListenerWD - Before find element ->>>>By.cssSelector: .contact-item-detailed_card__50dTS
15:03:24.368  INFO  manager.ListenerWD - After find element ->>>>By.cssSelector: .contact-item-detailed_card__50dTS
15:03:24.412  INFO  manager.ListenerWD - Before find element ->>>>By.cssSelector: .contact-item-detailed_card__50dTS
15:03:24.422  INFO  manager.ListenerWD - After find element ->>>>By.cssSelector: .contact-item-detailed_card__50dTS
15:03:24.462  INFO  manager.ListenerWD - Before find element ->>>>By.cssSelector: .contact-item-detailed_card__50dTS
15:03:24.474  INFO  manager.ListenerWD - After find element ->>>>By.cssSelector: .contact-item-detailed_card__50dTS
15:03:24.513  INFO  manager.ListenerWD - Before find element ->>>>By.cssSelector: .contact-item-detailed_card__50dTS
15:03:24.525  INFO  manager.ListenerWD - After find element ->>>>By.cssSelector: .contact-item-detailed_card__50dTS
15:03:24.566  INFO  manager.ListenerWD - Before find element ->>>>By.cssSelector: .contact-item-detailed_card__50dTS
15:03:24.576  INFO  manager.ListenerWD - After find element ->>>>By.cssSelector: .contact-item-detailed_card__50dTS
15:03:24.618  INFO  manager.ListenerWD - Before find element ->>>>By.cssSelector: .contact-item-detailed_card__50dTS
15:03:24.628  INFO  manager.ListenerWD - After find element ->>>>By.cssSelector: .contact-item-detailed_card__50dTS
15:03:24.671  INFO  manager.ListenerWD - Before find element ->>>>By.cssSelector: .contact-item-detailed_card__50dTS
15:03:24.682  INFO  manager.ListenerWD - After find element ->>>>By.cssSelector: .contact-item-detailed_card__50dTS
15:03:24.723  INFO  manager.ListenerWD - Before find element ->>>>By.cssSelector: .contact-item-detailed_card__50dTS
15:03:24.732  INFO  manager.ListenerWD - After find element ->>>>By.cssSelector: .contact-item-detailed_card__50dTS
15:03:24.774  INFO  manager.ListenerWD - Before find element ->>>>By.cssSelector: .contact-item-detailed_card__50dTS
15:03:24.783  INFO  manager.ListenerWD - After find element ->>>>By.cssSelector: .contact-item-detailed_card__50dTS
15:03:24.826  INFO  manager.ListenerWD - Before find element ->>>>By.cssSelector: .contact-item-detailed_card__50dTS
15:03:24.836  INFO  manager.ListenerWD - After find element ->>>>By.cssSelector: .contact-item-detailed_card__50dTS
15:03:24.878  INFO  manager.ListenerWD - Before find element ->>>>By.cssSelector: .contact-item-detailed_card__50dTS
15:03:24.889  INFO  manager.ListenerWD - After find element ->>>>By.cssSelector: .contact-item-detailed_card__50dTS
15:03:24.929  INFO  manager.ListenerWD - Before find element ->>>>By.cssSelector: .contact-item-detailed_card__50dTS
15:03:24.940  INFO  manager.ListenerWD - After find element ->>>>By.cssSelector: .contact-item-detailed_card__50dTS
15:03:24.981  INFO  manager.ListenerWD - Before find element ->>>>By.cssSelector: .contact-item-detailed_card__50dTS
15:03:24.992  INFO  manager.ListenerWD - After find element ->>>>By.cssSelector: .contact-item-detailed_card__50dTS
15:03:25.033  INFO  manager.ListenerWD - Before find element ->>>>By.cssSelector: .contact-item-detailed_card__50dTS
15:03:25.043  INFO  manager.ListenerWD - After find element ->>>>By.cssSelector: .contact-item-detailed_card__50dTS
15:03:25.084  INFO  manager.ListenerWD - Before find element ->>>>By.cssSelector: .contact-item-detailed_card__50dTS
15:03:25.094  INFO  manager.ListenerWD - After find element ->>>>By.cssSelector: .contact-item-detailed_card__50dTS
15:03:25.134  INFO  manager.ListenerWD - Before find element ->>>>By.cssSelector: .contact-item-detailed_card__50dTS
15:03:25.145  INFO  manager.ListenerWD - After find element ->>>>By.cssSelector: .contact-item-detailed_card__50dTS
15:03:25.187  INFO  manager.ListenerWD - Before find element ->>>>By.cssSelector: .contact-item-detailed_card__50dTS
15:03:25.197  INFO  manager.ListenerWD - After find element ->>>>By.cssSelector: .contact-item-detailed_card__50dTS
15:03:25.239  INFO  manager.ListenerWD - Before find element ->>>>By.cssSelector: .contact-item-detailed_card__50dTS
15:03:25.250  INFO  manager.ListenerWD - After find element ->>>>By.cssSelector: .contact-item-detailed_card__50dTS
15:03:25.261  INFO  tests.TestBase - The name of starts method is --->addContactSuccessRequiredFields
15:03:25.262  INFO  manager.ListenerWD - Before find elements ->>>>By.xpath: //button[text()='Sign Out']
15:03:25.274  INFO  manager.ListenerWD - After find elements ->>>>By.xpath: //button[text()='Sign Out']
15:03:25.274  INFO  manager.ListenerWD - List suze is ->>>>1
15:03:25.275  INFO  manager.ListenerWD - Before find element ->>>>By.cssSelector: a[href='/add']
15:03:25.287  INFO  manager.ListenerWD - After find element ->>>>By.cssSelector: a[href='/add']
15:03:25.319  INFO  manager.ListenerWD - Before find element ->>>>By.cssSelector: input[placeholder='Name']
15:03:25.334  INFO  manager.ListenerWD - After find element ->>>>By.cssSelector: input[placeholder='Name']
15:03:25.979  INFO  manager.ListenerWD - Before find element ->>>>By.cssSelector: input[placeholder='Last Name']
15:03:25.991  INFO  manager.ListenerWD - After find element ->>>>By.cssSelector: input[placeholder='Last Name']
15:03:26.605  INFO  manager.ListenerWD - Before find element ->>>>By.cssSelector: input[placeholder='Phone']
15:03:26.615  INFO  manager.ListenerWD - After find element ->>>>By.cssSelector: input[placeholder='Phone']
15:03:27.268  INFO  manager.ListenerWD - Before find element ->>>>By.cssSelector: input[placeholder='email']
15:03:27.282  INFO  manager.ListenerWD - After find element ->>>>By.cssSelector: input[placeholder='email']
15:03:27.950  INFO  manager.ListenerWD - Before find element ->>>>By.cssSelector: input[placeholder='Address']
15:03:27.961  INFO  manager.ListenerWD - After find element ->>>>By.cssSelector: input[placeholder='Address']
15:03:28.576  INFO  manager.ListenerWD - Before find element ->>>>By.cssSelector: input[placeholder='description']
15:03:28.586  INFO  manager.ListenerWD - After find element ->>>>By.cssSelector: input[placeholder='description']
15:03:29.188  INFO  manager.ListenerWD - Before find element ->>>>By.xpath: //b[text()='Save']
15:03:29.210  INFO  manager.ListenerWD - After find element ->>>>By.xpath: //b[text()='Save']
15:03:29.273  INFO  manager.ListenerWD - Before find elements ->>>>By.cssSelector: h2
15:03:30.368  INFO  manager.ListenerWD - After find elements ->>>>By.cssSelector: h2
15:03:30.368  INFO  manager.ListenerWD - List suze is ->>>>79
15:03:31.506  INFO  manager.ListenerWD - Before find elements ->>>>By.cssSelector: h3
15:03:31.754  INFO  manager.ListenerWD - After find elements ->>>>By.cssSelector: h3
15:03:31.754  INFO  manager.ListenerWD - List suze is ->>>>79
15:03:32.960  INFO  tests.TestBase - The name of starts method is --->addNewContactWrongAddress
15:03:32.960  INFO  manager.ListenerWD - Before find elements ->>>>By.xpath: //button[text()='Sign Out']
15:03:32.971  INFO  manager.ListenerWD - After find elements ->>>>By.xpath: //button[text()='Sign Out']
15:03:32.971  INFO  manager.ListenerWD - List suze is ->>>>1
15:03:32.972  INFO  manager.ListenerWD - Before find element ->>>>By.cssSelector: a[href='/add']
15:03:32.981  INFO  manager.ListenerWD - After find element ->>>>By.cssSelector: a[href='/add']
15:03:33.007  INFO  manager.ListenerWD - Before find element ->>>>By.cssSelector: input[placeholder='Name']
15:03:33.019  INFO  manager.ListenerWD - After find element ->>>>By.cssSelector: input[placeholder='Name']
15:03:33.646  INFO  manager.ListenerWD - Before find element ->>>>By.cssSelector: input[placeholder='Last Name']
15:03:33.657  INFO  manager.ListenerWD - After find element ->>>>By.cssSelector: input[placeholder='Last Name']
15:03:34.265  INFO  manager.ListenerWD - Before find element ->>>>By.cssSelector: input[placeholder='Phone']
15:03:34.276  INFO  manager.ListenerWD - After find element ->>>>By.cssSelector: input[placeholder='Phone']
15:03:34.925  INFO  manager.ListenerWD - Before find element ->>>>By.cssSelector: input[placeholder='email']
15:03:34.939  INFO  manager.ListenerWD - After find element ->>>>By.cssSelector: input[placeholder='email']
15:03:35.614  INFO  manager.ListenerWD - Before find element ->>>>By.cssSelector: input[placeholder='Address']
15:03:35.626  INFO  manager.ListenerWD - After find element ->>>>By.cssSelector: input[placeholder='Address']
15:03:36.287  INFO  manager.ListenerWD - Before find element ->>>>By.cssSelector: input[placeholder='description']
15:03:36.301  INFO  manager.ListenerWD - After find element ->>>>By.cssSelector: input[placeholder='description']
15:03:36.985  INFO  manager.ListenerWD - Before find element ->>>>By.xpath: //b[text()='Save']
15:03:37.005  INFO  manager.ListenerWD - After find element ->>>>By.xpath: //b[text()='Save']
15:03:37.063  INFO  manager.ListenerWD - Before find elements ->>>>By.cssSelector: a.active[href='/add']
15:03:37.076  INFO  manager.ListenerWD - After find elements ->>>>By.cssSelector: a.active[href='/add']
15:03:37.076  INFO  manager.ListenerWD - List suze is ->>>>1
15:03:37.077  INFO  tests.TestBase - The name of starts method is --->addNewContactWrongEmail
15:03:37.077  INFO  manager.ListenerWD - Before find elements ->>>>By.xpath: //button[text()='Sign Out']
15:03:37.088  INFO  manager.ListenerWD - After find elements ->>>>By.xpath: //button[text()='Sign Out']
15:03:37.088  INFO  manager.ListenerWD - List suze is ->>>>1
15:03:37.089  INFO  manager.ListenerWD - Before find element ->>>>By.cssSelector: a[href='/add']
15:03:37.099  INFO  manager.ListenerWD - After find element ->>>>By.cssSelector: a[href='/add']
15:03:37.127  INFO  manager.ListenerWD - Before find element ->>>>By.cssSelector: input[placeholder='Name']
15:03:37.138  INFO  manager.ListenerWD - After find element ->>>>By.cssSelector: input[placeholder='Name']
15:03:37.730  INFO  manager.ListenerWD - Before find element ->>>>By.cssSelector: input[placeholder='Last Name']
15:03:37.740  INFO  manager.ListenerWD - After find element ->>>>By.cssSelector: input[placeholder='Last Name']
15:03:38.416  INFO  manager.ListenerWD - Before find element ->>>>By.cssSelector: input[placeholder='Phone']
15:03:38.444  INFO  manager.ListenerWD - After find element ->>>>By.cssSelector: input[placeholder='Phone']
15:03:39.142  INFO  manager.ListenerWD - Before find element ->>>>By.cssSelector: input[placeholder='email']
15:03:39.161  INFO  manager.ListenerWD - After find element ->>>>By.cssSelector: input[placeholder='email']
15:03:39.796  INFO  manager.ListenerWD - Before find element ->>>>By.cssSelector: input[placeholder='Address']
15:03:39.808  INFO  manager.ListenerWD - After find element ->>>>By.cssSelector: input[placeholder='Address']
15:03:40.422  INFO  manager.ListenerWD - Before find element ->>>>By.cssSelector: input[placeholder='description']
15:03:40.431  INFO  manager.ListenerWD - After find element ->>>>By.cssSelector: input[placeholder='description']
15:03:41.084  INFO  manager.ListenerWD - Before find element ->>>>By.xpath: //b[text()='Save']
15:03:41.095  INFO  manager.ListenerWD - After find element ->>>>By.xpath: //b[text()='Save']
15:03:41.120  INFO  manager.ListenerWD - Before find elements ->>>>By.cssSelector: a.active[href='/add']
15:03:41.132  INFO  manager.ListenerWD - After find elements ->>>>By.cssSelector: a.active[href='/add']
15:03:41.132  INFO  manager.ListenerWD - List suze is ->>>>1
15:03:41.150  INFO  manager.ListenerWD - The have a 'problem'
15:03:41.150  INFO  manager.ListenerWD - ++++++++++++++++++++++++++++++++++++
15:03:41.150  INFO  manager.ListenerWD - Method method ->>>>alert
15:03:41.150  INFO  manager.ListenerWD - ++++++++++++++++++++++++++
15:03:41.151  INFO  manager.ListenerWD - InvocationTargetException getTargetException() org.openqa.selenium.NoAlertPresentException: no such alert
  (Session info: chrome=109.0.5414.120)
Build info: version: '4.7.1', revision: 'c6795baf1a3'
System info: os.name: 'Windows 10', os.arch: 'amd64', os.version: '10.0', java.version: '11.0.17'
Driver info: org.openqa.selenium.chrome.ChromeDriver
Command: [2f3939ca68eae01ecd6c19e0e07622da, getAlertText {}]
Capabilities {acceptInsecureCerts: false, browserName: chrome, browserVersion: 109.0.5414.120, chrome: {chromedriverVersion: 109.0.5414.74 (e7c5703604da..., userDataDir: C:\Users\97252\AppData\Loca...}, goog:chromeOptions: {debuggerAddress: localhost:52221}, networkConnectionEnabled: false, pageLoadStrategy: normal, platformName: WINDOWS, proxy: Proxy(), se:cdp: ws://localhost:52221/devtoo..., se:cdpVersion: 109.0.5414.120, setWindowRect: true, strictFileInteractability: false, timeouts: {implicit: 0, pageLoad: 300000, script: 30000}, unhandledPromptBehavior: dismiss and notify, webauthn:extension:credBlob: true, webauthn:extension:largeBlob: true, webauthn:virtualAuthenticators: true}
Session ID: 2f3939ca68eae01ecd6c19e0e07622da
15:03:41.151  INFO  manager.ListenerWD - ++++++++++++++++++++++++++
15:03:41.152  INFO  manager.ListenerWD - Object target ->>>>>>org.openqa.selenium.remote.RemoteWebDriver$RemoteTargetLocator@2bcb1414
15:03:41.152  INFO  manager.ListenerWD - ++++++++++++++++++++++++++
15:03:42.215  INFO  tests.TestBase - The name of starts method is --->addNewContactWrongLastName
15:03:42.217  INFO  manager.ListenerWD - Before find elements ->>>>By.xpath: //button[text()='Sign Out']
15:03:42.393  INFO  manager.ListenerWD - After find elements ->>>>By.xpath: //button[text()='Sign Out']
15:03:42.393  INFO  manager.ListenerWD - List suze is ->>>>1
15:03:42.393  INFO  manager.ListenerWD - Before find element ->>>>By.cssSelector: a[href='/add']
15:03:42.406  INFO  manager.ListenerWD - After find element ->>>>By.cssSelector: a[href='/add']
15:03:42.432  INFO  manager.ListenerWD - Before find element ->>>>By.cssSelector: input[placeholder='Name']
15:03:42.443  INFO  manager.ListenerWD - After find element ->>>>By.cssSelector: input[placeholder='Name']
15:03:43.106  INFO  manager.ListenerWD - Before find element ->>>>By.cssSelector: input[placeholder='Last Name']
15:03:43.117  INFO  manager.ListenerWD - After find element ->>>>By.cssSelector: input[placeholder='Last Name']
15:03:43.739  INFO  manager.ListenerWD - Before find element ->>>>By.cssSelector: input[placeholder='Phone']
15:03:43.749  INFO  manager.ListenerWD - After find element ->>>>By.cssSelector: input[placeholder='Phone']
15:03:44.374  INFO  manager.ListenerWD - Before find element ->>>>By.cssSelector: input[placeholder='email']
15:03:44.386  INFO  manager.ListenerWD - After find element ->>>>By.cssSelector: input[placeholder='email']
15:03:45.079  INFO  manager.ListenerWD - Before find element ->>>>By.cssSelector: input[placeholder='Address']
15:03:45.090  INFO  manager.ListenerWD - After find element ->>>>By.cssSelector: input[placeholder='Address']
15:03:45.725  INFO  manager.ListenerWD - Before find element ->>>>By.cssSelector: input[placeholder='description']
15:03:45.737  INFO  manager.ListenerWD - After find element ->>>>By.cssSelector: input[placeholder='description']
15:03:46.348  INFO  manager.ListenerWD - Before find element ->>>>By.xpath: //b[text()='Save']
15:03:46.358  INFO  manager.ListenerWD - After find element ->>>>By.xpath: //b[text()='Save']
15:03:46.381  INFO  manager.ListenerWD - Before find elements ->>>>By.cssSelector: a.active[href='/add']
15:03:46.393  INFO  manager.ListenerWD - After find elements ->>>>By.cssSelector: a.active[href='/add']
15:03:46.393  INFO  manager.ListenerWD - List suze is ->>>>1
15:03:46.394  INFO  tests.TestBase - The name of starts method is --->addNewContactWrongName
15:03:46.394  INFO  manager.ListenerWD - Before find elements ->>>>By.xpath: //button[text()='Sign Out']
15:03:46.405  INFO  manager.ListenerWD - After find elements ->>>>By.xpath: //button[text()='Sign Out']
15:03:46.405  INFO  manager.ListenerWD - List suze is ->>>>1
15:03:46.406  INFO  manager.ListenerWD - Before find element ->>>>By.cssSelector: a[href='/add']
15:03:46.416  INFO  manager.ListenerWD - After find element ->>>>By.cssSelector: a[href='/add']
15:03:46.439  INFO  manager.ListenerWD - Before find element ->>>>By.cssSelector: input[placeholder='Name']
15:03:46.450  INFO  manager.ListenerWD - After find element ->>>>By.cssSelector: input[placeholder='Name']
15:03:47.044  INFO  manager.ListenerWD - Before find element ->>>>By.cssSelector: input[placeholder='Last Name']
15:03:47.055  INFO  manager.ListenerWD - After find element ->>>>By.cssSelector: input[placeholder='Last Name']
15:03:47.655  INFO  manager.ListenerWD - Before find element ->>>>By.cssSelector: input[placeholder='Phone']
15:03:47.665  INFO  manager.ListenerWD - After find element ->>>>By.cssSelector: input[placeholder='Phone']
15:03:48.269  INFO  manager.ListenerWD - Before find element ->>>>By.cssSelector: input[placeholder='email']
15:03:48.279  INFO  manager.ListenerWD - After find element ->>>>By.cssSelector: input[placeholder='email']
15:03:48.892  INFO  manager.ListenerWD - Before find element ->>>>By.cssSelector: input[placeholder='Address']
15:03:48.910  INFO  manager.ListenerWD - After find element ->>>>By.cssSelector: input[placeholder='Address']
15:03:49.506  INFO  manager.ListenerWD - Before find element ->>>>By.cssSelector: input[placeholder='description']
15:03:49.517  INFO  manager.ListenerWD - After find element ->>>>By.cssSelector: input[placeholder='description']
15:03:50.119  INFO  manager.ListenerWD - Before find element ->>>>By.xpath: //b[text()='Save']
15:03:50.131  INFO  manager.ListenerWD - After find element ->>>>By.xpath: //b[text()='Save']
15:03:50.153  INFO  manager.ListenerWD - Before find elements ->>>>By.cssSelector: a.active[href='/add']
15:03:50.166  INFO  manager.ListenerWD - After find elements ->>>>By.cssSelector: a.active[href='/add']
15:03:50.166  INFO  manager.ListenerWD - List suze is ->>>>1
15:03:50.167  INFO  tests.TestBase - The name of starts method is --->addNewContactWrongPhone
15:03:50.168  INFO  manager.ListenerWD - Before find elements ->>>>By.xpath: //button[text()='Sign Out']
15:03:50.179  INFO  manager.ListenerWD - After find elements ->>>>By.xpath: //button[text()='Sign Out']
15:03:50.179  INFO  manager.ListenerWD - List suze is ->>>>1
15:03:50.180  INFO  manager.ListenerWD - Before find element ->>>>By.cssSelector: a[href='/add']
15:03:50.191  INFO  manager.ListenerWD - After find element ->>>>By.cssSelector: a[href='/add']
15:03:50.215  INFO  manager.ListenerWD - Before find element ->>>>By.cssSelector: input[placeholder='Name']
15:03:50.229  INFO  manager.ListenerWD - After find element ->>>>By.cssSelector: input[placeholder='Name']
15:03:50.828  INFO  manager.ListenerWD - Before find element ->>>>By.cssSelector: input[placeholder='Last Name']
15:03:50.838  INFO  manager.ListenerWD - After find element ->>>>By.cssSelector: input[placeholder='Last Name']
15:03:51.436  INFO  manager.ListenerWD - Before find element ->>>>By.cssSelector: input[placeholder='Phone']
15:03:51.446  INFO  manager.ListenerWD - After find element ->>>>By.cssSelector: input[placeholder='Phone']
15:03:52.089  INFO  manager.ListenerWD - Before find element ->>>>By.cssSelector: input[placeholder='email']
15:03:52.108  INFO  manager.ListenerWD - After find element ->>>>By.cssSelector: input[placeholder='email']
15:03:52.756  INFO  manager.ListenerWD - Before find element ->>>>By.cssSelector: input[placeholder='Address']
15:03:52.768  INFO  manager.ListenerWD - After find element ->>>>By.cssSelector: input[placeholder='Address']
15:03:53.416  INFO  manager.ListenerWD - Before find element ->>>>By.cssSelector: input[placeholder='description']
15:03:53.433  INFO  manager.ListenerWD - After find element ->>>>By.cssSelector: input[placeholder='description']
15:03:54.112  INFO  manager.ListenerWD - Before find element ->>>>By.xpath: //b[text()='Save']
15:03:54.128  INFO  manager.ListenerWD - After find element ->>>>By.xpath: //b[text()='Save']
15:03:54.160  INFO  manager.ListenerWD - Before find elements ->>>>By.cssSelector: a.active[href='/add']
15:03:54.174  INFO  manager.ListenerWD - After find elements ->>>>By.cssSelector: a.active[href='/add']
15:03:54.174  INFO  manager.ListenerWD - List suze is ->>>>1
15:03:54.182  INFO  manager.ListenerWD - The have a 'problem'
15:03:54.182  INFO  manager.ListenerWD - ++++++++++++++++++++++++++++++++++++
15:03:54.182  INFO  manager.ListenerWD - Method method ->>>>alert
15:03:54.182  INFO  manager.ListenerWD - ++++++++++++++++++++++++++
15:03:54.182  INFO  manager.ListenerWD - InvocationTargetException getTargetException() org.openqa.selenium.NoAlertPresentException: no such alert
  (Session info: chrome=109.0.5414.120)
Build info: version: '4.7.1', revision: 'c6795baf1a3'
System info: os.name: 'Windows 10', os.arch: 'amd64', os.version: '10.0', java.version: '11.0.17'
Driver info: org.openqa.selenium.chrome.ChromeDriver
Command: [2f3939ca68eae01ecd6c19e0e07622da, getAlertText {}]
Capabilities {acceptInsecureCerts: false, browserName: chrome, browserVersion: 109.0.5414.120, chrome: {chromedriverVersion: 109.0.5414.74 (e7c5703604da..., userDataDir: C:\Users\97252\AppData\Loca...}, goog:chromeOptions: {debuggerAddress: localhost:52221}, networkConnectionEnabled: false, pageLoadStrategy: normal, platformName: WINDOWS, proxy: Proxy(), se:cdp: ws://localhost:52221/devtoo..., se:cdpVersion: 109.0.5414.120, setWindowRect: true, strictFileInteractability: false, timeouts: {implicit: 0, pageLoad: 300000, script: 30000}, unhandledPromptBehavior: dismiss and notify, webauthn:extension:credBlob: true, webauthn:extension:largeBlob: true, webauthn:virtualAuthenticators: true}
Session ID: 2f3939ca68eae01ecd6c19e0e07622da
15:03:54.183  INFO  manager.ListenerWD - ++++++++++++++++++++++++++
15:03:54.183  INFO  manager.ListenerWD - Object target ->>>>>>org.openqa.selenium.remote.RemoteWebDriver$RemoteTargetLocator@7a274521
15:03:54.183  INFO  manager.ListenerWD - ++++++++++++++++++++++++++
