18:23:22.035  INFO  manager.ApplicationManager - All tests star in Chrome Browser
18:23:23.542  INFO  manager.ApplicationManager - Current Url -->https://telranedu.web.app/home
18:23:23.548  INFO  manager.ListenerTNG - onStart->>>>>Gradle test
18:23:23.583  INFO  tests.TestBase - The name of starts method is --->loginSuccess
18:23:23.586  INFO  manager.ListenerWD - Before find elements ->>>>By.xpath: //button[text()='Sign Out']
18:23:28.651  INFO  manager.ListenerWD - After find elements ->>>>By.xpath: //button[text()='Sign Out']
18:23:28.655  INFO  manager.ListenerWD - List suze is ->>>>0
18:23:28.657  INFO  manager.ListenerTNG - onTestStart->>>>>loginSuccess
18:23:28.665  INFO  tests.TestBase - Login with valid data :  email: reshef1986@gmail.com & password: Rr6146858!
18:23:28.666  INFO  manager.ListenerWD - Before find element ->>>>By.cssSelector: a[href='/login']
18:23:28.701  INFO  manager.ListenerWD - After find element ->>>>By.cssSelector: a[href='/login']
18:23:28.785  INFO  manager.ListenerWD - Before find element ->>>>By.name: email
18:23:28.818  INFO  manager.ListenerWD - After find element ->>>>By.name: email
18:23:29.507  INFO  manager.ListenerWD - Before find element ->>>>By.name: password
18:23:29.542  INFO  manager.ListenerWD - After find element ->>>>By.name: password
18:23:30.197  INFO  manager.ListenerWD - Before find element ->>>>By.cssSelector: [name='login']
18:23:30.226  INFO  manager.ListenerWD - After find element ->>>>By.cssSelector: [name='login']
18:23:30.273  INFO  manager.ListenerWD - Before find elements ->>>>By.xpath: //button[text()='Sign Out']
18:23:31.162  INFO  manager.ListenerWD - After find elements ->>>>By.xpath: //button[text()='Sign Out']
18:23:31.162  INFO  manager.ListenerWD - List suze is ->>>>1
18:23:31.166  INFO  tests.TestBase - Tests success
18:23:31.168  INFO  manager.ListenerTNG - onTestSuccess ->>>>>>loginSuccess
18:23:31.169  INFO  tests.TestBase - The name of starts method is --->loginSuccess
18:23:31.170  INFO  manager.ListenerWD - Before find elements ->>>>By.xpath: //button[text()='Sign Out']
18:23:31.195  INFO  manager.ListenerWD - After find elements ->>>>By.xpath: //button[text()='Sign Out']
18:23:31.195  INFO  manager.ListenerWD - List suze is ->>>>1
18:23:31.195  INFO  manager.ListenerWD - Before find element ->>>>By.xpath: //button[text()='Sign Out']
18:23:31.224  INFO  manager.ListenerWD - After find element ->>>>By.xpath: //button[text()='Sign Out']
18:23:31.272  INFO  tests.TestBase -  I need logout
18:23:31.272  INFO  manager.ListenerTNG - onTestStart->>>>>loginSuccess
18:23:31.273  INFO  tests.TestBase - Login with valid data :  email: reshef1986@gmail.com & password: Rr6146858!
18:23:31.273  INFO  manager.ListenerWD - Before find element ->>>>By.cssSelector: a[href='/login']
18:23:31.298  INFO  manager.ListenerWD - After find element ->>>>By.cssSelector: a[href='/login']
18:23:31.350  INFO  manager.ListenerWD - Before find element ->>>>By.name: email
18:23:31.375  INFO  manager.ListenerWD - After find element ->>>>By.name: email
18:23:32.057  INFO  manager.ListenerWD - Before find element ->>>>By.name: password
18:23:32.080  INFO  manager.ListenerWD - After find element ->>>>By.name: password
18:23:32.739  INFO  manager.ListenerWD - Before find element ->>>>By.cssSelector: [name='login']
18:23:32.762  INFO  manager.ListenerWD - After find element ->>>>By.cssSelector: [name='login']
18:23:32.807  INFO  manager.ListenerWD - Before find elements ->>>>By.xpath: //button[text()='Sign Out']
18:23:33.133  INFO  manager.ListenerWD - After find elements ->>>>By.xpath: //button[text()='Sign Out']
18:23:33.133  INFO  manager.ListenerWD - List suze is ->>>>1
18:23:33.133  INFO  tests.TestBase - Tests success
18:23:33.133  INFO  manager.ListenerTNG - onTestSuccess ->>>>>>loginSuccess
18:23:33.134  INFO  tests.TestBase - The name of starts method is --->loginSuccess
18:23:33.135  INFO  manager.ListenerWD - Before find elements ->>>>By.xpath: //button[text()='Sign Out']
18:23:33.153  INFO  manager.ListenerWD - After find elements ->>>>By.xpath: //button[text()='Sign Out']
18:23:33.153  INFO  manager.ListenerWD - List suze is ->>>>1
18:23:33.154  INFO  manager.ListenerWD - Before find element ->>>>By.xpath: //button[text()='Sign Out']
18:23:33.171  INFO  manager.ListenerWD - After find element ->>>>By.xpath: //button[text()='Sign Out']
18:23:33.220  INFO  tests.TestBase -  I need logout
18:23:33.221  INFO  manager.ListenerTNG - onTestStart->>>>>loginSuccess
18:23:33.222  INFO  tests.TestBase - Login with valid data :  email: reshef1986@gmail.com & password: Rr6146858!
18:23:33.222  INFO  manager.ListenerWD - Before find element ->>>>By.cssSelector: a[href='/login']
18:23:33.243  INFO  manager.ListenerWD - After find element ->>>>By.cssSelector: a[href='/login']
18:23:33.288  INFO  manager.ListenerWD - Before find element ->>>>By.name: email
18:23:33.308  INFO  manager.ListenerWD - After find element ->>>>By.name: email
18:23:33.984  INFO  manager.ListenerWD - Before find element ->>>>By.name: password
18:23:34.003  INFO  manager.ListenerWD - After find element ->>>>By.name: password
18:23:34.657  INFO  manager.ListenerWD - Before find element ->>>>By.cssSelector: [name='login']
18:23:34.676  INFO  manager.ListenerWD - After find element ->>>>By.cssSelector: [name='login']
18:23:34.720  INFO  manager.ListenerWD - Before find elements ->>>>By.xpath: //button[text()='Sign Out']
18:23:34.985  INFO  manager.ListenerWD - After find elements ->>>>By.xpath: //button[text()='Sign Out']
18:23:34.986  INFO  manager.ListenerWD - List suze is ->>>>1
18:23:34.986  INFO  tests.TestBase - Tests success
18:23:34.986  INFO  manager.ListenerTNG - onTestSuccess ->>>>>>loginSuccess
18:23:34.991  INFO  tests.TestBase - The name of starts method is --->loginSuccess2
18:23:34.992  INFO  manager.ListenerWD - Before find elements ->>>>By.xpath: //button[text()='Sign Out']
18:23:35.011  INFO  manager.ListenerWD - After find elements ->>>>By.xpath: //button[text()='Sign Out']
18:23:35.011  INFO  manager.ListenerWD - List suze is ->>>>1
18:23:35.011  INFO  manager.ListenerWD - Before find element ->>>>By.xpath: //button[text()='Sign Out']
18:23:35.028  INFO  manager.ListenerWD - After find element ->>>>By.xpath: //button[text()='Sign Out']
18:23:35.076  INFO  tests.TestBase -  I need logout
18:23:35.077  INFO  manager.ListenerTNG - onTestStart->>>>>loginSuccess2
18:23:35.078  INFO  tests.TestBase - Login with valid data :  email: reshef1986@gmail.com & password: Rr6146858!
18:23:35.079  INFO  manager.ListenerWD - Before find element ->>>>By.cssSelector: a[href='/login']
18:23:35.102  INFO  manager.ListenerWD - After find element ->>>>By.cssSelector: a[href='/login']
18:23:35.145  INFO  manager.ListenerWD - Before find element ->>>>By.name: email
18:23:35.167  INFO  manager.ListenerWD - After find element ->>>>By.name: email
18:23:35.831  INFO  manager.ListenerWD - Before find element ->>>>By.name: password
18:23:35.849  INFO  manager.ListenerWD - After find element ->>>>By.name: password
18:23:36.506  INFO  manager.ListenerWD - Before find element ->>>>By.cssSelector: [name='login']
18:23:36.525  INFO  manager.ListenerWD - After find element ->>>>By.cssSelector: [name='login']
18:23:36.569  INFO  manager.ListenerWD - Before find elements ->>>>By.xpath: //button[text()='Sign Out']
18:23:36.840  INFO  manager.ListenerWD - After find elements ->>>>By.xpath: //button[text()='Sign Out']
18:23:36.840  INFO  manager.ListenerWD - List suze is ->>>>1
18:23:36.841  INFO  tests.TestBase - Tests success
18:23:36.841  INFO  manager.ListenerTNG - onTestSuccess ->>>>>>loginSuccess2
18:23:36.842  INFO  tests.TestBase - The name of starts method is --->loginSuccess2
18:23:36.842  INFO  manager.ListenerWD - Before find elements ->>>>By.xpath: //button[text()='Sign Out']
18:23:36.862  INFO  manager.ListenerWD - After find elements ->>>>By.xpath: //button[text()='Sign Out']
18:23:36.862  INFO  manager.ListenerWD - List suze is ->>>>1
18:23:36.862  INFO  manager.ListenerWD - Before find element ->>>>By.xpath: //button[text()='Sign Out']
18:23:36.881  INFO  manager.ListenerWD - After find element ->>>>By.xpath: //button[text()='Sign Out']
18:23:36.930  INFO  tests.TestBase -  I need logout
18:23:36.931  INFO  manager.ListenerTNG - onTestStart->>>>>loginSuccess2
18:23:36.931  INFO  tests.TestBase - Login with valid data :  email: reshef1986@gmail.com & password: Rr6146858!
18:23:36.932  INFO  manager.ListenerWD - Before find element ->>>>By.cssSelector: a[href='/login']
18:23:36.953  INFO  manager.ListenerWD - After find element ->>>>By.cssSelector: a[href='/login']
18:23:36.999  INFO  manager.ListenerWD - Before find element ->>>>By.name: email
18:23:37.016  INFO  manager.ListenerWD - After find element ->>>>By.name: email
18:23:37.693  INFO  manager.ListenerWD - Before find element ->>>>By.name: password
18:23:37.713  INFO  manager.ListenerWD - After find element ->>>>By.name: password
18:23:38.376  INFO  manager.ListenerWD - Before find element ->>>>By.cssSelector: [name='login']
18:23:38.394  INFO  manager.ListenerWD - After find element ->>>>By.cssSelector: [name='login']
18:23:38.437  INFO  manager.ListenerWD - Before find elements ->>>>By.xpath: //button[text()='Sign Out']
18:23:38.764  INFO  manager.ListenerWD - After find elements ->>>>By.xpath: //button[text()='Sign Out']
18:23:38.765  INFO  manager.ListenerWD - List suze is ->>>>1
18:23:38.765  INFO  tests.TestBase - Tests success
18:23:38.765  INFO  manager.ListenerTNG - onTestSuccess ->>>>>>loginSuccess2
18:23:38.766  INFO  tests.TestBase - The name of starts method is --->loginSuccess2
18:23:38.767  INFO  manager.ListenerWD - Before find elements ->>>>By.xpath: //button[text()='Sign Out']
18:23:38.783  INFO  manager.ListenerWD - After find elements ->>>>By.xpath: //button[text()='Sign Out']
18:23:38.783  INFO  manager.ListenerWD - List suze is ->>>>1
18:23:38.783  INFO  manager.ListenerWD - Before find element ->>>>By.xpath: //button[text()='Sign Out']
18:23:38.800  INFO  manager.ListenerWD - After find element ->>>>By.xpath: //button[text()='Sign Out']
18:23:38.843  INFO  tests.TestBase -  I need logout
18:23:38.844  INFO  manager.ListenerTNG - onTestStart->>>>>loginSuccess2
18:23:38.844  INFO  tests.TestBase - Login with valid data :  email: reshef1986@gmail.com & password: Rr6146858!
18:23:38.845  INFO  manager.ListenerWD - Before find element ->>>>By.cssSelector: a[href='/login']
18:23:38.864  INFO  manager.ListenerWD - After find element ->>>>By.cssSelector: a[href='/login']
18:23:38.908  INFO  manager.ListenerWD - Before find element ->>>>By.name: email
18:23:38.925  INFO  manager.ListenerWD - After find element ->>>>By.name: email
18:23:39.593  INFO  manager.ListenerWD - Before find element ->>>>By.name: password
18:23:39.609  INFO  manager.ListenerWD - After find element ->>>>By.name: password
18:23:40.269  INFO  manager.ListenerWD - Before find element ->>>>By.cssSelector: [name='login']
18:23:40.285  INFO  manager.ListenerWD - After find element ->>>>By.cssSelector: [name='login']
18:23:40.328  INFO  manager.ListenerWD - Before find elements ->>>>By.xpath: //button[text()='Sign Out']
18:23:40.599  INFO  manager.ListenerWD - After find elements ->>>>By.xpath: //button[text()='Sign Out']
18:23:40.599  INFO  manager.ListenerWD - List suze is ->>>>1
18:23:40.599  INFO  tests.TestBase - Tests success
18:23:40.599  INFO  manager.ListenerTNG - onTestSuccess ->>>>>>loginSuccess2
18:23:40.602  INFO  tests.TestBase - The name of starts method is --->loginSuccessModel
18:23:40.603  INFO  manager.ListenerWD - Before find elements ->>>>By.xpath: //button[text()='Sign Out']
18:23:40.618  INFO  manager.ListenerWD - After find elements ->>>>By.xpath: //button[text()='Sign Out']
18:23:40.619  INFO  manager.ListenerWD - List suze is ->>>>1
18:23:40.619  INFO  manager.ListenerWD - Before find element ->>>>By.xpath: //button[text()='Sign Out']
18:23:40.636  INFO  manager.ListenerWD - After find element ->>>>By.xpath: //button[text()='Sign Out']
18:23:40.682  INFO  tests.TestBase -  I need logout
18:23:40.682  INFO  manager.ListenerTNG - onTestStart->>>>>loginSuccessModel
18:23:40.691  INFO  tests.TestBase - Test start  wheth user model ---->User(email=reshef1986@gmail.com, password=Rr6146858!)
18:23:40.691  INFO  manager.ListenerWD - Before find element ->>>>By.cssSelector: a[href='/login']
18:23:40.710  INFO  manager.ListenerWD - After find element ->>>>By.cssSelector: a[href='/login']
18:23:40.756  INFO  manager.ListenerWD - Before find element ->>>>By.name: email
18:23:40.774  INFO  manager.ListenerWD - After find element ->>>>By.name: email
18:23:41.449  INFO  manager.ListenerWD - Before find element ->>>>By.name: password
18:23:41.466  INFO  manager.ListenerWD - After find element ->>>>By.name: password
18:23:42.122  INFO  manager.ListenerWD - Before find element ->>>>By.cssSelector: [name='login']
18:23:42.142  INFO  manager.ListenerWD - After find element ->>>>By.cssSelector: [name='login']
18:23:42.186  INFO  manager.ListenerWD - Before find elements ->>>>By.xpath: //button[text()='Sign Out']
18:23:42.511  INFO  manager.ListenerWD - After find elements ->>>>By.xpath: //button[text()='Sign Out']
18:23:42.511  INFO  manager.ListenerWD - List suze is ->>>>1
18:23:42.512  INFO  manager.ListenerTNG - onTestSuccess ->>>>>>loginSuccessModel
18:23:42.513  INFO  tests.TestBase - The name of starts method is --->loginSuccessModel
18:23:42.514  INFO  manager.ListenerWD - Before find elements ->>>>By.xpath: //button[text()='Sign Out']
18:23:42.532  INFO  manager.ListenerWD - After find elements ->>>>By.xpath: //button[text()='Sign Out']
18:23:42.532  INFO  manager.ListenerWD - List suze is ->>>>1
18:23:42.532  INFO  manager.ListenerWD - Before find element ->>>>By.xpath: //button[text()='Sign Out']
18:23:42.550  INFO  manager.ListenerWD - After find element ->>>>By.xpath: //button[text()='Sign Out']
18:23:42.598  INFO  tests.TestBase -  I need logout
18:23:42.599  INFO  manager.ListenerTNG - onTestStart->>>>>loginSuccessModel
18:23:42.599  INFO  tests.TestBase - Test start  wheth user model ---->User(email=reshef1986@gmail.com, password=Rr6146858!)
18:23:42.599  INFO  manager.ListenerWD - Before find element ->>>>By.cssSelector: a[href='/login']
18:23:42.616  INFO  manager.ListenerWD - After find element ->>>>By.cssSelector: a[href='/login']
18:23:42.663  INFO  manager.ListenerWD - Before find element ->>>>By.name: email
18:23:42.680  INFO  manager.ListenerWD - After find element ->>>>By.name: email
18:23:43.348  INFO  manager.ListenerWD - Before find element ->>>>By.name: password
18:23:43.365  INFO  manager.ListenerWD - After find element ->>>>By.name: password
18:23:44.021  INFO  manager.ListenerWD - Before find element ->>>>By.cssSelector: [name='login']
18:23:44.039  INFO  manager.ListenerWD - After find element ->>>>By.cssSelector: [name='login']
18:23:44.084  INFO  manager.ListenerWD - Before find elements ->>>>By.xpath: //button[text()='Sign Out']
18:23:44.351  INFO  manager.ListenerWD - After find elements ->>>>By.xpath: //button[text()='Sign Out']
18:23:44.351  INFO  manager.ListenerWD - List suze is ->>>>1
18:23:44.352  INFO  manager.ListenerTNG - onTestSuccess ->>>>>>loginSuccessModel
18:23:44.352  INFO  tests.TestBase - The name of starts method is --->loginSuccessModel
18:23:44.353  INFO  manager.ListenerWD - Before find elements ->>>>By.xpath: //button[text()='Sign Out']
18:23:44.370  INFO  manager.ListenerWD - After find elements ->>>>By.xpath: //button[text()='Sign Out']
18:23:44.370  INFO  manager.ListenerWD - List suze is ->>>>1
18:23:44.370  INFO  manager.ListenerWD - Before find element ->>>>By.xpath: //button[text()='Sign Out']
18:23:44.387  INFO  manager.ListenerWD - After find element ->>>>By.xpath: //button[text()='Sign Out']
18:23:44.434  INFO  tests.TestBase -  I need logout
18:23:44.435  INFO  manager.ListenerTNG - onTestStart->>>>>loginSuccessModel
18:23:44.435  INFO  tests.TestBase - Test start  wheth user model ---->User(email=reshef1986@gmail.com, password=Rr6146858!)
18:23:44.435  INFO  manager.ListenerWD - Before find element ->>>>By.cssSelector: a[href='/login']
18:23:44.458  INFO  manager.ListenerWD - After find element ->>>>By.cssSelector: a[href='/login']
18:23:44.501  INFO  manager.ListenerWD - Before find element ->>>>By.name: email
18:23:44.519  INFO  manager.ListenerWD - After find element ->>>>By.name: email
18:23:45.184  INFO  manager.ListenerWD - Before find element ->>>>By.name: password
18:23:45.202  INFO  manager.ListenerWD - After find element ->>>>By.name: password
18:23:45.860  INFO  manager.ListenerWD - Before find element ->>>>By.cssSelector: [name='login']
18:23:45.877  INFO  manager.ListenerWD - After find element ->>>>By.cssSelector: [name='login']
18:23:45.920  INFO  manager.ListenerWD - Before find elements ->>>>By.xpath: //button[text()='Sign Out']
18:23:46.193  INFO  manager.ListenerWD - After find elements ->>>>By.xpath: //button[text()='Sign Out']
18:23:46.193  INFO  manager.ListenerWD - List suze is ->>>>1
18:23:46.194  INFO  manager.ListenerTNG - onTestSuccess ->>>>>>loginSuccessModel
18:23:46.195  INFO  tests.TestBase - The name of starts method is --->loginSuccessModelFromFile
18:23:46.196  INFO  manager.ListenerWD - Before find elements ->>>>By.xpath: //button[text()='Sign Out']
18:23:46.214  INFO  manager.ListenerWD - After find elements ->>>>By.xpath: //button[text()='Sign Out']
18:23:46.214  INFO  manager.ListenerWD - List suze is ->>>>1
18:23:46.214  INFO  manager.ListenerWD - Before find element ->>>>By.xpath: //button[text()='Sign Out']
18:23:46.232  INFO  manager.ListenerWD - After find element ->>>>By.xpath: //button[text()='Sign Out']
18:23:46.279  INFO  tests.TestBase -  I need logout
18:23:46.280  INFO  manager.ListenerTNG - onTestStart->>>>>loginSuccessModelFromFile
18:23:46.280  INFO  tests.TestBase - Test start  wheth user model ---->User(email=reshef1986@gmail.com, password=Rr6146858!)
18:23:46.281  INFO  manager.ListenerWD - Before find element ->>>>By.cssSelector: a[href='/login']
18:23:46.298  INFO  manager.ListenerWD - After find element ->>>>By.cssSelector: a[href='/login']
18:23:46.344  INFO  manager.ListenerWD - Before find element ->>>>By.name: email
18:23:46.363  INFO  manager.ListenerWD - After find element ->>>>By.name: email
18:23:47.036  INFO  manager.ListenerWD - Before find element ->>>>By.name: password
18:23:47.053  INFO  manager.ListenerWD - After find element ->>>>By.name: password
18:23:47.710  INFO  manager.ListenerWD - Before find element ->>>>By.cssSelector: [name='login']
18:23:47.727  INFO  manager.ListenerWD - After find element ->>>>By.cssSelector: [name='login']
18:23:47.772  INFO  manager.ListenerWD - Before find elements ->>>>By.xpath: //button[text()='Sign Out']
18:23:48.041  INFO  manager.ListenerWD - After find elements ->>>>By.xpath: //button[text()='Sign Out']
18:23:48.041  INFO  manager.ListenerWD - List suze is ->>>>1
18:23:48.041  INFO  manager.ListenerTNG - onTestSuccess ->>>>>>loginSuccessModelFromFile
18:23:48.042  INFO  tests.TestBase - The name of starts method is --->loginSuccessModelFromFile
18:23:48.043  INFO  manager.ListenerWD - Before find elements ->>>>By.xpath: //button[text()='Sign Out']
18:23:48.061  INFO  manager.ListenerWD - After find elements ->>>>By.xpath: //button[text()='Sign Out']
18:23:48.061  INFO  manager.ListenerWD - List suze is ->>>>1
18:23:48.061  INFO  manager.ListenerWD - Before find element ->>>>By.xpath: //button[text()='Sign Out']
18:23:48.077  INFO  manager.ListenerWD - After find element ->>>>By.xpath: //button[text()='Sign Out']
18:23:48.125  INFO  tests.TestBase -  I need logout
18:23:48.126  INFO  manager.ListenerTNG - onTestStart->>>>>loginSuccessModelFromFile
18:23:48.126  INFO  tests.TestBase - Test start  wheth user model ---->User(email=reshef1986@gmail.com, password=Rr6146858!)
18:23:48.127  INFO  manager.ListenerWD - Before find element ->>>>By.cssSelector: a[href='/login']
18:23:48.144  INFO  manager.ListenerWD - After find element ->>>>By.cssSelector: a[href='/login']
18:23:48.191  INFO  manager.ListenerWD - Before find element ->>>>By.name: email
18:23:48.209  INFO  manager.ListenerWD - After find element ->>>>By.name: email
18:23:48.890  INFO  manager.ListenerWD - Before find element ->>>>By.name: password
18:23:48.907  INFO  manager.ListenerWD - After find element ->>>>By.name: password
18:23:49.576  INFO  manager.ListenerWD - Before find element ->>>>By.cssSelector: [name='login']
18:23:49.593  INFO  manager.ListenerWD - After find element ->>>>By.cssSelector: [name='login']
18:23:49.639  INFO  manager.ListenerWD - Before find elements ->>>>By.xpath: //button[text()='Sign Out']
18:23:49.912  INFO  manager.ListenerWD - After find elements ->>>>By.xpath: //button[text()='Sign Out']
18:23:49.912  INFO  manager.ListenerWD - List suze is ->>>>1
18:23:49.913  INFO  manager.ListenerTNG - onTestSuccess ->>>>>>loginSuccessModelFromFile
18:23:49.914  INFO  tests.TestBase - The name of starts method is --->loginSuccessModelFromFile
18:23:49.915  INFO  manager.ListenerWD - Before find elements ->>>>By.xpath: //button[text()='Sign Out']
18:23:49.934  INFO  manager.ListenerWD - After find elements ->>>>By.xpath: //button[text()='Sign Out']
18:23:49.934  INFO  manager.ListenerWD - List suze is ->>>>1
18:23:49.934  INFO  manager.ListenerWD - Before find element ->>>>By.xpath: //button[text()='Sign Out']
18:23:49.951  INFO  manager.ListenerWD - After find element ->>>>By.xpath: //button[text()='Sign Out']
18:23:50.002  INFO  tests.TestBase -  I need logout
18:23:50.003  INFO  manager.ListenerTNG - onTestStart->>>>>loginSuccessModelFromFile
18:23:50.003  INFO  tests.TestBase - Test start  wheth user model ---->User(email=reshef1986@gmail.com, password=Rr6146858!)
18:23:50.003  INFO  manager.ListenerWD - Before find element ->>>>By.cssSelector: a[href='/login']
18:23:50.024  INFO  manager.ListenerWD - After find element ->>>>By.cssSelector: a[href='/login']
18:23:50.066  INFO  manager.ListenerWD - Before find element ->>>>By.name: email
18:23:50.083  INFO  manager.ListenerWD - After find element ->>>>By.name: email
18:23:50.770  INFO  manager.ListenerWD - Before find element ->>>>By.name: password
18:23:50.785  INFO  manager.ListenerWD - After find element ->>>>By.name: password
18:23:51.434  INFO  manager.ListenerWD - Before find element ->>>>By.cssSelector: [name='login']
18:23:51.453  INFO  manager.ListenerWD - After find element ->>>>By.cssSelector: [name='login']
18:23:51.501  INFO  manager.ListenerWD - Before find elements ->>>>By.xpath: //button[text()='Sign Out']
18:23:51.770  INFO  manager.ListenerWD - After find elements ->>>>By.xpath: //button[text()='Sign Out']
18:23:51.770  INFO  manager.ListenerWD - List suze is ->>>>1
18:23:51.770  INFO  manager.ListenerTNG - onTestSuccess ->>>>>>loginSuccessModelFromFile
18:23:51.773  INFO  tests.TestBase - The name of starts method is --->loginSuccessNew
18:23:51.774  INFO  manager.ListenerWD - Before find elements ->>>>By.xpath: //button[text()='Sign Out']
18:23:51.793  INFO  manager.ListenerWD - After find elements ->>>>By.xpath: //button[text()='Sign Out']
18:23:51.793  INFO  manager.ListenerWD - List suze is ->>>>1
18:23:51.793  INFO  manager.ListenerWD - Before find element ->>>>By.xpath: //button[text()='Sign Out']
18:23:51.823  INFO  manager.ListenerWD - After find element ->>>>By.xpath: //button[text()='Sign Out']
18:23:51.877  INFO  tests.TestBase -  I need logout
18:23:51.878  INFO  manager.ListenerTNG - onTestStart->>>>>loginSuccessNew
18:23:51.878  INFO  manager.ListenerWD - Before find element ->>>>By.cssSelector: a[href='/login']
18:23:51.897  INFO  manager.ListenerWD - After find element ->>>>By.cssSelector: a[href='/login']
18:23:51.946  INFO  manager.ListenerWD - Before find element ->>>>By.name: email
18:23:51.963  INFO  manager.ListenerWD - After find element ->>>>By.name: email
18:23:52.674  INFO  manager.ListenerWD - Before find element ->>>>By.name: password
18:23:52.690  INFO  manager.ListenerWD - After find element ->>>>By.name: password
18:23:53.379  INFO  manager.ListenerWD - Before find element ->>>>By.cssSelector: [name='login']
18:23:53.395  INFO  manager.ListenerWD - After find element ->>>>By.cssSelector: [name='login']
18:23:53.440  INFO  manager.ListenerWD - Before find elements ->>>>By.xpath: //button[text()='Sign Out']
18:23:53.767  INFO  manager.ListenerWD - After find elements ->>>>By.xpath: //button[text()='Sign Out']
18:23:53.767  INFO  manager.ListenerWD - List suze is ->>>>1
18:23:53.767  INFO  manager.ListenerTNG - onTestSuccess ->>>>>>loginSuccessNew
18:23:53.768  INFO  tests.TestBase - The name of starts method is --->loginSuccessNew
18:23:53.769  INFO  manager.ListenerWD - Before find elements ->>>>By.xpath: //button[text()='Sign Out']
18:23:53.785  INFO  manager.ListenerWD - After find elements ->>>>By.xpath: //button[text()='Sign Out']
18:23:53.785  INFO  manager.ListenerWD - List suze is ->>>>1
18:23:53.786  INFO  manager.ListenerWD - Before find element ->>>>By.xpath: //button[text()='Sign Out']
18:23:53.800  INFO  manager.ListenerWD - After find element ->>>>By.xpath: //button[text()='Sign Out']
18:23:53.855  INFO  tests.TestBase -  I need logout
18:23:53.856  INFO  manager.ListenerTNG - onTestStart->>>>>loginSuccessNew
18:23:53.856  INFO  manager.ListenerWD - Before find element ->>>>By.cssSelector: a[href='/login']
18:23:53.881  INFO  manager.ListenerWD - After find element ->>>>By.cssSelector: a[href='/login']
18:23:53.974  INFO  manager.ListenerWD - Before find element ->>>>By.name: email
18:23:53.996  INFO  manager.ListenerWD - After find element ->>>>By.name: email
18:23:54.700  INFO  manager.ListenerWD - Before find element ->>>>By.name: password
18:23:54.716  INFO  manager.ListenerWD - After find element ->>>>By.name: password
18:23:55.371  INFO  manager.ListenerWD - Before find element ->>>>By.cssSelector: [name='login']
18:23:55.388  INFO  manager.ListenerWD - After find element ->>>>By.cssSelector: [name='login']
18:23:55.436  INFO  manager.ListenerWD - Before find elements ->>>>By.xpath: //button[text()='Sign Out']
18:23:55.706  INFO  manager.ListenerWD - After find elements ->>>>By.xpath: //button[text()='Sign Out']
18:23:55.706  INFO  manager.ListenerWD - List suze is ->>>>1
18:23:55.706  INFO  manager.ListenerTNG - onTestSuccess ->>>>>>loginSuccessNew
18:23:55.707  INFO  tests.TestBase - The name of starts method is --->loginUnregisterUser
18:23:55.708  INFO  manager.ListenerWD - Before find elements ->>>>By.xpath: //button[text()='Sign Out']
18:23:55.724  INFO  manager.ListenerWD - After find elements ->>>>By.xpath: //button[text()='Sign Out']
18:23:55.724  INFO  manager.ListenerWD - List suze is ->>>>1
18:23:55.724  INFO  manager.ListenerWD - Before find element ->>>>By.xpath: //button[text()='Sign Out']
18:23:55.741  INFO  manager.ListenerWD - After find element ->>>>By.xpath: //button[text()='Sign Out']
18:23:55.788  INFO  tests.TestBase -  I need logout
18:23:55.789  INFO  manager.ListenerTNG - onTestStart->>>>>loginUnregisterUser
18:23:55.789  INFO  manager.ListenerWD - Before find element ->>>>By.cssSelector: a[href='/login']
18:23:55.805  INFO  manager.ListenerWD - After find element ->>>>By.cssSelector: a[href='/login']
18:23:55.849  INFO  manager.ListenerWD - Before find element ->>>>By.name: email
18:23:55.865  INFO  manager.ListenerWD - After find element ->>>>By.name: email
18:23:56.591  INFO  manager.ListenerWD - Before find element ->>>>By.name: password
18:23:56.607  INFO  manager.ListenerWD - After find element ->>>>By.name: password
18:23:57.296  INFO  manager.ListenerWD - Before find element ->>>>By.cssSelector: [name='login']
18:23:57.311  INFO  manager.ListenerWD - After find element ->>>>By.cssSelector: [name='login']
18:23:57.355  INFO  manager.ListenerWD - Before find elements ->>>>By.xpath: //button[text()='Sign Out']
18:23:57.736  INFO  manager.ListenerWD - After find elements ->>>>By.xpath: //button[text()='Sign Out']
18:23:57.736  INFO  manager.ListenerWD - List suze is ->>>>0
18:23:58.264  INFO  manager.ListenerTNG - onTestSuccess ->>>>>>loginUnregisterUser
18:23:58.266  INFO  tests.TestBase - The name of starts method is --->loginWrongEmail
18:23:58.268  INFO  manager.ListenerWD - Before find elements ->>>>By.xpath: //button[text()='Sign Out']
18:24:03.319  INFO  manager.ListenerWD - After find elements ->>>>By.xpath: //button[text()='Sign Out']
18:24:03.320  INFO  manager.ListenerWD - List suze is ->>>>0
18:24:03.320  INFO  manager.ListenerTNG - onTestStart->>>>>loginWrongEmail
18:24:03.321  INFO  manager.ListenerWD - Before find element ->>>>By.cssSelector: a[href='/login']
18:24:03.338  INFO  manager.ListenerWD - After find element ->>>>By.cssSelector: a[href='/login']
18:24:03.372  INFO  manager.ListenerWD - Before find element ->>>>By.name: email
18:24:03.390  INFO  manager.ListenerWD - After find element ->>>>By.name: email
18:24:04.075  INFO  manager.ListenerWD - Before find element ->>>>By.name: password
18:24:04.091  INFO  manager.ListenerWD - After find element ->>>>By.name: password
18:24:04.744  INFO  manager.ListenerWD - Before find element ->>>>By.cssSelector: [name='login']
18:24:04.768  INFO  manager.ListenerWD - After find element ->>>>By.cssSelector: [name='login']
18:24:04.817  INFO  manager.ListenerWD - Before find elements ->>>>By.xpath: //button[text()='Sign Out']
18:24:05.199  INFO  manager.ListenerWD - After find elements ->>>>By.xpath: //button[text()='Sign Out']
18:24:05.199  INFO  manager.ListenerWD - List suze is ->>>>0
18:24:05.729  INFO  tests.TestBase - Error message is : 'Wrong email or password' 
18:24:05.731  INFO  manager.ListenerTNG - onTestSuccess ->>>>>>loginWrongEmail
18:24:05.732  INFO  tests.TestBase - The name of starts method is --->loginWrongPassword
18:24:05.733  INFO  manager.ListenerWD - Before find elements ->>>>By.xpath: //button[text()='Sign Out']
18:24:10.795  INFO  manager.ListenerWD - After find elements ->>>>By.xpath: //button[text()='Sign Out']
18:24:10.795  INFO  manager.ListenerWD - List suze is ->>>>0
18:24:10.796  INFO  manager.ListenerTNG - onTestStart->>>>>loginWrongPassword
18:24:10.796  INFO  manager.ListenerWD - Before find element ->>>>By.cssSelector: a[href='/login']
18:24:10.813  INFO  manager.ListenerWD - After find element ->>>>By.cssSelector: a[href='/login']
18:24:10.847  INFO  manager.ListenerWD - Before find element ->>>>By.name: email
18:24:10.865  INFO  manager.ListenerWD - After find element ->>>>By.name: email
18:24:11.538  INFO  manager.ListenerWD - Before find element ->>>>By.name: password
18:24:11.556  INFO  manager.ListenerWD - After find element ->>>>By.name: password
18:24:12.223  INFO  manager.ListenerWD - Before find element ->>>>By.cssSelector: [name='login']
18:24:12.244  INFO  manager.ListenerWD - After find element ->>>>By.cssSelector: [name='login']
18:24:12.294  INFO  manager.ListenerWD - Before find elements ->>>>By.xpath: //button[text()='Sign Out']
18:24:12.681  INFO  manager.ListenerWD - After find elements ->>>>By.xpath: //button[text()='Sign Out']
18:24:12.681  INFO  manager.ListenerWD - List suze is ->>>>0
18:24:13.212  INFO  manager.ListenerTNG - onTestSuccess ->>>>>>loginWrongPassword
18:24:13.214  INFO  manager.ListenerTNG - onFinish->>>>>Gradle test
