14:29:50.373  INFO  manager.ApplicationManager - All tests star in FireFox Browser
14:29:52.089  INFO  manager.ApplicationManager - Current Url -->https://telranedu.web.app/home
14:29:52.120  INFO  tests.TestBase - The name of starts method is --->addContactSuccessAllFields
14:29:52.122  INFO  manager.ListenerWD - Before find elements ->>>>By.xpath: //button[text()='Sign Out']
14:29:57.154  INFO  manager.ListenerWD - After find elements ->>>>By.xpath: //button[text()='Sign Out']
14:29:57.164  INFO  manager.ListenerWD - List suze is ->>>>0
14:29:57.166  INFO  manager.ListenerWD - Before find element ->>>>By.cssSelector: a[href='/login']
14:29:57.194  INFO  manager.ListenerWD - After find element ->>>>By.cssSelector: a[href='/login']
14:29:57.437  INFO  manager.ListenerWD - Before find element ->>>>By.name: email
14:29:57.465  INFO  manager.ListenerWD - After find element ->>>>By.name: email
14:29:58.284  INFO  manager.ListenerWD - Before find element ->>>>By.name: password
14:29:58.303  INFO  manager.ListenerWD - After find element ->>>>By.name: password
14:29:59.094  INFO  manager.ListenerWD - Before find element ->>>>By.cssSelector: [name='login']
14:29:59.118  INFO  manager.ListenerWD - After find element ->>>>By.cssSelector: [name='login']
14:29:59.367  INFO  tests.TestBase - Tests start with data : Contact(name=Lisa1373, lastName=Simpson, phone=11111111373, email=reshef19861373@gmail.com, address=NY, description=All fields)
14:29:59.368  INFO  manager.ListenerWD - Before find element ->>>>By.cssSelector: a[href='/add']
14:30:00.631  INFO  manager.ListenerWD - After find element ->>>>By.cssSelector: a[href='/add']
14:30:00.854  INFO  manager.ListenerWD - Before find element ->>>>By.cssSelector: input[placeholder='Name']
14:30:00.880  INFO  manager.ListenerWD - After find element ->>>>By.cssSelector: input[placeholder='Name']
14:30:01.674  INFO  manager.ListenerWD - Before find element ->>>>By.cssSelector: input[placeholder='Last Name']
14:30:01.700  INFO  manager.ListenerWD - After find element ->>>>By.cssSelector: input[placeholder='Last Name']
14:30:02.479  INFO  manager.ListenerWD - Before find element ->>>>By.cssSelector: input[placeholder='Phone']
14:30:02.495  INFO  manager.ListenerWD - After find element ->>>>By.cssSelector: input[placeholder='Phone']
14:30:03.293  INFO  manager.ListenerWD - Before find element ->>>>By.cssSelector: input[placeholder='email']
14:30:03.314  INFO  manager.ListenerWD - After find element ->>>>By.cssSelector: input[placeholder='email']
14:30:04.134  INFO  manager.ListenerWD - Before find element ->>>>By.cssSelector: input[placeholder='Address']
14:30:04.147  INFO  manager.ListenerWD - After find element ->>>>By.cssSelector: input[placeholder='Address']
14:30:04.881  INFO  manager.ListenerWD - Before find element ->>>>By.cssSelector: input[placeholder='description']
14:30:04.893  INFO  manager.ListenerWD - After find element ->>>>By.cssSelector: input[placeholder='description']
14:30:05.650  INFO  manager.ListenerWD - Before find element ->>>>By.xpath: //b[text()='Save']
14:30:05.665  INFO  manager.ListenerWD - After find element ->>>>By.xpath: //b[text()='Save']
14:30:05.877  INFO  manager.ListenerWD - Before find elements ->>>>By.cssSelector: h2
14:30:07.288  INFO  manager.ListenerWD - After find elements ->>>>By.cssSelector: h2
14:30:07.288  INFO  manager.ListenerWD - List suze is ->>>>76
14:30:07.527  INFO  manager.ListenerWD - Before find elements ->>>>By.cssSelector: h3
14:30:07.905  INFO  manager.ListenerWD - After find elements ->>>>By.cssSelector: h3
14:30:07.905  INFO  manager.ListenerWD - List suze is ->>>>76
14:30:08.122  INFO  manager.ListenerWD - Before find elements ->>>>By.cssSelector: .contact-item_card__2SOIM
14:30:08.479  INFO  manager.ListenerWD - After find elements ->>>>By.cssSelector: .contact-item_card__2SOIM
14:30:08.479  INFO  manager.ListenerWD - List suze is ->>>>76
14:30:08.714  INFO  manager.ListenerWD - Before find element ->>>>By.cssSelector: .contact-item-detailed_card__50dTS
14:30:08.723  INFO  manager.ListenerWD - After find element ->>>>By.cssSelector: .contact-item-detailed_card__50dTS
14:30:08.951  INFO  manager.ListenerWD - Before find element ->>>>By.cssSelector: .contact-item-detailed_card__50dTS
14:30:08.958  INFO  manager.ListenerWD - After find element ->>>>By.cssSelector: .contact-item-detailed_card__50dTS
14:30:09.190  INFO  manager.ListenerWD - Before find element ->>>>By.cssSelector: .contact-item-detailed_card__50dTS
14:30:09.209  INFO  manager.ListenerWD - After find element ->>>>By.cssSelector: .contact-item-detailed_card__50dTS
14:30:09.438  INFO  manager.ListenerWD - Before find element ->>>>By.cssSelector: .contact-item-detailed_card__50dTS
14:30:09.445  INFO  manager.ListenerWD - After find element ->>>>By.cssSelector: .contact-item-detailed_card__50dTS
14:30:09.668  INFO  manager.ListenerWD - Before find element ->>>>By.cssSelector: .contact-item-detailed_card__50dTS
14:30:09.690  INFO  manager.ListenerWD - After find element ->>>>By.cssSelector: .contact-item-detailed_card__50dTS
14:30:09.937  INFO  manager.ListenerWD - Before find element ->>>>By.cssSelector: .contact-item-detailed_card__50dTS
14:30:09.949  INFO  manager.ListenerWD - After find element ->>>>By.cssSelector: .contact-item-detailed_card__50dTS
14:30:10.178  INFO  manager.ListenerWD - Before find element ->>>>By.cssSelector: .contact-item-detailed_card__50dTS
14:30:10.204  INFO  manager.ListenerWD - After find element ->>>>By.cssSelector: .contact-item-detailed_card__50dTS
14:30:10.439  INFO  manager.ListenerWD - Before find element ->>>>By.cssSelector: .contact-item-detailed_card__50dTS
14:30:10.458  INFO  manager.ListenerWD - After find element ->>>>By.cssSelector: .contact-item-detailed_card__50dTS
14:30:10.701  INFO  manager.ListenerWD - Before find element ->>>>By.cssSelector: .contact-item-detailed_card__50dTS
14:30:10.724  INFO  manager.ListenerWD - After find element ->>>>By.cssSelector: .contact-item-detailed_card__50dTS
14:30:10.967  INFO  manager.ListenerWD - Before find element ->>>>By.cssSelector: .contact-item-detailed_card__50dTS
14:30:10.974  INFO  manager.ListenerWD - After find element ->>>>By.cssSelector: .contact-item-detailed_card__50dTS
14:30:11.198  INFO  manager.ListenerWD - Before find element ->>>>By.cssSelector: .contact-item-detailed_card__50dTS
14:30:11.225  INFO  manager.ListenerWD - After find element ->>>>By.cssSelector: .contact-item-detailed_card__50dTS
14:30:11.451  INFO  manager.ListenerWD - Before find element ->>>>By.cssSelector: .contact-item-detailed_card__50dTS
14:30:11.468  INFO  manager.ListenerWD - After find element ->>>>By.cssSelector: .contact-item-detailed_card__50dTS
14:30:11.708  INFO  manager.ListenerWD - Before find element ->>>>By.cssSelector: .contact-item-detailed_card__50dTS
14:30:11.716  INFO  manager.ListenerWD - After find element ->>>>By.cssSelector: .contact-item-detailed_card__50dTS
14:30:11.936  INFO  manager.ListenerWD - Before find element ->>>>By.cssSelector: .contact-item-detailed_card__50dTS
14:30:11.944  INFO  manager.ListenerWD - After find element ->>>>By.cssSelector: .contact-item-detailed_card__50dTS
14:30:12.163  INFO  manager.ListenerWD - Before find element ->>>>By.cssSelector: .contact-item-detailed_card__50dTS
14:30:12.173  INFO  manager.ListenerWD - After find element ->>>>By.cssSelector: .contact-item-detailed_card__50dTS
14:30:12.409  INFO  manager.ListenerWD - Before find element ->>>>By.cssSelector: .contact-item-detailed_card__50dTS
14:30:12.416  INFO  manager.ListenerWD - After find element ->>>>By.cssSelector: .contact-item-detailed_card__50dTS
14:30:12.647  INFO  manager.ListenerWD - Before find element ->>>>By.cssSelector: .contact-item-detailed_card__50dTS
14:30:12.654  INFO  manager.ListenerWD - After find element ->>>>By.cssSelector: .contact-item-detailed_card__50dTS
14:30:12.882  INFO  manager.ListenerWD - Before find element ->>>>By.cssSelector: .contact-item-detailed_card__50dTS
14:30:12.901  INFO  manager.ListenerWD - After find element ->>>>By.cssSelector: .contact-item-detailed_card__50dTS
14:30:13.143  INFO  manager.ListenerWD - Before find element ->>>>By.cssSelector: .contact-item-detailed_card__50dTS
14:30:13.160  INFO  manager.ListenerWD - After find element ->>>>By.cssSelector: .contact-item-detailed_card__50dTS
14:30:13.399  INFO  manager.ListenerWD - Before find element ->>>>By.cssSelector: .contact-item-detailed_card__50dTS
14:30:13.406  INFO  manager.ListenerWD - After find element ->>>>By.cssSelector: .contact-item-detailed_card__50dTS
14:30:13.645  INFO  manager.ListenerWD - Before find element ->>>>By.cssSelector: .contact-item-detailed_card__50dTS
14:30:13.663  INFO  manager.ListenerWD - After find element ->>>>By.cssSelector: .contact-item-detailed_card__50dTS
14:30:13.903  INFO  manager.ListenerWD - Before find element ->>>>By.cssSelector: .contact-item-detailed_card__50dTS
14:30:13.910  INFO  manager.ListenerWD - After find element ->>>>By.cssSelector: .contact-item-detailed_card__50dTS
14:30:14.129  INFO  manager.ListenerWD - Before find element ->>>>By.cssSelector: .contact-item-detailed_card__50dTS
14:30:14.136  INFO  manager.ListenerWD - After find element ->>>>By.cssSelector: .contact-item-detailed_card__50dTS
14:30:14.357  INFO  manager.ListenerWD - Before find element ->>>>By.cssSelector: .contact-item-detailed_card__50dTS
14:30:14.368  INFO  manager.ListenerWD - After find element ->>>>By.cssSelector: .contact-item-detailed_card__50dTS
14:30:14.614  INFO  manager.ListenerWD - Before find element ->>>>By.cssSelector: .contact-item-detailed_card__50dTS
14:30:14.628  INFO  manager.ListenerWD - After find element ->>>>By.cssSelector: .contact-item-detailed_card__50dTS
14:30:14.861  INFO  manager.ListenerWD - Before find element ->>>>By.cssSelector: .contact-item-detailed_card__50dTS
14:30:14.876  INFO  manager.ListenerWD - After find element ->>>>By.cssSelector: .contact-item-detailed_card__50dTS
14:30:15.115  INFO  manager.ListenerWD - Before find element ->>>>By.cssSelector: .contact-item-detailed_card__50dTS
14:30:15.122  INFO  manager.ListenerWD - After find element ->>>>By.cssSelector: .contact-item-detailed_card__50dTS
14:30:15.363  INFO  manager.ListenerWD - Before find element ->>>>By.cssSelector: .contact-item-detailed_card__50dTS
14:30:15.382  INFO  manager.ListenerWD - After find element ->>>>By.cssSelector: .contact-item-detailed_card__50dTS
14:30:15.614  INFO  manager.ListenerWD - Before find element ->>>>By.cssSelector: .contact-item-detailed_card__50dTS
14:30:15.620  INFO  manager.ListenerWD - After find element ->>>>By.cssSelector: .contact-item-detailed_card__50dTS
14:30:15.840  INFO  manager.ListenerWD - Before find element ->>>>By.cssSelector: .contact-item-detailed_card__50dTS
14:30:15.854  INFO  manager.ListenerWD - After find element ->>>>By.cssSelector: .contact-item-detailed_card__50dTS
14:30:16.088  INFO  manager.ListenerWD - Before find element ->>>>By.cssSelector: .contact-item-detailed_card__50dTS
14:30:16.102  INFO  manager.ListenerWD - After find element ->>>>By.cssSelector: .contact-item-detailed_card__50dTS
14:30:16.333  INFO  manager.ListenerWD - Before find element ->>>>By.cssSelector: .contact-item-detailed_card__50dTS
14:30:16.342  INFO  manager.ListenerWD - After find element ->>>>By.cssSelector: .contact-item-detailed_card__50dTS
14:30:16.565  INFO  manager.ListenerWD - Before find element ->>>>By.cssSelector: .contact-item-detailed_card__50dTS
14:30:16.573  INFO  manager.ListenerWD - After find element ->>>>By.cssSelector: .contact-item-detailed_card__50dTS
14:30:16.795  INFO  manager.ListenerWD - Before find element ->>>>By.cssSelector: .contact-item-detailed_card__50dTS
14:30:16.813  INFO  manager.ListenerWD - After find element ->>>>By.cssSelector: .contact-item-detailed_card__50dTS
14:30:17.054  INFO  manager.ListenerWD - Before find element ->>>>By.cssSelector: .contact-item-detailed_card__50dTS
14:30:17.064  INFO  manager.ListenerWD - After find element ->>>>By.cssSelector: .contact-item-detailed_card__50dTS
14:30:17.292  INFO  manager.ListenerWD - Before find element ->>>>By.cssSelector: .contact-item-detailed_card__50dTS
14:30:17.301  INFO  manager.ListenerWD - After find element ->>>>By.cssSelector: .contact-item-detailed_card__50dTS
14:30:17.527  INFO  manager.ListenerWD - Before find element ->>>>By.cssSelector: .contact-item-detailed_card__50dTS
14:30:17.534  INFO  manager.ListenerWD - After find element ->>>>By.cssSelector: .contact-item-detailed_card__50dTS
14:30:17.751  INFO  manager.ListenerWD - Before find element ->>>>By.cssSelector: .contact-item-detailed_card__50dTS
14:30:17.758  INFO  manager.ListenerWD - After find element ->>>>By.cssSelector: .contact-item-detailed_card__50dTS
14:30:17.980  INFO  manager.ListenerWD - Before find element ->>>>By.cssSelector: .contact-item-detailed_card__50dTS
14:30:17.992  INFO  manager.ListenerWD - After find element ->>>>By.cssSelector: .contact-item-detailed_card__50dTS
14:30:18.227  INFO  manager.ListenerWD - Before find element ->>>>By.cssSelector: .contact-item-detailed_card__50dTS
14:30:18.240  INFO  manager.ListenerWD - After find element ->>>>By.cssSelector: .contact-item-detailed_card__50dTS
14:30:18.475  INFO  manager.ListenerWD - Before find element ->>>>By.cssSelector: .contact-item-detailed_card__50dTS
14:30:18.494  INFO  manager.ListenerWD - After find element ->>>>By.cssSelector: .contact-item-detailed_card__50dTS
14:30:18.734  INFO  manager.ListenerWD - Before find element ->>>>By.cssSelector: .contact-item-detailed_card__50dTS
14:30:18.745  INFO  manager.ListenerWD - After find element ->>>>By.cssSelector: .contact-item-detailed_card__50dTS
14:30:18.981  INFO  manager.ListenerWD - Before find element ->>>>By.cssSelector: .contact-item-detailed_card__50dTS
14:30:18.999  INFO  manager.ListenerWD - After find element ->>>>By.cssSelector: .contact-item-detailed_card__50dTS
14:30:19.241  INFO  manager.ListenerWD - Before find element ->>>>By.cssSelector: .contact-item-detailed_card__50dTS
14:30:19.254  INFO  manager.ListenerWD - After find element ->>>>By.cssSelector: .contact-item-detailed_card__50dTS
14:30:19.481  INFO  manager.ListenerWD - Before find element ->>>>By.cssSelector: .contact-item-detailed_card__50dTS
14:30:19.498  INFO  manager.ListenerWD - After find element ->>>>By.cssSelector: .contact-item-detailed_card__50dTS
14:30:19.736  INFO  manager.ListenerWD - Before find element ->>>>By.cssSelector: .contact-item-detailed_card__50dTS
14:30:19.754  INFO  manager.ListenerWD - After find element ->>>>By.cssSelector: .contact-item-detailed_card__50dTS
14:30:19.995  INFO  manager.ListenerWD - Before find element ->>>>By.cssSelector: .contact-item-detailed_card__50dTS
14:30:20.005  INFO  manager.ListenerWD - After find element ->>>>By.cssSelector: .contact-item-detailed_card__50dTS
14:30:20.229  INFO  manager.ListenerWD - Before find element ->>>>By.cssSelector: .contact-item-detailed_card__50dTS
14:30:20.236  INFO  manager.ListenerWD - After find element ->>>>By.cssSelector: .contact-item-detailed_card__50dTS
14:30:20.459  INFO  manager.ListenerWD - Before find element ->>>>By.cssSelector: .contact-item-detailed_card__50dTS
14:30:20.472  INFO  manager.ListenerWD - After find element ->>>>By.cssSelector: .contact-item-detailed_card__50dTS
14:30:20.705  INFO  manager.ListenerWD - Before find element ->>>>By.cssSelector: .contact-item-detailed_card__50dTS
14:30:20.714  INFO  manager.ListenerWD - After find element ->>>>By.cssSelector: .contact-item-detailed_card__50dTS
14:30:20.939  INFO  manager.ListenerWD - Before find element ->>>>By.cssSelector: .contact-item-detailed_card__50dTS
14:30:20.946  INFO  manager.ListenerWD - After find element ->>>>By.cssSelector: .contact-item-detailed_card__50dTS
14:30:21.164  INFO  manager.ListenerWD - Before find element ->>>>By.cssSelector: .contact-item-detailed_card__50dTS
14:30:21.170  INFO  manager.ListenerWD - After find element ->>>>By.cssSelector: .contact-item-detailed_card__50dTS
14:30:21.183  INFO  tests.TestBase - The name of starts method is --->addContactSuccessRequiredFields
14:30:21.184  INFO  manager.ListenerWD - Before find elements ->>>>By.xpath: //button[text()='Sign Out']
14:30:21.191  INFO  manager.ListenerWD - After find elements ->>>>By.xpath: //button[text()='Sign Out']
14:30:21.191  INFO  manager.ListenerWD - List suze is ->>>>1
14:30:21.192  INFO  manager.ListenerWD - Before find element ->>>>By.cssSelector: a[href='/add']
14:30:21.199  INFO  manager.ListenerWD - After find element ->>>>By.cssSelector: a[href='/add']
14:30:21.413  INFO  manager.ListenerWD - Before find element ->>>>By.cssSelector: input[placeholder='Name']
14:30:21.420  INFO  manager.ListenerWD - After find element ->>>>By.cssSelector: input[placeholder='Name']
14:30:22.196  INFO  manager.ListenerWD - Before find element ->>>>By.cssSelector: input[placeholder='Last Name']
14:30:22.207  INFO  manager.ListenerWD - After find element ->>>>By.cssSelector: input[placeholder='Last Name']
14:30:22.993  INFO  manager.ListenerWD - Before find element ->>>>By.cssSelector: input[placeholder='Phone']
14:30:23.003  INFO  manager.ListenerWD - After find element ->>>>By.cssSelector: input[placeholder='Phone']
14:30:23.803  INFO  manager.ListenerWD - Before find element ->>>>By.cssSelector: input[placeholder='email']
14:30:23.812  INFO  manager.ListenerWD - After find element ->>>>By.cssSelector: input[placeholder='email']
14:30:24.610  INFO  manager.ListenerWD - Before find element ->>>>By.cssSelector: input[placeholder='Address']
14:30:24.619  INFO  manager.ListenerWD - After find element ->>>>By.cssSelector: input[placeholder='Address']
14:30:25.383  INFO  manager.ListenerWD - Before find element ->>>>By.cssSelector: input[placeholder='description']
14:30:25.394  INFO  manager.ListenerWD - After find element ->>>>By.cssSelector: input[placeholder='description']
14:30:25.920  INFO  manager.ListenerWD - Before find element ->>>>By.xpath: //b[text()='Save']
14:30:25.929  INFO  manager.ListenerWD - After find element ->>>>By.xpath: //b[text()='Save']
14:30:26.146  INFO  manager.ListenerWD - Before find elements ->>>>By.cssSelector: h2
14:30:26.889  INFO  manager.ListenerWD - After find elements ->>>>By.cssSelector: h2
14:30:26.889  INFO  manager.ListenerWD - List suze is ->>>>77
14:30:27.163  INFO  manager.ListenerWD - Before find elements ->>>>By.cssSelector: h3
14:30:27.399  INFO  manager.ListenerWD - After find elements ->>>>By.cssSelector: h3
14:30:27.399  INFO  manager.ListenerWD - List suze is ->>>>77
14:30:27.699  INFO  tests.TestBase - The name of starts method is --->addNewContactWrongAddress
14:30:27.699  INFO  manager.ListenerWD - Before find elements ->>>>By.xpath: //button[text()='Sign Out']
14:30:27.705  INFO  manager.ListenerWD - After find elements ->>>>By.xpath: //button[text()='Sign Out']
14:30:27.705  INFO  manager.ListenerWD - List suze is ->>>>1
14:30:27.706  INFO  manager.ListenerWD - Before find element ->>>>By.cssSelector: a[href='/add']
14:30:27.712  INFO  manager.ListenerWD - After find element ->>>>By.cssSelector: a[href='/add']
14:30:27.933  INFO  manager.ListenerWD - Before find element ->>>>By.cssSelector: input[placeholder='Name']
14:30:27.951  INFO  manager.ListenerWD - After find element ->>>>By.cssSelector: input[placeholder='Name']
14:30:28.721  INFO  manager.ListenerWD - Before find element ->>>>By.cssSelector: input[placeholder='Last Name']
14:30:28.728  INFO  manager.ListenerWD - After find element ->>>>By.cssSelector: input[placeholder='Last Name']
14:30:29.486  INFO  manager.ListenerWD - Before find element ->>>>By.cssSelector: input[placeholder='Phone']
14:30:29.498  INFO  manager.ListenerWD - After find element ->>>>By.cssSelector: input[placeholder='Phone']
14:30:30.257  INFO  manager.ListenerWD - Before find element ->>>>By.cssSelector: input[placeholder='email']
14:30:30.264  INFO  manager.ListenerWD - After find element ->>>>By.cssSelector: input[placeholder='email']
14:30:31.015  INFO  manager.ListenerWD - Before find element ->>>>By.cssSelector: input[placeholder='Address']
14:30:31.021  INFO  manager.ListenerWD - After find element ->>>>By.cssSelector: input[placeholder='Address']
14:30:31.772  INFO  manager.ListenerWD - Before find element ->>>>By.cssSelector: input[placeholder='description']
14:30:31.790  INFO  manager.ListenerWD - After find element ->>>>By.cssSelector: input[placeholder='description']
14:30:32.604  INFO  manager.ListenerWD - Before find element ->>>>By.xpath: //b[text()='Save']
14:30:32.624  INFO  manager.ListenerWD - After find element ->>>>By.xpath: //b[text()='Save']
14:30:32.860  INFO  manager.ListenerWD - Before find elements ->>>>By.cssSelector: a.active[href='/add']
14:30:32.867  INFO  manager.ListenerWD - After find elements ->>>>By.cssSelector: a.active[href='/add']
14:30:32.867  INFO  manager.ListenerWD - List suze is ->>>>1
14:30:32.868  INFO  tests.TestBase - The name of starts method is --->addNewContactWrongEmail
14:30:32.868  INFO  manager.ListenerWD - Before find elements ->>>>By.xpath: //button[text()='Sign Out']
14:30:32.874  INFO  manager.ListenerWD - After find elements ->>>>By.xpath: //button[text()='Sign Out']
14:30:32.874  INFO  manager.ListenerWD - List suze is ->>>>1
14:30:32.875  INFO  manager.ListenerWD - Before find element ->>>>By.cssSelector: a[href='/add']
14:30:32.881  INFO  manager.ListenerWD - After find element ->>>>By.cssSelector: a[href='/add']
14:30:33.093  INFO  manager.ListenerWD - Before find element ->>>>By.cssSelector: input[placeholder='Name']
14:30:33.099  INFO  manager.ListenerWD - After find element ->>>>By.cssSelector: input[placeholder='Name']
14:30:33.866  INFO  manager.ListenerWD - Before find element ->>>>By.cssSelector: input[placeholder='Last Name']
14:30:33.881  INFO  manager.ListenerWD - After find element ->>>>By.cssSelector: input[placeholder='Last Name']
14:30:34.666  INFO  manager.ListenerWD - Before find element ->>>>By.cssSelector: input[placeholder='Phone']
14:30:34.676  INFO  manager.ListenerWD - After find element ->>>>By.cssSelector: input[placeholder='Phone']
14:30:35.452  INFO  manager.ListenerWD - Before find element ->>>>By.cssSelector: input[placeholder='email']
14:30:35.465  INFO  manager.ListenerWD - After find element ->>>>By.cssSelector: input[placeholder='email']
14:30:36.255  INFO  manager.ListenerWD - Before find element ->>>>By.cssSelector: input[placeholder='Address']
14:30:36.265  INFO  manager.ListenerWD - After find element ->>>>By.cssSelector: input[placeholder='Address']
14:30:37.051  INFO  manager.ListenerWD - Before find element ->>>>By.cssSelector: input[placeholder='description']
14:30:37.065  INFO  manager.ListenerWD - After find element ->>>>By.cssSelector: input[placeholder='description']
14:30:37.833  INFO  manager.ListenerWD - Before find element ->>>>By.xpath: //b[text()='Save']
14:30:37.840  INFO  manager.ListenerWD - After find element ->>>>By.xpath: //b[text()='Save']
14:30:38.072  INFO  manager.ListenerWD - Before find elements ->>>>By.cssSelector: a.active[href='/add']
14:30:38.088  INFO  manager.ListenerWD - After find elements ->>>>By.cssSelector: a.active[href='/add']
14:30:38.089  INFO  manager.ListenerWD - List suze is ->>>>1
14:30:38.134  INFO  manager.ListenerWD - The have a 'problem'
14:30:38.134  INFO  manager.ListenerWD - ++++++++++++++++++++++++++++++++++++
14:30:38.134  INFO  manager.ListenerWD - Method method ->>>>alert
14:30:38.134  INFO  manager.ListenerWD - ++++++++++++++++++++++++++
14:30:38.136  INFO  manager.ListenerWD - InvocationTargetException getTargetException() org.openqa.selenium.NoAlertPresentException: Build info: version: '4.7.1', revision: 'c6795baf1a3'
System info: os.name: 'Windows 10', os.arch: 'amd64', os.version: '10.0', java.version: '11.0.17'
Driver info: org.openqa.selenium.firefox.FirefoxDriver
Command: [54a5438f-8cf0-4fc1-9d0e-b38ed3d4f034, getAlertText {}]
Capabilities {acceptInsecureCerts: true, browserName: firefox, browserVersion: 109.0.1, moz:accessibilityChecks: false, moz:buildID: 20230127170202, moz:debuggerAddress: 127.0.0.1:39914, moz:geckodriverVersion: 0.32.1, moz:headless: false, moz:platformVersion: 10.0, moz:processID: 19828, moz:profile: C:\Users\97252\AppData\Loca..., moz:shutdownTimeout: 60000, moz:useNonSpecCompliantPointerOrigin: false, moz:webdriverClick: true, moz:windowless: false, pageLoadStrategy: normal, platformName: WINDOWS, proxy: Proxy(), se:cdp: ws://127.0.0.1:39914/devtoo..., se:cdpVersion: 85.0, setWindowRect: true, strictFileInteractability: false, timeouts: {implicit: 0, pageLoad: 300000, script: 30000}, unhandledPromptBehavior: dismiss and notify}
Session ID: 54a5438f-8cf0-4fc1-9d0e-b38ed3d4f034
14:30:38.136  INFO  manager.ListenerWD - ++++++++++++++++++++++++++
14:30:38.136  INFO  manager.ListenerWD - Object target ->>>>>>org.openqa.selenium.remote.RemoteWebDriver$RemoteTargetLocator@12f51a65
14:30:38.136  INFO  manager.ListenerWD - ++++++++++++++++++++++++++
14:30:39.213  INFO  tests.TestBase - The name of starts method is --->addNewContactWrongLastName
14:30:39.214  INFO  manager.ListenerWD - Before find elements ->>>>By.xpath: //button[text()='Sign Out']
14:30:39.225  INFO  manager.ListenerWD - After find elements ->>>>By.xpath: //button[text()='Sign Out']
14:30:39.225  INFO  manager.ListenerWD - List suze is ->>>>1
14:30:39.226  INFO  manager.ListenerWD - Before find element ->>>>By.cssSelector: a[href='/add']
14:30:39.235  INFO  manager.ListenerWD - After find element ->>>>By.cssSelector: a[href='/add']
14:30:39.449  INFO  manager.ListenerWD - Before find element ->>>>By.cssSelector: input[placeholder='Name']
14:30:39.455  INFO  manager.ListenerWD - After find element ->>>>By.cssSelector: input[placeholder='Name']
14:30:40.193  INFO  manager.ListenerWD - Before find element ->>>>By.cssSelector: input[placeholder='Last Name']
14:30:40.202  INFO  manager.ListenerWD - After find element ->>>>By.cssSelector: input[placeholder='Last Name']
14:30:40.954  INFO  manager.ListenerWD - Before find element ->>>>By.cssSelector: input[placeholder='Phone']
14:30:40.967  INFO  manager.ListenerWD - After find element ->>>>By.cssSelector: input[placeholder='Phone']
14:30:41.728  INFO  manager.ListenerWD - Before find element ->>>>By.cssSelector: input[placeholder='email']
14:30:41.733  INFO  manager.ListenerWD - After find element ->>>>By.cssSelector: input[placeholder='email']
14:30:42.502  INFO  manager.ListenerWD - Before find element ->>>>By.cssSelector: input[placeholder='Address']
14:30:42.511  INFO  manager.ListenerWD - After find element ->>>>By.cssSelector: input[placeholder='Address']
14:30:43.256  INFO  manager.ListenerWD - Before find element ->>>>By.cssSelector: input[placeholder='description']
14:30:43.263  INFO  manager.ListenerWD - After find element ->>>>By.cssSelector: input[placeholder='description']
14:30:44.018  INFO  manager.ListenerWD - Before find element ->>>>By.xpath: //b[text()='Save']
14:30:44.024  INFO  manager.ListenerWD - After find element ->>>>By.xpath: //b[text()='Save']
14:30:44.242  INFO  manager.ListenerWD - Before find elements ->>>>By.cssSelector: a.active[href='/add']
14:30:44.249  INFO  manager.ListenerWD - After find elements ->>>>By.cssSelector: a.active[href='/add']
14:30:44.249  INFO  manager.ListenerWD - List suze is ->>>>1
14:30:44.250  INFO  tests.TestBase - The name of starts method is --->addNewContactWrongName
14:30:44.250  INFO  manager.ListenerWD - Before find elements ->>>>By.xpath: //button[text()='Sign Out']
14:30:44.256  INFO  manager.ListenerWD - After find elements ->>>>By.xpath: //button[text()='Sign Out']
14:30:44.256  INFO  manager.ListenerWD - List suze is ->>>>1
14:30:44.256  INFO  manager.ListenerWD - Before find element ->>>>By.cssSelector: a[href='/add']
14:30:44.267  INFO  manager.ListenerWD - After find element ->>>>By.cssSelector: a[href='/add']
14:30:44.490  INFO  manager.ListenerWD - Before find element ->>>>By.cssSelector: input[placeholder='Name']
14:30:44.496  INFO  manager.ListenerWD - After find element ->>>>By.cssSelector: input[placeholder='Name']
14:30:45.232  INFO  manager.ListenerWD - Before find element ->>>>By.cssSelector: input[placeholder='Last Name']
14:30:45.239  INFO  manager.ListenerWD - After find element ->>>>By.cssSelector: input[placeholder='Last Name']
14:30:46.009  INFO  manager.ListenerWD - Before find element ->>>>By.cssSelector: input[placeholder='Phone']
14:30:46.026  INFO  manager.ListenerWD - After find element ->>>>By.cssSelector: input[placeholder='Phone']
14:30:46.828  INFO  manager.ListenerWD - Before find element ->>>>By.cssSelector: input[placeholder='email']
14:30:46.839  INFO  manager.ListenerWD - After find element ->>>>By.cssSelector: input[placeholder='email']
14:30:47.626  INFO  manager.ListenerWD - Before find element ->>>>By.cssSelector: input[placeholder='Address']
14:30:47.632  INFO  manager.ListenerWD - After find element ->>>>By.cssSelector: input[placeholder='Address']
14:30:48.434  INFO  manager.ListenerWD - Before find element ->>>>By.cssSelector: input[placeholder='description']
14:30:48.447  INFO  manager.ListenerWD - After find element ->>>>By.cssSelector: input[placeholder='description']
14:30:49.273  INFO  manager.ListenerWD - Before find element ->>>>By.xpath: //b[text()='Save']
14:30:49.282  INFO  manager.ListenerWD - After find element ->>>>By.xpath: //b[text()='Save']
14:30:49.505  INFO  manager.ListenerWD - Before find elements ->>>>By.cssSelector: a.active[href='/add']
14:30:49.515  INFO  manager.ListenerWD - After find elements ->>>>By.cssSelector: a.active[href='/add']
14:30:49.515  INFO  manager.ListenerWD - List suze is ->>>>1
14:30:49.517  INFO  tests.TestBase - The name of starts method is --->addNewContactWrongPhone
14:30:49.518  INFO  manager.ListenerWD - Before find elements ->>>>By.xpath: //button[text()='Sign Out']
14:30:49.529  INFO  manager.ListenerWD - After find elements ->>>>By.xpath: //button[text()='Sign Out']
14:30:49.529  INFO  manager.ListenerWD - List suze is ->>>>1
14:30:49.530  INFO  manager.ListenerWD - Before find element ->>>>By.cssSelector: a[href='/add']
14:30:49.539  INFO  manager.ListenerWD - After find element ->>>>By.cssSelector: a[href='/add']
14:30:49.752  INFO  manager.ListenerWD - Before find element ->>>>By.cssSelector: input[placeholder='Name']
14:30:49.758  INFO  manager.ListenerWD - After find element ->>>>By.cssSelector: input[placeholder='Name']
14:30:50.523  INFO  manager.ListenerWD - Before find element ->>>>By.cssSelector: input[placeholder='Last Name']
14:30:50.534  INFO  manager.ListenerWD - After find element ->>>>By.cssSelector: input[placeholder='Last Name']
14:30:51.311  INFO  manager.ListenerWD - Before find element ->>>>By.cssSelector: input[placeholder='Phone']
14:30:51.325  INFO  manager.ListenerWD - After find element ->>>>By.cssSelector: input[placeholder='Phone']
14:30:52.095  INFO  manager.ListenerWD - Before find element ->>>>By.cssSelector: input[placeholder='email']
14:30:52.113  INFO  manager.ListenerWD - After find element ->>>>By.cssSelector: input[placeholder='email']
14:30:52.891  INFO  manager.ListenerWD - Before find element ->>>>By.cssSelector: input[placeholder='Address']
14:30:52.900  INFO  manager.ListenerWD - After find element ->>>>By.cssSelector: input[placeholder='Address']
14:30:53.666  INFO  manager.ListenerWD - Before find element ->>>>By.cssSelector: input[placeholder='description']
14:30:53.680  INFO  manager.ListenerWD - After find element ->>>>By.cssSelector: input[placeholder='description']
14:30:54.496  INFO  manager.ListenerWD - Before find element ->>>>By.xpath: //b[text()='Save']
14:30:54.505  INFO  manager.ListenerWD - After find element ->>>>By.xpath: //b[text()='Save']
14:30:54.731  INFO  manager.ListenerWD - Before find elements ->>>>By.cssSelector: a.active[href='/add']
14:30:54.742  INFO  manager.ListenerWD - After find elements ->>>>By.cssSelector: a.active[href='/add']
14:30:54.743  INFO  manager.ListenerWD - List suze is ->>>>1
14:30:54.766  INFO  manager.ListenerWD - The have a 'problem'
14:30:54.767  INFO  manager.ListenerWD - ++++++++++++++++++++++++++++++++++++
14:30:54.767  INFO  manager.ListenerWD - Method method ->>>>alert
14:30:54.767  INFO  manager.ListenerWD - ++++++++++++++++++++++++++
14:30:54.767  INFO  manager.ListenerWD - InvocationTargetException getTargetException() org.openqa.selenium.NoAlertPresentException: Build info: version: '4.7.1', revision: 'c6795baf1a3'
System info: os.name: 'Windows 10', os.arch: 'amd64', os.version: '10.0', java.version: '11.0.17'
Driver info: org.openqa.selenium.firefox.FirefoxDriver
Command: [54a5438f-8cf0-4fc1-9d0e-b38ed3d4f034, getAlertText {}]
Capabilities {acceptInsecureCerts: true, browserName: firefox, browserVersion: 109.0.1, moz:accessibilityChecks: false, moz:buildID: 20230127170202, moz:debuggerAddress: 127.0.0.1:39914, moz:geckodriverVersion: 0.32.1, moz:headless: false, moz:platformVersion: 10.0, moz:processID: 19828, moz:profile: C:\Users\97252\AppData\Loca..., moz:shutdownTimeout: 60000, moz:useNonSpecCompliantPointerOrigin: false, moz:webdriverClick: true, moz:windowless: false, pageLoadStrategy: normal, platformName: WINDOWS, proxy: Proxy(), se:cdp: ws://127.0.0.1:39914/devtoo..., se:cdpVersion: 85.0, setWindowRect: true, strictFileInteractability: false, timeouts: {implicit: 0, pageLoad: 300000, script: 30000}, unhandledPromptBehavior: dismiss and notify}
Session ID: 54a5438f-8cf0-4fc1-9d0e-b38ed3d4f034
14:30:54.767  INFO  manager.ListenerWD - ++++++++++++++++++++++++++
14:30:54.767  INFO  manager.ListenerWD - Object target ->>>>>>org.openqa.selenium.remote.RemoteWebDriver$RemoteTargetLocator@7ec508e6
14:30:54.767  INFO  manager.ListenerWD - ++++++++++++++++++++++++++
14:30:55.828  INFO  tests.TestBase - The name of starts method is --->registrationSuccess
14:30:55.829  INFO  manager.ListenerWD - Before find elements ->>>>By.xpath: //button[text()='Sign Out']
14:30:55.840  INFO  manager.ListenerWD - After find elements ->>>>By.xpath: //button[text()='Sign Out']
14:30:55.841  INFO  manager.ListenerWD - List suze is ->>>>1
14:30:55.841  INFO  manager.ListenerWD - Before find element ->>>>By.xpath: //button[text()='Sign Out']
14:30:55.847  INFO  manager.ListenerWD - After find element ->>>>By.xpath: //button[text()='Sign Out']
14:30:56.067  INFO  manager.ListenerWD - Before find element ->>>>By.cssSelector: a[href='/login']
14:30:56.073  INFO  manager.ListenerWD - After find element ->>>>By.cssSelector: a[href='/login']
14:30:56.286  INFO  manager.ListenerWD - Before find element ->>>>By.name: email
14:30:56.301  INFO  manager.ListenerWD - After find element ->>>>By.name: email
14:30:57.101  INFO  manager.ListenerWD - Before find element ->>>>By.name: password
14:30:57.109  INFO  manager.ListenerWD - After find element ->>>>By.name: password
14:30:57.866  INFO  manager.ListenerWD - Before find element ->>>>By.cssSelector: [name='registration']
14:30:57.874  INFO  manager.ListenerWD - After find element ->>>>By.cssSelector: [name='registration']
14:30:58.093  INFO  manager.ListenerWD - Before find elements ->>>>By.xpath: //button[text()='Sign Out']
14:30:58.579  INFO  manager.ListenerWD - After find elements ->>>>By.xpath: //button[text()='Sign Out']
14:30:58.579  INFO  manager.ListenerWD - List suze is ->>>>1
14:30:58.580  INFO  tests.TestBase - The name of starts method is --->registrationUserAlreadyExists
14:30:58.580  INFO  manager.ListenerWD - Before find elements ->>>>By.xpath: //button[text()='Sign Out']
14:30:58.586  INFO  manager.ListenerWD - After find elements ->>>>By.xpath: //button[text()='Sign Out']
14:30:58.586  INFO  manager.ListenerWD - List suze is ->>>>1
14:30:58.586  INFO  manager.ListenerWD - Before find element ->>>>By.xpath: //button[text()='Sign Out']
14:30:58.593  INFO  manager.ListenerWD - After find element ->>>>By.xpath: //button[text()='Sign Out']
14:30:58.803  INFO  manager.ListenerWD - Before find element ->>>>By.cssSelector: a[href='/login']
14:30:58.810  INFO  manager.ListenerWD - After find element ->>>>By.cssSelector: a[href='/login']
14:30:59.022  INFO  manager.ListenerWD - Before find element ->>>>By.name: email
14:30:59.028  INFO  manager.ListenerWD - After find element ->>>>By.name: email
14:30:59.802  INFO  manager.ListenerWD - Before find element ->>>>By.name: password
14:30:59.808  INFO  manager.ListenerWD - After find element ->>>>By.name: password
14:31:00.582  INFO  manager.ListenerWD - Before find element ->>>>By.cssSelector: [name='registration']
14:31:00.600  INFO  manager.ListenerWD - After find element ->>>>By.cssSelector: [name='registration']
14:31:00.841  INFO  manager.ListenerWD - The have a 'problem'
14:31:00.841  INFO  manager.ListenerWD - ++++++++++++++++++++++++++++++++++++
14:31:00.841  INFO  manager.ListenerWD - Method method ->>>>alert
14:31:00.841  INFO  manager.ListenerWD - ++++++++++++++++++++++++++
14:31:00.841  INFO  manager.ListenerWD - InvocationTargetException getTargetException() org.openqa.selenium.NoAlertPresentException: Build info: version: '4.7.1', revision: 'c6795baf1a3'
System info: os.name: 'Windows 10', os.arch: 'amd64', os.version: '10.0', java.version: '11.0.17'
Driver info: org.openqa.selenium.firefox.FirefoxDriver
Command: [54a5438f-8cf0-4fc1-9d0e-b38ed3d4f034, getAlertText {}]
Capabilities {acceptInsecureCerts: true, browserName: firefox, browserVersion: 109.0.1, moz:accessibilityChecks: false, moz:buildID: 20230127170202, moz:debuggerAddress: 127.0.0.1:39914, moz:geckodriverVersion: 0.32.1, moz:headless: false, moz:platformVersion: 10.0, moz:processID: 19828, moz:profile: C:\Users\97252\AppData\Loca..., moz:shutdownTimeout: 60000, moz:useNonSpecCompliantPointerOrigin: false, moz:webdriverClick: true, moz:windowless: false, pageLoadStrategy: normal, platformName: WINDOWS, proxy: Proxy(), se:cdp: ws://127.0.0.1:39914/devtoo..., se:cdpVersion: 85.0, setWindowRect: true, strictFileInteractability: false, timeouts: {implicit: 0, pageLoad: 300000, script: 30000}, unhandledPromptBehavior: dismiss and notify}
Session ID: 54a5438f-8cf0-4fc1-9d0e-b38ed3d4f034
14:31:00.841  INFO  manager.ListenerWD - ++++++++++++++++++++++++++
14:31:00.841  INFO  manager.ListenerWD - Object target ->>>>>>org.openqa.selenium.remote.RemoteWebDriver$RemoteTargetLocator@69a76b74
14:31:00.842  INFO  manager.ListenerWD - ++++++++++++++++++++++++++
14:31:01.905  INFO  tests.TestBase - The name of starts method is --->registrationWrongEmail
14:31:01.906  INFO  manager.ListenerWD - Before find elements ->>>>By.xpath: //button[text()='Sign Out']
14:31:06.912  INFO  manager.ListenerWD - After find elements ->>>>By.xpath: //button[text()='Sign Out']
14:31:06.912  INFO  manager.ListenerWD - List suze is ->>>>0
14:31:06.913  INFO  manager.ListenerWD - Before find element ->>>>By.cssSelector: a[href='/login']
14:31:06.924  INFO  manager.ListenerWD - After find element ->>>>By.cssSelector: a[href='/login']
14:31:07.159  INFO  manager.ListenerWD - Before find element ->>>>By.name: email
14:31:07.168  INFO  manager.ListenerWD - After find element ->>>>By.name: email
14:31:07.949  INFO  manager.ListenerWD - Before find element ->>>>By.name: password
14:31:07.959  INFO  manager.ListenerWD - After find element ->>>>By.name: password
14:31:08.744  INFO  manager.ListenerWD - Before find element ->>>>By.cssSelector: [name='registration']
14:31:08.753  INFO  manager.ListenerWD - After find element ->>>>By.cssSelector: [name='registration']
14:31:08.985  INFO  manager.ListenerWD - The have a 'problem'
14:31:08.985  INFO  manager.ListenerWD - ++++++++++++++++++++++++++++++++++++
14:31:08.985  INFO  manager.ListenerWD - Method method ->>>>alert
14:31:08.985  INFO  manager.ListenerWD - ++++++++++++++++++++++++++
14:31:08.985  INFO  manager.ListenerWD - InvocationTargetException getTargetException() org.openqa.selenium.NoAlertPresentException: Build info: version: '4.7.1', revision: 'c6795baf1a3'
System info: os.name: 'Windows 10', os.arch: 'amd64', os.version: '10.0', java.version: '11.0.17'
Driver info: org.openqa.selenium.firefox.FirefoxDriver
Command: [54a5438f-8cf0-4fc1-9d0e-b38ed3d4f034, getAlertText {}]
Capabilities {acceptInsecureCerts: true, browserName: firefox, browserVersion: 109.0.1, moz:accessibilityChecks: false, moz:buildID: 20230127170202, moz:debuggerAddress: 127.0.0.1:39914, moz:geckodriverVersion: 0.32.1, moz:headless: false, moz:platformVersion: 10.0, moz:processID: 19828, moz:profile: C:\Users\97252\AppData\Loca..., moz:shutdownTimeout: 60000, moz:useNonSpecCompliantPointerOrigin: false, moz:webdriverClick: true, moz:windowless: false, pageLoadStrategy: normal, platformName: WINDOWS, proxy: Proxy(), se:cdp: ws://127.0.0.1:39914/devtoo..., se:cdpVersion: 85.0, setWindowRect: true, strictFileInteractability: false, timeouts: {implicit: 0, pageLoad: 300000, script: 30000}, unhandledPromptBehavior: dismiss and notify}
Session ID: 54a5438f-8cf0-4fc1-9d0e-b38ed3d4f034
14:31:08.985  INFO  manager.ListenerWD - ++++++++++++++++++++++++++
14:31:08.985  INFO  manager.ListenerWD - Object target ->>>>>>org.openqa.selenium.remote.RemoteWebDriver$RemoteTargetLocator@651caa2e
14:31:08.986  INFO  manager.ListenerWD - ++++++++++++++++++++++++++
14:31:10.034  INFO  tests.TestBase - The name of starts method is --->registrationWrongPassword
14:31:10.035  INFO  manager.ListenerWD - Before find elements ->>>>By.xpath: //button[text()='Sign Out']
14:31:15.041  INFO  manager.ListenerWD - After find elements ->>>>By.xpath: //button[text()='Sign Out']
14:31:15.041  INFO  manager.ListenerWD - List suze is ->>>>0
14:31:15.042  INFO  manager.ListenerWD - Before find element ->>>>By.cssSelector: a[href='/login']
14:31:15.047  INFO  manager.ListenerWD - After find element ->>>>By.cssSelector: a[href='/login']
14:31:15.260  INFO  manager.ListenerWD - Before find element ->>>>By.name: email
14:31:15.265  INFO  manager.ListenerWD - After find element ->>>>By.name: email
14:31:16.028  INFO  manager.ListenerWD - Before find element ->>>>By.name: password
14:31:16.038  INFO  manager.ListenerWD - After find element ->>>>By.name: password
14:31:16.794  INFO  manager.ListenerWD - Before find element ->>>>By.cssSelector: [name='registration']
14:31:16.808  INFO  manager.ListenerWD - After find element ->>>>By.cssSelector: [name='registration']
14:31:17.090  INFO  manager.ListenerWD - The have a 'problem'
14:31:17.090  INFO  manager.ListenerWD - ++++++++++++++++++++++++++++++++++++
14:31:17.090  INFO  manager.ListenerWD - Method method ->>>>alert
14:31:17.090  INFO  manager.ListenerWD - ++++++++++++++++++++++++++
14:31:17.091  INFO  manager.ListenerWD - InvocationTargetException getTargetException() org.openqa.selenium.NoAlertPresentException: Build info: version: '4.7.1', revision: 'c6795baf1a3'
System info: os.name: 'Windows 10', os.arch: 'amd64', os.version: '10.0', java.version: '11.0.17'
Driver info: org.openqa.selenium.firefox.FirefoxDriver
Command: [54a5438f-8cf0-4fc1-9d0e-b38ed3d4f034, getAlertText {}]
Capabilities {acceptInsecureCerts: true, browserName: firefox, browserVersion: 109.0.1, moz:accessibilityChecks: false, moz:buildID: 20230127170202, moz:debuggerAddress: 127.0.0.1:39914, moz:geckodriverVersion: 0.32.1, moz:headless: false, moz:platformVersion: 10.0, moz:processID: 19828, moz:profile: C:\Users\97252\AppData\Loca..., moz:shutdownTimeout: 60000, moz:useNonSpecCompliantPointerOrigin: false, moz:webdriverClick: true, moz:windowless: false, pageLoadStrategy: normal, platformName: WINDOWS, proxy: Proxy(), se:cdp: ws://127.0.0.1:39914/devtoo..., se:cdpVersion: 85.0, setWindowRect: true, strictFileInteractability: false, timeouts: {implicit: 0, pageLoad: 300000, script: 30000}, unhandledPromptBehavior: dismiss and notify}
Session ID: 54a5438f-8cf0-4fc1-9d0e-b38ed3d4f034
14:31:17.091  INFO  manager.ListenerWD - ++++++++++++++++++++++++++
14:31:17.091  INFO  manager.ListenerWD - Object target ->>>>>>org.openqa.selenium.remote.RemoteWebDriver$RemoteTargetLocator@4bb9f7d4
14:31:17.091  INFO  manager.ListenerWD - ++++++++++++++++++++++++++
